===========================================================================
Calculated datetime :202508230000
===========================================================================
Prediction station  :N.1

---------------------------------------------------------------------------
Likelihood_Prior    :
0.115, 0.145, 0.171, 0.001, 0.000, 0.028, 0.005, 0.008, 0.002, 0.043, 0.181, 0.010, 0.136, 0.066, 0.086, 0.001
     ↓↓↓
Likelihood_Posterior:
0.096, 0.086, 0.028, 0.027, 0.026, 0.023, 0.028, 0.007, 0.147, 0.155, 0.031, 0.100, 0.031, 0.028, 0.027, 0.159

---------------------------------------------------------------------------
Resampling_Posterior:
1, 1, 2, 2, 9, 9, 9, 10, 10, 10, 12, 12, 16, 16, 16, 16
               └≫ Best particle: #16

===========================================================================
[State1] States/Parameters: No.61
 (1)Initial dis.:
0.149, 0.159, 0.271, 0.300, 0.318, 0.286, 0.359, 0.592, 0.046, 0.084, 0.397, 0.012, 0.431, 0.250, 0.465, 0.077
       ↓ <<< Option Func.
 (2)Prior distr.:
0.149, 0.159, 0.271, 0.300, 0.318, 0.286, 0.359, 0.592, 0.046, 0.084, 0.397, 0.012, 0.431, 0.250, 0.465, 0.077
       ↓ <<< Likelihood
 (3)Resampled d.:
0.000, 0.149, 0.159, 0.159, 0.046, 0.046, 0.046, 0.084, 0.084, 0.084, 0.012, 0.012, 0.077, 0.077, 0.077, 0.077
       ↓ <<< System noise
 (4)Posterior d.:
-0.097, 0.149, 0.227, 0.355, 0.059, -0.005, 0.131, -0.195, -0.347, 0.207, -0.275, 0.157, -0.137, -0.017, -0.068, 0.738

---------------------------------------------------------------------------
[State2] States/Parameters: No.62
 (1)Initial dis.:
0.149, 0.159, 0.271, 0.300, 0.318, 0.286, 0.359, 0.592, 0.046, 0.084, 0.397, 0.012, 0.431, 0.250, 0.465, 0.077
       ↓ <<< Option Func.
 (2)Prior distr.:
0.149, 0.159, 0.271, 0.300, 0.318, 0.286, 0.359, 0.592, 0.046, 0.084, 0.397, 0.012, 0.431, 0.250, 0.465, 0.077
       ↓ <<< Likelihood
 (3)Resampled d.:
0.000, 0.149, 0.159, 0.159, 0.046, 0.046, 0.046, 0.084, 0.084, 0.084, 0.012, 0.012, 0.077, 0.077, 0.077, 0.077
       ↓ <<< System noise
 (4)Posterior d.:
-0.097, 0.149, 0.227, 0.355, 0.059, -0.005, 0.131, -0.195, -0.347, 0.207, -0.275, 0.157, -0.137, -0.017, -0.068, 0.738

---------------------------------------------------------------------------
