===========================================================================
Calculated datetime :202208080000
===========================================================================
Prediction station  :N.1

---------------------------------------------------------------------------
Likelihood_Prior    :
0.274, 0.324, 0.339, 0.001, 0.001, 0.001, 0.004, 0.001, 0.001, 0.001, 0.001, 0.050, 0.001, 0.001, 0.001, 0.001
     ↓↓↓
Likelihood_Posterior:
0.017, 0.007, 0.007, 0.431, 0.000, 0.149, 0.133, 0.002, 0.078, 0.000, 0.000, 0.138, 0.002, 0.037, 0.000, 0.000

---------------------------------------------------------------------------
Resampling_Posterior:
1, 4, 4, 4, 4, 4, 4, 4, 4, 6, 6, 7, 7, 9, 12, 12
               └≫ Best particle: #4

===========================================================================
[State1] States/Parameters: No.61
 (1)Initial dis.:
0.211, 0.197, 0.195, 0.448, 0.119, 0.505, 0.530, 0.705, 0.597, 1.061, 0.190, 0.504, 0.706, 0.627, 0.255, 0.187
       ↓ <<< Option Func.
 (2)Prior distr.:
0.211, 0.197, 0.195, 0.448, 0.119, 0.505, 0.530, 0.705, 0.597, 1.061, 0.190, 0.504, 0.706, 0.627, 0.255, 0.187
       ↓ <<< Likelihood
 (3)Resampled d.:
0.000, 0.448, 0.448, 0.448, 0.448, 0.448, 0.448, 0.448, 0.448, 0.505, 0.505, 0.530, 0.530, 0.597, 0.504, 0.504
       ↓ <<< System noise
 (4)Posterior d.:
-0.014, 0.448, 0.157, 0.185, 0.563, 0.655, 0.383, 0.123, 0.260, 1.091, 0.765, 0.726, 0.413, 0.696, 0.695, 0.483

---------------------------------------------------------------------------
[State2] States/Parameters: No.62
 (1)Initial dis.:
0.211, 0.197, 0.195, 0.448, 0.119, 0.321, 0.346, 0.521, 0.413, 0.877, 0.006, 0.320, 0.522, 0.443, 0.071, 0.003
       ↓ <<< Option Func.
 (2)Prior distr.:
0.211, 0.197, 0.195, 0.448, 0.119, 0.321, 0.346, 0.521, 0.413, 0.877, 0.006, 0.320, 0.522, 0.443, 0.071, 0.003
       ↓ <<< Likelihood
 (3)Resampled d.:
0.000, 0.448, 0.448, 0.448, 0.448, 0.448, 0.448, 0.448, 0.448, 0.321, 0.321, 0.346, 0.346, 0.413, 0.320, 0.320
       ↓ <<< System noise
 (4)Posterior d.:
-0.014, 0.448, 0.157, 0.185, 0.563, 0.655, 0.383, 0.123, 0.260, 0.907, 0.581, 0.542, 0.229, 0.512, 0.511, 0.299

---------------------------------------------------------------------------
