===========================================================================
Calculated datetime :202507210000
===========================================================================
Prediction station  :N.1

---------------------------------------------------------------------------
Likelihood_Prior    :
0.000, 0.038, 0.138, 0.005, 0.000, 0.029, 0.019, 0.003, 0.000, 0.002, 0.000, 0.047, 0.013, 0.705, 0.000, 0.000
     ↓↓↓
Likelihood_Posterior:
0.000, 0.169, 0.197, 0.000, 0.000, 0.000, 0.246, 0.000, 0.000, 0.000, 0.000, 0.197, 0.063, 0.000, 0.127, 0.000

---------------------------------------------------------------------------
Resampling_Posterior:
1, 2, 2, 3, 3, 3, 7, 7, 7, 7, 12, 12, 12, 13, 15, 15
               └≫ Best particle: #7

===========================================================================
[State1] States/Parameters: No.61
 (1)Initial dis.:
0.312, -0.160, -0.147, -0.036, -0.469, 0.046, -0.129, -0.384, -0.296, -0.316, 0.015, -0.146, -0.090, -0.254, -0.164, -0.376
       ↓ <<< Option Func.
 (2)Prior distr.:
0.312, -0.160, -0.147, -0.036, -0.469, 0.046, -0.129, -0.384, -0.296, -0.316, 0.015, -0.146, -0.090, -0.254, -0.164, -0.376
       ↓ <<< Likelihood
 (3)Resampled d.:
0.000, -0.160, -0.160, -0.147, -0.147, -0.147, -0.129, -0.129, -0.129, -0.129, -0.146, -0.146, -0.146, -0.090, -0.164, -0.164
       ↓ <<< System noise
 (4)Posterior d.:
-0.178, -0.160, -0.134, 0.021, -0.083, -0.194, -0.013, -0.163, 0.037, -0.163, 0.062, -0.201, -0.483, 0.168, -0.291, -0.352

---------------------------------------------------------------------------
[State2] States/Parameters: No.62
 (1)Initial dis.:
0.312, -0.160, -0.147, -0.036, -0.469, 0.046, -0.129, -0.384, -0.296, -0.316, 0.015, -0.146, -0.090, -0.254, -0.164, -0.376
       ↓ <<< Option Func.
 (2)Prior distr.:
0.312, -0.160, -0.147, -0.036, -0.469, 0.046, -0.129, -0.384, -0.296, -0.316, 0.015, -0.146, -0.090, -0.254, -0.164, -0.376
       ↓ <<< Likelihood
 (3)Resampled d.:
0.000, -0.160, -0.160, -0.147, -0.147, -0.147, -0.129, -0.129, -0.129, -0.129, -0.146, -0.146, -0.146, -0.090, -0.164, -0.164
       ↓ <<< System noise
 (4)Posterior d.:
-0.178, -0.160, -0.134, 0.021, -0.083, -0.194, -0.013, -0.163, 0.037, -0.163, 0.062, -0.201, -0.483, 0.168, -0.291, -0.352

---------------------------------------------------------------------------
