===========================================================================
Calculated datetime :202209020000
===========================================================================
Prediction station  :N.1

---------------------------------------------------------------------------
Likelihood_Prior    :
0.005, 0.259, 0.035, 0.005, 0.006, 0.244, 0.011, 0.151, 0.025, 0.129, 0.027, 0.009, 0.025, 0.030, 0.009, 0.030
     ↓↓↓
Likelihood_Posterior:
0.032, 0.076, 0.074, 0.046, 0.072, 0.031, 0.075, 0.076, 0.056, 0.072, 0.069, 0.063, 0.053, 0.075, 0.065, 0.065

---------------------------------------------------------------------------
Resampling_Posterior:
1, 2, 2, 3, 4, 5, 7, 8, 9, 10, 11, 12, 13, 14, 15, 16
               └≫ Best particle: #2

===========================================================================
[State1] States/Parameters: No.61
 (1)Initial dis.:
-0.031, -0.546, -0.487, -1.114, -0.465, -0.754, -0.570, -0.538, -0.224, -0.462, -0.372, -0.636, -0.212, -0.566, -1.250, -1.217
       ↓ <<< Option Func.
 (2)Prior distr.:
-0.031, -0.546, -0.487, -1.114, -0.465, -0.754, -0.570, -0.538, -0.224, -0.462, -0.372, -0.636, -0.212, -0.566, -1.250, -1.217
       ↓ <<< Likelihood
 (3)Resampled d.:
0.000, -0.546, -0.546, -0.487, -1.114, -0.465, -0.570, -0.538, -0.224, -0.462, -0.372, -0.636, -0.212, -0.566, -1.250, -1.217
       ↓ <<< System noise
 (4)Posterior d.:
0.175, -0.546, -0.463, -0.338, -0.873, -0.325, -0.516, -0.399, -0.064, -0.551, 0.250, -0.581, 0.116, -0.679, -1.480, -0.925

---------------------------------------------------------------------------
[State2] States/Parameters: No.62
 (1)Initial dis.:
-0.031, -0.430, -0.371, -0.998, -0.350, -0.639, -0.455, -0.422, -0.108, -0.346, -0.256, -0.520, -0.097, -0.450, -1.134, -1.102
       ↓ <<< Option Func.
 (2)Prior distr.:
-0.031, -0.430, -0.371, -0.998, -0.350, -0.639, -0.455, -0.422, -0.108, -0.346, -0.256, -0.520, -0.097, -0.450, -1.134, -1.102
       ↓ <<< Likelihood
 (3)Resampled d.:
0.000, -0.430, -0.430, -0.371, -0.998, -0.350, -0.455, -0.422, -0.108, -0.346, -0.256, -0.520, -0.097, -0.450, -1.134, -1.102
       ↓ <<< System noise
 (4)Posterior d.:
0.175, -0.430, -0.347, -0.222, -0.757, -0.209, -0.400, -0.283, 0.052, -0.435, 0.365, -0.465, 0.232, -0.563, -1.364, -0.810

---------------------------------------------------------------------------
