===========================================================================
Calculated datetime :202208180000
===========================================================================
Prediction station  :N.1

---------------------------------------------------------------------------
Likelihood_Prior    :
0.019, 0.102, 0.060, 0.054, 0.020, 0.034, 0.047, 0.072, 0.019, 0.106, 0.096, 0.041, 0.097, 0.106, 0.106, 0.022
     ↓↓↓
Likelihood_Posterior:
0.100, 0.044, 0.045, 0.100, 0.044, 0.067, 0.091, 0.041, 0.044, 0.043, 0.059, 0.099, 0.042, 0.044, 0.045, 0.094

---------------------------------------------------------------------------
Resampling_Posterior:
1, 1, 3, 4, 4, 5, 6, 7, 7, 9, 11, 12, 12, 15, 16, 16
               └≫ Best particle: #4

===========================================================================
[State1] States/Parameters: No.61
 (1)Initial dis.:
0.217, -0.537, -0.783, -0.207, -0.595, -1.091, -0.324, -0.728, -0.622, -0.761, -0.861, -0.182, -0.506, -0.521, -0.579, -0.114
       ↓ <<< Option Func.
 (2)Prior distr.:
0.217, -0.537, -0.783, -0.207, -0.595, -1.091, -0.324, -0.728, -0.622, -0.761, -0.861, -0.182, -0.506, -0.521, -0.579, -0.114
       ↓ <<< Likelihood
 (3)Resampled d.:
0.000, 0.217, -0.783, -0.207, -0.207, -0.595, -1.091, -0.324, -0.324, -0.622, -0.861, -0.182, -0.182, -0.579, -0.114, -0.114
       ↓ <<< System noise
 (4)Posterior d.:
-0.140, 0.217, -0.346, -0.476, -0.326, -0.455, -1.057, -0.383, -0.263, -0.650, -0.842, -1.083, 0.040, -0.365, -0.096, 0.056

---------------------------------------------------------------------------
[State2] States/Parameters: No.62
 (1)Initial dis.:
0.217, -0.537, -0.783, -0.207, -0.595, -1.091, -0.324, -0.728, -0.622, -0.761, -0.861, -0.182, -0.506, -0.521, -0.579, -0.114
       ↓ <<< Option Func.
 (2)Prior distr.:
0.217, -0.537, -0.783, -0.207, -0.595, -1.091, -0.324, -0.728, -0.622, -0.761, -0.861, -0.182, -0.506, -0.521, -0.579, -0.114
       ↓ <<< Likelihood
 (3)Resampled d.:
0.000, 0.217, -0.783, -0.207, -0.207, -0.595, -1.091, -0.324, -0.324, -0.622, -0.861, -0.182, -0.182, -0.579, -0.114, -0.114
       ↓ <<< System noise
 (4)Posterior d.:
-0.140, 0.217, -0.346, -0.476, -0.326, -0.455, -1.057, -0.383, -0.263, -0.650, -0.842, -1.083, 0.040, -0.365, -0.096, 0.056

---------------------------------------------------------------------------
