===========================================================================
Calculated datetime :202209100000
===========================================================================
Prediction station  :N.1

---------------------------------------------------------------------------
Likelihood_Prior    :
0.146, 0.059, 0.181, 0.021, 0.156, 0.112, 0.026, 0.028, 0.022, 0.021, 0.024, 0.055, 0.063, 0.038, 0.024, 0.022
     ↓↓↓
Likelihood_Posterior:
0.047, 0.002, 0.136, 0.001, 0.357, 0.005, 0.001, 0.001, 0.001, 0.245, 0.001, 0.016, 0.154, 0.001, 0.004, 0.030

---------------------------------------------------------------------------
Resampling_Posterior:
1, 3, 3, 5, 5, 5, 5, 5, 5, 10, 10, 10, 10, 13, 13, 13
               └≫ Best particle: #5

===========================================================================
[State1] States/Parameters: No.61
 (1)Initial dis.:
0.297, 0.143, 0.340, 0.101, 0.409, 0.197, 0.104, 0.139, 0.090, 0.379, -0.054, 0.262, 0.576, -0.068, 0.184, 0.287
       ↓ <<< Option Func.
 (2)Prior distr.:
0.297, 0.143, 0.340, 0.101, 0.409, 0.197, 0.104, 0.139, 0.090, 0.379, -0.054, 0.262, 0.576, -0.068, 0.184, 0.287
       ↓ <<< Likelihood
 (3)Resampled d.:
0.000, 0.340, 0.340, 0.409, 0.409, 0.409, 0.409, 0.409, 0.409, 0.379, 0.379, 0.379, 0.379, 0.576, 0.576, 0.576
       ↓ <<< System noise
 (4)Posterior d.:
0.040, 0.340, 0.360, 0.248, 0.801, 0.432, 0.111, 0.280, 0.959, 0.472, 0.399, -0.315, 0.399, 0.667, 0.709, 0.605

---------------------------------------------------------------------------
[State2] States/Parameters: No.62
 (1)Initial dis.:
0.297, 0.143, 0.340, 0.101, 0.409, 0.197, 0.104, 0.139, 0.090, 0.379, -0.054, 0.262, 0.576, -0.068, 0.184, 0.287
       ↓ <<< Option Func.
 (2)Prior distr.:
0.297, 0.143, 0.340, 0.101, 0.409, 0.197, 0.104, 0.139, 0.090, 0.379, -0.054, 0.262, 0.576, -0.068, 0.184, 0.287
       ↓ <<< Likelihood
 (3)Resampled d.:
0.000, 0.340, 0.340, 0.409, 0.409, 0.409, 0.409, 0.409, 0.409, 0.379, 0.379, 0.379, 0.379, 0.576, 0.576, 0.576
       ↓ <<< System noise
 (4)Posterior d.:
0.040, 0.340, 0.360, 0.248, 0.801, 0.432, 0.111, 0.280, 0.959, 0.472, 0.399, -0.315, 0.399, 0.667, 0.709, 0.605

---------------------------------------------------------------------------
