===========================================================================
Calculated datetime :202209010000
===========================================================================
Prediction station  :N.1

---------------------------------------------------------------------------
Likelihood_Prior    :
0.072, 0.019, 0.126, 0.006, 0.105, 0.176, 0.113, 0.067, 0.101, 0.009, 0.020, 0.049, 0.101, 0.022, 0.010, 0.003
     ↓↓↓
Likelihood_Posterior:
0.005, 0.259, 0.035, 0.005, 0.006, 0.244, 0.011, 0.151, 0.025, 0.129, 0.027, 0.009, 0.025, 0.030, 0.009, 0.030

---------------------------------------------------------------------------
Resampling_Posterior:
1, 2, 2, 2, 2, 2, 6, 6, 6, 6, 6, 8, 8, 8, 10, 10
               └≫ Best particle: #2

===========================================================================
[State1] States/Parameters: No.61
 (1)Initial dis.:
0.239, -0.546, -0.381, -0.137, 0.018, -0.525, -0.248, -0.466, -0.749, -1.089, -0.739, -0.227, -0.746, -0.965, -0.204, -0.371
       ↓ <<< Option Func.
 (2)Prior distr.:
0.239, -0.546, -0.381, -0.137, 0.018, -0.525, -0.248, -0.466, -0.749, -1.089, -0.739, -0.227, -0.746, -0.965, -0.204, -0.371
       ↓ <<< Likelihood
 (3)Resampled d.:
0.000, -0.546, -0.546, -0.546, -0.546, -0.546, -0.525, -0.525, -0.525, -0.525, -0.525, -0.466, -0.466, -0.466, -1.089, -1.089
       ↓ <<< System noise
 (4)Posterior d.:
-0.031, -0.546, -0.487, -1.114, -0.465, -0.754, -0.570, -0.538, -0.224, -0.462, -0.372, -0.636, -0.212, -0.566, -1.250, -1.217

---------------------------------------------------------------------------
[State2] States/Parameters: No.62
 (1)Initial dis.:
0.239, -0.430, -0.265, -0.021, 0.133, -0.409, -0.132, -0.350, -0.634, -0.974, -0.624, -0.112, -0.630, -0.849, -0.089, -0.255
       ↓ <<< Option Func.
 (2)Prior distr.:
0.239, -0.430, -0.265, -0.021, 0.133, -0.409, -0.132, -0.350, -0.634, -0.974, -0.624, -0.112, -0.630, -0.849, -0.089, -0.255
       ↓ <<< Likelihood
 (3)Resampled d.:
0.000, -0.430, -0.430, -0.430, -0.430, -0.430, -0.409, -0.409, -0.409, -0.409, -0.409, -0.350, -0.350, -0.350, -0.974, -0.974
       ↓ <<< System noise
 (4)Posterior d.:
-0.031, -0.430, -0.371, -0.998, -0.350, -0.639, -0.455, -0.422, -0.108, -0.346, -0.256, -0.520, -0.097, -0.450, -1.134, -1.102

---------------------------------------------------------------------------
