===========================================================================
Calculated datetime :202507090000
===========================================================================
Prediction station  :N.1

---------------------------------------------------------------------------
Likelihood_Prior    :
0.026, 0.095, 0.013, 0.011, 0.095, 0.093, 0.073, 0.068, 0.095, 0.068, 0.094, 0.057, 0.027, 0.082, 0.093, 0.010
     ↓↓↓
Likelihood_Posterior:
0.038, 0.060, 0.000, 0.088, 0.119, 0.034, 0.027, 0.063, 0.040, 0.028, 0.045, 0.116, 0.117, 0.100, 0.124, 0.000

---------------------------------------------------------------------------
Resampling_Posterior:
1, 2, 4, 4, 5, 5, 8, 11, 12, 12, 13, 13, 14, 14, 15, 15
               └≫ Best particle: #15

===========================================================================
[State1] States/Parameters: No.61
 (1)Initial dis.:
0.313, -0.507, -0.193, -0.535, -0.862, 0.322, 0.402, 0.654, 0.469, 0.432, 0.298, -0.551, -0.559, -0.764, -0.625, -0.285
       ↓ <<< Option Func.
 (2)Prior distr.:
0.313, -0.507, -0.193, -0.535, -0.862, 0.322, 0.402, 0.654, 0.469, 0.432, 0.298, -0.551, -0.559, -0.764, -0.625, -0.285
       ↓ <<< Likelihood
 (3)Resampled d.:
0.000, -0.507, -0.535, -0.535, -0.862, -0.862, 0.654, 0.298, -0.551, -0.551, -0.559, -0.559, -0.764, -0.764, -0.625, -0.625
       ↓ <<< System noise
 (4)Posterior d.:
-0.099, -0.507, -0.433, -0.572, -0.790, -0.993, 0.374, 0.502, -0.853, -0.461, -0.674, -0.311, -0.364, -0.977, -0.599, -0.133

---------------------------------------------------------------------------
[State2] States/Parameters: No.62
 (1)Initial dis.:
0.313, -0.507, -0.193, -0.535, -0.862, 0.322, 0.402, 0.654, 0.469, 0.432, 0.298, -0.596, -0.605, -0.809, -0.671, -0.331
       ↓ <<< Option Func.
 (2)Prior distr.:
0.313, -0.507, -0.193, -0.535, -0.862, 0.322, 0.402, 0.654, 0.469, 0.432, 0.298, -0.596, -0.605, -0.809, -0.671, -0.331
       ↓ <<< Likelihood
 (3)Resampled d.:
0.000, -0.507, -0.535, -0.535, -0.862, -0.862, 0.654, 0.298, -0.596, -0.596, -0.605, -0.605, -0.809, -0.809, -0.671, -0.671
       ↓ <<< System noise
 (4)Posterior d.:
-0.099, -0.507, -0.433, -0.572, -0.790, -0.993, 0.374, 0.502, -0.899, -0.506, -0.719, -0.356, -0.410, -1.022, -0.644, -0.178

---------------------------------------------------------------------------
