===========================================================================
Calculated datetime :202207200000
===========================================================================
Prediction station  :N.1

---------------------------------------------------------------------------
Likelihood_Prior    :
0.697, 0.105, 0.010, 0.002, 0.001, 0.010, 0.005, 0.002, 0.001, 0.005, 0.043, 0.012, 0.066, 0.013, 0.014, 0.012
     ↓↓↓
Likelihood_Posterior:
0.059, 0.065, 0.058, 0.067, 0.065, 0.071, 0.060, 0.056, 0.066, 0.059, 0.057, 0.058, 0.072, 0.059, 0.059, 0.068

---------------------------------------------------------------------------
Resampling_Posterior:
1, 2, 3, 4, 5, 6, 7, 8, 9, 10, 11, 12, 13, 14, 15, 16
               └≫ Best particle: #13

===========================================================================
[State1] States/Parameters: No.61
 (1)Initial dis.:
0.123, 0.000, 0.166, -0.258, -0.025, -0.343, 0.481, 0.286, -0.172, 0.143, 0.303, 0.147, -0.395, -0.057, 0.054, -0.128
       ↓ <<< Option Func.
 (2)Prior distr.:
0.123, 0.000, 0.166, -0.258, -0.025, -0.343, 0.481, 0.286, -0.172, 0.143, 0.303, 0.147, -0.395, -0.057, 0.054, -0.128
       ↓ <<< Likelihood
 (3)Resampled d.:
0.000, 0.000, 0.166, -0.258, -0.025, -0.343, 0.481, 0.286, -0.172, 0.143, 0.303, 0.147, -0.395, -0.057, 0.054, -0.128
       ↓ <<< System noise
 (4)Posterior d.:
0.212, 0.000, 0.302, -0.089, -0.009, 0.167, 0.443, -0.048, 0.219, -0.122, 0.395, 0.116, -0.656, -0.163, 0.301, -0.558

---------------------------------------------------------------------------
[State2] States/Parameters: No.62
 (1)Initial dis.:
0.123, 0.000, 0.166, -0.258, -0.025, -0.343, 0.481, 0.286, -0.172, 0.143, 0.303, 0.147, -0.395, 0.267, 0.378, -0.213
       ↓ <<< Option Func.
 (2)Prior distr.:
0.123, 0.000, 0.166, -0.258, -0.025, -0.343, 0.481, 0.286, -0.172, 0.143, 0.303, 0.147, -0.395, 0.267, 0.378, -0.213
       ↓ <<< Likelihood
 (3)Resampled d.:
0.000, 0.000, 0.166, -0.258, -0.025, -0.343, 0.481, 0.286, -0.172, 0.143, 0.303, 0.147, -0.395, 0.267, 0.378, -0.213
       ↓ <<< System noise
 (4)Posterior d.:
0.212, 0.000, 0.302, -0.089, -0.009, 0.167, 0.443, -0.048, 0.219, -0.122, 0.395, 0.116, -0.656, 0.161, 0.626, -0.643

---------------------------------------------------------------------------
