===========================================================================
Calculated datetime :202507160000
===========================================================================
Prediction station  :N.1

---------------------------------------------------------------------------
Likelihood_Prior    :
0.998, 0.000, 0.000, 0.000, 0.000, 0.000, 0.000, 0.000, 0.001, 0.000, 0.000, 0.000, 0.000, 0.000, 0.000, 0.000
     ↓↓↓
Likelihood_Posterior:
0.000, 0.066, 0.045, 0.086, 0.037, 0.141, 0.065, 0.007, 0.057, 0.281, 0.172, 0.019, 0.000, 0.024, 0.000, 0.001

---------------------------------------------------------------------------
Resampling_Posterior:
1, 2, 4, 6, 6, 6, 7, 9, 10, 10, 10, 10, 10, 11, 11, 11
               └≫ Best particle: #10

===========================================================================
[State1] States/Parameters: No.61
 (1)Initial dis.:
0.278, -0.113, -0.093, -0.018, -0.253, -0.004, -0.035, 0.154, -0.050, -0.205, 0.001, 0.140, 0.207, 0.134, 0.282, -0.354
       ↓ <<< Option Func.
 (2)Prior distr.:
0.278, -0.113, -0.093, -0.018, -0.253, -0.004, -0.035, 0.154, -0.050, -0.205, 0.001, 0.140, 0.207, 0.134, 0.282, -0.354
       ↓ <<< Likelihood
 (3)Resampled d.:
0.000, -0.113, -0.018, -0.004, -0.004, -0.004, -0.035, -0.050, -0.205, -0.205, -0.205, -0.205, -0.205, 0.001, 0.001, 0.001
       ↓ <<< System noise
 (4)Posterior d.:
-0.286, -0.113, 0.130, -0.058, -0.050, 0.177, 0.143, 0.077, -0.249, 0.101, -0.078, -0.362, 0.015, 0.227, 0.005, -0.052

---------------------------------------------------------------------------
[State2] States/Parameters: No.62
 (1)Initial dis.:
0.278, -0.113, -0.093, -0.018, -0.253, -0.004, -0.035, 0.154, -0.050, -0.205, 0.001, 0.140, 0.207, 0.134, 0.282, -0.354
       ↓ <<< Option Func.
 (2)Prior distr.:
0.278, -0.113, -0.093, -0.018, -0.253, -0.004, -0.035, 0.154, -0.050, -0.205, 0.001, 0.140, 0.207, 0.134, 0.282, -0.354
       ↓ <<< Likelihood
 (3)Resampled d.:
0.000, -0.113, -0.018, -0.004, -0.004, -0.004, -0.035, -0.050, -0.205, -0.205, -0.205, -0.205, -0.205, 0.001, 0.001, 0.001
       ↓ <<< System noise
 (4)Posterior d.:
-0.286, -0.113, 0.130, -0.058, -0.050, 0.177, 0.143, 0.077, -0.249, 0.101, -0.078, -0.362, 0.015, 0.227, 0.005, -0.052

---------------------------------------------------------------------------
