===========================================================================
Calculated datetime :202508220000
===========================================================================
Prediction station  :N.1

---------------------------------------------------------------------------
Likelihood_Prior    :
0.063, 0.064, 0.067, 0.074, 0.070, 0.056, 0.058, 0.059, 0.057, 0.061, 0.056, 0.057, 0.065, 0.068, 0.055, 0.070
     ↓↓↓
Likelihood_Posterior:
0.115, 0.145, 0.171, 0.001, 0.000, 0.028, 0.005, 0.008, 0.002, 0.043, 0.181, 0.010, 0.136, 0.066, 0.086, 0.001

---------------------------------------------------------------------------
Resampling_Posterior:
1, 1, 2, 2, 2, 3, 3, 3, 11, 11, 11, 13, 13, 13, 14, 15
               └≫ Best particle: #11

===========================================================================
[State1] States/Parameters: No.61
 (1)Initial dis.:
0.159, 0.290, 0.221, -0.107, -0.137, 0.959, 0.582, 0.689, 0.542, 0.340, 0.229, 0.403, 0.196, 0.327, 0.122, -0.093
       ↓ <<< Option Func.
 (2)Prior distr.:
0.159, 0.290, 0.221, -0.107, -0.137, 0.959, 0.582, 0.689, 0.542, 0.340, 0.229, 0.403, 0.196, 0.327, 0.122, -0.093
       ↓ <<< Likelihood
 (3)Resampled d.:
0.000, 0.159, 0.290, 0.290, 0.290, 0.221, 0.221, 0.221, 0.229, 0.229, 0.229, 0.196, 0.196, 0.196, 0.327, 0.122
       ↓ <<< System noise
 (4)Posterior d.:
0.149, 0.159, 0.271, 0.300, 0.318, 0.286, 0.359, 0.592, 0.046, 0.084, 0.397, 0.012, 0.431, 0.250, 0.465, 0.077

---------------------------------------------------------------------------
[State2] States/Parameters: No.62
 (1)Initial dis.:
0.159, 0.290, 0.221, -0.107, -0.137, 0.959, 0.582, 0.689, 0.542, 0.340, 0.229, 0.403, 0.196, 0.327, 0.122, -0.093
       ↓ <<< Option Func.
 (2)Prior distr.:
0.159, 0.290, 0.221, -0.107, -0.137, 0.959, 0.582, 0.689, 0.542, 0.340, 0.229, 0.403, 0.196, 0.327, 0.122, -0.093
       ↓ <<< Likelihood
 (3)Resampled d.:
0.000, 0.159, 0.290, 0.290, 0.290, 0.221, 0.221, 0.221, 0.229, 0.229, 0.229, 0.196, 0.196, 0.196, 0.327, 0.122
       ↓ <<< System noise
 (4)Posterior d.:
0.149, 0.159, 0.271, 0.300, 0.318, 0.286, 0.359, 0.592, 0.046, 0.084, 0.397, 0.012, 0.431, 0.250, 0.465, 0.077

---------------------------------------------------------------------------
