===========================================================================
Calculated datetime :202508190000
===========================================================================
Prediction station  :N.1

---------------------------------------------------------------------------
Likelihood_Prior    :
0.033, 0.060, 0.000, 0.000, 0.001, 0.283, 0.000, 0.002, 0.026, 0.288, 0.011, 0.001, 0.000, 0.001, 0.294, 0.000
     ↓↓↓
Likelihood_Posterior:
0.956, 0.002, 0.000, 0.000, 0.015, 0.001, 0.021, 0.000, 0.000, 0.000, 0.000, 0.000, 0.002, 0.000, 0.000, 0.002

---------------------------------------------------------------------------
Resampling_Posterior:
1, 1, 1, 1, 1, 1, 1, 1, 1, 1, 1, 1, 1, 1, 1, 1
               └≫ Best particle: #1

===========================================================================
[State1] States/Parameters: No.61
 (1)Initial dis.:
0.290, 0.059, -0.119, -0.057, 0.106, 0.036, 0.118, -0.141, -0.009, -0.001, -0.320, -0.018, 0.054, -0.196, -0.219, 0.039
       ↓ <<< Option Func.
 (2)Prior distr.:
0.290, 0.059, -0.119, -0.057, 0.106, 0.036, 0.118, -0.141, -0.009, -0.001, -0.320, -0.018, 0.054, -0.196, -0.219, 0.039
       ↓ <<< Likelihood
 (3)Resampled d.:
0.000, 0.290, 0.290, 0.290, 0.290, 0.290, 0.290, 0.290, 0.290, 0.290, 0.290, 0.290, 0.290, 0.290, 0.290, 0.290
       ↓ <<< System noise
 (4)Posterior d.:
0.195, 0.290, 0.341, 0.342, 0.349, 0.403, 0.149, 0.494, 0.090, 0.395, -0.073, 0.580, 0.305, 0.235, 0.563, 0.320

---------------------------------------------------------------------------
[State2] States/Parameters: No.62
 (1)Initial dis.:
0.290, 0.059, -0.119, -0.057, 0.106, 0.036, 0.118, -0.141, -0.009, -0.001, -0.320, -0.018, 0.054, -0.196, -0.219, 0.039
       ↓ <<< Option Func.
 (2)Prior distr.:
0.290, 0.059, -0.119, -0.057, 0.106, 0.036, 0.118, -0.141, -0.009, -0.001, -0.320, -0.018, 0.054, -0.196, -0.219, 0.039
       ↓ <<< Likelihood
 (3)Resampled d.:
0.000, 0.290, 0.290, 0.290, 0.290, 0.290, 0.290, 0.290, 0.290, 0.290, 0.290, 0.290, 0.290, 0.290, 0.290, 0.290
       ↓ <<< System noise
 (4)Posterior d.:
0.195, 0.290, 0.341, 0.342, 0.349, 0.403, 0.149, 0.494, 0.090, 0.395, -0.073, 0.580, 0.305, 0.235, 0.563, 0.320

---------------------------------------------------------------------------
