===========================================================================
Calculated datetime :202508200000
===========================================================================
Prediction station  :N.1

---------------------------------------------------------------------------
Likelihood_Prior    :
0.956, 0.002, 0.000, 0.000, 0.015, 0.001, 0.021, 0.000, 0.000, 0.000, 0.000, 0.000, 0.002, 0.000, 0.000, 0.002
     ↓↓↓
Likelihood_Posterior:
0.068, 0.075, 0.068, 0.068, 0.069, 0.075, 0.050, 0.090, 0.027, 0.074, 0.001, 0.051, 0.075, 0.081, 0.057, 0.071

---------------------------------------------------------------------------
Resampling_Posterior:
1, 2, 3, 4, 5, 6, 7, 8, 8, 10, 12, 13, 14, 14, 15, 16
               └≫ Best particle: #8

===========================================================================
[State1] States/Parameters: No.61
 (1)Initial dis.:
0.195, 0.290, 0.341, 0.342, 0.349, 0.403, 0.149, 0.494, 0.090, 0.395, -0.073, 0.580, 0.305, 0.235, 0.563, 0.320
       ↓ <<< Option Func.
 (2)Prior distr.:
0.195, 0.290, 0.341, 0.342, 0.349, 0.403, 0.149, 0.494, 0.090, 0.395, -0.073, 0.580, 0.305, 0.235, 0.563, 0.320
       ↓ <<< Likelihood
 (3)Resampled d.:
0.000, 0.290, 0.341, 0.342, 0.349, 0.403, 0.149, 0.494, 0.494, 0.395, 0.580, 0.305, 0.235, 0.235, 0.563, 0.320
       ↓ <<< System noise
 (4)Posterior d.:
0.340, 0.290, 0.188, -0.008, 0.114, 0.574, 0.438, 0.406, 0.605, -0.142, 0.571, 0.470, 0.266, 0.165, 0.499, 0.098

---------------------------------------------------------------------------
[State2] States/Parameters: No.62
 (1)Initial dis.:
0.195, 0.290, 0.341, 0.342, 0.349, 0.403, 0.149, 0.494, 0.090, 0.395, -0.073, 0.580, 0.305, 0.235, 0.563, 0.320
       ↓ <<< Option Func.
 (2)Prior distr.:
0.195, 0.290, 0.341, 0.342, 0.349, 0.403, 0.149, 0.494, 0.090, 0.395, -0.073, 0.580, 0.305, 0.235, 0.563, 0.320
       ↓ <<< Likelihood
 (3)Resampled d.:
0.000, 0.290, 0.341, 0.342, 0.349, 0.403, 0.149, 0.494, 0.494, 0.395, 0.580, 0.305, 0.235, 0.235, 0.563, 0.320
       ↓ <<< System noise
 (4)Posterior d.:
0.340, 0.290, 0.188, -0.008, 0.114, 0.574, 0.438, 0.406, 0.605, -0.142, 0.571, 0.470, 0.266, 0.165, 0.499, 0.098

---------------------------------------------------------------------------
