===========================================================================
Calculated datetime :202207190000
===========================================================================
Prediction station  :N.1

---------------------------------------------------------------------------
Likelihood_Prior    :
0.060, 0.075, 0.060, 0.056, 0.062, 0.059, 0.075, 0.058, 0.072, 0.076, 0.073, 0.059, 0.048, 0.075, 0.048, 0.046
     ↓↓↓
Likelihood_Posterior:
0.001, 0.000, 0.000, 0.000, 0.000, 0.000, 0.058, 0.000, 0.000, 0.150, 0.791, 0.000, 0.000, 0.000, 0.000, 0.000

---------------------------------------------------------------------------
Resampling_Posterior:
1, 10, 10, 11, 11, 11, 11, 11, 11, 11, 11, 11, 11, 11, 11, 11
               └≫ Best particle: #11

===========================================================================
[State1] States/Parameters: No.61
 (1)Initial dis.:
-0.081, -0.519, -0.200, -0.225, -0.484, -0.058, -1.022, -0.663, -0.801, -1.047, -1.091, -0.314, -0.065, -0.724, 0.117, 0.173
       ↓ <<< Option Func.
 (2)Prior distr.:
-0.081, -0.519, -0.200, -0.225, -0.484, -0.058, -1.022, -0.663, -0.801, -1.047, -1.091, -0.314, -0.065, -0.724, 0.117, 0.173
       ↓ <<< Likelihood
 (3)Resampled d.:
0.000, -1.047, -1.047, -1.091, -1.091, -1.091, -1.091, -1.091, -1.091, -1.091, -1.091, -1.091, -1.091, -1.091, -1.091, -1.091
       ↓ <<< System noise
 (4)Posterior d.:
0.313, -1.047, -0.973, -0.926, -1.159, -1.087, -1.392, -0.812, -0.990, -1.028, -1.404, -1.180, -0.752, -1.105, -1.071, -0.567

---------------------------------------------------------------------------
[State2] States/Parameters: No.62
 (1)Initial dis.:
-0.081, -0.519, 0.419, 0.394, 0.135, 0.561, -0.403, -0.044, -0.182, -0.427, -0.472, 0.305, 0.554, -0.105, 0.736, 0.792
       ↓ <<< Option Func.
 (2)Prior distr.:
-0.081, -0.519, 0.419, 0.394, 0.135, 0.561, -0.403, -0.044, -0.182, -0.427, -0.472, 0.305, 0.554, -0.105, 0.736, 0.792
       ↓ <<< Likelihood
 (3)Resampled d.:
0.000, -0.427, -0.427, -0.472, -0.472, -0.472, -0.472, -0.472, -0.472, -0.472, -0.472, -0.472, -0.472, -0.472, -0.472, -0.472
       ↓ <<< System noise
 (4)Posterior d.:
0.313, -0.427, -0.354, -0.306, -0.540, -0.468, -0.773, -0.193, -0.371, -0.408, -0.785, -0.561, -0.133, -0.486, -0.452, 0.052

---------------------------------------------------------------------------
