===========================================================================
Calculated datetime :202507250000
===========================================================================
Prediction station  :N.1

---------------------------------------------------------------------------
Likelihood_Prior    :
0.000, 0.000, 0.000, 0.000, 0.000, 0.000, 0.000, 0.006, 0.000, 0.000, 0.000, 0.000, 0.000, 0.000, 0.000, 0.994
     ↓↓↓
Likelihood_Posterior:
0.000, 0.000, 0.000, 0.001, 0.000, 0.000, 0.000, 0.028, 0.000, 0.204, 0.767, 0.000, 0.000, 0.000, 0.000, 0.000

---------------------------------------------------------------------------
Resampling_Posterior:
1, 10, 10, 10, 11, 11, 11, 11, 11, 11, 11, 11, 11, 11, 11, 11
               └≫ Best particle: #11

===========================================================================
[State1] States/Parameters: No.61
 (1)Initial dis.:
0.097, 0.187, 0.140, 0.064, 0.372, 0.164, 0.067, -0.315, 0.238, -0.226, -0.117, 0.010, 0.214, 0.277, 0.375, 0.241
       ↓ <<< Option Func.
 (2)Prior distr.:
0.097, 0.187, 0.140, 0.064, 0.372, 0.164, 0.067, -0.315, 0.238, -0.226, -0.117, 0.010, 0.214, 0.277, 0.375, 0.241
       ↓ <<< Likelihood
 (3)Resampled d.:
0.000, -0.226, -0.226, -0.226, -0.117, -0.117, -0.117, -0.117, -0.117, -0.117, -0.117, -0.117, -0.117, -0.117, -0.117, -0.117
       ↓ <<< System noise
 (4)Posterior d.:
-0.076, -0.226, -0.358, -0.434, 0.312, -0.221, -0.185, -0.191, -0.087, 0.086, 0.010, -0.421, 0.159, -0.180, -0.102, -0.121

---------------------------------------------------------------------------
[State2] States/Parameters: No.62
 (1)Initial dis.:
0.097, 0.187, 0.140, 0.064, 0.372, 0.164, 0.067, -0.315, 0.238, -0.226, -0.117, 0.010, 0.214, 0.277, 0.375, 0.241
       ↓ <<< Option Func.
 (2)Prior distr.:
0.097, 0.187, 0.140, 0.064, 0.372, 0.164, 0.067, -0.315, 0.238, -0.226, -0.117, 0.010, 0.214, 0.277, 0.375, 0.241
       ↓ <<< Likelihood
 (3)Resampled d.:
0.000, -0.226, -0.226, -0.226, -0.117, -0.117, -0.117, -0.117, -0.117, -0.117, -0.117, -0.117, -0.117, -0.117, -0.117, -0.117
       ↓ <<< System noise
 (4)Posterior d.:
-0.076, -0.226, -0.358, -0.434, 0.312, -0.221, -0.185, -0.191, -0.087, 0.086, 0.010, -0.421, 0.159, -0.180, -0.102, -0.121

---------------------------------------------------------------------------
