===========================================================================
Calculated datetime :202508130000
===========================================================================
Prediction station  :N.1

---------------------------------------------------------------------------
Likelihood_Prior    :
0.000, 0.000, 0.000, 0.000, 0.000, 0.000, 0.000, 0.000, 0.000, 0.001, 0.000, 0.998, 0.000, 0.000, 0.000, 0.000
     ↓↓↓
Likelihood_Posterior:
0.002, 0.000, 0.000, 0.000, 0.000, 0.000, 0.000, 0.198, 0.343, 0.000, 0.000, 0.000, 0.206, 0.010, 0.161, 0.079

---------------------------------------------------------------------------
Resampling_Posterior:
1, 8, 8, 8, 9, 9, 9, 9, 9, 9, 13, 13, 13, 15, 15, 16
               └≫ Best particle: #9

===========================================================================
[State1] States/Parameters: No.61
 (1)Initial dis.:
0.380, 0.346, 0.322, 0.233, 0.214, 0.224, 0.346, 0.614, 0.507, 0.245, -0.062, 0.125, 0.516, 0.408, 0.633, 0.695
       ↓ <<< Option Func.
 (2)Prior distr.:
0.380, 0.346, 0.322, 0.233, 0.214, 0.224, 0.346, 0.614, 0.507, 0.245, -0.062, 0.125, 0.516, 0.408, 0.633, 0.695
       ↓ <<< Likelihood
 (3)Resampled d.:
0.000, 0.614, 0.614, 0.614, 0.507, 0.507, 0.507, 0.507, 0.507, 0.507, 0.516, 0.516, 0.516, 0.633, 0.633, 0.695
       ↓ <<< System noise
 (4)Posterior d.:
-0.022, 0.614, 0.939, 0.906, 0.435, 0.213, 0.452, 0.384, 0.819, 0.738, 0.852, 0.840, 0.076, 0.682, 0.877, 0.732

---------------------------------------------------------------------------
[State2] States/Parameters: No.62
 (1)Initial dis.:
0.380, 0.346, 0.322, 0.233, 0.214, 0.224, 0.346, 0.614, 0.507, 0.245, -0.062, 0.125, 0.516, 0.408, 0.633, 0.695
       ↓ <<< Option Func.
 (2)Prior distr.:
0.380, 0.346, 0.322, 0.233, 0.214, 0.224, 0.346, 0.614, 0.507, 0.245, -0.062, 0.125, 0.516, 0.408, 0.633, 0.695
       ↓ <<< Likelihood
 (3)Resampled d.:
0.000, 0.614, 0.614, 0.614, 0.507, 0.507, 0.507, 0.507, 0.507, 0.507, 0.516, 0.516, 0.516, 0.633, 0.633, 0.695
       ↓ <<< System noise
 (4)Posterior d.:
-0.022, 0.614, 0.939, 0.906, 0.435, 0.213, 0.452, 0.384, 0.819, 0.738, 0.852, 0.840, 0.076, 0.682, 0.877, 0.732

---------------------------------------------------------------------------
