===========================================================================
Calculated datetime :202209140000
===========================================================================
Prediction station  :N.1

---------------------------------------------------------------------------
Likelihood_Prior    :
0.000, 0.000, 0.007, 0.354, 0.000, 0.518, 0.006, 0.007, 0.015, 0.043, 0.001, 0.000, 0.007, 0.015, 0.007, 0.018
     ↓↓↓
Likelihood_Posterior:
0.086, 0.207, 0.023, 0.021, 0.045, 0.020, 0.168, 0.040, 0.124, 0.025, 0.047, 0.009, 0.047, 0.017, 0.080, 0.039

---------------------------------------------------------------------------
Resampling_Posterior:
1, 1, 2, 2, 2, 2, 5, 7, 7, 7, 7, 9, 9, 11, 13, 15
               └≫ Best particle: #2

===========================================================================
[State1] States/Parameters: No.61
 (1)Initial dis.:
0.090, 0.617, 0.285, 1.049, 0.373, 0.198, 0.643, 0.770, 0.498, 0.960, 0.380, 1.249, 0.367, 0.224, 0.711, 0.772
       ↓ <<< Option Func.
 (2)Prior distr.:
0.090, 0.617, 0.285, 1.049, 0.373, 0.198, 0.643, 0.770, 0.498, 0.960, 0.380, 1.249, 0.367, 0.224, 0.711, 0.772
       ↓ <<< Likelihood
 (3)Resampled d.:
0.000, 0.090, 0.617, 0.617, 0.617, 0.617, 0.373, 0.643, 0.643, 0.643, 0.643, 0.498, 0.498, 0.380, 0.367, 0.711
       ↓ <<< System noise
 (4)Posterior d.:
0.096, 0.090, 0.254, 0.317, 0.502, 0.861, 0.435, 0.613, 0.674, 0.616, 0.148, -0.033, 0.526, 0.394, 0.348, 0.294

---------------------------------------------------------------------------
[State2] States/Parameters: No.62
 (1)Initial dis.:
0.090, 0.617, 0.285, 1.049, 0.373, 0.198, 0.643, 0.770, 0.498, 0.960, 0.380, 1.249, 0.367, 0.224, 0.711, 0.772
       ↓ <<< Option Func.
 (2)Prior distr.:
0.090, 0.617, 0.285, 1.049, 0.373, 0.198, 0.643, 0.770, 0.498, 0.960, 0.380, 1.249, 0.367, 0.224, 0.711, 0.772
       ↓ <<< Likelihood
 (3)Resampled d.:
0.000, 0.090, 0.617, 0.617, 0.617, 0.617, 0.373, 0.643, 0.643, 0.643, 0.643, 0.498, 0.498, 0.380, 0.367, 0.711
       ↓ <<< System noise
 (4)Posterior d.:
0.096, 0.090, 0.254, 0.317, 0.502, 0.861, 0.435, 0.613, 0.674, 0.616, 0.148, -0.033, 0.526, 0.394, 0.348, 0.294

---------------------------------------------------------------------------
