===========================================================================
Calculated datetime :202208220000
===========================================================================
Prediction station  :N.1

---------------------------------------------------------------------------
Likelihood_Prior    :
0.000, 0.000, 0.000, 0.000, 0.000, 0.000, 0.000, 0.000, 0.000, 0.000, 0.000, 0.000, 0.000, 0.000, 0.000, 1.000
     ↓↓↓
Likelihood_Posterior:
1.000, 0.000, 0.000, 0.000, 0.000, 0.000, 0.000, 0.000, 0.000, 0.000, 0.000, 0.000, 0.000, 0.000, 0.000, 0.000

---------------------------------------------------------------------------
Resampling_Posterior:
1, 1, 1, 1, 1, 1, 1, 1, 1, 1, 1, 1, 1, 1, 1, 1
               └≫ Best particle: #1

===========================================================================
[State1] States/Parameters: No.61
 (1)Initial dis.:
-0.245, 0.748, 0.703, 0.933, 0.229, 0.540, 0.725, 0.608, 0.289, 0.878, 0.541, 0.591, 0.812, 0.631, 0.919, 0.569
       ↓ <<< Option Func.
 (2)Prior distr.:
-0.245, 0.748, 0.703, 0.933, 0.229, 0.540, 0.725, 0.608, 0.289, 0.878, 0.541, 0.591, 0.812, 0.631, 0.919, 0.569
       ↓ <<< Likelihood
 (3)Resampled d.:
0.000, -0.245, -0.245, -0.245, -0.245, -0.245, -0.245, -0.245, -0.245, -0.245, -0.245, -0.245, -0.245, -0.245, -0.245, -0.245
       ↓ <<< System noise
 (4)Posterior d.:
0.099, -0.245, -0.141, -0.022, -0.194, 0.028, 0.010, -0.410, -0.201, 0.111, 0.031, -0.073, -0.398, -0.271, -0.152, -0.479

---------------------------------------------------------------------------
[State2] States/Parameters: No.62
 (1)Initial dis.:
-0.245, 0.748, 0.703, 0.933, 0.229, 0.540, 0.725, 0.608, 0.289, 0.878, 0.541, 0.591, 0.812, 0.631, 0.919, 0.569
       ↓ <<< Option Func.
 (2)Prior distr.:
-0.245, 0.748, 0.703, 0.933, 0.229, 0.540, 0.725, 0.608, 0.289, 0.878, 0.541, 0.591, 0.812, 0.631, 0.919, 0.569
       ↓ <<< Likelihood
 (3)Resampled d.:
0.000, -0.245, -0.245, -0.245, -0.245, -0.245, -0.245, -0.245, -0.245, -0.245, -0.245, -0.245, -0.245, -0.245, -0.245, -0.245
       ↓ <<< System noise
 (4)Posterior d.:
0.099, -0.245, -0.141, -0.022, -0.194, 0.028, 0.010, -0.410, -0.201, 0.111, 0.031, -0.073, -0.398, -0.271, -0.152, -0.479

---------------------------------------------------------------------------
