===========================================================================
Calculated datetime :202209130000
===========================================================================
Prediction station  :N.1

---------------------------------------------------------------------------
Likelihood_Prior    :
0.000, 0.000, 0.000, 0.000, 0.000, 0.000, 0.000, 0.955, 0.000, 0.000, 0.000, 0.045, 0.000, 0.000, 0.000, 0.000
     ↓↓↓
Likelihood_Posterior:
0.976, 0.000, 0.000, 0.000, 0.006, 0.000, 0.000, 0.000, 0.000, 0.012, 0.001, 0.000, 0.000, 0.000, 0.001, 0.000

---------------------------------------------------------------------------
Resampling_Posterior:
1, 1, 1, 1, 1, 1, 1, 1, 1, 1, 1, 1, 1, 1, 1, 1
               └≫ Best particle: #1

===========================================================================
[State1] States/Parameters: No.61
 (1)Initial dis.:
0.760, 1.414, 1.586, 1.304, 1.144, 1.376, 1.270, 1.580, 1.502, 1.114, 1.217, 1.314, 1.374, 1.532, 1.236, 1.758
       ↓ <<< Option Func.
 (2)Prior distr.:
0.760, 1.414, 1.586, 1.304, 1.144, 1.376, 1.270, 1.580, 1.502, 1.114, 1.217, 1.314, 1.374, 1.532, 1.236, 1.758
       ↓ <<< Likelihood
 (3)Resampled d.:
0.000, 0.760, 0.760, 0.760, 0.760, 0.760, 0.760, 0.760, 0.760, 0.760, 0.760, 0.760, 0.760, 0.760, 0.760, 0.760
       ↓ <<< System noise
 (4)Posterior d.:
0.199, 0.760, 0.800, 0.517, 0.787, 0.694, 0.716, 0.944, 0.723, 0.231, 0.500, 0.997, 0.870, 0.392, 0.872, 0.735

---------------------------------------------------------------------------
[State2] States/Parameters: No.62
 (1)Initial dis.:
0.760, 1.414, 1.586, 1.304, 1.144, 1.376, 1.270, 1.580, 1.502, 1.114, 1.217, 1.314, 1.374, 1.532, 1.236, 1.758
       ↓ <<< Option Func.
 (2)Prior distr.:
0.760, 1.414, 1.586, 1.304, 1.144, 1.376, 1.270, 1.580, 1.502, 1.114, 1.217, 1.314, 1.374, 1.532, 1.236, 1.758
       ↓ <<< Likelihood
 (3)Resampled d.:
0.000, 0.760, 0.760, 0.760, 0.760, 0.760, 0.760, 0.760, 0.760, 0.760, 0.760, 0.760, 0.760, 0.760, 0.760, 0.760
       ↓ <<< System noise
 (4)Posterior d.:
0.199, 0.760, 0.800, 0.517, 0.787, 0.694, 0.716, 0.944, 0.723, 0.231, 0.500, 0.997, 0.870, 0.392, 0.872, 0.735

---------------------------------------------------------------------------
