===========================================================================
Calculated datetime :202208100000
===========================================================================
Prediction station  :N.1

---------------------------------------------------------------------------
Likelihood_Prior    :
0.000, 0.000, 0.000, 0.000, 0.000, 0.000, 0.000, 0.000, 0.000, 0.000, 0.000, 0.000, 0.000, 0.000, 0.000, 0.000
     ↓↓↓
Likelihood_Posterior:
0.084, 0.109, 0.001, 0.078, 0.000, 0.002, 0.000, 0.154, 0.000, 0.000, 0.118, 0.047, 0.000, 0.219, 0.127, 0.059

---------------------------------------------------------------------------
Resampling_Posterior:
1, 2, 2, 4, 8, 8, 8, 11, 11, 14, 14, 14, 14, 15, 15, 16
               └≫ Best particle: #14

===========================================================================
[State1] States/Parameters: No.61
 (1)Initial dis.:
0.000, 0.306, -0.032, -0.015, -0.256, -0.129, -0.466, 0.187, -0.465, -0.385, 0.493, -0.156, -0.198, 0.439, 0.436, -0.166
       ↓ <<< Option Func.
 (2)Prior distr.:
0.000, 0.306, -0.032, -0.015, -0.256, -0.129, -0.466, 0.187, -0.465, -0.385, 0.493, -0.156, -0.198, 0.439, 0.436, -0.166
       ↓ <<< Likelihood
 (3)Resampled d.:
0.000, 0.306, 0.306, -0.015, 0.187, 0.187, 0.187, 0.493, 0.493, 0.439, 0.439, 0.439, 0.439, 0.436, 0.436, -0.166
       ↓ <<< System noise
 (4)Posterior d.:
-0.366, 0.306, 1.407, 0.867, -0.419, -0.097, 0.967, 0.593, 0.222, 0.913, 0.464, 0.741, 1.003, 0.347, 0.111, -0.545

---------------------------------------------------------------------------
[State2] States/Parameters: No.62
 (1)Initial dis.:
0.000, -0.415, -0.497, -0.033, -0.369, -0.358, -0.401, 0.117, 0.164, -0.021, -0.100, 0.127, -0.458, -0.495, 0.387, 0.418
       ↓ <<< Option Func.
 (2)Prior distr.:
0.000, -0.415, -0.497, -0.033, -0.369, -0.358, -0.401, 0.117, 0.164, -0.021, -0.100, 0.127, -0.458, -0.495, 0.387, 0.418
       ↓ <<< Likelihood
 (3)Resampled d.:
0.000, -0.415, -0.415, -0.033, 0.117, 0.117, 0.117, -0.100, -0.100, -0.495, -0.495, -0.495, -0.495, 0.387, 0.387, 0.418
       ↓ <<< System noise
 (4)Posterior d.:
-0.366, -0.415, 0.686, 0.850, -0.489, -0.167, 0.898, 0.000, -0.371, -0.021, -0.470, -0.193, 0.069, 0.298, 0.063, 0.038

---------------------------------------------------------------------------
