===========================================================================
Calculated datetime :202508110000
===========================================================================
Prediction station  :N.1

---------------------------------------------------------------------------
Likelihood_Prior    :
0.071, 0.169, 0.017, 0.000, 0.000, 0.000, 0.027, 0.000, 0.000, 0.000, 0.003, 0.277, 0.284, 0.000, 0.002, 0.148
     ↓↓↓
Likelihood_Posterior:
0.998, 0.000, 0.000, 0.000, 0.000, 0.000, 0.000, 0.000, 0.000, 0.000, 0.000, 0.000, 0.002, 0.000, 0.001, 0.000

---------------------------------------------------------------------------
Resampling_Posterior:
1, 1, 1, 1, 1, 1, 1, 1, 1, 1, 1, 1, 1, 1, 1, 1
               └≫ Best particle: #1

===========================================================================
[State1] States/Parameters: No.61
 (1)Initial dis.:
0.132, -0.171, -0.113, -0.395, -0.308, 0.035, -0.137, -0.174, -0.343, -0.141, -0.181, -0.209, 0.174, -0.139, 0.166, 0.095
       ↓ <<< Option Func.
 (2)Prior distr.:
0.132, -0.171, -0.113, -0.395, -0.308, 0.035, -0.137, -0.174, -0.343, -0.141, -0.181, -0.209, 0.174, -0.139, 0.166, 0.095
       ↓ <<< Likelihood
 (3)Resampled d.:
0.000, 0.132, 0.132, 0.132, 0.132, 0.132, 0.132, 0.132, 0.132, 0.132, 0.132, 0.132, 0.132, 0.132, 0.132, 0.132
       ↓ <<< System noise
 (4)Posterior d.:
0.072, 0.132, -0.106, -0.210, 0.185, 0.005, -0.028, -0.003, 0.080, 0.217, -0.022, 0.346, 0.073, 0.120, 0.049, -0.206

---------------------------------------------------------------------------
[State2] States/Parameters: No.62
 (1)Initial dis.:
0.132, -0.375, -0.317, -0.598, -0.511, -0.169, -0.341, -0.378, -0.546, -0.344, -0.385, -0.412, -0.030, -0.343, -0.038, -0.109
       ↓ <<< Option Func.
 (2)Prior distr.:
0.132, -0.375, -0.317, -0.598, -0.511, -0.169, -0.341, -0.378, -0.546, -0.344, -0.385, -0.412, -0.030, -0.343, -0.038, -0.109
       ↓ <<< Likelihood
 (3)Resampled d.:
0.000, 0.132, 0.132, 0.132, 0.132, 0.132, 0.132, 0.132, 0.132, 0.132, 0.132, 0.132, 0.132, 0.132, 0.132, 0.132
       ↓ <<< System noise
 (4)Posterior d.:
0.072, 0.132, -0.106, -0.210, 0.185, 0.005, -0.028, -0.003, 0.080, 0.217, -0.022, 0.346, 0.073, 0.120, 0.049, -0.206

---------------------------------------------------------------------------
