===========================================================================
Calculated datetime :202209050000
===========================================================================
Prediction station  :N.1

---------------------------------------------------------------------------
Likelihood_Prior    :
0.055, 0.092, 0.075, 0.075, 0.049, 0.086, 0.091, 0.068, 0.086, 0.058, 0.067, 0.044, 0.029, 0.025, 0.069, 0.030
     ↓↓↓
Likelihood_Posterior:
0.940, 0.011, 0.003, 0.003, 0.011, 0.000, 0.000, 0.000, 0.010, 0.000, 0.000, 0.004, 0.000, 0.010, 0.007, 0.000

---------------------------------------------------------------------------
Resampling_Posterior:
1, 1, 1, 1, 1, 1, 1, 1, 1, 1, 1, 1, 1, 1, 1, 1
               └≫ Best particle: #1

===========================================================================
[State1] States/Parameters: No.61
 (1)Initial dis.:
0.288, -0.546, -0.654, -0.659, -0.552, -0.203, -0.340, -0.077, -0.497, -0.790, -0.730, -0.641, -0.172, -0.566, 0.048, -0.872
       ↓ <<< Option Func.
 (2)Prior distr.:
0.288, -0.546, -0.654, -0.659, -0.552, -0.203, -0.340, -0.077, -0.497, -0.790, -0.730, -0.641, -0.172, -0.566, 0.048, -0.872
       ↓ <<< Likelihood
 (3)Resampled d.:
0.000, 0.288, 0.288, 0.288, 0.288, 0.288, 0.288, 0.288, 0.288, 0.288, 0.288, 0.288, 0.288, 0.288, 0.288, 0.288
       ↓ <<< System noise
 (4)Posterior d.:
-0.333, 0.288, 0.167, 0.090, 0.261, 0.482, 0.359, 0.484, 0.134, 0.365, 0.038, 0.592, -0.296, 0.500, 0.141, -0.015

---------------------------------------------------------------------------
[State2] States/Parameters: No.62
 (1)Initial dis.:
0.288, -0.430, -0.539, -0.543, -0.437, -0.087, -0.225, 0.038, -0.381, -0.674, -0.615, -0.525, -0.057, -0.451, 0.164, -0.757
       ↓ <<< Option Func.
 (2)Prior distr.:
0.288, -0.430, -0.539, -0.543, -0.437, -0.087, -0.225, 0.038, -0.381, -0.674, -0.615, -0.525, -0.057, -0.451, 0.164, -0.757
       ↓ <<< Likelihood
 (3)Resampled d.:
0.000, 0.288, 0.288, 0.288, 0.288, 0.288, 0.288, 0.288, 0.288, 0.288, 0.288, 0.288, 0.288, 0.288, 0.288, 0.288
       ↓ <<< System noise
 (4)Posterior d.:
-0.333, 0.288, 0.167, 0.090, 0.261, 0.482, 0.359, 0.484, 0.134, 0.365, 0.038, 0.592, -0.296, 0.500, 0.141, -0.015

---------------------------------------------------------------------------
