===========================================================================
Calculated datetime :202207210000
===========================================================================
Prediction station  :N.1

---------------------------------------------------------------------------
Likelihood_Prior    :
0.012, 0.062, 0.056, 0.051, 0.124, 0.077, 0.058, 0.035, 0.056, 0.058, 0.054, 0.162, 0.022, 0.091, 0.072, 0.007
     ↓↓↓
Likelihood_Posterior:
0.000, 0.000, 0.000, 0.814, 0.000, 0.000, 0.000, 0.000, 0.185, 0.000, 0.000, 0.000, 0.000, 0.000, 0.000, 0.000

---------------------------------------------------------------------------
Resampling_Posterior:
1, 4, 4, 4, 4, 4, 4, 4, 4, 4, 4, 4, 4, 4, 9, 9
               └≫ Best particle: #4

===========================================================================
[State1] States/Parameters: No.61
 (1)Initial dis.:
-0.262, -1.047, -1.021, -0.646, -1.285, -1.318, -1.088, -1.120, -0.811, -1.217, -1.616, -1.405, -0.961, -1.559, -1.528, -1.281
       ↓ <<< Option Func.
 (2)Prior distr.:
-0.262, -1.047, -1.021, -0.646, -1.285, -1.318, -1.088, -1.120, -0.811, -1.217, -1.616, -1.405, -0.961, -1.559, -1.528, -1.281
       ↓ <<< Likelihood
 (3)Resampled d.:
0.000, -0.646, -0.646, -0.646, -0.646, -0.646, -0.646, -0.646, -0.646, -0.646, -0.646, -0.646, -0.646, -0.646, -0.811, -0.811
       ↓ <<< System noise
 (4)Posterior d.:
0.027, -0.646, -0.458, -0.812, -0.995, -0.612, -0.664, -0.691, -0.607, -0.190, -1.054, -0.650, -0.915, -1.003, -0.234, -0.591

---------------------------------------------------------------------------
[State2] States/Parameters: No.62
 (1)Initial dis.:
-0.262, -0.427, -0.402, -0.027, -0.666, -0.699, -0.469, -0.501, -0.192, -0.597, -0.997, -0.786, -0.342, -0.940, -0.909, -0.662
       ↓ <<< Option Func.
 (2)Prior distr.:
-0.262, -0.427, -0.402, -0.027, -0.666, -0.699, -0.469, -0.501, -0.192, -0.597, -0.997, -0.786, -0.342, -0.940, -0.909, -0.662
       ↓ <<< Likelihood
 (3)Resampled d.:
0.000, -0.027, -0.027, -0.027, -0.027, -0.027, -0.027, -0.027, -0.027, -0.027, -0.027, -0.027, -0.027, -0.027, -0.192, -0.192
       ↓ <<< System noise
 (4)Posterior d.:
0.027, -0.027, 0.161, -0.193, -0.376, 0.007, -0.045, -0.072, 0.012, 0.429, -0.435, -0.031, -0.296, -0.384, 0.385, 0.028

---------------------------------------------------------------------------
