===========================================================================
Calculated datetime :202208010000
===========================================================================
Prediction station  :N.1

---------------------------------------------------------------------------
Likelihood_Prior    :
0.064, 0.001, 0.059, 0.134, 0.009, 0.065, 0.079, 0.000, 0.001, 0.006, 0.004, 0.550, 0.012, 0.001, 0.011, 0.003
     ↓↓↓
Likelihood_Posterior:
0.036, 0.071, 0.036, 0.062, 0.075, 0.033, 0.075, 0.043, 0.066, 0.075, 0.071, 0.075, 0.075, 0.063, 0.069, 0.075

---------------------------------------------------------------------------
Resampling_Posterior:
1, 2, 4, 5, 7, 8, 9, 10, 10, 11, 12, 12, 13, 14, 15, 16
               └≫ Best particle: #10

===========================================================================
[State1] States/Parameters: No.61
 (1)Initial dis.:
0.578, -0.922, 0.289, -0.493, -0.278, -0.675, -0.394, 0.305, -0.029, -0.459, -0.244, -0.459, -0.125, 0.012, -0.315, -0.127
       ↓ <<< Option Func.
 (2)Prior distr.:
0.578, -0.922, 0.289, -0.493, -0.278, -0.675, -0.394, 0.305, -0.029, -0.459, -0.244, -0.459, -0.125, 0.012, -0.315, -0.127
       ↓ <<< Likelihood
 (3)Resampled d.:
0.000, -0.922, -0.493, -0.278, -0.394, 0.305, -0.029, -0.459, -0.459, -0.244, -0.459, -0.459, -0.125, 0.012, -0.315, -0.127
       ↓ <<< System noise
 (4)Posterior d.:
0.019, -0.922, -0.360, -0.656, -0.320, 0.403, -0.281, -0.751, -0.359, 0.069, -0.453, -0.469, -0.342, -0.407, -0.287, 0.254

---------------------------------------------------------------------------
[State2] States/Parameters: No.62
 (1)Initial dis.:
0.578, -0.922, 0.289, -0.493, -0.278, -0.675, -0.070, 0.629, 0.295, -0.135, 0.080, -0.135, 0.200, 0.336, 0.010, 0.197
       ↓ <<< Option Func.
 (2)Prior distr.:
0.578, -0.922, 0.289, -0.493, -0.278, -0.675, -0.070, 0.629, 0.295, -0.135, 0.080, -0.135, 0.200, 0.336, 0.010, 0.197
       ↓ <<< Likelihood
 (3)Resampled d.:
0.000, -0.922, -0.493, -0.278, -0.070, 0.629, 0.295, -0.135, -0.135, 0.080, -0.135, -0.135, 0.200, 0.336, 0.010, 0.197
       ↓ <<< System noise
 (4)Posterior d.:
0.019, -0.922, -0.360, -0.656, 0.004, 0.728, 0.043, -0.427, -0.034, 0.393, -0.128, -0.145, -0.018, -0.083, 0.037, 0.579

---------------------------------------------------------------------------
