===========================================================================
Calculated datetime :202208260000
===========================================================================
Prediction station  :N.1

---------------------------------------------------------------------------
Likelihood_Prior    :
0.000, 0.002, 0.003, 0.003, 0.003, 0.007, 0.000, 0.000, 0.002, 0.000, 0.000, 0.000, 0.770, 0.001, 0.207, 0.002
     ↓↓↓
Likelihood_Posterior:
0.122, 0.091, 0.122, 0.122, 0.097, 0.002, 0.000, 0.002, 0.094, 0.121, 0.000, 0.000, 0.117, 0.003, 0.008, 0.097

---------------------------------------------------------------------------
Resampling_Posterior:
1, 1, 2, 3, 3, 4, 4, 5, 5, 9, 10, 10, 13, 13, 16, 16
               └≫ Best particle: #3

===========================================================================
[State1] States/Parameters: No.61
 (1)Initial dis.:
-0.025, -0.828, -0.522, -0.672, -0.803, -1.128, -1.191, -1.125, -0.447, -0.648, -1.270, -1.203, -0.725, -1.106, -1.071, -0.804
       ↓ <<< Option Func.
 (2)Prior distr.:
-0.025, -0.828, -0.522, -0.672, -0.803, -1.128, -1.191, -1.125, -0.447, -0.648, -1.270, -1.203, -0.725, -1.106, -1.071, -0.804
       ↓ <<< Likelihood
 (3)Resampled d.:
0.000, -0.025, -0.828, -0.522, -0.522, -0.672, -0.672, -0.803, -0.803, -0.447, -0.648, -0.648, -0.725, -0.725, -0.804, -0.804
       ↓ <<< System noise
 (4)Posterior d.:
0.270, -0.025, -1.182, -0.542, -0.803, -0.375, -0.346, -0.759, -0.898, -0.353, -0.251, -0.402, -0.336, -0.814, -0.845, -1.304

---------------------------------------------------------------------------
[State2] States/Parameters: No.62
 (1)Initial dis.:
-0.025, -0.828, -0.522, -0.672, -0.803, -1.128, -1.191, -1.125, -0.447, -0.648, -1.270, -1.203, -0.725, -1.106, -1.071, -0.804
       ↓ <<< Option Func.
 (2)Prior distr.:
-0.025, -0.828, -0.522, -0.672, -0.803, -1.128, -1.191, -1.125, -0.447, -0.648, -1.270, -1.203, -0.725, -1.106, -1.071, -0.804
       ↓ <<< Likelihood
 (3)Resampled d.:
0.000, -0.025, -0.828, -0.522, -0.522, -0.672, -0.672, -0.803, -0.803, -0.447, -0.648, -0.648, -0.725, -0.725, -0.804, -0.804
       ↓ <<< System noise
 (4)Posterior d.:
0.270, -0.025, -1.182, -0.542, -0.803, -0.375, -0.346, -0.759, -0.898, -0.353, -0.251, -0.402, -0.336, -0.814, -0.845, -1.304

---------------------------------------------------------------------------
