===========================================================================
Calculated datetime :202208280000
===========================================================================
Prediction station  :N.1

---------------------------------------------------------------------------
Likelihood_Prior    :
0.005, 0.109, 0.076, 0.059, 0.004, 0.109, 0.093, 0.009, 0.001, 0.099, 0.046, 0.118, 0.093, 0.003, 0.002, 0.176
     ↓↓↓
Likelihood_Posterior:
0.072, 0.059, 0.058, 0.108, 0.097, 0.161, 0.128, 0.064, 0.021, 0.069, 0.049, 0.060, 0.020, 0.007, 0.007, 0.019

---------------------------------------------------------------------------
Resampling_Posterior:
1, 2, 3, 4, 4, 5, 5, 6, 6, 6, 7, 7, 8, 10, 11, 12
               └≫ Best particle: #6

===========================================================================
[State1] States/Parameters: No.61
 (1)Initial dis.:
0.171, -0.025, -0.037, -1.052, -0.602, -0.759, -0.638, -0.003, -0.244, 0.216, -0.525, -0.551, -0.311, -1.470, -1.518, -1.369
       ↓ <<< Option Func.
 (2)Prior distr.:
0.171, -0.025, -0.037, -1.052, -0.602, -0.759, -0.638, -0.003, -0.244, 0.216, -0.525, -0.551, -0.311, -1.470, -1.518, -1.369
       ↓ <<< Likelihood
 (3)Resampled d.:
0.000, -0.025, -0.037, -1.052, -1.052, -0.602, -0.602, -0.759, -0.759, -0.759, -0.638, -0.638, -0.003, 0.216, -0.525, -0.551
       ↓ <<< System noise
 (4)Posterior d.:
-0.033, -0.025, -0.292, -0.927, -1.141, -0.625, -1.047, -0.960, -0.580, -0.587, -0.998, -0.552, -0.128, 0.335, -0.731, -0.454

---------------------------------------------------------------------------
[State2] States/Parameters: No.62
 (1)Initial dis.:
0.171, -0.025, -0.037, -1.052, -0.602, -0.759, -0.638, -0.003, -0.244, 0.216, -0.525, -0.551, -0.311, -1.470, -1.518, -1.369
       ↓ <<< Option Func.
 (2)Prior distr.:
0.171, -0.025, -0.037, -1.052, -0.602, -0.759, -0.638, -0.003, -0.244, 0.216, -0.525, -0.551, -0.311, -1.470, -1.518, -1.369
       ↓ <<< Likelihood
 (3)Resampled d.:
0.000, -0.025, -0.037, -1.052, -1.052, -0.602, -0.602, -0.759, -0.759, -0.759, -0.638, -0.638, -0.003, 0.216, -0.525, -0.551
       ↓ <<< System noise
 (4)Posterior d.:
-0.033, -0.025, -0.292, -0.927, -1.141, -0.625, -1.047, -0.960, -0.580, -0.587, -0.998, -0.552, -0.128, 0.335, -0.731, -0.454

---------------------------------------------------------------------------
