===========================================================================
Calculated datetime :202507150000
===========================================================================
Prediction station  :N.1

---------------------------------------------------------------------------
Likelihood_Prior    :
0.100, 0.021, 0.023, 0.091, 0.059, 0.011, 0.038, 0.000, 0.019, 0.421, 0.102, 0.102, 0.000, 0.000, 0.000, 0.014
     ↓↓↓
Likelihood_Posterior:
0.998, 0.000, 0.000, 0.000, 0.000, 0.000, 0.000, 0.000, 0.001, 0.000, 0.000, 0.000, 0.000, 0.000, 0.000, 0.000

---------------------------------------------------------------------------
Resampling_Posterior:
1, 1, 1, 1, 1, 1, 1, 1, 1, 1, 1, 1, 1, 1, 1, 1
               └≫ Best particle: #1

===========================================================================
[State1] States/Parameters: No.61
 (1)Initial dis.:
-0.113, 0.090, -1.370, -1.287, -0.695, -0.890, -1.028, -0.722, -1.085, -0.674, -0.652, -0.997, -0.472, -0.893, -1.014, -1.524
       ↓ <<< Option Func.
 (2)Prior distr.:
-0.113, 0.090, -1.370, -1.287, -0.695, -0.890, -1.028, -0.722, -1.085, -0.674, -0.652, -0.997, -0.472, -0.893, -1.014, -1.524
       ↓ <<< Likelihood
 (3)Resampled d.:
0.000, -0.113, -0.113, -0.113, -0.113, -0.113, -0.113, -0.113, -0.113, -0.113, -0.113, -0.113, -0.113, -0.113, -0.113, -0.113
       ↓ <<< System noise
 (4)Posterior d.:
0.278, -0.113, -0.093, -0.018, -0.253, -0.004, -0.035, 0.154, -0.050, -0.205, 0.001, 0.140, 0.207, 0.134, 0.282, -0.354

---------------------------------------------------------------------------
[State2] States/Parameters: No.62
 (1)Initial dis.:
-0.113, 0.090, -1.370, -1.287, -0.695, -0.890, -1.028, -0.722, -1.085, -0.674, -0.652, -0.997, -0.472, -0.893, -1.014, -1.524
       ↓ <<< Option Func.
 (2)Prior distr.:
-0.113, 0.090, -1.370, -1.287, -0.695, -0.890, -1.028, -0.722, -1.085, -0.674, -0.652, -0.997, -0.472, -0.893, -1.014, -1.524
       ↓ <<< Likelihood
 (3)Resampled d.:
0.000, -0.113, -0.113, -0.113, -0.113, -0.113, -0.113, -0.113, -0.113, -0.113, -0.113, -0.113, -0.113, -0.113, -0.113, -0.113
       ↓ <<< System noise
 (4)Posterior d.:
0.278, -0.113, -0.093, -0.018, -0.253, -0.004, -0.035, 0.154, -0.050, -0.205, 0.001, 0.140, 0.207, 0.134, 0.282, -0.354

---------------------------------------------------------------------------
