===========================================================================
Calculated datetime :202208090000
===========================================================================
Prediction station  :N.1

---------------------------------------------------------------------------
Likelihood_Prior    :
0.000, 1.000, 0.000, 0.000, 0.000, 0.000, 0.000, 0.000, 0.000, 0.000, 0.000, 0.000, 0.000, 0.000, 0.000, 0.000
     ↓↓↓
Likelihood_Posterior:
0.001, 0.017, 0.117, 0.005, 0.006, 0.150, 0.001, 0.000, 0.000, 0.391, 0.003, 0.150, 0.157, 0.001, 0.000, 0.002

---------------------------------------------------------------------------
Resampling_Posterior:
1, 3, 3, 6, 6, 10, 10, 10, 10, 10, 10, 10, 12, 12, 13, 13
               └≫ Best particle: #10

===========================================================================
[State1] States/Parameters: No.61
 (1)Initial dis.:
0.347, 0.422, 0.551, 0.634, 0.401, 0.479, 0.753, 0.222, 0.275, 0.515, 0.383, 0.477, 0.103, 0.770, 0.193, 0.694
       ↓ <<< Option Func.
 (2)Prior distr.:
0.347, 0.422, 0.551, 0.634, 0.401, 0.479, 0.753, 0.222, 0.275, 0.515, 0.383, 0.477, 0.103, 0.770, 0.193, 0.694
       ↓ <<< Likelihood
 (3)Resampled d.:
0.000, 0.551, 0.551, 0.479, 0.479, 0.515, 0.515, 0.515, 0.515, 0.515, 0.515, 0.515, 0.477, 0.477, 0.103, 0.103
       ↓ <<< System noise
 (4)Posterior d.:
0.505, 0.551, 0.561, 0.298, 0.960, 0.211, 0.402, 0.534, 0.538, 0.729, 0.483, 0.919, 0.553, 1.072, -0.051, 0.046

---------------------------------------------------------------------------
[State2] States/Parameters: No.62
 (1)Initial dis.:
0.347, 0.422, 0.551, 0.634, 0.401, 0.479, 0.753, 0.222, 0.275, 0.515, 0.383, 0.477, 0.103, 0.770, 0.193, 0.694
       ↓ <<< Option Func.
 (2)Prior distr.:
0.347, 0.422, 0.551, 0.634, 0.401, 0.479, 0.753, 0.222, 0.275, 0.515, 0.383, 0.477, 0.103, 0.770, 0.193, 0.694
       ↓ <<< Likelihood
 (3)Resampled d.:
0.000, 0.551, 0.551, 0.479, 0.479, 0.515, 0.515, 0.515, 0.515, 0.515, 0.515, 0.515, 0.477, 0.477, 0.103, 0.103
       ↓ <<< System noise
 (4)Posterior d.:
0.505, 0.551, 0.561, 0.298, 0.960, 0.211, 0.402, 0.534, 0.538, 0.729, 0.483, 0.919, 0.553, 1.072, -0.051, 0.046

---------------------------------------------------------------------------
