===========================================================================
Calculated datetime :202207250000
===========================================================================
Prediction station  :N.1

---------------------------------------------------------------------------
Likelihood_Prior    :
0.007, 0.083, 0.080, 0.061, 0.082, 0.051, 0.081, 0.080, 0.080, 0.048, 0.051, 0.080, 0.044, 0.012, 0.076, 0.085
     ↓↓↓
Likelihood_Posterior:
0.001, 0.002, 0.087, 0.001, 0.087, 0.002, 0.001, 0.001, 0.003, 0.056, 0.543, 0.008, 0.001, 0.001, 0.002, 0.203

---------------------------------------------------------------------------
Resampling_Posterior:
1, 3, 5, 10, 11, 11, 11, 11, 11, 11, 11, 11, 11, 16, 16, 16
               └≫ Best particle: #11

===========================================================================
[State1] States/Parameters: No.61
 (1)Initial dis.:
-0.050, -0.190, -0.422, 0.286, -0.426, 0.102, -0.052, 0.066, -0.211, -0.405, -0.595, -0.303, 0.031, -0.082, 0.123, -1.099
       ↓ <<< Option Func.
 (2)Prior distr.:
-0.050, -0.190, -0.422, 0.286, -0.426, 0.102, -0.052, 0.066, -0.211, -0.405, -0.595, -0.303, 0.031, -0.082, 0.123, -1.099
       ↓ <<< Likelihood
 (3)Resampled d.:
0.000, -0.422, -0.426, -0.405, -0.595, -0.595, -0.595, -0.595, -0.595, -0.595, -0.595, -0.595, -0.595, -1.099, -1.099, -1.099
       ↓ <<< System noise
 (4)Posterior d.:
0.123, -0.422, -0.692, -0.469, -0.562, -0.389, -0.673, -0.952, -0.313, -0.860, -0.218, -0.672, -0.756, -0.683, -1.297, -1.843

---------------------------------------------------------------------------
[State2] States/Parameters: No.62
 (1)Initial dis.:
-0.050, 0.429, 0.197, 0.905, 0.193, 0.721, 0.567, 0.685, 0.408, 0.214, 0.024, 0.316, 0.650, 0.537, 0.742, -0.480
       ↓ <<< Option Func.
 (2)Prior distr.:
-0.050, 0.429, 0.197, 0.905, 0.193, 0.721, 0.567, 0.685, 0.408, 0.214, 0.024, 0.316, 0.650, 0.537, 0.742, -0.480
       ↓ <<< Likelihood
 (3)Resampled d.:
0.000, 0.197, 0.193, 0.214, 0.024, 0.024, 0.024, 0.024, 0.024, 0.024, 0.024, 0.024, 0.024, -0.480, -0.480, -0.480
       ↓ <<< System noise
 (4)Posterior d.:
0.123, 0.197, -0.073, 0.150, 0.057, 0.230, -0.054, -0.333, 0.306, -0.241, 0.401, -0.053, -0.137, -0.064, -0.678, -1.224

---------------------------------------------------------------------------
