===========================================================================
Calculated datetime :202507190000
===========================================================================
Prediction station  :N.1

---------------------------------------------------------------------------
Likelihood_Prior    :
0.007, 0.000, 0.000, 0.000, 0.000, 0.000, 0.943, 0.000, 0.000, 0.000, 0.000, 0.000, 0.000, 0.000, 0.000, 0.050
     ↓↓↓
Likelihood_Posterior:
0.248, 0.730, 0.000, 0.000, 0.000, 0.000, 0.001, 0.000, 0.000, 0.011, 0.000, 0.000, 0.000, 0.004, 0.005, 0.000

---------------------------------------------------------------------------
Resampling_Posterior:
1, 1, 1, 1, 2, 2, 2, 2, 2, 2, 2, 2, 2, 2, 2, 2
               └≫ Best particle: #2

===========================================================================
[State1] States/Parameters: No.61
 (1)Initial dis.:
-0.139, -0.090, 0.101, -0.258, -0.242, 0.094, -0.220, -0.453, 0.041, -0.183, -0.208, -0.426, -0.227, -0.193, -0.025, 0.056
       ↓ <<< Option Func.
 (2)Prior distr.:
-0.139, -0.090, 0.101, -0.258, -0.242, 0.094, -0.220, -0.453, 0.041, -0.183, -0.208, -0.426, -0.227, -0.193, -0.025, 0.056
       ↓ <<< Likelihood
 (3)Resampled d.:
0.000, -0.139, -0.139, -0.139, -0.090, -0.090, -0.090, -0.090, -0.090, -0.090, -0.090, -0.090, -0.090, -0.090, -0.090, -0.090
       ↓ <<< System noise
 (4)Posterior d.:
0.137, -0.139, -0.160, -0.379, 0.094, -0.330, -0.334, -0.080, -0.051, -0.064, 0.009, -0.155, -0.111, -0.265, 0.114, -0.562

---------------------------------------------------------------------------
[State2] States/Parameters: No.62
 (1)Initial dis.:
-0.139, -0.090, 0.101, -0.258, -0.242, 0.094, -0.220, -0.453, 0.041, -0.183, -0.208, -0.426, -0.227, -0.193, -0.025, 0.056
       ↓ <<< Option Func.
 (2)Prior distr.:
-0.139, -0.090, 0.101, -0.258, -0.242, 0.094, -0.220, -0.453, 0.041, -0.183, -0.208, -0.426, -0.227, -0.193, -0.025, 0.056
       ↓ <<< Likelihood
 (3)Resampled d.:
0.000, -0.139, -0.139, -0.139, -0.090, -0.090, -0.090, -0.090, -0.090, -0.090, -0.090, -0.090, -0.090, -0.090, -0.090, -0.090
       ↓ <<< System noise
 (4)Posterior d.:
0.137, -0.139, -0.160, -0.379, 0.094, -0.330, -0.334, -0.080, -0.051, -0.064, 0.009, -0.155, -0.111, -0.265, 0.114, -0.562

---------------------------------------------------------------------------
