===========================================================================
Calculated datetime :202507130000
===========================================================================
Prediction station  :N.1

---------------------------------------------------------------------------
Likelihood_Prior    :
0.000, 0.000, 0.000, 0.231, 0.000, 0.000, 0.237, 0.237, 0.025, 0.000, 0.000, 0.000, 0.000, 0.271, 0.000, 0.000
     ↓↓↓
Likelihood_Posterior:
0.000, 0.244, 0.000, 0.000, 0.208, 0.000, 0.000, 0.001, 0.204, 0.000, 0.250, 0.000, 0.067, 0.025, 0.000, 0.000

---------------------------------------------------------------------------
Resampling_Posterior:
1, 2, 2, 2, 2, 5, 5, 5, 9, 9, 9, 11, 11, 11, 11, 13
               └≫ Best particle: #11

===========================================================================
[State1] States/Parameters: No.61
 (1)Initial dis.:
-0.243, -1.056, -0.738, -1.369, -1.165, -0.727, -1.406, -1.257, -1.074, -0.695, -1.196, -0.665, -1.120, -1.166, -0.759, -1.598
       ↓ <<< Option Func.
 (2)Prior distr.:
-0.243, -1.056, -0.738, -1.369, -1.165, -0.727, -1.406, -1.257, -1.074, -0.695, -1.196, -0.665, -1.120, -1.166, -0.759, -1.598
       ↓ <<< Likelihood
 (3)Resampled d.:
0.000, -1.056, -1.056, -1.056, -1.056, -1.165, -1.165, -1.165, -1.074, -1.074, -1.074, -1.196, -1.196, -1.196, -1.196, -1.120
       ↓ <<< System noise
 (4)Posterior d.:
0.090, -1.056, -1.052, -1.198, -1.247, -1.136, -1.019, -1.450, -1.156, -0.846, -0.883, -1.226, -1.428, -1.917, -1.351, -1.166

---------------------------------------------------------------------------
[State2] States/Parameters: No.62
 (1)Initial dis.:
-0.243, -1.056, -0.738, -1.369, -1.165, -0.727, -1.406, -1.257, -1.074, -0.695, -1.196, -0.665, -1.165, -1.211, -0.804, -1.644
       ↓ <<< Option Func.
 (2)Prior distr.:
-0.243, -1.056, -0.738, -1.369, -1.165, -0.727, -1.406, -1.257, -1.074, -0.695, -1.196, -0.665, -1.165, -1.211, -0.804, -1.644
       ↓ <<< Likelihood
 (3)Resampled d.:
0.000, -1.056, -1.056, -1.056, -1.056, -1.165, -1.165, -1.165, -1.074, -1.074, -1.074, -1.196, -1.196, -1.196, -1.196, -1.165
       ↓ <<< System noise
 (4)Posterior d.:
0.090, -1.056, -1.052, -1.198, -1.247, -1.136, -1.019, -1.450, -1.156, -0.846, -0.883, -1.226, -1.428, -1.917, -1.351, -1.211

---------------------------------------------------------------------------
