===========================================================================
Calculated datetime :202208170000
===========================================================================
Prediction station  :N.1

---------------------------------------------------------------------------
Likelihood_Prior    :
0.000, 0.012, 0.000, 0.000, 0.000, 0.000, 0.000, 0.000, 0.223, 0.066, 0.185, 0.151, 0.010, 0.218, 0.006, 0.129
     ↓↓↓
Likelihood_Posterior:
0.019, 0.102, 0.060, 0.054, 0.020, 0.034, 0.047, 0.072, 0.019, 0.106, 0.096, 0.041, 0.097, 0.106, 0.106, 0.022

---------------------------------------------------------------------------
Resampling_Posterior:
1, 2, 2, 3, 4, 8, 10, 10, 11, 11, 13, 13, 14, 14, 15, 15
               └≫ Best particle: #10

===========================================================================
[State1] States/Parameters: No.61
 (1)Initial dis.:
-0.066, -0.537, -0.287, -0.688, -0.119, -0.950, -0.718, -0.639, -0.096, -0.440, -0.558, -0.834, -0.402, -0.438, -0.438, 0.024
       ↓ <<< Option Func.
 (2)Prior distr.:
-0.066, -0.537, -0.287, -0.688, -0.119, -0.950, -0.718, -0.639, -0.096, -0.440, -0.558, -0.834, -0.402, -0.438, -0.438, 0.024
       ↓ <<< Likelihood
 (3)Resampled d.:
0.000, -0.537, -0.537, -0.287, -0.688, -0.639, -0.440, -0.440, -0.558, -0.558, -0.402, -0.402, -0.438, -0.438, -0.438, -0.438
       ↓ <<< System noise
 (4)Posterior d.:
0.217, -0.537, -0.783, -0.207, -0.595, -1.091, -0.324, -0.728, -0.622, -0.761, -0.861, -0.182, -0.506, -0.521, -0.579, -0.114

---------------------------------------------------------------------------
[State2] States/Parameters: No.62
 (1)Initial dis.:
-0.066, -0.537, -0.287, -0.688, -0.119, -0.950, -0.718, -0.639, -0.096, -0.440, -0.558, -0.834, -0.402, -0.438, -0.438, 0.024
       ↓ <<< Option Func.
 (2)Prior distr.:
-0.066, -0.537, -0.287, -0.688, -0.119, -0.950, -0.718, -0.639, -0.096, -0.440, -0.558, -0.834, -0.402, -0.438, -0.438, 0.024
       ↓ <<< Likelihood
 (3)Resampled d.:
0.000, -0.537, -0.537, -0.287, -0.688, -0.639, -0.440, -0.440, -0.558, -0.558, -0.402, -0.402, -0.438, -0.438, -0.438, -0.438
       ↓ <<< System noise
 (4)Posterior d.:
0.217, -0.537, -0.783, -0.207, -0.595, -1.091, -0.324, -0.728, -0.622, -0.761, -0.861, -0.182, -0.506, -0.521, -0.579, -0.114

---------------------------------------------------------------------------
