===========================================================================
Calculated datetime :202207260000
===========================================================================
Prediction station  :N.1

---------------------------------------------------------------------------
Likelihood_Prior    :
0.059, 0.062, 0.067, 0.064, 0.047, 0.059, 0.065, 0.064, 0.064, 0.064, 0.065, 0.065, 0.063, 0.064, 0.064, 0.064
     ↓↓↓
Likelihood_Posterior:
0.059, 0.063, 0.061, 0.062, 0.059, 0.050, 0.062, 0.071, 0.054, 0.071, 0.060, 0.055, 0.071, 0.065, 0.067, 0.071

---------------------------------------------------------------------------
Resampling_Posterior:
1, 2, 3, 4, 5, 6, 7, 8, 9, 10, 11, 12, 13, 14, 15, 16
               └≫ Best particle: #8

===========================================================================
[State1] States/Parameters: No.61
 (1)Initial dis.:
0.097, 0.247, 0.648, 0.660, 0.084, -0.031, 0.190, 0.182, -0.087, 0.653, 0.002, -0.066, 0.168, 0.349, 0.087, 0.171
       ↓ <<< Option Func.
 (2)Prior distr.:
0.097, 0.247, 0.648, 0.660, 0.084, -0.031, 0.190, 0.182, -0.087, 0.653, 0.002, -0.066, 0.168, 0.349, 0.087, 0.171
       ↓ <<< Likelihood
 (3)Resampled d.:
0.000, 0.247, 0.648, 0.660, 0.084, -0.031, 0.190, 0.182, -0.087, 0.653, 0.002, -0.066, 0.168, 0.349, 0.087, 0.171
       ↓ <<< System noise
 (4)Posterior d.:
0.256, 0.247, 0.330, 0.346, -0.380, -0.399, 0.517, 0.326, -0.316, 0.943, -0.275, -0.513, 0.063, 0.707, 0.388, 0.209

---------------------------------------------------------------------------
[State2] States/Parameters: No.62
 (1)Initial dis.:
0.097, 0.247, 0.648, 0.660, 0.084, -0.031, 0.190, 0.506, 0.237, 0.978, 0.326, 0.258, 0.492, 0.673, 0.411, 0.495
       ↓ <<< Option Func.
 (2)Prior distr.:
0.097, 0.247, 0.648, 0.660, 0.084, -0.031, 0.190, 0.506, 0.237, 0.978, 0.326, 0.258, 0.492, 0.673, 0.411, 0.495
       ↓ <<< Likelihood
 (3)Resampled d.:
0.000, 0.247, 0.648, 0.660, 0.084, -0.031, 0.190, 0.506, 0.237, 0.978, 0.326, 0.258, 0.492, 0.673, 0.411, 0.495
       ↓ <<< System noise
 (4)Posterior d.:
0.256, 0.247, 0.330, 0.346, -0.380, -0.399, 0.517, 0.651, 0.008, 1.267, 0.049, -0.189, 0.387, 1.031, 0.712, 0.533

---------------------------------------------------------------------------
