===========================================================================
Calculated datetime :202507270000
===========================================================================
Prediction station  :N.1

---------------------------------------------------------------------------
Likelihood_Prior    :
0.375, 0.000, 0.000, 0.000, 0.000, 0.000, 0.000, 0.000, 0.570, 0.000, 0.000, 0.000, 0.000, 0.000, 0.038, 0.018
     ↓↓↓
Likelihood_Posterior:
0.000, 0.000, 0.000, 0.000, 0.000, 0.000, 0.000, 0.000, 0.000, 0.000, 0.000, 0.000, 0.000, 0.000, 1.000, 0.000

---------------------------------------------------------------------------
Resampling_Posterior:
1, 15, 15, 15, 15, 15, 15, 15, 15, 15, 15, 15, 15, 15, 15, 15
               └≫ Best particle: #15

===========================================================================
[State1] States/Parameters: No.61
 (1)Initial dis.:
0.072, -0.076, -0.081, -0.203, 0.211, -0.101, 0.181, -0.304, -0.035, 0.201, 0.101, -0.093, 0.055, -0.055, -0.346, 0.354
       ↓ <<< Option Func.
 (2)Prior distr.:
0.072, -0.076, -0.081, -0.203, 0.211, -0.101, 0.181, -0.304, -0.035, 0.201, 0.101, -0.093, 0.055, -0.055, -0.346, 0.354
       ↓ <<< Likelihood
 (3)Resampled d.:
0.000, -0.346, -0.346, -0.346, -0.346, -0.346, -0.346, -0.346, -0.346, -0.346, -0.346, -0.346, -0.346, -0.346, -0.346, -0.346
       ↓ <<< System noise
 (4)Posterior d.:
-0.041, -0.346, 0.029, -0.095, -0.362, -0.516, -0.425, -0.171, -0.329, -0.069, -0.622, -0.387, -0.292, -0.193, -0.363, -0.601

---------------------------------------------------------------------------
[State2] States/Parameters: No.62
 (1)Initial dis.:
0.072, -0.076, -0.081, -0.203, 0.211, -0.101, 0.181, -0.304, -0.035, 0.201, 0.101, -0.093, 0.055, -0.055, -0.346, 0.354
       ↓ <<< Option Func.
 (2)Prior distr.:
0.072, -0.076, -0.081, -0.203, 0.211, -0.101, 0.181, -0.304, -0.035, 0.201, 0.101, -0.093, 0.055, -0.055, -0.346, 0.354
       ↓ <<< Likelihood
 (3)Resampled d.:
0.000, -0.346, -0.346, -0.346, -0.346, -0.346, -0.346, -0.346, -0.346, -0.346, -0.346, -0.346, -0.346, -0.346, -0.346, -0.346
       ↓ <<< System noise
 (4)Posterior d.:
-0.041, -0.346, 0.029, -0.095, -0.362, -0.516, -0.425, -0.171, -0.329, -0.069, -0.622, -0.387, -0.292, -0.193, -0.363, -0.601

---------------------------------------------------------------------------
