===========================================================================
Calculated datetime :202207310000
===========================================================================
Prediction station  :N.1

---------------------------------------------------------------------------
Likelihood_Prior    :
0.060, 0.063, 0.064, 0.056, 0.060, 0.076, 0.062, 0.046, 0.047, 0.062, 0.088, 0.061, 0.059, 0.047, 0.067, 0.081
     ↓↓↓
Likelihood_Posterior:
0.064, 0.001, 0.059, 0.134, 0.009, 0.065, 0.079, 0.000, 0.001, 0.006, 0.004, 0.550, 0.012, 0.001, 0.011, 0.003

---------------------------------------------------------------------------
Resampling_Posterior:
1, 3, 4, 4, 6, 7, 12, 12, 12, 12, 12, 12, 12, 12, 12, 12
               └≫ Best particle: #12

===========================================================================
[State1] States/Parameters: No.61
 (1)Initial dis.:
-0.105, 0.494, -0.922, -0.158, 0.060, -0.112, -0.887, 1.292, 0.998, 0.115, 0.409, -0.349, 0.212, 1.055, 0.218, 0.477
       ↓ <<< Option Func.
 (2)Prior distr.:
-0.105, 0.494, -0.922, -0.158, 0.060, -0.112, -0.887, 1.292, 0.998, 0.115, 0.409, -0.349, 0.212, 1.055, 0.218, 0.477
       ↓ <<< Likelihood
 (3)Resampled d.:
0.000, -0.922, -0.158, -0.158, -0.112, -0.887, -0.349, -0.349, -0.349, -0.349, -0.349, -0.349, -0.349, -0.349, -0.349, -0.349
       ↓ <<< System noise
 (4)Posterior d.:
0.578, -0.922, 0.289, -0.493, -0.278, -0.675, -0.394, 0.305, -0.029, -0.459, -0.244, -0.459, -0.125, 0.012, -0.315, -0.127

---------------------------------------------------------------------------
[State2] States/Parameters: No.62
 (1)Initial dis.:
-0.105, 0.494, -0.922, -0.158, 0.060, -0.112, -0.887, 1.292, 1.322, 0.439, 0.733, -0.025, 0.536, 1.379, 0.542, 0.801
       ↓ <<< Option Func.
 (2)Prior distr.:
-0.105, 0.494, -0.922, -0.158, 0.060, -0.112, -0.887, 1.292, 1.322, 0.439, 0.733, -0.025, 0.536, 1.379, 0.542, 0.801
       ↓ <<< Likelihood
 (3)Resampled d.:
0.000, -0.922, -0.158, -0.158, -0.112, -0.887, -0.025, -0.025, -0.025, -0.025, -0.025, -0.025, -0.025, -0.025, -0.025, -0.025
       ↓ <<< System noise
 (4)Posterior d.:
0.578, -0.922, 0.289, -0.493, -0.278, -0.675, -0.070, 0.629, 0.295, -0.135, 0.080, -0.135, 0.200, 0.336, 0.010, 0.197

---------------------------------------------------------------------------
