===========================================================================
Calculated datetime :202507140000
===========================================================================
Prediction station  :N.1

---------------------------------------------------------------------------
Likelihood_Prior    :
0.000, 0.244, 0.000, 0.000, 0.208, 0.000, 0.000, 0.001, 0.204, 0.000, 0.250, 0.000, 0.067, 0.025, 0.000, 0.000
     ↓↓↓
Likelihood_Posterior:
0.100, 0.021, 0.023, 0.091, 0.059, 0.011, 0.038, 0.000, 0.019, 0.421, 0.102, 0.102, 0.000, 0.000, 0.000, 0.014

---------------------------------------------------------------------------
Resampling_Posterior:
1, 1, 4, 5, 10, 10, 10, 10, 10, 10, 10, 10, 11, 11, 12, 12
               └≫ Best particle: #10

===========================================================================
[State1] States/Parameters: No.61
 (1)Initial dis.:
0.090, -1.056, -1.052, -1.198, -1.247, -1.136, -1.019, -1.450, -1.156, -0.846, -0.883, -1.226, -1.428, -1.917, -1.351, -1.166
       ↓ <<< Option Func.
 (2)Prior distr.:
0.090, -1.056, -1.052, -1.198, -1.247, -1.136, -1.019, -1.450, -1.156, -0.846, -0.883, -1.226, -1.428, -1.917, -1.351, -1.166
       ↓ <<< Likelihood
 (3)Resampled d.:
0.000, 0.090, -1.198, -1.247, -0.846, -0.846, -0.846, -0.846, -0.846, -0.846, -0.846, -0.846, -0.883, -0.883, -1.226, -1.226
       ↓ <<< System noise
 (4)Posterior d.:
-0.113, 0.090, -1.370, -1.287, -0.695, -0.890, -1.028, -0.722, -1.085, -0.674, -0.652, -0.997, -0.472, -0.893, -1.014, -1.524

---------------------------------------------------------------------------
[State2] States/Parameters: No.62
 (1)Initial dis.:
0.090, -1.056, -1.052, -1.198, -1.247, -1.136, -1.019, -1.450, -1.156, -0.846, -0.883, -1.226, -1.428, -1.917, -1.351, -1.211
       ↓ <<< Option Func.
 (2)Prior distr.:
0.090, -1.056, -1.052, -1.198, -1.247, -1.136, -1.019, -1.450, -1.156, -0.846, -0.883, -1.226, -1.428, -1.917, -1.351, -1.211
       ↓ <<< Likelihood
 (3)Resampled d.:
0.000, 0.090, -1.198, -1.247, -0.846, -0.846, -0.846, -0.846, -0.846, -0.846, -0.846, -0.846, -0.883, -0.883, -1.226, -1.226
       ↓ <<< System noise
 (4)Posterior d.:
-0.113, 0.090, -1.370, -1.287, -0.695, -0.890, -1.028, -0.722, -1.085, -0.674, -0.652, -0.997, -0.472, -0.893, -1.014, -1.524

---------------------------------------------------------------------------
