===========================================================================
Calculated datetime :202508210000
===========================================================================
Prediction station  :N.1

---------------------------------------------------------------------------
Likelihood_Prior    :
0.068, 0.075, 0.068, 0.068, 0.069, 0.075, 0.050, 0.090, 0.027, 0.074, 0.001, 0.051, 0.075, 0.081, 0.057, 0.071
     ↓↓↓
Likelihood_Posterior:
0.063, 0.064, 0.067, 0.074, 0.070, 0.056, 0.058, 0.059, 0.057, 0.061, 0.056, 0.057, 0.065, 0.068, 0.055, 0.070

---------------------------------------------------------------------------
Resampling_Posterior:
1, 2, 3, 4, 5, 6, 7, 8, 9, 10, 11, 12, 13, 14, 15, 16
               └≫ Best particle: #4

===========================================================================
[State1] States/Parameters: No.61
 (1)Initial dis.:
0.340, 0.290, 0.188, -0.008, 0.114, 0.574, 0.438, 0.406, 0.605, -0.142, 0.571, 0.470, 0.266, 0.165, 0.499, 0.098
       ↓ <<< Option Func.
 (2)Prior distr.:
0.340, 0.290, 0.188, -0.008, 0.114, 0.574, 0.438, 0.406, 0.605, -0.142, 0.571, 0.470, 0.266, 0.165, 0.499, 0.098
       ↓ <<< Likelihood
 (3)Resampled d.:
0.000, 0.290, 0.188, -0.008, 0.114, 0.574, 0.438, 0.406, 0.605, -0.142, 0.571, 0.470, 0.266, 0.165, 0.499, 0.098
       ↓ <<< System noise
 (4)Posterior d.:
0.159, 0.290, 0.221, -0.107, -0.137, 0.959, 0.582, 0.689, 0.542, 0.340, 0.229, 0.403, 0.196, 0.327, 0.122, -0.093

---------------------------------------------------------------------------
[State2] States/Parameters: No.62
 (1)Initial dis.:
0.340, 0.290, 0.188, -0.008, 0.114, 0.574, 0.438, 0.406, 0.605, -0.142, 0.571, 0.470, 0.266, 0.165, 0.499, 0.098
       ↓ <<< Option Func.
 (2)Prior distr.:
0.340, 0.290, 0.188, -0.008, 0.114, 0.574, 0.438, 0.406, 0.605, -0.142, 0.571, 0.470, 0.266, 0.165, 0.499, 0.098
       ↓ <<< Likelihood
 (3)Resampled d.:
0.000, 0.290, 0.188, -0.008, 0.114, 0.574, 0.438, 0.406, 0.605, -0.142, 0.571, 0.470, 0.266, 0.165, 0.499, 0.098
       ↓ <<< System noise
 (4)Posterior d.:
0.159, 0.290, 0.221, -0.107, -0.137, 0.959, 0.582, 0.689, 0.542, 0.340, 0.229, 0.403, 0.196, 0.327, 0.122, -0.093

---------------------------------------------------------------------------
