===========================================================================
Calculated datetime :202507120000
===========================================================================
Prediction station  :N.1

---------------------------------------------------------------------------
Likelihood_Prior    :
0.001, 0.109, 0.084, 0.002, 0.110, 0.085, 0.043, 0.041, 0.100, 0.085, 0.010, 0.109, 0.065, 0.039, 0.059, 0.058
     ↓↓↓
Likelihood_Posterior:
0.000, 0.000, 0.000, 0.231, 0.000, 0.000, 0.237, 0.237, 0.025, 0.000, 0.000, 0.000, 0.000, 0.271, 0.000, 0.000

---------------------------------------------------------------------------
Resampling_Posterior:
1, 4, 4, 4, 7, 7, 7, 7, 8, 8, 8, 8, 14, 14, 14, 14
               └≫ Best particle: #14

===========================================================================
[State1] States/Parameters: No.61
 (1)Initial dis.:
0.149, -0.507, -0.547, -1.056, -0.681, -0.753, -1.067, -1.068, -0.904, -0.689, -0.608, -0.122, -0.146, -1.235, -0.638, -0.670
       ↓ <<< Option Func.
 (2)Prior distr.:
0.149, -0.507, -0.547, -1.056, -0.681, -0.753, -1.067, -1.068, -0.904, -0.689, -0.608, -0.122, -0.146, -1.235, -0.638, -0.670
       ↓ <<< Likelihood
 (3)Resampled d.:
0.000, -1.056, -1.056, -1.056, -1.067, -1.067, -1.067, -1.067, -1.068, -1.068, -1.068, -1.068, -1.235, -1.235, -1.235, -1.235
       ↓ <<< System noise
 (4)Posterior d.:
-0.243, -1.056, -0.738, -1.369, -1.165, -0.727, -1.406, -1.257, -1.074, -0.695, -1.196, -0.665, -1.120, -1.166, -0.759, -1.598

---------------------------------------------------------------------------
[State2] States/Parameters: No.62
 (1)Initial dis.:
0.149, -0.507, -0.547, -1.056, -0.681, -0.753, -1.067, -1.068, -0.949, -0.734, -0.653, -0.167, -0.191, -1.280, -0.683, -0.715
       ↓ <<< Option Func.
 (2)Prior distr.:
0.149, -0.507, -0.547, -1.056, -0.681, -0.753, -1.067, -1.068, -0.949, -0.734, -0.653, -0.167, -0.191, -1.280, -0.683, -0.715
       ↓ <<< Likelihood
 (3)Resampled d.:
0.000, -1.056, -1.056, -1.056, -1.067, -1.067, -1.067, -1.067, -1.068, -1.068, -1.068, -1.068, -1.280, -1.280, -1.280, -1.280
       ↓ <<< System noise
 (4)Posterior d.:
-0.243, -1.056, -0.738, -1.369, -1.165, -0.727, -1.406, -1.257, -1.074, -0.695, -1.196, -0.665, -1.165, -1.211, -0.804, -1.644

---------------------------------------------------------------------------
