===========================================================================
Calculated datetime :202209020000
===========================================================================
Prediction station  :N.1

---------------------------------------------------------------------------
Likelihood_Prior    :
0.001, 0.030, 0.032, 0.191, 0.010, 0.021, 0.006, 0.007, 0.024, 0.170, 0.237, 0.016, 0.185, 0.059, 0.008, 0.001
     ↓↓↓
Likelihood_Posterior:
0.030, 0.081, 0.045, 0.086, 0.047, 0.060, 0.055, 0.069, 0.060, 0.088, 0.061, 0.089, 0.046, 0.055, 0.065, 0.063

---------------------------------------------------------------------------
Resampling_Posterior:
1, 2, 3, 4, 5, 6, 7, 8, 9, 10, 11, 12, 13, 14, 15, 16
               └≫ Best particle: #12

===========================================================================
[State1] States/Parameters: No.61
 (1)Initial dis.:
-0.001, -0.559, -0.697, -0.545, -0.776, -0.822, -0.654, -0.373, -0.259, -0.540, -0.277, -0.529, -0.774, -0.650, -0.614, -0.620
       ↓ <<< Option Func.
 (2)Prior distr.:
-0.001, -0.559, -0.697, -0.545, -0.776, -0.822, -0.654, -0.373, -0.259, -0.540, -0.277, -0.529, -0.774, -0.650, -0.614, -0.620
       ↓ <<< Likelihood
 (3)Resampled d.:
0.000, -0.559, -0.697, -0.545, -0.776, -0.822, -0.654, -0.373, -0.259, -0.540, -0.277, -0.529, -0.774, -0.650, -0.614, -0.620
       ↓ <<< System noise
 (4)Posterior d.:
0.157, -0.559, -0.651, -0.878, -0.437, -0.576, -0.443, -0.314, -0.213, -0.558, -0.310, -0.315, -0.824, -0.659, -0.600, -0.331

---------------------------------------------------------------------------
[State2] States/Parameters: No.62
 (1)Initial dis.:
-0.001, -0.559, -0.697, -0.545, -0.776, -0.822, -0.654, -0.373, -0.259, -0.540, -0.277, -0.529, -0.774, -0.650, -0.614, -0.620
       ↓ <<< Option Func.
 (2)Prior distr.:
-0.001, -0.559, -0.697, -0.545, -0.776, -0.822, -0.654, -0.373, -0.259, -0.540, -0.277, -0.529, -0.774, -0.650, -0.614, -0.620
       ↓ <<< Likelihood
 (3)Resampled d.:
0.000, -0.559, -0.697, -0.545, -0.776, -0.822, -0.654, -0.373, -0.259, -0.540, -0.277, -0.529, -0.774, -0.650, -0.614, -0.620
       ↓ <<< System noise
 (4)Posterior d.:
0.157, -0.559, -0.651, -0.878, -0.437, -0.576, -0.443, -0.314, -0.213, -0.558, -0.310, -0.315, -0.824, -0.659, -0.600, -0.331

---------------------------------------------------------------------------
