===========================================================================
Calculated datetime :202508170000
===========================================================================
Prediction station  :N.1

---------------------------------------------------------------------------
Likelihood_Prior    :
0.000, 0.141, 0.022, 0.169, 0.113, 0.017, 0.121, 0.003, 0.000, 0.013, 0.002, 0.060, 0.001, 0.082, 0.122, 0.133
     ↓↓↓
Likelihood_Posterior:
1.000, 0.000, 0.000, 0.000, 0.000, 0.000, 0.000, 0.000, 0.000, 0.000, 0.000, 0.000, 0.000, 0.000, 0.000, 0.000

---------------------------------------------------------------------------
Resampling_Posterior:
1, 1, 1, 1, 1, 1, 1, 1, 1, 1, 1, 1, 1, 1, 1, 1
               └≫ Best particle: #1

===========================================================================
[State1] States/Parameters: No.61
 (1)Initial dis.:
0.059, 0.939, 1.109, 0.759, 0.493, 0.695, 1.019, 1.014, 0.399, 0.936, 0.858, 0.694, 0.963, 0.811, 0.897, 0.625
       ↓ <<< Option Func.
 (2)Prior distr.:
0.059, 0.939, 1.109, 0.759, 0.493, 0.695, 1.019, 1.014, 0.399, 0.936, 0.858, 0.694, 0.963, 0.811, 0.897, 0.625
       ↓ <<< Likelihood
 (3)Resampled d.:
0.000, 0.059, 0.059, 0.059, 0.059, 0.059, 0.059, 0.059, 0.059, 0.059, 0.059, 0.059, 0.059, 0.059, 0.059, 0.059
       ↓ <<< System noise
 (4)Posterior d.:
-0.096, 0.059, -0.276, 0.253, 0.122, 0.029, 0.161, 0.113, 0.078, -0.051, -0.128, 0.119, 0.368, 0.123, 0.002, 0.209

---------------------------------------------------------------------------
[State2] States/Parameters: No.62
 (1)Initial dis.:
0.059, 0.939, 1.109, 0.759, 0.493, 0.695, 1.019, 1.014, 0.399, 0.936, 0.858, 0.694, 0.963, 0.811, 0.897, 0.625
       ↓ <<< Option Func.
 (2)Prior distr.:
0.059, 0.939, 1.109, 0.759, 0.493, 0.695, 1.019, 1.014, 0.399, 0.936, 0.858, 0.694, 0.963, 0.811, 0.897, 0.625
       ↓ <<< Likelihood
 (3)Resampled d.:
0.000, 0.059, 0.059, 0.059, 0.059, 0.059, 0.059, 0.059, 0.059, 0.059, 0.059, 0.059, 0.059, 0.059, 0.059, 0.059
       ↓ <<< System noise
 (4)Posterior d.:
-0.096, 0.059, -0.276, 0.253, 0.122, 0.029, 0.161, 0.113, 0.078, -0.051, -0.128, 0.119, 0.368, 0.123, 0.002, 0.209

---------------------------------------------------------------------------
