===========================================================================
Calculated datetime :202208220000
===========================================================================
Prediction station  :N.1

---------------------------------------------------------------------------
Likelihood_Prior    :
0.992, 0.000, 0.000, 0.000, 0.001, 0.000, 0.000, 0.000, 0.000, 0.000, 0.000, 0.000, 0.000, 0.000, 0.001, 0.005
     ↓↓↓
Likelihood_Posterior:
0.000, 0.000, 0.000, 0.000, 0.000, 0.000, 0.972, 0.000, 0.000, 0.000, 0.000, 0.000, 0.000, 0.028, 0.000, 0.000

---------------------------------------------------------------------------
Resampling_Posterior:
1, 7, 7, 7, 7, 7, 7, 7, 7, 7, 7, 7, 7, 7, 7, 7
               └≫ Best particle: #7

===========================================================================
[State1] States/Parameters: No.61
 (1)Initial dis.:
0.127, 0.343, 0.256, -0.066, 0.247, 0.480, 0.062, -0.218, 1.015, 0.534, 0.768, 0.497, 0.710, 0.013, 0.451, 0.419
       ↓ <<< Option Func.
 (2)Prior distr.:
0.127, 0.343, 0.256, -0.066, 0.247, 0.480, 0.062, -0.218, 1.015, 0.534, 0.768, 0.497, 0.710, 0.013, 0.451, 0.419
       ↓ <<< Likelihood
 (3)Resampled d.:
0.000, 0.062, 0.062, 0.062, 0.062, 0.062, 0.062, 0.062, 0.062, 0.062, 0.062, 0.062, 0.062, 0.062, 0.062, 0.062
       ↓ <<< System noise
 (4)Posterior d.:
-0.285, 0.062, -0.737, 0.394, 0.091, 0.211, 0.131, 0.283, 0.100, 0.168, 0.411, 0.135, 0.275, -0.027, 0.032, 0.161

---------------------------------------------------------------------------
[State2] States/Parameters: No.62
 (1)Initial dis.:
0.127, 0.343, 0.256, -0.066, 0.247, 0.480, 0.062, -0.218, 1.015, 0.534, 0.768, 0.497, 0.710, 0.013, 0.451, 0.419
       ↓ <<< Option Func.
 (2)Prior distr.:
0.127, 0.343, 0.256, -0.066, 0.247, 0.480, 0.062, -0.218, 1.015, 0.534, 0.768, 0.497, 0.710, 0.013, 0.451, 0.419
       ↓ <<< Likelihood
 (3)Resampled d.:
0.000, 0.062, 0.062, 0.062, 0.062, 0.062, 0.062, 0.062, 0.062, 0.062, 0.062, 0.062, 0.062, 0.062, 0.062, 0.062
       ↓ <<< System noise
 (4)Posterior d.:
-0.285, 0.062, -0.737, 0.394, 0.091, 0.211, 0.131, 0.283, 0.100, 0.168, 0.411, 0.135, 0.275, -0.027, 0.032, 0.161

---------------------------------------------------------------------------
