===========================================================================
Calculated datetime :202207230000
===========================================================================
Prediction station  :N.1

---------------------------------------------------------------------------
Likelihood_Prior    :
0.000, 0.000, 0.000, 0.001, 0.000, 0.000, 0.000, 0.000, 0.000, 0.882, 0.000, 0.000, 0.000, 0.000, 0.116, 0.000
     ↓↓↓
Likelihood_Posterior:
0.000, 0.288, 0.000, 0.214, 0.000, 0.063, 0.000, 0.000, 0.005, 0.000, 0.002, 0.225, 0.000, 0.202, 0.000, 0.000

---------------------------------------------------------------------------
Resampling_Posterior:
1, 2, 2, 2, 2, 2, 4, 4, 4, 6, 12, 12, 12, 14, 14, 14
               └≫ Best particle: #2

===========================================================================
[State1] States/Parameters: No.61
 (1)Initial dis.:
0.249, -0.190, 0.160, -0.120, -0.396, -0.075, 0.123, -0.483, -0.266, -0.323, -0.271, -0.218, 0.147, -0.142, -0.012, -0.287
       ↓ <<< Option Func.
 (2)Prior distr.:
0.249, -0.190, 0.160, -0.120, -0.396, -0.075, 0.123, -0.483, -0.266, -0.323, -0.271, -0.218, 0.147, -0.142, -0.012, -0.287
       ↓ <<< Likelihood
 (3)Resampled d.:
0.000, -0.190, -0.190, -0.190, -0.190, -0.190, -0.120, -0.120, -0.120, -0.075, -0.218, -0.218, -0.218, -0.142, -0.142, -0.142
       ↓ <<< System noise
 (4)Posterior d.:
0.226, -0.190, -0.195, -0.312, -0.179, -0.346, -0.035, -0.067, -0.157, -0.362, -0.352, -0.047, 0.062, 0.201, -0.271, -0.229

---------------------------------------------------------------------------
[State2] States/Parameters: No.62
 (1)Initial dis.:
0.249, 0.429, 0.779, 0.499, 0.223, 0.544, 0.742, 0.136, 0.353, 0.296, 0.348, 0.401, 0.766, 0.477, 0.607, 0.332
       ↓ <<< Option Func.
 (2)Prior distr.:
0.249, 0.429, 0.779, 0.499, 0.223, 0.544, 0.742, 0.136, 0.353, 0.296, 0.348, 0.401, 0.766, 0.477, 0.607, 0.332
       ↓ <<< Likelihood
 (3)Resampled d.:
0.000, 0.429, 0.429, 0.429, 0.429, 0.429, 0.499, 0.499, 0.499, 0.544, 0.401, 0.401, 0.401, 0.477, 0.477, 0.477
       ↓ <<< System noise
 (4)Posterior d.:
0.226, 0.429, 0.424, 0.307, 0.440, 0.273, 0.584, 0.552, 0.462, 0.257, 0.267, 0.572, 0.681, 0.820, 0.348, 0.390

---------------------------------------------------------------------------
