===========================================================================
Calculated datetime :202208270000
===========================================================================
Prediction station  :N.1

---------------------------------------------------------------------------
Likelihood_Prior    :
0.022, 0.011, 0.056, 0.000, 0.213, 0.180, 0.164, 0.006, 0.000, 0.000, 0.000, 0.013, 0.000, 0.001, 0.207, 0.128
     ↓↓↓
Likelihood_Posterior:
0.001, 0.120, 0.021, 0.023, 0.000, 0.009, 0.025, 0.025, 0.024, 0.110, 0.113, 0.145, 0.204, 0.027, 0.039, 0.113

---------------------------------------------------------------------------
Resampling_Posterior:
1, 2, 2, 10, 10, 11, 11, 12, 12, 12, 13, 13, 13, 13, 16, 16
               └≫ Best particle: #13

===========================================================================
[State1] States/Parameters: No.61
 (1)Initial dis.:
0.165, -1.091, -0.963, -0.916, -1.573, -1.316, -0.906, -0.904, -0.910, -0.653, -0.609, -1.110, -1.188, -1.004, -0.857, -0.563
       ↓ <<< Option Func.
 (2)Prior distr.:
0.165, -1.091, -0.963, -0.916, -1.573, -1.316, -0.906, -0.904, -0.910, -0.653, -0.609, -1.110, -1.188, -1.004, -0.857, -0.563
       ↓ <<< Likelihood
 (3)Resampled d.:
0.000, -1.091, -1.091, -0.653, -0.653, -0.609, -0.609, -1.110, -1.110, -1.110, -1.188, -1.188, -1.188, -1.188, -0.563, -0.563
       ↓ <<< System noise
 (4)Posterior d.:
-0.208, -1.091, -0.971, -0.482, -0.739, -0.526, -0.665, -1.406, -0.795, -1.151, -1.924, -1.113, -1.434, -1.019, -1.219, -0.502

---------------------------------------------------------------------------
[State2] States/Parameters: No.62
 (1)Initial dis.:
0.165, -1.091, -0.963, -0.916, -1.573, -1.316, -0.906, -0.904, -0.910, -0.653, -0.609, -1.110, -1.188, -1.004, -0.857, -0.563
       ↓ <<< Option Func.
 (2)Prior distr.:
0.165, -1.091, -0.963, -0.916, -1.573, -1.316, -0.906, -0.904, -0.910, -0.653, -0.609, -1.110, -1.188, -1.004, -0.857, -0.563
       ↓ <<< Likelihood
 (3)Resampled d.:
0.000, -1.091, -1.091, -0.653, -0.653, -0.609, -0.609, -1.110, -1.110, -1.110, -1.188, -1.188, -1.188, -1.188, -0.563, -0.563
       ↓ <<< System noise
 (4)Posterior d.:
-0.208, -1.091, -0.971, -0.482, -0.739, -0.526, -0.665, -1.406, -0.795, -1.151, -1.924, -1.113, -1.434, -1.019, -1.219, -0.502

---------------------------------------------------------------------------
