===========================================================================
Calculated datetime :202208060000
===========================================================================
Prediction station  :N.1

---------------------------------------------------------------------------
Likelihood_Prior    :
0.002, 0.025, 0.065, 0.019, 0.000, 0.097, 0.000, 0.024, 0.003, 0.000, 0.744, 0.000, 0.009, 0.001, 0.001, 0.010
     ↓↓↓
Likelihood_Posterior:
0.092, 0.080, 0.082, 0.049, 0.054, 0.066, 0.061, 0.049, 0.087, 0.049, 0.049, 0.082, 0.050, 0.049, 0.049, 0.052

---------------------------------------------------------------------------
Resampling_Posterior:
1, 2, 3, 4, 5, 6, 7, 8, 9, 10, 11, 12, 13, 14, 15, 16
               └≫ Best particle: #1

===========================================================================
[State1] States/Parameters: No.61
 (1)Initial dis.:
-0.228, 0.518, 0.539, 1.621, 1.155, 1.095, 1.117, 1.309, 0.888, 1.407, 1.329, 0.818, 1.217, 1.648, 1.661, 1.174
       ↓ <<< Option Func.
 (2)Prior distr.:
-0.228, 0.518, 0.539, 1.621, 1.155, 1.095, 1.117, 1.309, 0.888, 1.407, 1.329, 0.818, 1.217, 1.648, 1.661, 1.174
       ↓ <<< Likelihood
 (3)Resampled d.:
0.000, 0.518, 0.539, 1.621, 1.155, 1.095, 1.117, 1.309, 0.888, 1.407, 1.329, 0.818, 1.217, 1.648, 1.661, 1.174
       ↓ <<< System noise
 (4)Posterior d.:
0.197, 0.518, 0.491, 1.638, 1.375, 1.136, 1.077, 1.274, 1.282, 1.277, 1.392, 0.810, 1.411, 1.259, 2.226, 1.279

---------------------------------------------------------------------------
[State2] States/Parameters: No.62
 (1)Initial dis.:
-0.228, 0.334, 0.355, 1.616, 1.150, 1.090, 1.112, 1.304, 0.883, 1.401, 1.323, 0.813, 1.212, 1.643, 1.655, 1.169
       ↓ <<< Option Func.
 (2)Prior distr.:
-0.228, 0.334, 0.355, 1.616, 1.150, 1.090, 1.112, 1.304, 0.883, 1.401, 1.323, 0.813, 1.212, 1.643, 1.655, 1.169
       ↓ <<< Likelihood
 (3)Resampled d.:
0.000, 0.334, 0.355, 1.616, 1.150, 1.090, 1.112, 1.304, 0.883, 1.401, 1.323, 0.813, 1.212, 1.643, 1.655, 1.169
       ↓ <<< System noise
 (4)Posterior d.:
0.197, 0.334, 0.307, 1.633, 1.370, 1.130, 1.072, 1.269, 1.277, 1.272, 1.386, 0.805, 1.406, 1.254, 2.221, 1.273

---------------------------------------------------------------------------
