===========================================================================
Calculated datetime :202208110000
===========================================================================
Prediction station  :N.1

---------------------------------------------------------------------------
Likelihood_Prior    :
0.000, 0.000, 0.000, 0.000, 0.000, 0.000, 0.000, 0.000, 0.000, 0.000, 0.000, 0.000, 0.047, 0.930, 0.000, 0.023
     ↓↓↓
Likelihood_Posterior:
0.000, 0.152, 0.266, 0.152, 0.000, 0.000, 0.005, 0.005, 0.091, 0.039, 0.095, 0.022, 0.064, 0.000, 0.001, 0.108

---------------------------------------------------------------------------
Resampling_Posterior:
1, 2, 2, 2, 3, 3, 3, 3, 3, 4, 4, 9, 11, 13, 16, 16
               └≫ Best particle: #3

===========================================================================
[State1] States/Parameters: No.61
 (1)Initial dis.:
0.161, -0.512, -0.457, -0.508, -0.127, -0.927, -0.697, -0.702, -0.381, -0.575, -0.540, -0.609, -0.366, -0.973, -0.833, -0.391
       ↓ <<< Option Func.
 (2)Prior distr.:
0.161, -0.512, -0.457, -0.508, -0.127, -0.927, -0.697, -0.702, -0.381, -0.575, -0.540, -0.609, -0.366, -0.973, -0.833, -0.391
       ↓ <<< Likelihood
 (3)Resampled d.:
0.000, -0.512, -0.512, -0.512, -0.457, -0.457, -0.457, -0.457, -0.457, -0.508, -0.508, -0.381, -0.540, -0.366, -0.391, -0.391
       ↓ <<< System noise
 (4)Posterior d.:
0.310, -0.512, -0.501, -0.139, -0.669, -0.370, -0.006, -0.401, -0.584, -0.570, -0.291, -0.116, -0.233, -0.195, -0.424, -0.666

---------------------------------------------------------------------------
[State2] States/Parameters: No.62
 (1)Initial dis.:
0.161, -0.512, -0.457, -0.508, -0.127, -0.927, -0.697, -0.702, -0.381, -0.575, -0.540, -0.609, -0.366, -0.973, -0.833, -0.391
       ↓ <<< Option Func.
 (2)Prior distr.:
0.161, -0.512, -0.457, -0.508, -0.127, -0.927, -0.697, -0.702, -0.381, -0.575, -0.540, -0.609, -0.366, -0.973, -0.833, -0.391
       ↓ <<< Likelihood
 (3)Resampled d.:
0.000, -0.512, -0.512, -0.512, -0.457, -0.457, -0.457, -0.457, -0.457, -0.508, -0.508, -0.381, -0.540, -0.366, -0.391, -0.391
       ↓ <<< System noise
 (4)Posterior d.:
0.310, -0.512, -0.501, -0.139, -0.669, -0.370, -0.006, -0.401, -0.584, -0.570, -0.291, -0.116, -0.233, -0.195, -0.424, -0.666

---------------------------------------------------------------------------
