===========================================================================
Calculated datetime :202508120000
===========================================================================
Prediction station  :N.1

---------------------------------------------------------------------------
Likelihood_Prior    :
0.998, 0.000, 0.000, 0.000, 0.000, 0.000, 0.000, 0.000, 0.000, 0.000, 0.000, 0.000, 0.002, 0.000, 0.001, 0.000
     ↓↓↓
Likelihood_Posterior:
0.000, 0.000, 0.000, 0.000, 0.000, 0.000, 0.000, 0.000, 0.000, 0.001, 0.000, 0.998, 0.000, 0.000, 0.000, 0.000

---------------------------------------------------------------------------
Resampling_Posterior:
1, 12, 12, 12, 12, 12, 12, 12, 12, 12, 12, 12, 12, 12, 12, 12
               └≫ Best particle: #12

===========================================================================
[State1] States/Parameters: No.61
 (1)Initial dis.:
0.072, 0.132, -0.106, -0.210, 0.185, 0.005, -0.028, -0.003, 0.080, 0.217, -0.022, 0.346, 0.073, 0.120, 0.049, -0.206
       ↓ <<< Option Func.
 (2)Prior distr.:
0.072, 0.132, -0.106, -0.210, 0.185, 0.005, -0.028, -0.003, 0.080, 0.217, -0.022, 0.346, 0.073, 0.120, 0.049, -0.206
       ↓ <<< Likelihood
 (3)Resampled d.:
0.000, 0.346, 0.346, 0.346, 0.346, 0.346, 0.346, 0.346, 0.346, 0.346, 0.346, 0.346, 0.346, 0.346, 0.346, 0.346
       ↓ <<< System noise
 (4)Posterior d.:
0.380, 0.346, 0.322, 0.233, 0.214, 0.224, 0.346, 0.614, 0.507, 0.245, -0.062, 0.125, 0.516, 0.408, 0.633, 0.695

---------------------------------------------------------------------------
[State2] States/Parameters: No.62
 (1)Initial dis.:
0.072, 0.132, -0.106, -0.210, 0.185, 0.005, -0.028, -0.003, 0.080, 0.217, -0.022, 0.346, 0.073, 0.120, 0.049, -0.206
       ↓ <<< Option Func.
 (2)Prior distr.:
0.072, 0.132, -0.106, -0.210, 0.185, 0.005, -0.028, -0.003, 0.080, 0.217, -0.022, 0.346, 0.073, 0.120, 0.049, -0.206
       ↓ <<< Likelihood
 (3)Resampled d.:
0.000, 0.346, 0.346, 0.346, 0.346, 0.346, 0.346, 0.346, 0.346, 0.346, 0.346, 0.346, 0.346, 0.346, 0.346, 0.346
       ↓ <<< System noise
 (4)Posterior d.:
0.380, 0.346, 0.322, 0.233, 0.214, 0.224, 0.346, 0.614, 0.507, 0.245, -0.062, 0.125, 0.516, 0.408, 0.633, 0.695

---------------------------------------------------------------------------
