===========================================================================
Calculated datetime :202208070000
===========================================================================
Prediction station  :N.1

---------------------------------------------------------------------------
Likelihood_Prior    :
0.026, 0.021, 0.104, 0.087, 0.024, 0.033, 0.090, 0.042, 0.033, 0.062, 0.033, 0.057, 0.156, 0.136, 0.019, 0.078
     ↓↓↓
Likelihood_Posterior:
0.007, 0.485, 0.348, 0.053, 0.007, 0.048, 0.040, 0.005, 0.006, 0.000, 0.000, 0.000, 0.000, 0.000, 0.000, 0.000

---------------------------------------------------------------------------
Resampling_Posterior:
1, 2, 2, 2, 2, 2, 2, 2, 2, 2, 3, 3, 3, 3, 3, 3
               └≫ Best particle: #2

===========================================================================
[State1] States/Parameters: No.61
 (1)Initial dis.:
-0.118, -0.536, -0.944, 0.324, -0.204, -0.445, 0.261, -0.065, -0.323, 0.846, 0.357, 0.820, 0.633, 0.241, 0.622, -0.038
       ↓ <<< Option Func.
 (2)Prior distr.:
-0.118, -0.536, -0.944, 0.324, -0.204, -0.445, 0.261, -0.065, -0.323, 0.846, 0.357, 0.820, 0.633, 0.241, 0.622, -0.038
       ↓ <<< Likelihood
 (3)Resampled d.:
0.000, -0.536, -0.536, -0.536, -0.536, -0.536, -0.536, -0.536, -0.536, -0.536, -0.944, -0.944, -0.944, -0.944, -0.944, -0.944
       ↓ <<< System noise
 (4)Posterior d.:
0.071, -0.536, -0.207, -0.018, -0.469, -0.229, -0.694, -0.533, -0.591, -0.130, -0.376, -0.752, -1.058, -1.093, -0.970, -1.228

---------------------------------------------------------------------------
[State2] States/Parameters: No.62
 (1)Initial dis.:
-0.118, -0.536, -0.944, 0.324, -0.204, -0.445, 0.261, -0.065, -0.323, 1.465, 0.976, 1.439, 1.252, 0.860, 1.241, 0.581
       ↓ <<< Option Func.
 (2)Prior distr.:
-0.118, -0.536, -0.944, 0.324, -0.204, -0.445, 0.261, -0.065, -0.323, 1.465, 0.976, 1.439, 1.252, 0.860, 1.241, 0.581
       ↓ <<< Likelihood
 (3)Resampled d.:
0.000, -0.536, -0.536, -0.536, -0.536, -0.536, -0.536, -0.536, -0.536, -0.536, -0.944, -0.944, -0.944, -0.944, -0.944, -0.944
       ↓ <<< System noise
 (4)Posterior d.:
0.071, -0.536, -0.207, -0.018, -0.469, -0.229, -0.694, -0.533, -0.591, -0.130, -0.376, -0.752, -1.058, -1.093, -0.970, -1.228

---------------------------------------------------------------------------
