===========================================================================
Calculated datetime :202507100000
===========================================================================
Prediction station  :N.1

---------------------------------------------------------------------------
Likelihood_Prior    :
0.038, 0.060, 0.000, 0.088, 0.119, 0.034, 0.027, 0.063, 0.040, 0.028, 0.045, 0.116, 0.117, 0.100, 0.124, 0.000
     ↓↓↓
Likelihood_Posterior:
0.000, 0.101, 0.059, 0.103, 0.098, 0.104, 0.000, 0.001, 0.102, 0.090, 0.102, 0.006, 0.025, 0.104, 0.104, 0.000

---------------------------------------------------------------------------
Resampling_Posterior:
1, 2, 3, 4, 4, 5, 6, 6, 9, 10, 11, 11, 14, 14, 15, 15
               └≫ Best particle: #15

===========================================================================
[State1] States/Parameters: No.61
 (1)Initial dis.:
-0.099, -0.507, -0.433, -0.572, -0.790, -0.993, 0.374, 0.502, -0.853, -0.461, -0.674, -0.311, -0.364, -0.977, -0.599, -0.133
       ↓ <<< Option Func.
 (2)Prior distr.:
-0.099, -0.507, -0.433, -0.572, -0.790, -0.993, 0.374, 0.502, -0.853, -0.461, -0.674, -0.311, -0.364, -0.977, -0.599, -0.133
       ↓ <<< Likelihood
 (3)Resampled d.:
0.000, -0.507, -0.433, -0.572, -0.572, -0.790, -0.993, -0.993, -0.853, -0.461, -0.674, -0.674, -0.977, -0.977, -0.599, -0.599
       ↓ <<< System noise
 (4)Posterior d.:
-0.269, -0.507, -0.714, -0.108, -0.843, -1.001, -1.124, -1.135, -0.927, -0.510, -0.359, -0.485, -1.006, -1.084, -0.635, -0.609

---------------------------------------------------------------------------
[State2] States/Parameters: No.62
 (1)Initial dis.:
-0.099, -0.507, -0.433, -0.572, -0.790, -0.993, 0.374, 0.502, -0.899, -0.506, -0.719, -0.356, -0.410, -1.022, -0.644, -0.178
       ↓ <<< Option Func.
 (2)Prior distr.:
-0.099, -0.507, -0.433, -0.572, -0.790, -0.993, 0.374, 0.502, -0.899, -0.506, -0.719, -0.356, -0.410, -1.022, -0.644, -0.178
       ↓ <<< Likelihood
 (3)Resampled d.:
0.000, -0.507, -0.433, -0.572, -0.572, -0.790, -0.993, -0.993, -0.899, -0.506, -0.719, -0.719, -1.022, -1.022, -0.644, -0.644
       ↓ <<< System noise
 (4)Posterior d.:
-0.269, -0.507, -0.714, -0.108, -0.843, -1.001, -1.124, -1.135, -0.972, -0.555, -0.404, -0.530, -1.051, -1.129, -0.681, -0.654

---------------------------------------------------------------------------
