===========================================================================
Calculated datetime :202208300000
===========================================================================
Prediction station  :N.1

---------------------------------------------------------------------------
Likelihood_Prior    :
0.005, 0.005, 0.007, 0.026, 0.048, 0.132, 0.040, 0.029, 0.168, 0.162, 0.034, 0.196, 0.005, 0.011, 0.045, 0.087
     ↓↓↓
Likelihood_Posterior:
0.012, 0.015, 0.103, 0.111, 0.023, 0.089, 0.105, 0.106, 0.071, 0.039, 0.010, 0.109, 0.079, 0.089, 0.023, 0.016

---------------------------------------------------------------------------
Resampling_Posterior:
1, 3, 3, 4, 4, 6, 6, 7, 7, 8, 8, 9, 12, 12, 13, 14
               └≫ Best particle: #4

===========================================================================
[State1] States/Parameters: No.61
 (1)Initial dis.:
0.189, -1.141, -0.518, -0.477, -0.857, -0.402, -0.510, -0.461, -0.630, -0.276, 0.054, -0.467, -0.608, -0.578, -0.838, -1.060
       ↓ <<< Option Func.
 (2)Prior distr.:
0.189, -1.141, -0.518, -0.477, -0.857, -0.402, -0.510, -0.461, -0.630, -0.276, 0.054, -0.467, -0.608, -0.578, -0.838, -1.060
       ↓ <<< Likelihood
 (3)Resampled d.:
0.000, -0.518, -0.518, -0.477, -0.477, -0.402, -0.402, -0.510, -0.510, -0.461, -0.461, -0.630, -0.467, -0.467, -0.608, -0.578
       ↓ <<< System noise
 (4)Posterior d.:
-0.375, -0.518, -0.449, -0.654, -0.791, -0.053, -0.401, -0.187, -0.917, -0.600, -0.559, -0.291, -0.464, -0.199, -0.522, -0.349

---------------------------------------------------------------------------
[State2] States/Parameters: No.62
 (1)Initial dis.:
0.189, -1.141, -0.518, -0.477, -0.857, -0.402, -0.510, -0.461, -0.630, -0.276, 0.054, -0.467, -0.608, -0.578, -0.838, -1.060
       ↓ <<< Option Func.
 (2)Prior distr.:
0.189, -1.141, -0.518, -0.477, -0.857, -0.402, -0.510, -0.461, -0.630, -0.276, 0.054, -0.467, -0.608, -0.578, -0.838, -1.060
       ↓ <<< Likelihood
 (3)Resampled d.:
0.000, -0.518, -0.518, -0.477, -0.477, -0.402, -0.402, -0.510, -0.510, -0.461, -0.461, -0.630, -0.467, -0.467, -0.608, -0.578
       ↓ <<< System noise
 (4)Posterior d.:
-0.375, -0.518, -0.449, -0.654, -0.791, -0.053, -0.401, -0.187, -0.917, -0.600, -0.559, -0.291, -0.464, -0.199, -0.522, -0.349

---------------------------------------------------------------------------
