===========================================================================
Calculated datetime :202207190000
===========================================================================
Prediction station  :N.1

---------------------------------------------------------------------------
Likelihood_Prior    :
0.000, 0.000, 0.000, 0.000, 0.000, 0.000, 0.000, 0.000, 0.000, 0.000, 0.000, 0.000, 0.000, 0.000, 0.000, 0.000
     ↓↓↓
Likelihood_Posterior:
0.697, 0.105, 0.010, 0.002, 0.001, 0.010, 0.005, 0.002, 0.001, 0.005, 0.043, 0.012, 0.066, 0.013, 0.014, 0.012

---------------------------------------------------------------------------
Resampling_Posterior:
1, 1, 1, 1, 1, 1, 1, 1, 1, 1, 1, 1, 1, 2, 2, 13
               └≫ Best particle: #1

===========================================================================
[State1] States/Parameters: No.61
 (1)Initial dis.:
0.000, -0.140, -0.392, 0.451, 0.359, -0.430, -0.457, 0.491, -0.441, -0.463, 0.234, -0.423, -0.219, 0.183, 0.248, 0.294
       ↓ <<< Option Func.
 (2)Prior distr.:
0.000, -0.140, -0.392, 0.451, 0.359, -0.430, -0.457, 0.491, -0.441, -0.463, 0.234, -0.423, -0.219, 0.183, 0.248, 0.294
       ↓ <<< Likelihood
 (3)Resampled d.:
0.000, 0.000, 0.000, 0.000, 0.000, 0.000, 0.000, 0.000, 0.000, 0.000, 0.000, 0.000, 0.000, -0.140, -0.140, -0.219
       ↓ <<< System noise
 (4)Posterior d.:
0.123, 0.000, 0.166, -0.258, -0.025, -0.343, 0.481, 0.286, -0.172, 0.143, 0.303, 0.147, -0.395, -0.057, 0.054, -0.128

---------------------------------------------------------------------------
[State2] States/Parameters: No.62
 (1)Initial dis.:
0.000, 0.184, -0.415, 0.183, 0.274, -0.083, -0.386, 0.383, 0.345, -0.427, -0.087, -0.103, -0.304, -0.499, -0.462, 0.008
       ↓ <<< Option Func.
 (2)Prior distr.:
0.000, 0.184, -0.415, 0.183, 0.274, -0.083, -0.386, 0.383, 0.345, -0.427, -0.087, -0.103, -0.304, -0.499, -0.462, 0.008
       ↓ <<< Likelihood
 (3)Resampled d.:
0.000, 0.000, 0.000, 0.000, 0.000, 0.000, 0.000, 0.000, 0.000, 0.000, 0.000, 0.000, 0.000, 0.184, 0.184, -0.304
       ↓ <<< System noise
 (4)Posterior d.:
0.123, 0.000, 0.166, -0.258, -0.025, -0.343, 0.481, 0.286, -0.172, 0.143, 0.303, 0.147, -0.395, 0.267, 0.378, -0.213

---------------------------------------------------------------------------
