===========================================================================
Calculated datetime :202209160000
===========================================================================
Prediction station  :N.1

---------------------------------------------------------------------------
Likelihood_Prior    :
0.065, 0.008, 0.032, 0.140, 0.003, 0.113, 0.036, 0.006, 0.007, 0.145, 0.036, 0.066, 0.097, 0.138, 0.006, 0.102
     ↓↓↓
Likelihood_Posterior:
0.002, 0.001, 0.077, 0.002, 0.005, 0.023, 0.003, 0.024, 0.006, 0.001, 0.061, 0.068, 0.014, 0.707, 0.004, 0.001

---------------------------------------------------------------------------
Resampling_Posterior:
1, 3, 11, 12, 14, 14, 14, 14, 14, 14, 14, 14, 14, 14, 14, 14
               └≫ Best particle: #14

===========================================================================
[State1] States/Parameters: No.61
 (1)Initial dis.:
0.119, 0.289, -0.081, 0.086, 0.020, -0.039, 0.056, 0.462, 0.010, 0.326, 0.508, 0.515, -0.020, 0.766, 0.385, 0.283
       ↓ <<< Option Func.
 (2)Prior distr.:
0.119, 0.289, -0.081, 0.086, 0.020, -0.039, 0.056, 0.462, 0.010, 0.326, 0.508, 0.515, -0.020, 0.766, 0.385, 0.283
       ↓ <<< Likelihood
 (3)Resampled d.:
0.000, -0.081, 0.508, 0.515, 0.766, 0.766, 0.766, 0.766, 0.766, 0.766, 0.766, 0.766, 0.766, 0.766, 0.766, 0.766
       ↓ <<< System noise
 (4)Posterior d.:
-0.132, -0.081, 0.627, 0.920, 0.635, 0.979, 0.456, 0.614, 0.705, 0.527, 0.818, 1.009, 0.762, 0.674, 1.020, 0.902

---------------------------------------------------------------------------
[State2] States/Parameters: No.62
 (1)Initial dis.:
0.119, 0.289, -0.081, 0.086, 0.020, -0.039, 0.056, 0.462, 0.010, 0.326, 0.508, 0.515, -0.020, 0.766, 0.385, 0.283
       ↓ <<< Option Func.
 (2)Prior distr.:
0.119, 0.289, -0.081, 0.086, 0.020, -0.039, 0.056, 0.462, 0.010, 0.326, 0.508, 0.515, -0.020, 0.766, 0.385, 0.283
       ↓ <<< Likelihood
 (3)Resampled d.:
0.000, -0.081, 0.508, 0.515, 0.766, 0.766, 0.766, 0.766, 0.766, 0.766, 0.766, 0.766, 0.766, 0.766, 0.766, 0.766
       ↓ <<< System noise
 (4)Posterior d.:
-0.132, -0.081, 0.627, 0.920, 0.635, 0.979, 0.456, 0.614, 0.705, 0.527, 0.818, 1.009, 0.762, 0.674, 1.020, 0.902

---------------------------------------------------------------------------
