===========================================================================
Calculated datetime :202207220000
===========================================================================
Prediction station  :N.1

---------------------------------------------------------------------------
Likelihood_Prior    :
0.063, 0.034, 0.031, 0.014, 0.027, 0.067, 0.011, 0.020, 0.061, 0.013, 0.014, 0.065, 0.084, 0.227, 0.188, 0.081
     ↓↓↓
Likelihood_Posterior:
0.033, 0.034, 0.045, 0.016, 0.005, 0.005, 0.027, 0.065, 0.046, 0.029, 0.130, 0.142, 0.132, 0.133, 0.147, 0.009

---------------------------------------------------------------------------
Resampling_Posterior:
1, 3, 8, 9, 11, 11, 12, 12, 12, 13, 13, 14, 14, 15, 15, 15
               └≫ Best particle: #15

===========================================================================
[State1] States/Parameters: No.61
 (1)Initial dis.:
0.009, 0.167, 0.306, -0.167, -0.501, -0.539, -0.375, -0.245, -0.317, -0.370, 0.175, 0.589, 0.214, 0.254, 0.426, -0.754
       ↓ <<< Option Func.
 (2)Prior distr.:
0.009, 0.167, 0.306, -0.167, -0.501, -0.539, -0.375, -0.245, -0.317, -0.370, 0.175, 0.589, 0.214, 0.254, 0.426, -0.754
       ↓ <<< Likelihood
 (3)Resampled d.:
0.000, 0.306, -0.245, -0.317, 0.175, 0.175, 0.589, 0.589, 0.589, 0.214, 0.214, 0.254, 0.254, 0.426, 0.426, 0.426
       ↓ <<< System noise
 (4)Posterior d.:
0.247, 0.306, -0.356, -0.450, 0.416, 0.618, 0.592, 0.398, 0.467, 0.261, 0.154, 0.301, 0.470, 0.431, 0.458, 0.333

---------------------------------------------------------------------------
[State2] States/Parameters: No.62
 (1)Initial dis.:
0.009, 0.167, 0.306, -0.167, -0.501, -0.539, -0.051, 0.079, 0.007, -0.046, 0.500, 0.913, 0.539, 0.578, 0.750, -0.839
       ↓ <<< Option Func.
 (2)Prior distr.:
0.009, 0.167, 0.306, -0.167, -0.501, -0.539, -0.051, 0.079, 0.007, -0.046, 0.500, 0.913, 0.539, 0.578, 0.750, -0.839
       ↓ <<< Likelihood
 (3)Resampled d.:
0.000, 0.306, 0.079, 0.007, 0.500, 0.500, 0.913, 0.913, 0.913, 0.539, 0.539, 0.578, 0.578, 0.750, 0.750, 0.750
       ↓ <<< System noise
 (4)Posterior d.:
0.247, 0.306, -0.032, -0.126, 0.740, 0.942, 0.916, 0.722, 0.791, 0.585, 0.478, 0.625, 0.794, 0.755, 0.782, 0.657

---------------------------------------------------------------------------
