===========================================================================
Calculated datetime :202207290000
===========================================================================
Prediction station  :N.1

---------------------------------------------------------------------------
Likelihood_Prior    :
0.047, 0.048, 0.048, 0.050, 0.062, 0.155, 0.049, 0.052, 0.090, 0.056, 0.055, 0.067, 0.051, 0.057, 0.053, 0.059
     ↓↓↓
Likelihood_Posterior:
0.048, 0.051, 0.047, 0.067, 0.121, 0.113, 0.055, 0.056, 0.049, 0.057, 0.051, 0.058, 0.054, 0.057, 0.058, 0.057

---------------------------------------------------------------------------
Resampling_Posterior:
1, 2, 4, 5, 5, 6, 6, 7, 8, 10, 11, 12, 13, 14, 15, 16
               └≫ Best particle: #5

===========================================================================
[State1] States/Parameters: No.61
 (1)Initial dis.:
0.075, 0.494, 0.030, -0.804, -0.424, -0.679, 0.865, 0.633, -0.092, 0.568, 0.047, -0.213, -0.174, 0.585, 0.277, 0.368
       ↓ <<< Option Func.
 (2)Prior distr.:
0.075, 0.494, 0.030, -0.804, -0.424, -0.679, 0.865, 0.633, -0.092, 0.568, 0.047, -0.213, -0.174, 0.585, 0.277, 0.368
       ↓ <<< Likelihood
 (3)Resampled d.:
0.000, 0.494, -0.804, -0.424, -0.424, -0.679, -0.679, 0.865, 0.633, 0.568, 0.047, -0.213, -0.174, 0.585, 0.277, 0.368
       ↓ <<< System noise
 (4)Posterior d.:
0.135, 0.494, -0.940, -0.069, -0.001, -0.451, -0.717, 1.566, 0.741, 0.460, 0.178, -0.437, -0.203, 0.742, 0.357, 0.259

---------------------------------------------------------------------------
[State2] States/Parameters: No.62
 (1)Initial dis.:
0.075, 0.494, 0.030, -0.804, -0.424, -0.679, 0.865, 0.958, 0.233, 0.892, 0.371, 0.111, 0.150, 0.909, 0.602, 0.692
       ↓ <<< Option Func.
 (2)Prior distr.:
0.075, 0.494, 0.030, -0.804, -0.424, -0.679, 0.865, 0.958, 0.233, 0.892, 0.371, 0.111, 0.150, 0.909, 0.602, 0.692
       ↓ <<< Likelihood
 (3)Resampled d.:
0.000, 0.494, -0.804, -0.424, -0.424, -0.679, -0.679, 0.865, 0.958, 0.892, 0.371, 0.111, 0.150, 0.909, 0.602, 0.692
       ↓ <<< System noise
 (4)Posterior d.:
0.135, 0.494, -0.940, -0.069, -0.001, -0.451, -0.717, 1.566, 1.065, 0.784, 0.502, -0.113, 0.121, 1.066, 0.681, 0.584

---------------------------------------------------------------------------
