===========================================================================
Calculated datetime :202209060000
===========================================================================
Prediction station  :N.1

---------------------------------------------------------------------------
Likelihood_Prior    :
0.940, 0.011, 0.003, 0.003, 0.011, 0.000, 0.000, 0.000, 0.010, 0.000, 0.000, 0.004, 0.000, 0.010, 0.007, 0.000
     ↓↓↓
Likelihood_Posterior:
0.216, 0.000, 0.000, 0.000, 0.000, 0.000, 0.000, 0.000, 0.000, 0.000, 0.000, 0.002, 0.782, 0.000, 0.000, 0.000

---------------------------------------------------------------------------
Resampling_Posterior:
1, 1, 1, 13, 13, 13, 13, 13, 13, 13, 13, 13, 13, 13, 13, 13
               └≫ Best particle: #13

===========================================================================
[State1] States/Parameters: No.61
 (1)Initial dis.:
-0.333, 0.288, 0.167, 0.090, 0.261, 0.482, 0.359, 0.484, 0.134, 0.365, 0.038, 0.592, -0.296, 0.500, 0.141, -0.015
       ↓ <<< Option Func.
 (2)Prior distr.:
-0.333, 0.288, 0.167, 0.090, 0.261, 0.482, 0.359, 0.484, 0.134, 0.365, 0.038, 0.592, -0.296, 0.500, 0.141, -0.015
       ↓ <<< Likelihood
 (3)Resampled d.:
0.000, -0.333, -0.333, -0.296, -0.296, -0.296, -0.296, -0.296, -0.296, -0.296, -0.296, -0.296, -0.296, -0.296, -0.296, -0.296
       ↓ <<< System noise
 (4)Posterior d.:
-0.073, -0.333, -0.420, 0.367, -0.275, -0.557, -0.366, -0.228, -0.456, -0.086, -0.302, -0.534, -0.505, -0.402, -0.227, 0.173

---------------------------------------------------------------------------
[State2] States/Parameters: No.62
 (1)Initial dis.:
-0.333, 0.288, 0.167, 0.090, 0.261, 0.482, 0.359, 0.484, 0.134, 0.365, 0.038, 0.592, -0.296, 0.500, 0.141, -0.015
       ↓ <<< Option Func.
 (2)Prior distr.:
-0.333, 0.288, 0.167, 0.090, 0.261, 0.482, 0.359, 0.484, 0.134, 0.365, 0.038, 0.592, -0.296, 0.500, 0.141, -0.015
       ↓ <<< Likelihood
 (3)Resampled d.:
0.000, -0.333, -0.333, -0.296, -0.296, -0.296, -0.296, -0.296, -0.296, -0.296, -0.296, -0.296, -0.296, -0.296, -0.296, -0.296
       ↓ <<< System noise
 (4)Posterior d.:
-0.073, -0.333, -0.420, 0.367, -0.275, -0.557, -0.366, -0.228, -0.456, -0.086, -0.302, -0.534, -0.505, -0.402, -0.227, 0.173

---------------------------------------------------------------------------
