===========================================================================
Calculated datetime :202209070000
===========================================================================
Prediction station  :N.1

---------------------------------------------------------------------------
Likelihood_Prior    :
0.000, 0.000, 0.000, 0.000, 0.000, 0.000, 0.000, 0.000, 0.018, 0.059, 0.000, 0.000, 0.000, 0.002, 0.921, 0.000
     ↓↓↓
Likelihood_Posterior:
0.744, 0.001, 0.000, 0.030, 0.026, 0.120, 0.014, 0.006, 0.013, 0.000, 0.001, 0.008, 0.005, 0.012, 0.018, 0.001

---------------------------------------------------------------------------
Resampling_Posterior:
1, 1, 1, 1, 1, 1, 1, 1, 1, 1, 1, 1, 1, 1, 6, 6
               └≫ Best particle: #1

===========================================================================
[State1] States/Parameters: No.61
 (1)Initial dis.:
-0.309, -1.272, -1.466, -0.991, -1.039, -0.852, -1.102, -1.171, -1.106, -1.542, -1.330, -1.148, -1.181, -1.110, -1.074, -1.324
       ↓ <<< Option Func.
 (2)Prior distr.:
-0.309, -1.272, -1.466, -0.991, -1.039, -0.852, -1.102, -1.171, -1.106, -1.542, -1.330, -1.148, -1.181, -1.110, -1.074, -1.324
       ↓ <<< Likelihood
 (3)Resampled d.:
0.000, -0.309, -0.309, -0.309, -0.309, -0.309, -0.309, -0.309, -0.309, -0.309, -0.309, -0.309, -0.309, -0.309, -0.852, -0.852
       ↓ <<< System noise
 (4)Posterior d.:
-0.030, -0.309, -0.730, -0.308, 0.020, -0.580, -0.269, -0.317, -0.615, 0.069, -0.039, -0.214, -0.969, -0.397, -0.519, -0.658

---------------------------------------------------------------------------
[State2] States/Parameters: No.62
 (1)Initial dis.:
-0.309, -1.272, -1.466, -0.991, -1.039, -0.852, -1.102, -1.171, -1.106, -1.542, -1.330, -1.148, -1.181, -1.110, -1.074, -1.324
       ↓ <<< Option Func.
 (2)Prior distr.:
-0.309, -1.272, -1.466, -0.991, -1.039, -0.852, -1.102, -1.171, -1.106, -1.542, -1.330, -1.148, -1.181, -1.110, -1.074, -1.324
       ↓ <<< Likelihood
 (3)Resampled d.:
0.000, -0.309, -0.309, -0.309, -0.309, -0.309, -0.309, -0.309, -0.309, -0.309, -0.309, -0.309, -0.309, -0.309, -0.852, -0.852
       ↓ <<< System noise
 (4)Posterior d.:
-0.030, -0.309, -0.730, -0.308, 0.020, -0.580, -0.269, -0.317, -0.615, 0.069, -0.039, -0.214, -0.969, -0.397, -0.519, -0.658

---------------------------------------------------------------------------
