===========================================================================
Calculated datetime :202508160000
===========================================================================
Prediction station  :N.1

---------------------------------------------------------------------------
Likelihood_Prior    :
0.006, 0.094, 0.013, 0.047, 0.095, 0.091, 0.095, 0.092, 0.000, 0.050, 0.062, 0.059, 0.010, 0.095, 0.096, 0.095
     ↓↓↓
Likelihood_Posterior:
0.000, 0.141, 0.022, 0.169, 0.113, 0.017, 0.121, 0.003, 0.000, 0.013, 0.002, 0.060, 0.001, 0.082, 0.122, 0.133

---------------------------------------------------------------------------
Resampling_Posterior:
1, 2, 2, 4, 4, 4, 5, 5, 7, 7, 12, 14, 15, 15, 16, 16
               └≫ Best particle: #4

===========================================================================
[State1] States/Parameters: No.61
 (1)Initial dis.:
-0.101, 0.939, 0.520, 1.003, 0.904, 0.502, 0.830, 0.423, 0.103, 0.480, 0.397, 0.616, 0.394, 0.663, 0.919, 0.776
       ↓ <<< Option Func.
 (2)Prior distr.:
-0.101, 0.939, 0.520, 1.003, 0.904, 0.502, 0.830, 0.423, 0.103, 0.480, 0.397, 0.616, 0.394, 0.663, 0.919, 0.776
       ↓ <<< Likelihood
 (3)Resampled d.:
0.000, 0.939, 0.939, 1.003, 1.003, 1.003, 0.904, 0.904, 0.830, 0.830, 0.616, 0.663, 0.919, 0.919, 0.776, 0.776
       ↓ <<< System noise
 (4)Posterior d.:
0.059, 0.939, 1.109, 0.759, 0.493, 0.695, 1.019, 1.014, 0.399, 0.936, 0.858, 0.694, 0.963, 0.811, 0.897, 0.625

---------------------------------------------------------------------------
[State2] States/Parameters: No.62
 (1)Initial dis.:
-0.101, 0.939, 0.520, 1.003, 0.904, 0.502, 0.830, 0.423, 0.103, 0.480, 0.397, 0.616, 0.394, 0.663, 0.919, 0.776
       ↓ <<< Option Func.
 (2)Prior distr.:
-0.101, 0.939, 0.520, 1.003, 0.904, 0.502, 0.830, 0.423, 0.103, 0.480, 0.397, 0.616, 0.394, 0.663, 0.919, 0.776
       ↓ <<< Likelihood
 (3)Resampled d.:
0.000, 0.939, 0.939, 1.003, 1.003, 1.003, 0.904, 0.904, 0.830, 0.830, 0.616, 0.663, 0.919, 0.919, 0.776, 0.776
       ↓ <<< System noise
 (4)Posterior d.:
0.059, 0.939, 1.109, 0.759, 0.493, 0.695, 1.019, 1.014, 0.399, 0.936, 0.858, 0.694, 0.963, 0.811, 0.897, 0.625

---------------------------------------------------------------------------
