===========================================================================
Calculated datetime :202208190000
===========================================================================
Prediction station  :N.1

---------------------------------------------------------------------------
Likelihood_Prior    :
0.044, 0.071, 0.079, 0.061, 0.054, 0.066, 0.071, 0.046, 0.057, 0.054, 0.066, 0.076, 0.054, 0.053, 0.059, 0.088
     ↓↓↓
Likelihood_Posterior:
0.000, 0.058, 0.066, 0.050, 0.104, 0.064, 0.060, 0.047, 0.049, 0.056, 0.046, 0.045, 0.056, 0.062, 0.185, 0.052

---------------------------------------------------------------------------
Resampling_Posterior:
1, 2, 3, 4, 5, 5, 6, 7, 9, 10, 13, 14, 15, 15, 15, 16
               └≫ Best particle: #15

===========================================================================
[State1] States/Parameters: No.61
 (1)Initial dis.:
-0.069, 0.515, 0.546, 0.218, 0.946, 0.567, 0.816, 0.279, 0.616, 0.875, 0.237, 0.385, 0.852, 0.768, 0.970, 0.451
       ↓ <<< Option Func.
 (2)Prior distr.:
-0.069, 0.515, 0.546, 0.218, 0.946, 0.567, 0.816, 0.279, 0.616, 0.875, 0.237, 0.385, 0.852, 0.768, 0.970, 0.451
       ↓ <<< Likelihood
 (3)Resampled d.:
0.000, 0.515, 0.546, 0.218, 0.946, 0.946, 0.567, 0.816, 0.616, 0.875, 0.852, 0.768, 0.970, 0.970, 0.970, 0.451
       ↓ <<< System noise
 (4)Posterior d.:
-0.016, 0.515, 0.982, 0.320, 0.921, 1.144, 0.474, 0.922, 0.846, 0.735, 0.770, 0.487, 1.228, 0.530, 1.364, 0.493

---------------------------------------------------------------------------
[State2] States/Parameters: No.62
 (1)Initial dis.:
-0.069, 0.635, 0.666, 0.337, 1.066, 0.686, 0.935, 0.398, 0.736, 0.995, 0.356, 0.531, 0.998, 0.914, 1.116, 0.596
       ↓ <<< Option Func.
 (2)Prior distr.:
-0.069, 0.635, 0.666, 0.337, 1.066, 0.686, 0.935, 0.398, 0.736, 0.995, 0.356, 0.531, 0.998, 0.914, 1.116, 0.596
       ↓ <<< Likelihood
 (3)Resampled d.:
0.000, 0.635, 0.666, 0.337, 1.066, 1.066, 0.686, 0.935, 0.736, 0.995, 0.998, 0.914, 1.116, 1.116, 1.116, 0.596
       ↓ <<< System noise
 (4)Posterior d.:
-0.016, 0.635, 1.102, 0.440, 1.040, 1.263, 0.594, 1.041, 0.966, 0.855, 0.916, 0.632, 1.373, 0.676, 1.510, 0.638

---------------------------------------------------------------------------
