===========================================================================
Calculated datetime :202207290000
===========================================================================
Prediction station  :N.1

---------------------------------------------------------------------------
Likelihood_Prior    :
0.001, 0.001, 0.004, 0.438, 0.001, 0.008, 0.007, 0.031, 0.001, 0.001, 0.397, 0.002, 0.001, 0.027, 0.024, 0.058
     ↓↓↓
Likelihood_Posterior:
0.008, 0.041, 0.049, 0.041, 0.038, 0.035, 0.085, 0.066, 0.020, 0.038, 0.043, 0.040, 0.194, 0.051, 0.207, 0.043

---------------------------------------------------------------------------
Resampling_Posterior:
1, 3, 7, 7, 8, 11, 13, 13, 13, 13, 14, 15, 15, 15, 15, 16
               └≫ Best particle: #15

===========================================================================
[State1] States/Parameters: No.61
 (1)Initial dis.:
-0.078, -0.834, -1.022, -0.835, -0.714, -0.591, -1.148, -1.116, -0.483, -0.731, -0.933, -0.814, -1.247, -1.047, -1.306, -0.941
       ↓ <<< Option Func.
 (2)Prior distr.:
-0.078, -0.834, -1.022, -0.835, -0.714, -0.591, -1.148, -1.116, -0.483, -0.731, -0.933, -0.814, -1.247, -1.047, -1.306, -0.941
       ↓ <<< Likelihood
 (3)Resampled d.:
0.000, -1.022, -1.148, -1.148, -1.116, -0.933, -1.247, -1.247, -1.247, -1.247, -1.047, -1.306, -1.306, -1.306, -1.306, -0.941
       ↓ <<< System noise
 (4)Posterior d.:
0.181, -1.022, -0.874, -0.762, -1.083, -1.106, -1.939, -1.541, -1.573, -1.666, -0.934, -1.023, -0.962, -1.116, -1.018, -0.494

---------------------------------------------------------------------------
[State2] States/Parameters: No.62
 (1)Initial dis.:
-0.078, -0.215, -0.403, -0.216, -0.095, 0.028, -0.529, -0.497, 0.136, -0.112, -0.314, -0.195, -0.628, -0.428, -0.687, -0.322
       ↓ <<< Option Func.
 (2)Prior distr.:
-0.078, -0.215, -0.403, -0.216, -0.095, 0.028, -0.529, -0.497, 0.136, -0.112, -0.314, -0.195, -0.628, -0.428, -0.687, -0.322
       ↓ <<< Likelihood
 (3)Resampled d.:
0.000, -0.403, -0.529, -0.529, -0.497, -0.314, -0.628, -0.628, -0.628, -0.628, -0.428, -0.687, -0.687, -0.687, -0.687, -0.322
       ↓ <<< System noise
 (4)Posterior d.:
0.181, -0.403, -0.254, -0.143, -0.464, -0.487, -1.320, -0.922, -0.954, -1.047, -0.315, -0.404, -0.343, -0.496, -0.399, 0.125

---------------------------------------------------------------------------
