===========================================================================
Calculated datetime :202208070000
===========================================================================
Prediction station  :N.1

---------------------------------------------------------------------------
Likelihood_Prior    :
0.092, 0.080, 0.082, 0.049, 0.054, 0.066, 0.061, 0.049, 0.087, 0.049, 0.049, 0.082, 0.050, 0.049, 0.049, 0.052
     ↓↓↓
Likelihood_Posterior:
0.274, 0.324, 0.339, 0.001, 0.001, 0.001, 0.004, 0.001, 0.001, 0.001, 0.001, 0.050, 0.001, 0.001, 0.001, 0.001

---------------------------------------------------------------------------
Resampling_Posterior:
1, 1, 1, 1, 1, 2, 2, 2, 2, 2, 3, 3, 3, 3, 3, 3
               └≫ Best particle: #3

===========================================================================
[State1] States/Parameters: No.61
 (1)Initial dis.:
0.197, 0.518, 0.491, 1.638, 1.375, 1.136, 1.077, 1.274, 1.282, 1.277, 1.392, 0.810, 1.411, 1.259, 2.226, 1.279
       ↓ <<< Option Func.
 (2)Prior distr.:
0.197, 0.518, 0.491, 1.638, 1.375, 1.136, 1.077, 1.274, 1.282, 1.277, 1.392, 0.810, 1.411, 1.259, 2.226, 1.279
       ↓ <<< Likelihood
 (3)Resampled d.:
0.000, 0.197, 0.197, 0.197, 0.197, 0.518, 0.518, 0.518, 0.518, 0.518, 0.491, 0.491, 0.491, 0.491, 0.491, 0.491
       ↓ <<< System noise
 (4)Posterior d.:
0.211, 0.197, 0.195, 0.448, 0.119, 0.505, 0.530, 0.705, 0.597, 1.061, 0.190, 0.504, 0.706, 0.627, 0.255, 0.187

---------------------------------------------------------------------------
[State2] States/Parameters: No.62
 (1)Initial dis.:
0.197, 0.334, 0.307, 1.633, 1.370, 1.130, 1.072, 1.269, 1.277, 1.272, 1.386, 0.805, 1.406, 1.254, 2.221, 1.273
       ↓ <<< Option Func.
 (2)Prior distr.:
0.197, 0.334, 0.307, 1.633, 1.370, 1.130, 1.072, 1.269, 1.277, 1.272, 1.386, 0.805, 1.406, 1.254, 2.221, 1.273
       ↓ <<< Likelihood
 (3)Resampled d.:
0.000, 0.197, 0.197, 0.197, 0.197, 0.334, 0.334, 0.334, 0.334, 0.334, 0.307, 0.307, 0.307, 0.307, 0.307, 0.307
       ↓ <<< System noise
 (4)Posterior d.:
0.211, 0.197, 0.195, 0.448, 0.119, 0.321, 0.346, 0.521, 0.413, 0.877, 0.006, 0.320, 0.522, 0.443, 0.071, 0.003

---------------------------------------------------------------------------
