===========================================================================
Calculated datetime :202208040000
===========================================================================
Prediction station  :N.1

---------------------------------------------------------------------------
Likelihood_Prior    :
0.076, 0.056, 0.076, 0.075, 0.074, 0.037, 0.057, 0.048, 0.041, 0.072, 0.076, 0.068, 0.076, 0.075, 0.056, 0.037
     ↓↓↓
Likelihood_Posterior:
0.048, 0.431, 0.015, 0.000, 0.092, 0.019, 0.019, 0.067, 0.031, 0.038, 0.022, 0.005, 0.007, 0.000, 0.008, 0.197

---------------------------------------------------------------------------
Resampling_Posterior:
1, 2, 2, 2, 2, 2, 2, 2, 2, 2, 5, 8, 16, 16, 16, 16
               └≫ Best particle: #2

===========================================================================
[State1] States/Parameters: No.61
 (1)Initial dis.:
-0.315, 0.076, 0.370, -1.646, -0.708, -0.927, -0.931, -0.587, -0.835, -0.804, -0.862, -1.196, -1.250, -1.589, -1.308, -0.109
       ↓ <<< Option Func.
 (2)Prior distr.:
-0.315, 0.076, 0.370, -1.646, -0.708, -0.927, -0.931, -0.587, -0.835, -0.804, -0.862, -1.196, -1.250, -1.589, -1.308, -0.109
       ↓ <<< Likelihood
 (3)Resampled d.:
0.000, 0.076, 0.076, 0.076, 0.076, 0.076, 0.076, 0.076, 0.076, 0.076, -0.708, -0.587, -0.109, -0.109, -0.109, -0.109
       ↓ <<< System noise
 (4)Posterior d.:
0.393, 0.076, 0.160, 0.289, 0.171, -0.204, 0.411, -0.157, -0.265, -0.195, -0.531, -0.593, -0.357, 0.174, -0.160, -0.059

---------------------------------------------------------------------------
[State2] States/Parameters: No.62
 (1)Initial dis.:
-0.315, 0.076, 0.370, -1.027, -0.089, -0.308, -0.312, 0.032, -0.216, -0.185, -0.243, -0.577, -0.630, -0.969, -0.689, 0.510
       ↓ <<< Option Func.
 (2)Prior distr.:
-0.315, 0.076, 0.370, -1.027, -0.089, -0.308, -0.312, 0.032, -0.216, -0.185, -0.243, -0.577, -0.630, -0.969, -0.689, 0.510
       ↓ <<< Likelihood
 (3)Resampled d.:
0.000, 0.076, 0.076, 0.076, 0.076, 0.076, 0.076, 0.076, 0.076, 0.076, -0.089, 0.032, 0.510, 0.510, 0.510, 0.510
       ↓ <<< System noise
 (4)Posterior d.:
0.393, 0.076, 0.160, 0.289, 0.171, -0.204, 0.411, -0.157, -0.265, -0.195, 0.088, 0.026, 0.262, 0.793, 0.459, 0.560

---------------------------------------------------------------------------
