===========================================================================
Calculated datetime :202208200000
===========================================================================
Prediction station  :N.1

---------------------------------------------------------------------------
Likelihood_Prior    :
0.084, 0.139, 0.035, 0.015, 0.027, 0.107, 0.003, 0.042, 0.034, 0.148, 0.067, 0.130, 0.050, 0.094, 0.023, 0.002
     ↓↓↓
Likelihood_Posterior:
0.052, 0.086, 0.004, 0.004, 0.016, 0.086, 0.068, 0.087, 0.010, 0.004, 0.095, 0.101, 0.090, 0.097, 0.106, 0.094

---------------------------------------------------------------------------
Resampling_Posterior:
1, 2, 6, 7, 8, 11, 11, 12, 12, 13, 14, 14, 15, 15, 16, 16
               └≫ Best particle: #15

===========================================================================
[State1] States/Parameters: No.61
 (1)Initial dis.:
-0.253, -1.154, -1.628, -1.613, -1.329, -0.741, -1.201, -0.745, -1.367, -1.469, -1.100, -1.031, -1.138, -1.085, -0.943, -1.109
       ↓ <<< Option Func.
 (2)Prior distr.:
-0.253, -1.154, -1.628, -1.613, -1.329, -0.741, -1.201, -0.745, -1.367, -1.469, -1.100, -1.031, -1.138, -1.085, -0.943, -1.109
       ↓ <<< Likelihood
 (3)Resampled d.:
0.000, -1.154, -0.741, -1.201, -0.745, -1.100, -1.100, -1.031, -1.031, -1.138, -1.085, -1.085, -0.943, -0.943, -1.109, -1.109
       ↓ <<< System noise
 (4)Posterior d.:
0.343, -1.154, -1.120, -1.142, -1.022, -1.350, -1.135, -0.745, -1.105, -1.105, -1.464, -1.481, -1.125, -1.062, -0.803, -0.998

---------------------------------------------------------------------------
[State2] States/Parameters: No.62
 (1)Initial dis.:
-0.253, -1.154, -1.628, -1.613, -1.329, -0.741, -1.201, -0.745, -1.367, -1.469, -1.100, -1.031, -1.138, -1.085, -0.943, -1.109
       ↓ <<< Option Func.
 (2)Prior distr.:
-0.253, -1.154, -1.628, -1.613, -1.329, -0.741, -1.201, -0.745, -1.367, -1.469, -1.100, -1.031, -1.138, -1.085, -0.943, -1.109
       ↓ <<< Likelihood
 (3)Resampled d.:
0.000, -1.154, -0.741, -1.201, -0.745, -1.100, -1.100, -1.031, -1.031, -1.138, -1.085, -1.085, -0.943, -0.943, -1.109, -1.109
       ↓ <<< System noise
 (4)Posterior d.:
0.343, -1.154, -1.120, -1.142, -1.022, -1.350, -1.135, -0.745, -1.105, -1.105, -1.464, -1.481, -1.125, -1.062, -0.803, -0.998

---------------------------------------------------------------------------
