===========================================================================
Calculated datetime :202209040000
===========================================================================
Prediction station  :N.1

---------------------------------------------------------------------------
Likelihood_Prior    :
0.002, 0.147, 0.063, 0.085, 0.059, 0.128, 0.071, 0.014, 0.009, 0.152, 0.014, 0.014, 0.060, 0.057, 0.107, 0.017
     ↓↓↓
Likelihood_Posterior:
0.041, 0.097, 0.108, 0.060, 0.042, 0.107, 0.059, 0.042, 0.055, 0.111, 0.037, 0.039, 0.036, 0.078, 0.040, 0.048

---------------------------------------------------------------------------
Resampling_Posterior:
1, 2, 2, 3, 3, 4, 5, 6, 6, 7, 8, 9, 10, 10, 14, 16
               └≫ Best particle: #10

===========================================================================
[State1] States/Parameters: No.61
 (1)Initial dis.:
-0.011, -0.559, -0.531, -1.014, -0.738, -0.528, -1.018, -0.738, -0.673, -0.514, -0.152, -0.792, -1.232, -0.609, -0.773, -0.377
       ↓ <<< Option Func.
 (2)Prior distr.:
-0.011, -0.559, -0.531, -1.014, -0.738, -0.528, -1.018, -0.738, -0.673, -0.514, -0.152, -0.792, -1.232, -0.609, -0.773, -0.377
       ↓ <<< Likelihood
 (3)Resampled d.:
0.000, -0.559, -0.559, -0.531, -0.531, -1.014, -0.738, -0.528, -0.528, -1.018, -0.738, -0.673, -0.514, -0.514, -0.609, -0.377
       ↓ <<< System noise
 (4)Posterior d.:
-0.380, -0.559, -0.705, -0.730, -0.959, -0.777, -0.312, -0.108, -0.383, -0.806, -0.639, -0.936, -0.432, -0.769, -0.472, -0.531

---------------------------------------------------------------------------
[State2] States/Parameters: No.62
 (1)Initial dis.:
-0.011, -0.559, -0.531, -1.014, -0.738, -0.528, -1.018, -0.738, -0.673, -0.514, -0.152, -0.792, -1.232, -0.609, -0.773, -0.377
       ↓ <<< Option Func.
 (2)Prior distr.:
-0.011, -0.559, -0.531, -1.014, -0.738, -0.528, -1.018, -0.738, -0.673, -0.514, -0.152, -0.792, -1.232, -0.609, -0.773, -0.377
       ↓ <<< Likelihood
 (3)Resampled d.:
0.000, -0.559, -0.559, -0.531, -0.531, -1.014, -0.738, -0.528, -0.528, -1.018, -0.738, -0.673, -0.514, -0.514, -0.609, -0.377
       ↓ <<< System noise
 (4)Posterior d.:
-0.380, -0.559, -0.705, -0.730, -0.959, -0.777, -0.312, -0.108, -0.383, -0.806, -0.639, -0.936, -0.432, -0.769, -0.472, -0.531

---------------------------------------------------------------------------
