===========================================================================
Calculated datetime :202507110000
===========================================================================
Prediction station  :N.1

---------------------------------------------------------------------------
Likelihood_Prior    :
0.000, 0.101, 0.059, 0.103, 0.098, 0.104, 0.000, 0.001, 0.102, 0.090, 0.102, 0.006, 0.025, 0.104, 0.104, 0.000
     ↓↓↓
Likelihood_Posterior:
0.001, 0.109, 0.084, 0.002, 0.110, 0.085, 0.043, 0.041, 0.100, 0.085, 0.010, 0.109, 0.065, 0.039, 0.059, 0.058

---------------------------------------------------------------------------
Resampling_Posterior:
1, 2, 2, 3, 5, 5, 6, 7, 9, 9, 10, 12, 12, 13, 15, 16
               └≫ Best particle: #5

===========================================================================
[State1] States/Parameters: No.61
 (1)Initial dis.:
-0.269, -0.507, -0.714, -0.108, -0.843, -1.001, -1.124, -1.135, -0.927, -0.510, -0.359, -0.485, -1.006, -1.084, -0.635, -0.609
       ↓ <<< Option Func.
 (2)Prior distr.:
-0.269, -0.507, -0.714, -0.108, -0.843, -1.001, -1.124, -1.135, -0.927, -0.510, -0.359, -0.485, -1.006, -1.084, -0.635, -0.609
       ↓ <<< Likelihood
 (3)Resampled d.:
0.000, -0.507, -0.507, -0.714, -0.843, -0.843, -1.001, -1.124, -0.927, -0.927, -0.510, -0.485, -0.485, -1.006, -0.635, -0.609
       ↓ <<< System noise
 (4)Posterior d.:
0.149, -0.507, -0.547, -1.056, -0.681, -0.753, -1.067, -1.068, -0.904, -0.689, -0.608, -0.122, -0.146, -1.235, -0.638, -0.670

---------------------------------------------------------------------------
[State2] States/Parameters: No.62
 (1)Initial dis.:
-0.269, -0.507, -0.714, -0.108, -0.843, -1.001, -1.124, -1.135, -0.972, -0.555, -0.404, -0.530, -1.051, -1.129, -0.681, -0.654
       ↓ <<< Option Func.
 (2)Prior distr.:
-0.269, -0.507, -0.714, -0.108, -0.843, -1.001, -1.124, -1.135, -0.972, -0.555, -0.404, -0.530, -1.051, -1.129, -0.681, -0.654
       ↓ <<< Likelihood
 (3)Resampled d.:
0.000, -0.507, -0.507, -0.714, -0.843, -0.843, -1.001, -1.124, -0.972, -0.972, -0.555, -0.530, -0.530, -1.051, -0.681, -0.654
       ↓ <<< System noise
 (4)Posterior d.:
0.149, -0.507, -0.547, -1.056, -0.681, -0.753, -1.067, -1.068, -0.949, -0.734, -0.653, -0.167, -0.191, -1.280, -0.683, -0.715

---------------------------------------------------------------------------
