===========================================================================
Calculated datetime :202208200000
===========================================================================
Prediction station  :N.1

---------------------------------------------------------------------------
Likelihood_Prior    :
0.065, 0.039, 0.077, 0.060, 0.076, 0.066, 0.069, 0.077, 0.075, 0.051, 0.045, 0.075, 0.045, 0.077, 0.061, 0.044
     ↓↓↓
Likelihood_Posterior:
0.087, 0.066, 0.041, 0.041, 0.087, 0.086, 0.043, 0.041, 0.075, 0.090, 0.042, 0.039, 0.069, 0.085, 0.042, 0.066

---------------------------------------------------------------------------
Resampling_Posterior:
1, 1, 2, 5, 5, 6, 6, 7, 9, 10, 10, 13, 14, 14, 15, 16
               └≫ Best particle: #10

===========================================================================
[State1] States/Parameters: No.61
 (1)Initial dis.:
-0.057, 0.217, -0.533, -0.521, -0.034, -0.084, -0.994, -0.694, -0.441, -0.228, -1.003, -0.961, 0.178, -0.162, -0.612, 0.595
       ↓ <<< Option Func.
 (2)Prior distr.:
-0.057, 0.217, -0.533, -0.521, -0.034, -0.084, -0.994, -0.694, -0.441, -0.228, -1.003, -0.961, 0.178, -0.162, -0.612, 0.595
       ↓ <<< Likelihood
 (3)Resampled d.:
0.000, -0.057, 0.217, -0.034, -0.034, -0.084, -0.084, -0.994, -0.441, -0.228, -0.228, 0.178, -0.162, -0.162, -0.612, 0.595
       ↓ <<< System noise
 (4)Posterior d.:
0.059, -0.057, -0.074, -0.045, 0.042, 0.144, 0.011, -1.142, -0.569, -0.251, -0.307, 0.238, -0.308, -0.222, -0.418, 0.748

---------------------------------------------------------------------------
[State2] States/Parameters: No.62
 (1)Initial dis.:
-0.057, 0.217, -0.533, -0.521, -0.034, -0.084, -0.994, -0.694, -0.441, -0.228, -1.003, -0.961, 0.178, -0.162, -0.612, 0.595
       ↓ <<< Option Func.
 (2)Prior distr.:
-0.057, 0.217, -0.533, -0.521, -0.034, -0.084, -0.994, -0.694, -0.441, -0.228, -1.003, -0.961, 0.178, -0.162, -0.612, 0.595
       ↓ <<< Likelihood
 (3)Resampled d.:
0.000, -0.057, 0.217, -0.034, -0.034, -0.084, -0.084, -0.994, -0.441, -0.228, -0.228, 0.178, -0.162, -0.162, -0.612, 0.595
       ↓ <<< System noise
 (4)Posterior d.:
0.059, -0.057, -0.074, -0.045, 0.042, 0.144, 0.011, -1.142, -0.569, -0.251, -0.307, 0.238, -0.308, -0.222, -0.418, 0.748

---------------------------------------------------------------------------
