===========================================================================
Calculated datetime :202209040000
===========================================================================
Prediction station  :N.1

---------------------------------------------------------------------------
Likelihood_Prior    :
0.010, 0.118, 0.115, 0.060, 0.040, 0.055, 0.120, 0.080, 0.006, 0.118, 0.012, 0.121, 0.010, 0.087, 0.004, 0.045
     ↓↓↓
Likelihood_Posterior:
0.055, 0.092, 0.075, 0.075, 0.049, 0.086, 0.091, 0.068, 0.086, 0.058, 0.067, 0.044, 0.029, 0.025, 0.069, 0.030

---------------------------------------------------------------------------
Resampling_Posterior:
1, 2, 2, 3, 4, 5, 6, 7, 7, 8, 9, 9, 10, 11, 12, 15
               └≫ Best particle: #2

===========================================================================
[State1] States/Parameters: No.61
 (1)Initial dis.:
-0.183, -0.546, -0.670, -0.666, -0.191, -0.629, -0.564, -0.686, -0.474, -0.110, -0.402, -0.264, -0.941, -1.145, -0.408, -0.914
       ↓ <<< Option Func.
 (2)Prior distr.:
-0.183, -0.546, -0.670, -0.666, -0.191, -0.629, -0.564, -0.686, -0.474, -0.110, -0.402, -0.264, -0.941, -1.145, -0.408, -0.914
       ↓ <<< Likelihood
 (3)Resampled d.:
0.000, -0.546, -0.546, -0.670, -0.666, -0.191, -0.629, -0.564, -0.564, -0.686, -0.474, -0.474, -0.110, -0.402, -0.264, -0.408
       ↓ <<< System noise
 (4)Posterior d.:
0.288, -0.546, -0.654, -0.659, -0.552, -0.203, -0.340, -0.077, -0.497, -0.790, -0.730, -0.641, -0.172, -0.566, 0.048, -0.872

---------------------------------------------------------------------------
[State2] States/Parameters: No.62
 (1)Initial dis.:
-0.183, -0.430, -0.554, -0.551, -0.076, -0.513, -0.449, -0.570, -0.358, 0.006, -0.287, -0.148, -0.826, -1.029, -0.292, -0.798
       ↓ <<< Option Func.
 (2)Prior distr.:
-0.183, -0.430, -0.554, -0.551, -0.076, -0.513, -0.449, -0.570, -0.358, 0.006, -0.287, -0.148, -0.826, -1.029, -0.292, -0.798
       ↓ <<< Likelihood
 (3)Resampled d.:
0.000, -0.430, -0.430, -0.554, -0.551, -0.076, -0.513, -0.449, -0.449, -0.570, -0.358, -0.358, 0.006, -0.287, -0.148, -0.292
       ↓ <<< System noise
 (4)Posterior d.:
0.288, -0.430, -0.539, -0.543, -0.437, -0.087, -0.225, 0.038, -0.381, -0.674, -0.615, -0.525, -0.057, -0.451, 0.164, -0.757

---------------------------------------------------------------------------
