===========================================================================
Calculated datetime :202209010000
===========================================================================
Prediction station  :N.1

---------------------------------------------------------------------------
Likelihood_Prior    :
0.088, 0.091, 0.120, 0.039, 0.020, 0.011, 0.100, 0.021, 0.024, 0.058, 0.075, 0.046, 0.122, 0.024, 0.090, 0.073
     ↓↓↓
Likelihood_Posterior:
0.001, 0.030, 0.032, 0.191, 0.010, 0.021, 0.006, 0.007, 0.024, 0.170, 0.237, 0.016, 0.185, 0.059, 0.008, 0.001

---------------------------------------------------------------------------
Resampling_Posterior:
1, 4, 4, 4, 4, 10, 10, 10, 11, 11, 11, 11, 13, 13, 13, 14
               └≫ Best particle: #11

===========================================================================
[State1] States/Parameters: No.61
 (1)Initial dis.:
0.186, -0.375, -0.381, -0.559, -0.313, -0.358, -0.286, -0.294, -0.750, -0.571, -0.513, -0.340, -0.566, -0.668, -0.302, 0.155
       ↓ <<< Option Func.
 (2)Prior distr.:
0.186, -0.375, -0.381, -0.559, -0.313, -0.358, -0.286, -0.294, -0.750, -0.571, -0.513, -0.340, -0.566, -0.668, -0.302, 0.155
       ↓ <<< Likelihood
 (3)Resampled d.:
0.000, -0.559, -0.559, -0.559, -0.559, -0.571, -0.571, -0.571, -0.513, -0.513, -0.513, -0.513, -0.566, -0.566, -0.566, -0.668
       ↓ <<< System noise
 (4)Posterior d.:
-0.001, -0.559, -0.697, -0.545, -0.776, -0.822, -0.654, -0.373, -0.259, -0.540, -0.277, -0.529, -0.774, -0.650, -0.614, -0.620

---------------------------------------------------------------------------
[State2] States/Parameters: No.62
 (1)Initial dis.:
0.186, -0.375, -0.381, -0.559, -0.313, -0.358, -0.286, -0.294, -0.750, -0.571, -0.513, -0.340, -0.566, -0.668, -0.302, 0.155
       ↓ <<< Option Func.
 (2)Prior distr.:
0.186, -0.375, -0.381, -0.559, -0.313, -0.358, -0.286, -0.294, -0.750, -0.571, -0.513, -0.340, -0.566, -0.668, -0.302, 0.155
       ↓ <<< Likelihood
 (3)Resampled d.:
0.000, -0.559, -0.559, -0.559, -0.559, -0.571, -0.571, -0.571, -0.513, -0.513, -0.513, -0.513, -0.566, -0.566, -0.566, -0.668
       ↓ <<< System noise
 (4)Posterior d.:
-0.001, -0.559, -0.697, -0.545, -0.776, -0.822, -0.654, -0.373, -0.259, -0.540, -0.277, -0.529, -0.774, -0.650, -0.614, -0.620

---------------------------------------------------------------------------
