===========================================================================
Calculated datetime :202209090000
===========================================================================
Prediction station  :N.1

---------------------------------------------------------------------------
Likelihood_Prior    :
0.086, 0.063, 0.045, 0.063, 0.086, 0.047, 0.066, 0.062, 0.047, 0.083, 0.086, 0.072, 0.043, 0.056, 0.047, 0.048
     ↓↓↓
Likelihood_Posterior:
0.146, 0.059, 0.181, 0.021, 0.156, 0.112, 0.026, 0.028, 0.022, 0.021, 0.024, 0.055, 0.063, 0.038, 0.024, 0.022

---------------------------------------------------------------------------
Resampling_Posterior:
1, 1, 1, 2, 3, 3, 3, 3, 5, 5, 5, 5, 6, 6, 12, 13
               └≫ Best particle: #3

===========================================================================
[State1] States/Parameters: No.61
 (1)Initial dis.:
0.143, -0.030, 0.196, -0.611, 0.161, 0.083, -1.032, -0.293, -0.467, -0.624, -0.384, -0.053, -0.007, -0.188, -0.687, -0.521
       ↓ <<< Option Func.
 (2)Prior distr.:
0.143, -0.030, 0.196, -0.611, 0.161, 0.083, -1.032, -0.293, -0.467, -0.624, -0.384, -0.053, -0.007, -0.188, -0.687, -0.521
       ↓ <<< Likelihood
 (3)Resampled d.:
0.000, 0.143, 0.143, -0.030, 0.196, 0.196, 0.196, 0.196, 0.161, 0.161, 0.161, 0.161, 0.083, 0.083, -0.053, -0.007
       ↓ <<< System noise
 (4)Posterior d.:
0.297, 0.143, 0.340, 0.101, 0.409, 0.197, 0.104, 0.139, 0.090, 0.379, -0.054, 0.262, 0.576, -0.068, 0.184, 0.287

---------------------------------------------------------------------------
[State2] States/Parameters: No.62
 (1)Initial dis.:
0.143, -0.030, 0.196, -0.611, 0.161, 0.083, -1.032, -0.293, -0.467, -0.624, -0.384, -0.053, -0.007, -0.188, -0.687, -0.521
       ↓ <<< Option Func.
 (2)Prior distr.:
0.143, -0.030, 0.196, -0.611, 0.161, 0.083, -1.032, -0.293, -0.467, -0.624, -0.384, -0.053, -0.007, -0.188, -0.687, -0.521
       ↓ <<< Likelihood
 (3)Resampled d.:
0.000, 0.143, 0.143, -0.030, 0.196, 0.196, 0.196, 0.196, 0.161, 0.161, 0.161, 0.161, 0.083, 0.083, -0.053, -0.007
       ↓ <<< System noise
 (4)Posterior d.:
0.297, 0.143, 0.340, 0.101, 0.409, 0.197, 0.104, 0.139, 0.090, 0.379, -0.054, 0.262, 0.576, -0.068, 0.184, 0.287

---------------------------------------------------------------------------
