===========================================================================
Calculated datetime :202507030000
===========================================================================
Prediction station  :N.1

---------------------------------------------------------------------------
Likelihood_Prior    :
0.000, 0.000, 0.285, 0.001, 0.000, 0.000, 0.103, 0.000, 0.000, 0.222, 0.001, 0.000, 0.000, 0.000, 0.000, 0.388
     ↓↓↓
Likelihood_Posterior:
0.000, 0.116, 0.099, 0.100, 0.088, 0.105, 0.009, 0.072, 0.026, 0.000, 0.123, 0.018, 0.097, 0.118, 0.024, 0.006

---------------------------------------------------------------------------
Resampling_Posterior:
1, 2, 2, 3, 3, 4, 4, 5, 6, 6, 8, 11, 11, 13, 14, 14
               └≫ Best particle: #11

===========================================================================
[State1] States/Parameters: No.61
 (1)Initial dis.:
0.442, -0.230, -0.181, -0.200, -0.159, -0.213, 0.206, -0.057, -0.355, 0.453, -0.087, -0.225, 0.098, -0.120, 0.326, -0.342
       ↓ <<< Option Func.
 (2)Prior distr.:
0.442, -0.230, -0.181, -0.200, -0.159, -0.213, 0.206, -0.057, -0.355, 0.453, -0.087, -0.225, 0.098, -0.120, 0.326, -0.342
       ↓ <<< Likelihood
 (3)Resampled d.:
0.000, -0.230, -0.230, -0.181, -0.181, -0.200, -0.200, -0.159, -0.213, -0.213, -0.057, -0.087, -0.087, 0.098, -0.120, -0.120
       ↓ <<< System noise
 (4)Posterior d.:
-0.033, -0.230, -0.240, -0.375, -0.043, 0.017, -0.182, -0.158, -0.277, -0.203, -0.160, -0.221, -0.043, 0.323, 0.226, -0.149

---------------------------------------------------------------------------
[State2] States/Parameters: No.62
 (1)Initial dis.:
0.442, -0.214, -0.165, -0.184, -0.143, -0.197, 0.184, -0.102, -0.400, 0.408, -0.404, -0.542, -0.219, -0.437, 0.009, -0.659
       ↓ <<< Option Func.
 (2)Prior distr.:
0.442, -0.214, -0.165, -0.184, -0.143, -0.197, 0.184, -0.102, -0.400, 0.408, -0.404, -0.542, -0.219, -0.437, 0.009, -0.659
       ↓ <<< Likelihood
 (3)Resampled d.:
0.000, -0.214, -0.214, -0.165, -0.165, -0.184, -0.184, -0.143, -0.197, -0.197, -0.102, -0.404, -0.404, -0.219, -0.437, -0.437
       ↓ <<< System noise
 (4)Posterior d.:
-0.033, -0.214, -0.224, -0.359, -0.028, 0.033, -0.166, -0.142, -0.261, -0.187, -0.205, -0.538, -0.360, 0.005, -0.091, -0.467

---------------------------------------------------------------------------
