===========================================================================
Calculated datetime :202208150000
===========================================================================
Prediction station  :N.1

---------------------------------------------------------------------------
Likelihood_Prior    :
0.000, 0.000, 0.000, 0.023, 0.000, 0.183, 0.000, 0.000, 0.000, 0.165, 0.005, 0.000, 0.624, 0.000, 0.000, 0.000
     ↓↓↓
Likelihood_Posterior:
0.005, 0.004, 0.000, 0.921, 0.000, 0.020, 0.000, 0.015, 0.007, 0.000, 0.007, 0.019, 0.000, 0.000, 0.000, 0.000

---------------------------------------------------------------------------
Resampling_Posterior:
1, 4, 4, 4, 4, 4, 4, 4, 4, 4, 4, 4, 4, 4, 4, 4
               └≫ Best particle: #4

===========================================================================
[State1] States/Parameters: No.61
 (1)Initial dis.:
0.270, -0.807, -1.513, -0.377, -0.691, -0.939, -1.119, -0.971, -0.837, -1.329, -1.014, -0.915, -1.445, -1.273, -1.141, -1.631
       ↓ <<< Option Func.
 (2)Prior distr.:
0.270, -0.807, -1.513, -0.377, -0.691, -0.939, -1.119, -0.971, -0.837, -1.329, -1.014, -0.915, -1.445, -1.273, -1.141, -1.631
       ↓ <<< Likelihood
 (3)Resampled d.:
0.000, -0.377, -0.377, -0.377, -0.377, -0.377, -0.377, -0.377, -0.377, -0.377, -0.377, -0.377, -0.377, -0.377, -0.377, -0.377
       ↓ <<< System noise
 (4)Posterior d.:
0.205, -0.377, -0.235, -0.196, -0.120, -0.086, -0.199, -0.109, -0.537, -0.830, -0.640, -0.658, -0.367, -0.590, -0.343, -0.484

---------------------------------------------------------------------------
[State2] States/Parameters: No.62
 (1)Initial dis.:
0.270, -0.807, -1.513, -0.377, -0.691, -0.939, -1.119, -0.971, -0.837, -1.329, -1.014, -0.915, -1.445, -1.273, -1.141, -1.631
       ↓ <<< Option Func.
 (2)Prior distr.:
0.270, -0.807, -1.513, -0.377, -0.691, -0.939, -1.119, -0.971, -0.837, -1.329, -1.014, -0.915, -1.445, -1.273, -1.141, -1.631
       ↓ <<< Likelihood
 (3)Resampled d.:
0.000, -0.377, -0.377, -0.377, -0.377, -0.377, -0.377, -0.377, -0.377, -0.377, -0.377, -0.377, -0.377, -0.377, -0.377, -0.377
       ↓ <<< System noise
 (4)Posterior d.:
0.205, -0.377, -0.235, -0.196, -0.120, -0.086, -0.199, -0.109, -0.537, -0.830, -0.640, -0.658, -0.367, -0.590, -0.343, -0.484

---------------------------------------------------------------------------
