===========================================================================
Calculated datetime :202208290000
===========================================================================
Prediction station  :N.1

---------------------------------------------------------------------------
Likelihood_Prior    :
0.072, 0.059, 0.058, 0.108, 0.097, 0.161, 0.128, 0.064, 0.021, 0.069, 0.049, 0.060, 0.020, 0.007, 0.007, 0.019
     ↓↓↓
Likelihood_Posterior:
0.005, 0.005, 0.007, 0.026, 0.048, 0.132, 0.040, 0.029, 0.168, 0.162, 0.034, 0.196, 0.005, 0.011, 0.045, 0.087

---------------------------------------------------------------------------
Resampling_Posterior:
1, 5, 6, 6, 9, 9, 9, 10, 10, 10, 12, 12, 12, 12, 15, 16
               └≫ Best particle: #12

===========================================================================
[State1] States/Parameters: No.61
 (1)Initial dis.:
-0.033, -0.025, -0.292, -0.927, -1.141, -0.625, -1.047, -0.960, -0.580, -0.587, -0.998, -0.552, -0.128, 0.335, -0.731, -0.454
       ↓ <<< Option Func.
 (2)Prior distr.:
-0.033, -0.025, -0.292, -0.927, -1.141, -0.625, -1.047, -0.960, -0.580, -0.587, -0.998, -0.552, -0.128, 0.335, -0.731, -0.454
       ↓ <<< Likelihood
 (3)Resampled d.:
0.000, -1.141, -0.625, -0.625, -0.580, -0.580, -0.580, -0.587, -0.587, -0.587, -0.552, -0.552, -0.552, -0.552, -0.731, -0.454
       ↓ <<< System noise
 (4)Posterior d.:
0.189, -1.141, -0.518, -0.477, -0.857, -0.402, -0.510, -0.461, -0.630, -0.276, 0.054, -0.467, -0.608, -0.578, -0.838, -1.060

---------------------------------------------------------------------------
[State2] States/Parameters: No.62
 (1)Initial dis.:
-0.033, -0.025, -0.292, -0.927, -1.141, -0.625, -1.047, -0.960, -0.580, -0.587, -0.998, -0.552, -0.128, 0.335, -0.731, -0.454
       ↓ <<< Option Func.
 (2)Prior distr.:
-0.033, -0.025, -0.292, -0.927, -1.141, -0.625, -1.047, -0.960, -0.580, -0.587, -0.998, -0.552, -0.128, 0.335, -0.731, -0.454
       ↓ <<< Likelihood
 (3)Resampled d.:
0.000, -1.141, -0.625, -0.625, -0.580, -0.580, -0.580, -0.587, -0.587, -0.587, -0.552, -0.552, -0.552, -0.552, -0.731, -0.454
       ↓ <<< System noise
 (4)Posterior d.:
0.189, -1.141, -0.518, -0.477, -0.857, -0.402, -0.510, -0.461, -0.630, -0.276, 0.054, -0.467, -0.608, -0.578, -0.838, -1.060

---------------------------------------------------------------------------
