===========================================================================
Calculated datetime :202507300000
===========================================================================
Prediction station  :N.1

---------------------------------------------------------------------------
Likelihood_Prior    :
0.000, 0.000, 0.000, 0.330, 0.000, 0.000, 0.000, 0.000, 0.000, 0.000, 0.000, 0.000, 0.000, 0.654, 0.000, 0.016
     ↓↓↓
Likelihood_Posterior:
1.000, 0.000, 0.000, 0.000, 0.000, 0.000, 0.000, 0.000, 0.000, 0.000, 0.000, 0.000, 0.000, 0.000, 0.000, 0.000

---------------------------------------------------------------------------
Resampling_Posterior:
1, 1, 1, 1, 1, 1, 1, 1, 1, 1, 1, 1, 1, 1, 1, 1
               └≫ Best particle: #1

===========================================================================
[State1] States/Parameters: No.61
 (1)Initial dis.:
-0.049, -0.743, -0.954, -0.775, -0.554, -0.678, -0.745, -1.082, -0.581, -1.045, -0.463, -0.996, -0.738, -0.609, -0.764, -0.614
       ↓ <<< Option Func.
 (2)Prior distr.:
-0.049, -0.743, -0.954, -0.775, -0.554, -0.678, -0.745, -1.082, -0.581, -1.045, -0.463, -0.996, -0.738, -0.609, -0.764, -0.614
       ↓ <<< Likelihood
 (3)Resampled d.:
0.000, -0.049, -0.049, -0.049, -0.049, -0.049, -0.049, -0.049, -0.049, -0.049, -0.049, -0.049, -0.049, -0.049, -0.049, -0.049
       ↓ <<< System noise
 (4)Posterior d.:
0.108, -0.049, 0.240, -0.569, 0.145, -0.133, -0.001, -0.095, 0.123, 0.103, 0.138, -0.189, -0.270, -0.107, 0.101, 0.079

---------------------------------------------------------------------------
[State2] States/Parameters: No.62
 (1)Initial dis.:
-0.049, -0.743, -0.954, -0.775, -0.554, -0.678, -0.745, -1.082, -0.581, -1.045, -0.463, -0.996, -0.738, -0.609, -0.764, -0.614
       ↓ <<< Option Func.
 (2)Prior distr.:
-0.049, -0.743, -0.954, -0.775, -0.554, -0.678, -0.745, -1.082, -0.581, -1.045, -0.463, -0.996, -0.738, -0.609, -0.764, -0.614
       ↓ <<< Likelihood
 (3)Resampled d.:
0.000, -0.049, -0.049, -0.049, -0.049, -0.049, -0.049, -0.049, -0.049, -0.049, -0.049, -0.049, -0.049, -0.049, -0.049, -0.049
       ↓ <<< System noise
 (4)Posterior d.:
0.108, -0.049, 0.240, -0.569, 0.145, -0.133, -0.001, -0.095, 0.123, 0.103, 0.138, -0.189, -0.270, -0.107, 0.101, 0.079

---------------------------------------------------------------------------
