===========================================================================
Calculated datetime :202207280000
===========================================================================
Prediction station  :N.1

---------------------------------------------------------------------------
Likelihood_Prior    :
0.050, 0.059, 0.069, 0.068, 0.052, 0.070, 0.070, 0.060, 0.057, 0.054, 0.070, 0.057, 0.053, 0.078, 0.064, 0.069
     ↓↓↓
Likelihood_Posterior:
0.001, 0.001, 0.004, 0.438, 0.001, 0.008, 0.007, 0.031, 0.001, 0.001, 0.397, 0.002, 0.001, 0.027, 0.024, 0.058

---------------------------------------------------------------------------
Resampling_Posterior:
1, 4, 4, 4, 4, 4, 4, 4, 11, 11, 11, 11, 11, 11, 11, 16
               └≫ Best particle: #4

===========================================================================
[State1] States/Parameters: No.61
 (1)Initial dis.:
0.204, -0.422, -0.539, -0.834, 0.084, -0.634, -1.321, -1.197, 0.171, -0.244, -0.923, -0.473, 0.086, -1.209, -1.220, -0.734
       ↓ <<< Option Func.
 (2)Prior distr.:
0.204, -0.422, -0.539, -0.834, 0.084, -0.634, -1.321, -1.197, 0.171, -0.244, -0.923, -0.473, 0.086, -1.209, -1.220, -0.734
       ↓ <<< Likelihood
 (3)Resampled d.:
0.000, -0.834, -0.834, -0.834, -0.834, -0.834, -0.834, -0.834, -0.923, -0.923, -0.923, -0.923, -0.923, -0.923, -0.923, -0.734
       ↓ <<< System noise
 (4)Posterior d.:
-0.078, -0.834, -1.022, -0.835, -0.714, -0.591, -1.148, -1.116, -0.483, -0.731, -0.933, -0.814, -1.247, -1.047, -1.306, -0.941

---------------------------------------------------------------------------
[State2] States/Parameters: No.62
 (1)Initial dis.:
0.204, 0.197, 0.080, -0.215, 0.703, -0.015, -0.702, -0.578, 0.790, 0.375, -0.304, 0.146, 0.705, -0.590, -0.601, -0.115
       ↓ <<< Option Func.
 (2)Prior distr.:
0.204, 0.197, 0.080, -0.215, 0.703, -0.015, -0.702, -0.578, 0.790, 0.375, -0.304, 0.146, 0.705, -0.590, -0.601, -0.115
       ↓ <<< Likelihood
 (3)Resampled d.:
0.000, -0.215, -0.215, -0.215, -0.215, -0.215, -0.215, -0.215, -0.304, -0.304, -0.304, -0.304, -0.304, -0.304, -0.304, -0.115
       ↓ <<< System noise
 (4)Posterior d.:
-0.078, -0.215, -0.403, -0.216, -0.095, 0.028, -0.529, -0.497, 0.136, -0.112, -0.314, -0.195, -0.628, -0.428, -0.687, -0.322

---------------------------------------------------------------------------
