===========================================================================
Calculated datetime :202207310000
===========================================================================
Prediction station  :N.1

---------------------------------------------------------------------------
Likelihood_Prior    :
0.023, 0.106, 0.067, 0.050, 0.070, 0.061, 0.020, 0.022, 0.020, 0.020, 0.098, 0.106, 0.122, 0.063, 0.115, 0.039
     ↓↓↓
Likelihood_Posterior:
0.001, 0.001, 0.001, 0.013, 0.000, 0.001, 0.008, 0.001, 0.001, 0.361, 0.001, 0.000, 0.008, 0.001, 0.599, 0.000

---------------------------------------------------------------------------
Resampling_Posterior:
1, 10, 10, 10, 10, 10, 10, 15, 15, 15, 15, 15, 15, 15, 15, 15
               └≫ Best particle: #15

===========================================================================
[State1] States/Parameters: No.61
 (1)Initial dis.:
-0.200, -1.022, -1.017, -1.141, -0.733, -0.601, -1.117, -1.019, -0.996, -1.272, -0.999, -0.754, -1.118, -0.996, -1.292, -0.761
       ↓ <<< Option Func.
 (2)Prior distr.:
-0.200, -1.022, -1.017, -1.141, -0.733, -0.601, -1.117, -1.019, -0.996, -1.272, -0.999, -0.754, -1.118, -0.996, -1.292, -0.761
       ↓ <<< Likelihood
 (3)Resampled d.:
0.000, -1.272, -1.272, -1.272, -1.272, -1.272, -1.272, -1.292, -1.292, -1.292, -1.292, -1.292, -1.292, -1.292, -1.292, -1.292
       ↓ <<< System noise
 (4)Posterior d.:
0.163, -1.272, -1.137, -1.371, -1.599, -1.049, -0.884, -1.016, -1.263, -1.365, -1.635, -1.240, -1.174, -1.551, -1.537, -1.262

---------------------------------------------------------------------------
[State2] States/Parameters: No.62
 (1)Initial dis.:
-0.200, -0.403, -0.398, -0.522, -0.114, 0.018, -0.498, -0.400, -0.377, -0.653, -0.380, -0.135, -0.499, -0.377, -0.673, -0.142
       ↓ <<< Option Func.
 (2)Prior distr.:
-0.200, -0.403, -0.398, -0.522, -0.114, 0.018, -0.498, -0.400, -0.377, -0.653, -0.380, -0.135, -0.499, -0.377, -0.673, -0.142
       ↓ <<< Likelihood
 (3)Resampled d.:
0.000, -0.653, -0.653, -0.653, -0.653, -0.653, -0.653, -0.673, -0.673, -0.673, -0.673, -0.673, -0.673, -0.673, -0.673, -0.673
       ↓ <<< System noise
 (4)Posterior d.:
0.163, -0.653, -0.518, -0.752, -0.980, -0.430, -0.265, -0.397, -0.644, -0.746, -1.016, -0.621, -0.555, -0.931, -0.918, -0.643

---------------------------------------------------------------------------
