===========================================================================
Calculated datetime :202209200000
===========================================================================
Prediction station  :N.1

---------------------------------------------------------------------------
Likelihood_Prior    :
0.000, 0.068, 0.000, 0.067, 0.065, 0.081, 0.010, 0.000, 0.000, 0.142, 0.126, 0.006, 0.095, 0.106, 0.151, 0.085
     ↓↓↓
Likelihood_Posterior:
0.016, 0.142, 0.068, 0.123, 0.053, 0.014, 0.092, 0.013, 0.068, 0.053, 0.084, 0.035, 0.115, 0.062, 0.036, 0.024

---------------------------------------------------------------------------
Resampling_Posterior:
1, 2, 2, 2, 3, 4, 4, 5, 7, 7, 9, 10, 11, 13, 13, 14
               └≫ Best particle: #2

===========================================================================
[State1] States/Parameters: No.61
 (1)Initial dis.:
-0.048, 0.544, 0.773, 0.610, 0.828, 1.218, 0.978, 1.282, 0.563, 0.490, 0.642, 0.383, 0.763, 0.533, 0.388, 1.104
       ↓ <<< Option Func.
 (2)Prior distr.:
-0.048, 0.544, 0.773, 0.610, 0.828, 1.218, 0.978, 1.282, 0.563, 0.490, 0.642, 0.383, 0.763, 0.533, 0.388, 1.104
       ↓ <<< Likelihood
 (3)Resampled d.:
0.000, 0.544, 0.544, 0.544, 0.773, 0.610, 0.610, 0.828, 0.978, 0.978, 0.563, 0.490, 0.642, 0.763, 0.763, 0.533
       ↓ <<< System noise
 (4)Posterior d.:
0.215, 0.544, 0.906, 0.987, 0.217, 0.351, 0.405, 0.788, 1.156, 0.817, 0.683, 0.339, 0.218, 0.974, 1.000, 0.505

---------------------------------------------------------------------------
[State2] States/Parameters: No.62
 (1)Initial dis.:
-0.048, 0.408, 0.637, 0.474, 0.692, 0.739, 0.500, 0.804, 0.084, 0.011, 0.163, -0.095, 0.285, 0.055, -0.090, 0.625
       ↓ <<< Option Func.
 (2)Prior distr.:
-0.048, 0.408, 0.637, 0.474, 0.692, 0.739, 0.500, 0.804, 0.084, 0.011, 0.163, -0.095, 0.285, 0.055, -0.090, 0.625
       ↓ <<< Likelihood
 (3)Resampled d.:
0.000, 0.408, 0.408, 0.408, 0.637, 0.474, 0.474, 0.692, 0.500, 0.500, 0.084, 0.011, 0.163, 0.285, 0.285, 0.055
       ↓ <<< System noise
 (4)Posterior d.:
0.215, 0.408, 0.769, 0.851, 0.081, 0.215, 0.268, 0.651, 0.678, 0.339, 0.205, -0.139, -0.260, 0.496, 0.522, 0.026

---------------------------------------------------------------------------
