===========================================================================
Calculated datetime :202208250000
===========================================================================
Prediction station  :N.1

---------------------------------------------------------------------------
Likelihood_Prior    :
0.061, 0.058, 0.058, 0.057, 0.060, 0.066, 0.063, 0.067, 0.063, 0.063, 0.067, 0.068, 0.058, 0.067, 0.061, 0.062
     ↓↓↓
Likelihood_Posterior:
0.000, 0.063, 0.005, 0.011, 0.335, 0.027, 0.140, 0.000, 0.008, 0.009, 0.010, 0.007, 0.030, 0.338, 0.007, 0.010

---------------------------------------------------------------------------
Resampling_Posterior:
1, 2, 5, 5, 5, 5, 5, 5, 7, 7, 14, 14, 14, 14, 14, 14
               └≫ Best particle: #14

===========================================================================
[State1] States/Parameters: No.61
 (1)Initial dis.:
0.084, -0.737, -0.501, -0.625, -0.954, -0.686, -1.070, -1.327, -1.201, -0.190, -0.609, -1.205, -0.689, -0.934, -0.401, -0.613
       ↓ <<< Option Func.
 (2)Prior distr.:
0.084, -0.737, -0.501, -0.625, -0.954, -0.686, -1.070, -1.327, -1.201, -0.190, -0.609, -1.205, -0.689, -0.934, -0.401, -0.613
       ↓ <<< Likelihood
 (3)Resampled d.:
0.000, -0.737, -0.954, -0.954, -0.954, -0.954, -0.954, -0.954, -1.070, -1.070, -0.934, -0.934, -0.934, -0.934, -0.934, -0.934
       ↓ <<< System noise
 (4)Posterior d.:
-0.229, -0.737, -1.091, -1.343, -0.942, -1.033, -0.895, -0.718, -1.364, -1.468, -1.266, -1.143, -0.532, -0.671, -1.012, -0.860

---------------------------------------------------------------------------
[State2] States/Parameters: No.62
 (1)Initial dis.:
0.084, -0.737, -0.501, -0.625, -0.954, -0.686, -1.070, -1.327, -1.201, -0.190, -0.609, -1.205, -0.689, -0.934, -0.401, -0.613
       ↓ <<< Option Func.
 (2)Prior distr.:
0.084, -0.737, -0.501, -0.625, -0.954, -0.686, -1.070, -1.327, -1.201, -0.190, -0.609, -1.205, -0.689, -0.934, -0.401, -0.613
       ↓ <<< Likelihood
 (3)Resampled d.:
0.000, -0.737, -0.954, -0.954, -0.954, -0.954, -0.954, -0.954, -1.070, -1.070, -0.934, -0.934, -0.934, -0.934, -0.934, -0.934
       ↓ <<< System noise
 (4)Posterior d.:
-0.229, -0.737, -1.091, -1.343, -0.942, -1.033, -0.895, -0.718, -1.364, -1.468, -1.266, -1.143, -0.532, -0.671, -1.012, -0.860

---------------------------------------------------------------------------
