===========================================================================
Calculated datetime :202209100000
===========================================================================
Prediction station  :N.1

---------------------------------------------------------------------------
Likelihood_Prior    :
0.009, 0.069, 0.069, 0.069, 0.069, 0.069, 0.069, 0.069, 0.047, 0.069, 0.069, 0.069, 0.045, 0.069, 0.069, 0.069
     ↓↓↓
Likelihood_Posterior:
0.087, 0.000, 0.000, 0.000, 0.000, 0.000, 0.078, 0.001, 0.827, 0.000, 0.000, 0.000, 0.002, 0.000, 0.000, 0.000

---------------------------------------------------------------------------
Resampling_Posterior:
1, 7, 9, 9, 9, 9, 9, 9, 9, 9, 9, 9, 9, 9, 9, 9
               └≫ Best particle: #9

===========================================================================
[State1] States/Parameters: No.61
 (1)Initial dis.:
-0.070, 1.282, 2.026, 1.466, 1.370, 1.666, 1.069, 1.213, 1.027, 1.498, 1.704, 1.919, 1.152, 1.794, 1.782, 1.971
       ↓ <<< Option Func.
 (2)Prior distr.:
-0.070, 1.282, 2.026, 1.466, 1.370, 1.666, 1.069, 1.213, 1.027, 1.498, 1.704, 1.919, 1.152, 1.794, 1.782, 1.971
       ↓ <<< Likelihood
 (3)Resampled d.:
0.000, 1.069, 1.027, 1.027, 1.027, 1.027, 1.027, 1.027, 1.027, 1.027, 1.027, 1.027, 1.027, 1.027, 1.027, 1.027
       ↓ <<< System noise
 (4)Posterior d.:
0.025, 1.069, 1.456, 0.850, 0.815, 1.569, 0.823, 1.240, 0.616, 0.783, 0.704, 1.073, 0.830, 1.102, 1.016, 1.031

---------------------------------------------------------------------------
[State2] States/Parameters: No.62
 (1)Initial dis.:
-0.070, 1.282, 2.026, 1.466, 1.370, 1.666, 1.069, 1.213, 1.027, 1.498, 1.704, 1.919, 1.152, 1.794, 1.782, 1.971
       ↓ <<< Option Func.
 (2)Prior distr.:
-0.070, 1.282, 2.026, 1.466, 1.370, 1.666, 1.069, 1.213, 1.027, 1.498, 1.704, 1.919, 1.152, 1.794, 1.782, 1.971
       ↓ <<< Likelihood
 (3)Resampled d.:
0.000, 1.069, 1.027, 1.027, 1.027, 1.027, 1.027, 1.027, 1.027, 1.027, 1.027, 1.027, 1.027, 1.027, 1.027, 1.027
       ↓ <<< System noise
 (4)Posterior d.:
0.025, 1.069, 1.456, 0.850, 0.815, 1.569, 0.823, 1.240, 0.616, 0.783, 0.704, 1.073, 0.830, 1.102, 1.016, 1.031

---------------------------------------------------------------------------
