===========================================================================
Calculated datetime :202209080000
===========================================================================
Prediction station  :N.1

---------------------------------------------------------------------------
Likelihood_Prior    :
0.744, 0.001, 0.000, 0.030, 0.026, 0.120, 0.014, 0.006, 0.013, 0.000, 0.001, 0.008, 0.005, 0.012, 0.018, 0.001
     ↓↓↓
Likelihood_Posterior:
0.086, 0.063, 0.045, 0.063, 0.086, 0.047, 0.066, 0.062, 0.047, 0.083, 0.086, 0.072, 0.043, 0.056, 0.047, 0.048

---------------------------------------------------------------------------
Resampling_Posterior:
1, 1, 2, 3, 4, 5, 6, 7, 8, 9, 10, 11, 12, 14, 15, 16
               └≫ Best particle: #1

===========================================================================
[State1] States/Parameters: No.61
 (1)Initial dis.:
-0.030, -0.309, -0.730, -0.308, 0.020, -0.580, -0.269, -0.317, -0.615, 0.069, -0.039, -0.214, -0.969, -0.397, -0.519, -0.658
       ↓ <<< Option Func.
 (2)Prior distr.:
-0.030, -0.309, -0.730, -0.308, 0.020, -0.580, -0.269, -0.317, -0.615, 0.069, -0.039, -0.214, -0.969, -0.397, -0.519, -0.658
       ↓ <<< Likelihood
 (3)Resampled d.:
0.000, -0.030, -0.309, -0.730, -0.308, 0.020, -0.580, -0.269, -0.317, -0.615, 0.069, -0.039, -0.214, -0.397, -0.519, -0.658
       ↓ <<< System noise
 (4)Posterior d.:
0.143, -0.030, 0.196, -0.611, 0.161, 0.083, -1.032, -0.293, -0.467, -0.624, -0.384, -0.053, -0.007, -0.188, -0.687, -0.521

---------------------------------------------------------------------------
[State2] States/Parameters: No.62
 (1)Initial dis.:
-0.030, -0.309, -0.730, -0.308, 0.020, -0.580, -0.269, -0.317, -0.615, 0.069, -0.039, -0.214, -0.969, -0.397, -0.519, -0.658
       ↓ <<< Option Func.
 (2)Prior distr.:
-0.030, -0.309, -0.730, -0.308, 0.020, -0.580, -0.269, -0.317, -0.615, 0.069, -0.039, -0.214, -0.969, -0.397, -0.519, -0.658
       ↓ <<< Likelihood
 (3)Resampled d.:
0.000, -0.030, -0.309, -0.730, -0.308, 0.020, -0.580, -0.269, -0.317, -0.615, 0.069, -0.039, -0.214, -0.397, -0.519, -0.658
       ↓ <<< System noise
 (4)Posterior d.:
0.143, -0.030, 0.196, -0.611, 0.161, 0.083, -1.032, -0.293, -0.467, -0.624, -0.384, -0.053, -0.007, -0.188, -0.687, -0.521

---------------------------------------------------------------------------
