===========================================================================
Calculated datetime :202209200000
===========================================================================
Prediction station  :N.1

---------------------------------------------------------------------------
Likelihood_Prior    :
0.000, 0.008, 0.224, 0.000, 0.001, 0.034, 0.224, 0.006, 0.008, 0.042, 0.000, 0.224, 0.003, 0.224, 0.000, 0.001
     ↓↓↓
Likelihood_Posterior:
0.086, 0.056, 0.056, 0.056, 0.056, 0.056, 0.056, 0.056, 0.056, 0.056, 0.056, 0.056, 0.124, 0.056, 0.056, 0.058

---------------------------------------------------------------------------
Resampling_Posterior:
1, 2, 3, 4, 5, 6, 7, 8, 9, 10, 11, 12, 13, 13, 14, 16
               └≫ Best particle: #13

===========================================================================
[State1] States/Parameters: No.61
 (1)Initial dis.:
-0.092, 1.378, 1.453, 1.378, 1.462, 1.697, 1.714, 1.759, 1.574, 1.661, 1.629, 1.501, 0.935, 1.599, 1.389, 1.262
       ↓ <<< Option Func.
 (2)Prior distr.:
-0.092, 1.378, 1.453, 1.378, 1.462, 1.697, 1.714, 1.759, 1.574, 1.661, 1.629, 1.501, 0.935, 1.599, 1.389, 1.262
       ↓ <<< Likelihood
 (3)Resampled d.:
0.000, 1.378, 1.453, 1.378, 1.462, 1.697, 1.714, 1.759, 1.574, 1.661, 1.629, 1.501, 0.935, 0.935, 1.599, 1.262
       ↓ <<< System noise
 (4)Posterior d.:
0.093, 1.378, 1.438, 1.827, 1.520, 1.757, 1.761, 1.860, 1.566, 1.443, 1.390, 1.646, 0.722, 0.808, 1.774, 1.595

---------------------------------------------------------------------------
[State2] States/Parameters: No.62
 (1)Initial dis.:
-0.092, 1.126, 1.200, 1.126, 1.210, 1.444, 1.461, 1.506, 1.321, 1.408, 1.376, 1.248, 0.779, 1.443, 1.232, 1.105
       ↓ <<< Option Func.
 (2)Prior distr.:
-0.092, 1.126, 1.200, 1.126, 1.210, 1.444, 1.461, 1.506, 1.321, 1.408, 1.376, 1.248, 0.779, 1.443, 1.232, 1.105
       ↓ <<< Likelihood
 (3)Resampled d.:
0.000, 1.126, 1.200, 1.126, 1.210, 1.444, 1.461, 1.506, 1.321, 1.408, 1.376, 1.248, 0.779, 0.779, 1.443, 1.105
       ↓ <<< System noise
 (4)Posterior d.:
0.093, 1.126, 1.185, 1.574, 1.268, 1.504, 1.508, 1.608, 1.314, 1.190, 1.138, 1.393, 0.565, 0.651, 1.618, 1.438

---------------------------------------------------------------------------
