===========================================================================
Calculated datetime :202207250000
===========================================================================
Prediction station  :N.1

---------------------------------------------------------------------------
Likelihood_Prior    :
0.078, 0.125, 0.129, 0.012, 0.056, 0.032, 0.058, 0.055, 0.044, 0.081, 0.066, 0.057, 0.039, 0.079, 0.032, 0.056
     ↓↓↓
Likelihood_Posterior:
0.059, 0.062, 0.067, 0.064, 0.047, 0.059, 0.065, 0.064, 0.064, 0.064, 0.065, 0.065, 0.063, 0.064, 0.064, 0.064

---------------------------------------------------------------------------
Resampling_Posterior:
1, 2, 3, 4, 5, 6, 7, 8, 9, 10, 11, 12, 13, 14, 15, 16
               └≫ Best particle: #3

===========================================================================
[State1] States/Parameters: No.61
 (1)Initial dis.:
0.016, 0.247, 0.627, 0.355, -0.130, 0.007, 0.439, 0.159, 0.114, 0.137, 0.104, 0.090, 0.187, 0.132, 0.296, 0.292
       ↓ <<< Option Func.
 (2)Prior distr.:
0.016, 0.247, 0.627, 0.355, -0.130, 0.007, 0.439, 0.159, 0.114, 0.137, 0.104, 0.090, 0.187, 0.132, 0.296, 0.292
       ↓ <<< Likelihood
 (3)Resampled d.:
0.000, 0.247, 0.627, 0.355, -0.130, 0.007, 0.439, 0.159, 0.114, 0.137, 0.104, 0.090, 0.187, 0.132, 0.296, 0.292
       ↓ <<< System noise
 (4)Posterior d.:
0.097, 0.247, 0.648, 0.660, 0.084, -0.031, 0.190, 0.182, -0.087, 0.653, 0.002, -0.066, 0.168, 0.349, 0.087, 0.171

---------------------------------------------------------------------------
[State2] States/Parameters: No.62
 (1)Initial dis.:
0.016, 0.247, 0.627, 0.355, -0.130, 0.007, 0.439, 0.483, 0.438, 0.461, 0.428, 0.414, 0.511, 0.456, 0.620, 0.617
       ↓ <<< Option Func.
 (2)Prior distr.:
0.016, 0.247, 0.627, 0.355, -0.130, 0.007, 0.439, 0.483, 0.438, 0.461, 0.428, 0.414, 0.511, 0.456, 0.620, 0.617
       ↓ <<< Likelihood
 (3)Resampled d.:
0.000, 0.247, 0.627, 0.355, -0.130, 0.007, 0.439, 0.483, 0.438, 0.461, 0.428, 0.414, 0.511, 0.456, 0.620, 0.617
       ↓ <<< System noise
 (4)Posterior d.:
0.097, 0.247, 0.648, 0.660, 0.084, -0.031, 0.190, 0.506, 0.237, 0.978, 0.326, 0.258, 0.492, 0.673, 0.411, 0.495

---------------------------------------------------------------------------
