===========================================================================
Calculated datetime :202208240000
===========================================================================
Prediction station  :N.1

---------------------------------------------------------------------------
Likelihood_Prior    :
0.000, 0.033, 0.000, 0.000, 0.002, 0.000, 0.000, 0.280, 0.003, 0.000, 0.000, 0.000, 0.328, 0.120, 0.000, 0.234
     ↓↓↓
Likelihood_Posterior:
0.060, 0.063, 0.062, 0.062, 0.062, 0.064, 0.062, 0.062, 0.064, 0.065, 0.062, 0.062, 0.064, 0.062, 0.065, 0.061

---------------------------------------------------------------------------
Resampling_Posterior:
1, 2, 3, 4, 5, 6, 7, 8, 9, 10, 11, 12, 13, 14, 15, 16
               └≫ Best particle: #15

===========================================================================
[State1] States/Parameters: No.61
 (1)Initial dis.:
-0.101, -0.410, -0.071, -0.342, -0.261, -0.505, -0.048, -0.024, -0.463, 0.072, -0.044, -0.146, -1.133, -0.319, -0.571, -0.333
       ↓ <<< Option Func.
 (2)Prior distr.:
-0.101, -0.410, -0.071, -0.342, -0.261, -0.505, -0.048, -0.024, -0.463, 0.072, -0.044, -0.146, -1.133, -0.319, -0.571, -0.333
       ↓ <<< Likelihood
 (3)Resampled d.:
0.000, -0.410, -0.071, -0.342, -0.261, -0.505, -0.048, -0.024, -0.463, 0.072, -0.044, -0.146, -1.133, -0.319, -0.571, -0.333
       ↓ <<< System noise
 (4)Posterior d.:
0.435, -0.410, -0.278, -0.549, -0.294, -0.610, 0.148, 0.228, -0.421, -0.014, 0.131, 0.159, -0.828, -0.172, -0.769, -0.228

---------------------------------------------------------------------------
[State2] States/Parameters: No.62
 (1)Initial dis.:
-0.101, -0.410, -0.071, -0.342, -0.261, -0.505, -0.048, -0.024, -0.463, 0.072, -0.044, -0.146, -1.133, -0.319, -0.571, -0.333
       ↓ <<< Option Func.
 (2)Prior distr.:
-0.101, -0.410, -0.071, -0.342, -0.261, -0.505, -0.048, -0.024, -0.463, 0.072, -0.044, -0.146, -1.133, -0.319, -0.571, -0.333
       ↓ <<< Likelihood
 (3)Resampled d.:
0.000, -0.410, -0.071, -0.342, -0.261, -0.505, -0.048, -0.024, -0.463, 0.072, -0.044, -0.146, -1.133, -0.319, -0.571, -0.333
       ↓ <<< System noise
 (4)Posterior d.:
0.435, -0.410, -0.278, -0.549, -0.294, -0.610, 0.148, 0.228, -0.421, -0.014, 0.131, 0.159, -0.828, -0.172, -0.769, -0.228

---------------------------------------------------------------------------
