===========================================================================
Calculated datetime :202208310000
===========================================================================
Prediction station  :N.1

---------------------------------------------------------------------------
Likelihood_Prior    :
0.040, 0.102, 0.105, 0.103, 0.109, 0.021, 0.071, 0.106, 0.044, 0.023, 0.065, 0.036, 0.042, 0.042, 0.071, 0.018
     ↓↓↓
Likelihood_Posterior:
0.058, 0.068, 0.071, 0.072, 0.061, 0.072, 0.054, 0.054, 0.065, 0.072, 0.072, 0.064, 0.057, 0.054, 0.039, 0.069

---------------------------------------------------------------------------
Resampling_Posterior:
1, 2, 3, 4, 5, 6, 7, 8, 9, 10, 11, 12, 13, 14, 15, 16
               └≫ Best particle: #10

===========================================================================
[State1] States/Parameters: No.61
 (1)Initial dis.:
-0.109, -0.566, -0.529, -0.279, -0.153, -0.508, -0.021, -0.044, -0.187, -0.386, -0.390, -0.602, 0.037, 0.002, -0.787, -0.555
       ↓ <<< Option Func.
 (2)Prior distr.:
-0.109, -0.566, -0.529, -0.279, -0.153, -0.508, -0.021, -0.044, -0.187, -0.386, -0.390, -0.602, 0.037, 0.002, -0.787, -0.555
       ↓ <<< Likelihood
 (3)Resampled d.:
0.000, -0.566, -0.529, -0.279, -0.153, -0.508, -0.021, -0.044, -0.187, -0.386, -0.390, -0.602, 0.037, 0.002, -0.787, -0.555
       ↓ <<< System noise
 (4)Posterior d.:
-0.163, -0.566, -0.462, -0.155, -0.388, -0.432, 0.109, 0.317, -0.227, -0.871, -0.861, -0.813, -0.167, -0.021, -0.705, -0.611

---------------------------------------------------------------------------
[State2] States/Parameters: No.62
 (1)Initial dis.:
-0.109, -0.566, -0.529, -0.279, -0.153, -0.508, -0.021, -0.044, -0.187, -0.386, -0.390, -0.602, 0.037, 0.002, -0.787, -0.555
       ↓ <<< Option Func.
 (2)Prior distr.:
-0.109, -0.566, -0.529, -0.279, -0.153, -0.508, -0.021, -0.044, -0.187, -0.386, -0.390, -0.602, 0.037, 0.002, -0.787, -0.555
       ↓ <<< Likelihood
 (3)Resampled d.:
0.000, -0.566, -0.529, -0.279, -0.153, -0.508, -0.021, -0.044, -0.187, -0.386, -0.390, -0.602, 0.037, 0.002, -0.787, -0.555
       ↓ <<< System noise
 (4)Posterior d.:
-0.163, -0.566, -0.462, -0.155, -0.388, -0.432, 0.109, 0.317, -0.227, -0.871, -0.861, -0.813, -0.167, -0.021, -0.705, -0.611

---------------------------------------------------------------------------
