===========================================================================
Calculated datetime :202508150000
===========================================================================
Prediction station  :N.1

---------------------------------------------------------------------------
Likelihood_Prior    :
0.000, 0.015, 0.168, 0.109, 0.071, 0.130, 0.064, 0.094, 0.053, 0.027, 0.070, 0.060, 0.011, 0.017, 0.084, 0.025
     ↓↓↓
Likelihood_Posterior:
0.006, 0.094, 0.013, 0.047, 0.095, 0.091, 0.095, 0.092, 0.000, 0.050, 0.062, 0.059, 0.010, 0.095, 0.096, 0.095

---------------------------------------------------------------------------
Resampling_Posterior:
1, 2, 5, 5, 6, 7, 8, 10, 11, 12, 14, 14, 15, 15, 16, 16
               └≫ Best particle: #15

===========================================================================
[State1] States/Parameters: No.61
 (1)Initial dis.:
-0.276, 0.939, 1.166, 1.092, 0.699, 0.993, 0.605, 0.584, -0.100, 0.473, 0.254, 0.327, 1.176, 0.641, 0.861, 0.892
       ↓ <<< Option Func.
 (2)Prior distr.:
-0.276, 0.939, 1.166, 1.092, 0.699, 0.993, 0.605, 0.584, -0.100, 0.473, 0.254, 0.327, 1.176, 0.641, 0.861, 0.892
       ↓ <<< Likelihood
 (3)Resampled d.:
0.000, 0.939, 0.699, 0.699, 0.993, 0.605, 0.584, 0.473, 0.254, 0.327, 0.641, 0.641, 0.861, 0.861, 0.892, 0.892
       ↓ <<< System noise
 (4)Posterior d.:
-0.101, 0.939, 0.520, 1.003, 0.904, 0.502, 0.830, 0.423, 0.103, 0.480, 0.397, 0.616, 0.394, 0.663, 0.919, 0.776

---------------------------------------------------------------------------
[State2] States/Parameters: No.62
 (1)Initial dis.:
-0.276, 0.939, 1.166, 1.092, 0.699, 0.993, 0.605, 0.584, -0.100, 0.473, 0.254, 0.327, 1.176, 0.641, 0.861, 0.892
       ↓ <<< Option Func.
 (2)Prior distr.:
-0.276, 0.939, 1.166, 1.092, 0.699, 0.993, 0.605, 0.584, -0.100, 0.473, 0.254, 0.327, 1.176, 0.641, 0.861, 0.892
       ↓ <<< Likelihood
 (3)Resampled d.:
0.000, 0.939, 0.699, 0.699, 0.993, 0.605, 0.584, 0.473, 0.254, 0.327, 0.641, 0.641, 0.861, 0.861, 0.892, 0.892
       ↓ <<< System noise
 (4)Posterior d.:
-0.101, 0.939, 0.520, 1.003, 0.904, 0.502, 0.830, 0.423, 0.103, 0.480, 0.397, 0.616, 0.394, 0.663, 0.919, 0.776

---------------------------------------------------------------------------
