===========================================================================
Calculated datetime :202208120000
===========================================================================
Prediction station  :N.1

---------------------------------------------------------------------------
Likelihood_Prior    :
0.085, 0.077, 0.011, 0.044, 0.083, 0.136, 0.042, 0.028, 0.101, 0.033, 0.046, 0.029, 0.033, 0.044, 0.093, 0.115
     ↓↓↓
Likelihood_Posterior:
0.000, 0.000, 0.000, 0.000, 0.000, 0.499, 0.035, 0.000, 0.000, 0.000, 0.000, 0.000, 0.467, 0.000, 0.000, 0.000

---------------------------------------------------------------------------
Resampling_Posterior:
1, 6, 6, 6, 6, 6, 6, 6, 6, 13, 13, 13, 13, 13, 13, 13
               └≫ Best particle: #6

===========================================================================
[State1] States/Parameters: No.61
 (1)Initial dis.:
-0.891, -0.366, 0.223, 1.586, -0.487, -0.132, 0.078, -0.551, 0.308, -0.011, 1.160, 0.224, -0.009, 0.437, -0.998, -0.764
       ↓ <<< Option Func.
 (2)Prior distr.:
-0.891, -0.366, 0.223, 1.586, -0.487, -0.132, 0.078, -0.551, 0.308, -0.011, 1.160, 0.224, -0.009, 0.437, -0.998, -0.764
       ↓ <<< Likelihood
 (3)Resampled d.:
0.000, -0.132, -0.132, -0.132, -0.132, -0.132, -0.132, -0.132, -0.132, -0.009, -0.009, -0.009, -0.009, -0.009, -0.009, -0.009
       ↓ <<< System noise
 (4)Posterior d.:
0.005, -0.132, -0.245, -0.043, -0.062, 0.326, 0.077, 0.523, 0.180, -0.361, 0.064, 0.456, -0.691, -0.482, 0.144, -1.355

---------------------------------------------------------------------------
[State2] States/Parameters: No.62
 (1)Initial dis.:
-0.891, -0.366, -0.498, 1.568, -0.557, -0.202, 0.008, -0.621, -0.285, -0.604, 0.226, 0.176, -0.057, 0.389, -0.414, -0.180
       ↓ <<< Option Func.
 (2)Prior distr.:
-0.891, -0.366, -0.498, 1.568, -0.557, -0.202, 0.008, -0.621, -0.285, -0.604, 0.226, 0.176, -0.057, 0.389, -0.414, -0.180
       ↓ <<< Likelihood
 (3)Resampled d.:
0.000, -0.202, -0.202, -0.202, -0.202, -0.202, -0.202, -0.202, -0.202, -0.057, -0.057, -0.057, -0.057, -0.057, -0.057, -0.057
       ↓ <<< System noise
 (4)Posterior d.:
0.005, -0.202, -0.315, -0.113, -0.132, 0.256, 0.007, 0.454, 0.110, -0.409, 0.016, 0.408, -0.740, -0.530, 0.096, -1.404

---------------------------------------------------------------------------
