===========================================================================
Calculated datetime :202508060000
===========================================================================
Prediction station  :N.1

---------------------------------------------------------------------------
Likelihood_Prior    :
0.495, 0.031, 0.029, 0.021, 0.021, 0.025, 0.019, 0.023, 0.032, 0.019, 0.020, 0.048, 0.028, 0.116, 0.048, 0.025
     ↓↓↓
Likelihood_Posterior:
0.435, 0.000, 0.000, 0.000, 0.057, 0.000, 0.000, 0.000, 0.000, 0.000, 0.000, 0.000, 0.000, 0.509, 0.000, 0.000

---------------------------------------------------------------------------
Resampling_Posterior:
1, 1, 1, 1, 1, 1, 1, 5, 14, 14, 14, 14, 14, 14, 14, 14
               └≫ Best particle: #14

===========================================================================
[State1] States/Parameters: No.61
 (1)Initial dis.:
-0.489, -0.063, 0.001, -0.019, 0.289, -0.189, -0.124, 0.007, -0.185, -0.129, -0.187, -0.115, -0.021, -0.559, -0.285, -0.137
       ↓ <<< Option Func.
 (2)Prior distr.:
-0.489, -0.063, 0.001, -0.019, 0.289, -0.189, -0.124, 0.007, -0.185, -0.129, -0.187, -0.115, -0.021, -0.559, -0.285, -0.137
       ↓ <<< Likelihood
 (3)Resampled d.:
0.000, -0.489, -0.489, -0.489, -0.489, -0.489, -0.489, 0.289, -0.559, -0.559, -0.559, -0.559, -0.559, -0.559, -0.559, -0.559
       ↓ <<< System noise
 (4)Posterior d.:
-0.029, -0.489, -0.797, -0.628, -0.383, -0.888, -0.459, 0.064, -0.610, -0.508, -0.462, -0.464, -0.491, -0.606, -0.957, -0.547

---------------------------------------------------------------------------
[State2] States/Parameters: No.62
 (1)Initial dis.:
-0.489, -0.063, 0.001, -0.019, 0.289, -0.189, -0.124, 0.007, -0.185, -0.129, -0.187, -0.115, -0.021, -0.559, -0.285, -0.137
       ↓ <<< Option Func.
 (2)Prior distr.:
-0.489, -0.063, 0.001, -0.019, 0.289, -0.189, -0.124, 0.007, -0.185, -0.129, -0.187, -0.115, -0.021, -0.559, -0.285, -0.137
       ↓ <<< Likelihood
 (3)Resampled d.:
0.000, -0.489, -0.489, -0.489, -0.489, -0.489, -0.489, 0.289, -0.559, -0.559, -0.559, -0.559, -0.559, -0.559, -0.559, -0.559
       ↓ <<< System noise
 (4)Posterior d.:
-0.029, -0.489, -0.797, -0.628, -0.383, -0.888, -0.459, 0.064, -0.610, -0.508, -0.462, -0.464, -0.491, -0.606, -0.957, -0.547

---------------------------------------------------------------------------
