===========================================================================
Calculated datetime :202507080000
===========================================================================
Prediction station  :N.1

---------------------------------------------------------------------------
Likelihood_Prior    :
0.000, 0.012, 0.244, 0.020, 0.005, 0.066, 0.000, 0.000, 0.065, 0.065, 0.059, 0.071, 0.096, 0.150, 0.073, 0.073
     ↓↓↓
Likelihood_Posterior:
0.026, 0.095, 0.013, 0.011, 0.095, 0.093, 0.073, 0.068, 0.095, 0.068, 0.094, 0.057, 0.027, 0.082, 0.093, 0.010

---------------------------------------------------------------------------
Resampling_Posterior:
1, 2, 2, 5, 5, 6, 7, 8, 9, 9, 10, 11, 11, 12, 14, 15
               └≫ Best particle: #5

===========================================================================
[State1] States/Parameters: No.61
 (1)Initial dis.:
0.156, -0.507, -0.800, -0.366, -0.496, 0.480, 0.302, 0.337, 0.508, 0.357, -0.576, -0.672, -1.018, -0.624, -0.456, -0.343
       ↓ <<< Option Func.
 (2)Prior distr.:
0.156, -0.507, -0.800, -0.366, -0.496, 0.480, 0.302, 0.337, 0.508, 0.357, -0.576, -0.672, -1.018, -0.624, -0.456, -0.343
       ↓ <<< Likelihood
 (3)Resampled d.:
0.000, -0.507, -0.507, -0.496, -0.496, 0.480, 0.302, 0.337, 0.508, 0.508, 0.357, -0.576, -0.576, -0.672, -0.624, -0.456
       ↓ <<< System noise
 (4)Posterior d.:
0.313, -0.507, -0.193, -0.535, -0.862, 0.322, 0.402, 0.654, 0.469, 0.432, 0.298, -0.551, -0.559, -0.764, -0.625, -0.285

---------------------------------------------------------------------------
[State2] States/Parameters: No.62
 (1)Initial dis.:
0.156, -0.507, -0.800, -0.366, -0.496, 0.480, 0.302, 0.337, 0.508, 0.357, -0.621, -0.718, -1.063, -0.669, -0.501, -0.389
       ↓ <<< Option Func.
 (2)Prior distr.:
0.156, -0.507, -0.800, -0.366, -0.496, 0.480, 0.302, 0.337, 0.508, 0.357, -0.621, -0.718, -1.063, -0.669, -0.501, -0.389
       ↓ <<< Likelihood
 (3)Resampled d.:
0.000, -0.507, -0.507, -0.496, -0.496, 0.480, 0.302, 0.337, 0.508, 0.508, 0.357, -0.621, -0.621, -0.718, -0.669, -0.501
       ↓ <<< System noise
 (4)Posterior d.:
0.313, -0.507, -0.193, -0.535, -0.862, 0.322, 0.402, 0.654, 0.469, 0.432, 0.298, -0.596, -0.605, -0.809, -0.671, -0.331

---------------------------------------------------------------------------
