===========================================================================
Calculated datetime :202507260000
===========================================================================
Prediction station  :N.1

---------------------------------------------------------------------------
Likelihood_Prior    :
0.000, 0.000, 0.000, 0.001, 0.000, 0.000, 0.000, 0.028, 0.000, 0.204, 0.767, 0.000, 0.000, 0.000, 0.000, 0.000
     ↓↓↓
Likelihood_Posterior:
0.375, 0.000, 0.000, 0.000, 0.000, 0.000, 0.000, 0.000, 0.570, 0.000, 0.000, 0.000, 0.000, 0.000, 0.038, 0.018

---------------------------------------------------------------------------
Resampling_Posterior:
1, 1, 1, 1, 1, 1, 9, 9, 9, 9, 9, 9, 9, 9, 9, 9
               └≫ Best particle: #9

===========================================================================
[State1] States/Parameters: No.61
 (1)Initial dis.:
-0.076, -0.226, -0.358, -0.434, 0.312, -0.221, -0.185, -0.191, -0.087, 0.086, 0.010, -0.421, 0.159, -0.180, -0.102, -0.121
       ↓ <<< Option Func.
 (2)Prior distr.:
-0.076, -0.226, -0.358, -0.434, 0.312, -0.221, -0.185, -0.191, -0.087, 0.086, 0.010, -0.421, 0.159, -0.180, -0.102, -0.121
       ↓ <<< Likelihood
 (3)Resampled d.:
0.000, -0.076, -0.076, -0.076, -0.076, -0.076, -0.087, -0.087, -0.087, -0.087, -0.087, -0.087, -0.087, -0.087, -0.087, -0.087
       ↓ <<< System noise
 (4)Posterior d.:
0.072, -0.076, -0.081, -0.203, 0.211, -0.101, 0.181, -0.304, -0.035, 0.201, 0.101, -0.093, 0.055, -0.055, -0.346, 0.354

---------------------------------------------------------------------------
[State2] States/Parameters: No.62
 (1)Initial dis.:
-0.076, -0.226, -0.358, -0.434, 0.312, -0.221, -0.185, -0.191, -0.087, 0.086, 0.010, -0.421, 0.159, -0.180, -0.102, -0.121
       ↓ <<< Option Func.
 (2)Prior distr.:
-0.076, -0.226, -0.358, -0.434, 0.312, -0.221, -0.185, -0.191, -0.087, 0.086, 0.010, -0.421, 0.159, -0.180, -0.102, -0.121
       ↓ <<< Likelihood
 (3)Resampled d.:
0.000, -0.076, -0.076, -0.076, -0.076, -0.076, -0.087, -0.087, -0.087, -0.087, -0.087, -0.087, -0.087, -0.087, -0.087, -0.087
       ↓ <<< System noise
 (4)Posterior d.:
0.072, -0.076, -0.081, -0.203, 0.211, -0.101, 0.181, -0.304, -0.035, 0.201, 0.101, -0.093, 0.055, -0.055, -0.346, 0.354

---------------------------------------------------------------------------
