===========================================================================
Calculated datetime :202208130000
===========================================================================
Prediction station  :N.1

---------------------------------------------------------------------------
Likelihood_Prior    :
0.000, 0.000, 0.000, 0.877, 0.000, 0.000, 0.000, 0.000, 0.000, 0.000, 0.000, 0.026, 0.000, 0.098, 0.000, 0.000
     ↓↓↓
Likelihood_Posterior:
0.000, 0.000, 0.000, 0.000, 0.000, 0.000, 0.000, 0.000, 0.000, 0.000, 0.000, 0.001, 0.000, 0.000, 0.000, 0.999

---------------------------------------------------------------------------
Resampling_Posterior:
1, 16, 16, 16, 16, 16, 16, 16, 16, 16, 16, 16, 16, 16, 16, 16
               └≫ Best particle: #16

===========================================================================
[State1] States/Parameters: No.61
 (1)Initial dis.:
0.370, -0.139, -0.209, -0.221, -0.208, 0.052, -0.230, -0.001, -0.286, -0.311, 0.372, -0.552, -0.308, 0.024, -0.391, -0.596
       ↓ <<< Option Func.
 (2)Prior distr.:
0.370, -0.139, -0.209, -0.221, -0.208, 0.052, -0.230, -0.001, -0.286, -0.311, 0.372, -0.552, -0.308, 0.024, -0.391, -0.596
       ↓ <<< Likelihood
 (3)Resampled d.:
0.000, -0.596, -0.596, -0.596, -0.596, -0.596, -0.596, -0.596, -0.596, -0.596, -0.596, -0.596, -0.596, -0.596, -0.596, -0.596
       ↓ <<< System noise
 (4)Posterior d.:
0.139, -0.596, -0.436, -0.730, -0.625, -0.807, -0.669, -0.657, -0.261, -0.790, -0.706, -0.344, -0.972, -0.437, -0.585, -0.339

---------------------------------------------------------------------------
[State2] States/Parameters: No.62
 (1)Initial dis.:
0.370, -0.139, -0.209, -0.221, -0.208, 0.052, -0.230, -0.001, -0.286, -0.311, 0.372, -0.552, -0.308, 0.024, -0.391, -0.596
       ↓ <<< Option Func.
 (2)Prior distr.:
0.370, -0.139, -0.209, -0.221, -0.208, 0.052, -0.230, -0.001, -0.286, -0.311, 0.372, -0.552, -0.308, 0.024, -0.391, -0.596
       ↓ <<< Likelihood
 (3)Resampled d.:
0.000, -0.596, -0.596, -0.596, -0.596, -0.596, -0.596, -0.596, -0.596, -0.596, -0.596, -0.596, -0.596, -0.596, -0.596, -0.596
       ↓ <<< System noise
 (4)Posterior d.:
0.139, -0.596, -0.436, -0.730, -0.625, -0.807, -0.669, -0.657, -0.261, -0.790, -0.706, -0.344, -0.972, -0.437, -0.585, -0.339

---------------------------------------------------------------------------
