===========================================================================
Calculated datetime :202208260000
===========================================================================
Prediction station  :N.1

---------------------------------------------------------------------------
Likelihood_Prior    :
0.000, 0.063, 0.005, 0.011, 0.335, 0.027, 0.140, 0.000, 0.008, 0.009, 0.010, 0.007, 0.030, 0.338, 0.007, 0.010
     ↓↓↓
Likelihood_Posterior:
0.022, 0.011, 0.056, 0.000, 0.213, 0.180, 0.164, 0.006, 0.000, 0.000, 0.000, 0.013, 0.000, 0.001, 0.207, 0.128

---------------------------------------------------------------------------
Resampling_Posterior:
1, 3, 5, 5, 5, 6, 6, 6, 7, 7, 7, 15, 15, 15, 16, 16
               └≫ Best particle: #5

===========================================================================
[State1] States/Parameters: No.61
 (1)Initial dis.:
-0.229, -0.737, -1.091, -1.343, -0.942, -1.033, -0.895, -0.718, -1.364, -1.468, -1.266, -1.143, -0.532, -0.671, -1.012, -0.860
       ↓ <<< Option Func.
 (2)Prior distr.:
-0.229, -0.737, -1.091, -1.343, -0.942, -1.033, -0.895, -0.718, -1.364, -1.468, -1.266, -1.143, -0.532, -0.671, -1.012, -0.860
       ↓ <<< Likelihood
 (3)Resampled d.:
0.000, -1.091, -0.942, -0.942, -0.942, -1.033, -1.033, -1.033, -0.895, -0.895, -0.895, -1.012, -1.012, -1.012, -0.860, -0.860
       ↓ <<< System noise
 (4)Posterior d.:
0.165, -1.091, -0.963, -0.916, -1.573, -1.316, -0.906, -0.904, -0.910, -0.653, -0.609, -1.110, -1.188, -1.004, -0.857, -0.563

---------------------------------------------------------------------------
[State2] States/Parameters: No.62
 (1)Initial dis.:
-0.229, -0.737, -1.091, -1.343, -0.942, -1.033, -0.895, -0.718, -1.364, -1.468, -1.266, -1.143, -0.532, -0.671, -1.012, -0.860
       ↓ <<< Option Func.
 (2)Prior distr.:
-0.229, -0.737, -1.091, -1.343, -0.942, -1.033, -0.895, -0.718, -1.364, -1.468, -1.266, -1.143, -0.532, -0.671, -1.012, -0.860
       ↓ <<< Likelihood
 (3)Resampled d.:
0.000, -1.091, -0.942, -0.942, -0.942, -1.033, -1.033, -1.033, -0.895, -0.895, -0.895, -1.012, -1.012, -1.012, -0.860, -0.860
       ↓ <<< System noise
 (4)Posterior d.:
0.165, -1.091, -0.963, -0.916, -1.573, -1.316, -0.906, -0.904, -0.910, -0.653, -0.609, -1.110, -1.188, -1.004, -0.857, -0.563

---------------------------------------------------------------------------
