===========================================================================
Calculated datetime :202208120000
===========================================================================
Prediction station  :N.1

---------------------------------------------------------------------------
Likelihood_Prior    :
0.000, 0.152, 0.266, 0.152, 0.000, 0.000, 0.005, 0.005, 0.091, 0.039, 0.095, 0.022, 0.064, 0.000, 0.001, 0.108
     ↓↓↓
Likelihood_Posterior:
0.000, 0.000, 0.000, 0.877, 0.000, 0.000, 0.000, 0.000, 0.000, 0.000, 0.000, 0.026, 0.000, 0.098, 0.000, 0.000

---------------------------------------------------------------------------
Resampling_Posterior:
1, 4, 4, 4, 4, 4, 4, 4, 4, 4, 4, 4, 4, 4, 4, 14
               └≫ Best particle: #4

===========================================================================
[State1] States/Parameters: No.61
 (1)Initial dis.:
0.310, -0.512, -0.501, -0.139, -0.669, -0.370, -0.006, -0.401, -0.584, -0.570, -0.291, -0.116, -0.233, -0.195, -0.424, -0.666
       ↓ <<< Option Func.
 (2)Prior distr.:
0.310, -0.512, -0.501, -0.139, -0.669, -0.370, -0.006, -0.401, -0.584, -0.570, -0.291, -0.116, -0.233, -0.195, -0.424, -0.666
       ↓ <<< Likelihood
 (3)Resampled d.:
0.000, -0.139, -0.139, -0.139, -0.139, -0.139, -0.139, -0.139, -0.139, -0.139, -0.139, -0.139, -0.139, -0.139, -0.139, -0.195
       ↓ <<< System noise
 (4)Posterior d.:
0.370, -0.139, -0.209, -0.221, -0.208, 0.052, -0.230, -0.001, -0.286, -0.311, 0.372, -0.552, -0.308, 0.024, -0.391, -0.596

---------------------------------------------------------------------------
[State2] States/Parameters: No.62
 (1)Initial dis.:
0.310, -0.512, -0.501, -0.139, -0.669, -0.370, -0.006, -0.401, -0.584, -0.570, -0.291, -0.116, -0.233, -0.195, -0.424, -0.666
       ↓ <<< Option Func.
 (2)Prior distr.:
0.310, -0.512, -0.501, -0.139, -0.669, -0.370, -0.006, -0.401, -0.584, -0.570, -0.291, -0.116, -0.233, -0.195, -0.424, -0.666
       ↓ <<< Likelihood
 (3)Resampled d.:
0.000, -0.139, -0.139, -0.139, -0.139, -0.139, -0.139, -0.139, -0.139, -0.139, -0.139, -0.139, -0.139, -0.139, -0.139, -0.195
       ↓ <<< System noise
 (4)Posterior d.:
0.370, -0.139, -0.209, -0.221, -0.208, 0.052, -0.230, -0.001, -0.286, -0.311, 0.372, -0.552, -0.308, 0.024, -0.391, -0.596

---------------------------------------------------------------------------
