===========================================================================
Calculated datetime :202208210000
===========================================================================
Prediction station  :N.1

---------------------------------------------------------------------------
Likelihood_Prior    :
0.009, 0.059, 0.070, 0.059, 0.069, 0.076, 0.060, 0.069, 0.066, 0.061, 0.063, 0.060, 0.079, 0.059, 0.080, 0.060
     ↓↓↓
Likelihood_Posterior:
0.000, 0.000, 0.018, 0.000, 0.000, 0.000, 0.000, 0.000, 0.000, 0.033, 0.000, 0.000, 0.000, 0.000, 0.948, 0.000

---------------------------------------------------------------------------
Resampling_Posterior:
1, 15, 15, 15, 15, 15, 15, 15, 15, 15, 15, 15, 15, 15, 15, 15
               └≫ Best particle: #15

===========================================================================
[State1] States/Parameters: No.61
 (1)Initial dis.:
0.010, 0.515, 0.958, -0.069, 1.229, 1.187, 0.664, 0.651, 0.715, 0.996, 0.868, 0.402, 1.268, 0.488, 0.995, 0.496
       ↓ <<< Option Func.
 (2)Prior distr.:
0.010, 0.515, 0.958, -0.069, 1.229, 1.187, 0.664, 0.651, 0.715, 0.996, 0.868, 0.402, 1.268, 0.488, 0.995, 0.496
       ↓ <<< Likelihood
 (3)Resampled d.:
0.000, 0.995, 0.995, 0.995, 0.995, 0.995, 0.995, 0.995, 0.995, 0.995, 0.995, 0.995, 0.995, 0.995, 0.995, 0.995
       ↓ <<< System noise
 (4)Posterior d.:
0.062, 0.995, 0.966, 1.081, 1.697, 1.047, 1.064, 1.087, 1.074, 0.811, 0.712, 0.903, 0.926, 1.024, 1.274, 0.637

---------------------------------------------------------------------------
[State2] States/Parameters: No.62
 (1)Initial dis.:
0.010, 0.635, 1.077, 0.050, 1.348, 1.307, 0.784, 0.771, 0.834, 1.115, 1.013, 0.548, 1.414, 0.634, 1.141, 0.642
       ↓ <<< Option Func.
 (2)Prior distr.:
0.010, 0.635, 1.077, 0.050, 1.348, 1.307, 0.784, 0.771, 0.834, 1.115, 1.013, 0.548, 1.414, 0.634, 1.141, 0.642
       ↓ <<< Likelihood
 (3)Resampled d.:
0.000, 1.141, 1.141, 1.141, 1.141, 1.141, 1.141, 1.141, 1.141, 1.141, 1.141, 1.141, 1.141, 1.141, 1.141, 1.141
       ↓ <<< System noise
 (4)Posterior d.:
0.062, 1.141, 1.111, 1.227, 1.843, 1.193, 1.210, 1.233, 1.220, 0.957, 0.858, 1.049, 1.072, 1.170, 1.420, 0.782

---------------------------------------------------------------------------
