===========================================================================
Calculated datetime :202208150000
===========================================================================
Prediction station  :N.1

---------------------------------------------------------------------------
Likelihood_Prior    :
0.057, 0.088, 0.032, 0.215, 0.013, 0.008, 0.024, 0.033, 0.083, 0.096, 0.008, 0.032, 0.012, 0.083, 0.187, 0.028
     ↓↓↓
Likelihood_Posterior:
0.000, 0.113, 0.006, 0.098, 0.000, 0.103, 0.109, 0.128, 0.053, 0.004, 0.103, 0.000, 0.118, 0.000, 0.070, 0.095

---------------------------------------------------------------------------
Resampling_Posterior:
1, 2, 2, 4, 6, 7, 7, 8, 8, 9, 11, 11, 13, 13, 15, 16
               └≫ Best particle: #8

===========================================================================
[State1] States/Parameters: No.61
 (1)Initial dis.:
-0.111, -0.655, -0.414, -0.766, -0.370, -0.744, -0.545, -0.962, -1.100, -1.230, -0.905, -1.304, -0.604, -0.323, -1.094, -0.875
       ↓ <<< Option Func.
 (2)Prior distr.:
-0.111, -0.655, -0.414, -0.766, -0.370, -0.744, -0.545, -0.962, -1.100, -1.230, -0.905, -1.304, -0.604, -0.323, -1.094, -0.875
       ↓ <<< Likelihood
 (3)Resampled d.:
0.000, -0.655, -0.655, -0.766, -0.744, -0.545, -0.545, -0.962, -0.962, -1.100, -0.905, -0.905, -0.604, -0.604, -1.094, -0.875
       ↓ <<< System noise
 (4)Posterior d.:
0.027, -0.655, -0.756, -0.666, -0.377, -0.189, -0.149, -1.311, -1.078, -1.183, -0.753, -0.434, -1.037, -1.141, -0.420, -0.728

---------------------------------------------------------------------------
[State2] States/Parameters: No.62
 (1)Initial dis.:
-0.111, -0.655, -0.414, -0.766, -0.370, -0.744, -0.545, -0.962, -1.100, -1.230, -0.905, -1.304, -0.604, -0.323, -1.094, -0.875
       ↓ <<< Option Func.
 (2)Prior distr.:
-0.111, -0.655, -0.414, -0.766, -0.370, -0.744, -0.545, -0.962, -1.100, -1.230, -0.905, -1.304, -0.604, -0.323, -1.094, -0.875
       ↓ <<< Likelihood
 (3)Resampled d.:
0.000, -0.655, -0.655, -0.766, -0.744, -0.545, -0.545, -0.962, -0.962, -1.100, -0.905, -0.905, -0.604, -0.604, -1.094, -0.875
       ↓ <<< System noise
 (4)Posterior d.:
0.027, -0.655, -0.756, -0.666, -0.377, -0.189, -0.149, -1.311, -1.078, -1.183, -0.753, -0.434, -1.037, -1.141, -0.420, -0.728

---------------------------------------------------------------------------
