*********2025/08/29 00:25:07*********
OK! >>> [ObsData]
OK! >>> [ObsData > Discharge]
OK! >>> [ObsData > Rainfall]
NG! >>> [ObsData > Rainfall > RainJ] (e.g., Is "JmaJ" folder name old version??)!
NG! >>> [ObsData > Rainfall > JmaY] *Not required depend on your condtions!
OK! >>> [ObsData > River]
OK! >>> [ObsData > WaterLevel]
NG! >>> [Particle]
NG! >>> [Particle > InitialConditions]
NG! >>> [Particle > Particle##########]
NG! >>> [Particle > Particle##########]
NG! >>> [Particle > Particle##########]
NG! >>> [Particle > Particle##########]
NG! >>> [Particle > Particle##########]
NG! >>> [Particle > Particle##########]
NG! >>> [Particle > Particle##########]
NG! >>> [Particle > Particle##########]
NG! >>> [Particle > Particle##########]
NG! >>> [Particle > Particle##########]
NG! >>> [Particle > Particle##########]
NG! >>> [Particle > Particle##########]
NG! >>> [Particle > Particle##########]
NG! >>> [Particle > Particle##########]
NG! >>> [Particle > Particle##########]
NG! >>> [Particle > Particle##########]
[Results] >>> NG: Making Result directory...
[Results] >>> NG: Making Result directory...