===========================================================================
Calculated datetime :202209080000
===========================================================================
Prediction station  :N.1

---------------------------------------------------------------------------
Likelihood_Prior    :
0.000, 0.000, 0.000, 1.000, 0.000, 0.000, 0.000, 0.000, 0.000, 0.000, 0.000, 0.000, 0.000, 0.000, 0.000, 0.000
     ↓↓↓
Likelihood_Posterior:
0.000, 0.001, 0.000, 0.006, 0.003, 0.835, 0.124, 0.008, 0.015, 0.000, 0.000, 0.004, 0.000, 0.000, 0.005, 0.000

---------------------------------------------------------------------------
Resampling_Posterior:
1, 6, 6, 6, 6, 6, 6, 6, 6, 6, 6, 6, 6, 6, 7, 7
               └≫ Best particle: #6

===========================================================================
[State1] States/Parameters: No.61
 (1)Initial dis.:
0.137, 0.367, 0.301, 0.606, 0.433, -0.313, 0.519, 0.623, 0.420, 0.263, 0.325, 0.596, 0.830, 0.122, 0.471, 0.346
       ↓ <<< Option Func.
 (2)Prior distr.:
0.137, 0.367, 0.301, 0.606, 0.433, -0.313, 0.519, 0.623, 0.420, 0.263, 0.325, 0.596, 0.830, 0.122, 0.471, 0.346
       ↓ <<< Likelihood
 (3)Resampled d.:
0.000, -0.313, -0.313, -0.313, -0.313, -0.313, -0.313, -0.313, -0.313, -0.313, -0.313, -0.313, -0.313, -0.313, 0.519, 0.519
       ↓ <<< System noise
 (4)Posterior d.:
-0.489, -0.313, -0.305, -0.231, -0.008, 0.028, -0.368, -0.120, -0.310, -0.988, -0.092, -0.295, -0.535, -0.117, 0.739, 1.075

---------------------------------------------------------------------------
[State2] States/Parameters: No.62
 (1)Initial dis.:
0.137, 0.367, 0.301, 0.606, 0.433, -0.313, 0.519, 0.623, 0.420, 0.263, 0.325, 0.596, 0.830, 0.122, 0.471, 0.346
       ↓ <<< Option Func.
 (2)Prior distr.:
0.137, 0.367, 0.301, 0.606, 0.433, -0.313, 0.519, 0.623, 0.420, 0.263, 0.325, 0.596, 0.830, 0.122, 0.471, 0.346
       ↓ <<< Likelihood
 (3)Resampled d.:
0.000, -0.313, -0.313, -0.313, -0.313, -0.313, -0.313, -0.313, -0.313, -0.313, -0.313, -0.313, -0.313, -0.313, 0.519, 0.519
       ↓ <<< System noise
 (4)Posterior d.:
-0.489, -0.313, -0.305, -0.231, -0.008, 0.028, -0.368, -0.120, -0.310, -0.988, -0.092, -0.295, -0.535, -0.117, 0.739, 1.075

---------------------------------------------------------------------------
