===========================================================================
Calculated datetime :202209110000
===========================================================================
Prediction station  :N.1

---------------------------------------------------------------------------
Likelihood_Prior    :
0.047, 0.002, 0.136, 0.001, 0.357, 0.005, 0.001, 0.001, 0.001, 0.245, 0.001, 0.016, 0.154, 0.001, 0.004, 0.030
     ↓↓↓
Likelihood_Posterior:
0.062, 0.146, 0.132, 0.072, 0.123, 0.016, 0.059, 0.089, 0.000, 0.001, 0.066, 0.000, 0.066, 0.045, 0.115, 0.006

---------------------------------------------------------------------------
Resampling_Posterior:
1, 2, 2, 2, 3, 3, 4, 5, 5, 7, 8, 11, 13, 14, 15, 15
               └≫ Best particle: #2

===========================================================================
[State1] States/Parameters: No.61
 (1)Initial dis.:
0.040, 0.340, 0.360, 0.248, 0.801, 0.432, 0.111, 0.280, 0.959, 0.472, 0.399, -0.315, 0.399, 0.667, 0.709, 0.605
       ↓ <<< Option Func.
 (2)Prior distr.:
0.040, 0.340, 0.360, 0.248, 0.801, 0.432, 0.111, 0.280, 0.959, 0.472, 0.399, -0.315, 0.399, 0.667, 0.709, 0.605
       ↓ <<< Likelihood
 (3)Resampled d.:
0.000, 0.340, 0.340, 0.340, 0.360, 0.360, 0.248, 0.801, 0.801, 0.111, 0.280, 0.399, 0.399, 0.667, 0.709, 0.709
       ↓ <<< System noise
 (4)Posterior d.:
0.075, 0.340, 0.818, 0.360, 0.642, 0.275, 0.211, 0.666, 0.623, -0.080, 0.698, 0.437, 0.174, 0.762, 0.693, 0.515

---------------------------------------------------------------------------
[State2] States/Parameters: No.62
 (1)Initial dis.:
0.040, 0.340, 0.360, 0.248, 0.801, 0.432, 0.111, 0.280, 0.959, 0.472, 0.399, -0.315, 0.399, 0.667, 0.709, 0.605
       ↓ <<< Option Func.
 (2)Prior distr.:
0.040, 0.340, 0.360, 0.248, 0.801, 0.432, 0.111, 0.280, 0.959, 0.472, 0.399, -0.315, 0.399, 0.667, 0.709, 0.605
       ↓ <<< Likelihood
 (3)Resampled d.:
0.000, 0.340, 0.340, 0.340, 0.360, 0.360, 0.248, 0.801, 0.801, 0.111, 0.280, 0.399, 0.399, 0.667, 0.709, 0.709
       ↓ <<< System noise
 (4)Posterior d.:
0.075, 0.340, 0.818, 0.360, 0.642, 0.275, 0.211, 0.666, 0.623, -0.080, 0.698, 0.437, 0.174, 0.762, 0.693, 0.515

---------------------------------------------------------------------------
