===========================================================================
Calculated datetime :202207230000
===========================================================================
Prediction station  :N.1

---------------------------------------------------------------------------
Likelihood_Prior    :
0.033, 0.034, 0.045, 0.016, 0.005, 0.005, 0.027, 0.065, 0.046, 0.029, 0.130, 0.142, 0.132, 0.133, 0.147, 0.009
     ↓↓↓
Likelihood_Posterior:
0.141, 0.078, 0.051, 0.009, 0.051, 0.060, 0.060, 0.050, 0.058, 0.051, 0.135, 0.043, 0.060, 0.054, 0.056, 0.043

---------------------------------------------------------------------------
Resampling_Posterior:
1, 1, 1, 2, 3, 5, 6, 7, 8, 9, 10, 11, 11, 13, 14, 15
               └≫ Best particle: #1

===========================================================================
[State1] States/Parameters: No.61
 (1)Initial dis.:
0.247, 0.306, -0.356, -0.450, 0.416, 0.618, 0.592, 0.398, 0.467, 0.261, 0.154, 0.301, 0.470, 0.431, 0.458, 0.333
       ↓ <<< Option Func.
 (2)Prior distr.:
0.247, 0.306, -0.356, -0.450, 0.416, 0.618, 0.592, 0.398, 0.467, 0.261, 0.154, 0.301, 0.470, 0.431, 0.458, 0.333
       ↓ <<< Likelihood
 (3)Resampled d.:
0.000, 0.247, 0.247, 0.306, -0.356, 0.416, 0.618, 0.592, 0.398, 0.467, 0.261, 0.154, 0.154, 0.470, 0.431, 0.458
       ↓ <<< System noise
 (4)Posterior d.:
-0.167, 0.247, 0.125, 0.528, -0.282, 0.609, 0.063, 0.445, 0.536, 0.185, 0.090, 0.317, -0.006, 0.132, 0.607, 0.328

---------------------------------------------------------------------------
[State2] States/Parameters: No.62
 (1)Initial dis.:
0.247, 0.306, -0.032, -0.126, 0.740, 0.942, 0.916, 0.722, 0.791, 0.585, 0.478, 0.625, 0.794, 0.755, 0.782, 0.657
       ↓ <<< Option Func.
 (2)Prior distr.:
0.247, 0.306, -0.032, -0.126, 0.740, 0.942, 0.916, 0.722, 0.791, 0.585, 0.478, 0.625, 0.794, 0.755, 0.782, 0.657
       ↓ <<< Likelihood
 (3)Resampled d.:
0.000, 0.247, 0.247, 0.306, -0.032, 0.740, 0.942, 0.916, 0.722, 0.791, 0.585, 0.478, 0.478, 0.794, 0.755, 0.782
       ↓ <<< System noise
 (4)Posterior d.:
-0.167, 0.247, 0.125, 0.528, 0.042, 0.933, 0.388, 0.769, 0.860, 0.509, 0.415, 0.641, 0.318, 0.456, 0.931, 0.652

---------------------------------------------------------------------------
