===========================================================================
Calculated datetime :202208050000
===========================================================================
Prediction station  :N.1

---------------------------------------------------------------------------
Likelihood_Prior    :
0.048, 0.431, 0.015, 0.000, 0.092, 0.019, 0.019, 0.067, 0.031, 0.038, 0.022, 0.005, 0.007, 0.000, 0.008, 0.197
     ↓↓↓
Likelihood_Posterior:
0.104, 0.058, 0.075, 0.096, 0.078, 0.042, 0.104, 0.025, 0.075, 0.036, 0.027, 0.035, 0.022, 0.078, 0.070, 0.074

---------------------------------------------------------------------------
Resampling_Posterior:
1, 1, 2, 3, 4, 4, 5, 5, 6, 7, 7, 9, 14, 14, 15, 16
               └≫ Best particle: #7

===========================================================================
[State1] States/Parameters: No.61
 (1)Initial dis.:
0.393, 0.076, 0.160, 0.289, 0.171, -0.204, 0.411, -0.157, -0.265, -0.195, -0.531, -0.593, -0.357, 0.174, -0.160, -0.059
       ↓ <<< Option Func.
 (2)Prior distr.:
0.393, 0.076, 0.160, 0.289, 0.171, -0.204, 0.411, -0.157, -0.265, -0.195, -0.531, -0.593, -0.357, 0.174, -0.160, -0.059
       ↓ <<< Likelihood
 (3)Resampled d.:
0.000, 0.393, 0.076, 0.160, 0.289, 0.289, 0.171, 0.171, -0.204, 0.411, 0.411, -0.265, 0.174, 0.174, -0.160, -0.059
       ↓ <<< System noise
 (4)Posterior d.:
-0.226, 0.393, -0.536, 0.045, 0.360, 0.218, -0.108, 0.119, 0.211, 0.070, 0.254, -0.163, 0.455, 0.570, -0.055, 0.268

---------------------------------------------------------------------------
[State2] States/Parameters: No.62
 (1)Initial dis.:
0.393, 0.076, 0.160, 0.289, 0.171, -0.204, 0.411, -0.157, -0.265, -0.195, 0.088, 0.026, 0.262, 0.793, 0.459, 0.560
       ↓ <<< Option Func.
 (2)Prior distr.:
0.393, 0.076, 0.160, 0.289, 0.171, -0.204, 0.411, -0.157, -0.265, -0.195, 0.088, 0.026, 0.262, 0.793, 0.459, 0.560
       ↓ <<< Likelihood
 (3)Resampled d.:
0.000, 0.393, 0.076, 0.160, 0.289, 0.289, 0.171, 0.171, -0.204, 0.411, 0.411, -0.265, 0.793, 0.793, 0.459, 0.560
       ↓ <<< System noise
 (4)Posterior d.:
-0.226, 0.393, -0.536, 0.045, 0.360, 0.218, -0.108, 0.119, 0.211, 0.070, 0.254, -0.163, 1.074, 1.189, 0.565, 0.887

---------------------------------------------------------------------------
