===========================================================================
Calculated datetime :202208160000
===========================================================================
Prediction station  :N.1

---------------------------------------------------------------------------
Likelihood_Prior    :
0.005, 0.004, 0.000, 0.921, 0.000, 0.020, 0.000, 0.015, 0.007, 0.000, 0.007, 0.019, 0.000, 0.000, 0.000, 0.000
     ↓↓↓
Likelihood_Posterior:
0.000, 0.012, 0.000, 0.000, 0.000, 0.000, 0.000, 0.000, 0.223, 0.066, 0.185, 0.151, 0.010, 0.218, 0.006, 0.129

---------------------------------------------------------------------------
Resampling_Posterior:
1, 9, 9, 9, 9, 10, 11, 11, 11, 12, 12, 14, 14, 14, 16, 16
               └≫ Best particle: #9

===========================================================================
[State1] States/Parameters: No.61
 (1)Initial dis.:
0.205, -0.377, -0.235, -0.196, -0.120, -0.086, -0.199, -0.109, -0.537, -0.830, -0.640, -0.658, -0.367, -0.590, -0.343, -0.484
       ↓ <<< Option Func.
 (2)Prior distr.:
0.205, -0.377, -0.235, -0.196, -0.120, -0.086, -0.199, -0.109, -0.537, -0.830, -0.640, -0.658, -0.367, -0.590, -0.343, -0.484
       ↓ <<< Likelihood
 (3)Resampled d.:
0.000, -0.537, -0.537, -0.537, -0.537, -0.830, -0.640, -0.640, -0.640, -0.658, -0.658, -0.590, -0.590, -0.590, -0.484, -0.484
       ↓ <<< System noise
 (4)Posterior d.:
-0.066, -0.537, -0.287, -0.688, -0.119, -0.950, -0.718, -0.639, -0.096, -0.440, -0.558, -0.834, -0.402, -0.438, -0.438, 0.024

---------------------------------------------------------------------------
[State2] States/Parameters: No.62
 (1)Initial dis.:
0.205, -0.377, -0.235, -0.196, -0.120, -0.086, -0.199, -0.109, -0.537, -0.830, -0.640, -0.658, -0.367, -0.590, -0.343, -0.484
       ↓ <<< Option Func.
 (2)Prior distr.:
0.205, -0.377, -0.235, -0.196, -0.120, -0.086, -0.199, -0.109, -0.537, -0.830, -0.640, -0.658, -0.367, -0.590, -0.343, -0.484
       ↓ <<< Likelihood
 (3)Resampled d.:
0.000, -0.537, -0.537, -0.537, -0.537, -0.830, -0.640, -0.640, -0.640, -0.658, -0.658, -0.590, -0.590, -0.590, -0.484, -0.484
       ↓ <<< System noise
 (4)Posterior d.:
-0.066, -0.537, -0.287, -0.688, -0.119, -0.950, -0.718, -0.639, -0.096, -0.440, -0.558, -0.834, -0.402, -0.438, -0.438, 0.024

---------------------------------------------------------------------------
