===========================================================================
Calculated datetime :202208160000
===========================================================================
Prediction station  :N.1

---------------------------------------------------------------------------
Likelihood_Prior    :
0.000, 0.113, 0.006, 0.098, 0.000, 0.103, 0.109, 0.128, 0.053, 0.004, 0.103, 0.000, 0.118, 0.000, 0.070, 0.095
     ↓↓↓
Likelihood_Posterior:
0.016, 0.125, 0.057, 0.120, 0.105, 0.041, 0.037, 0.002, 0.021, 0.021, 0.062, 0.139, 0.023, 0.022, 0.131, 0.079

---------------------------------------------------------------------------
Resampling_Posterior:
1, 2, 2, 3, 4, 4, 5, 5, 11, 12, 12, 12, 15, 15, 15, 16
               └≫ Best particle: #12

===========================================================================
[State1] States/Parameters: No.61
 (1)Initial dis.:
0.027, -0.655, -0.756, -0.666, -0.377, -0.189, -0.149, -1.311, -1.078, -1.183, -0.753, -0.434, -1.037, -1.141, -0.420, -0.728
       ↓ <<< Option Func.
 (2)Prior distr.:
0.027, -0.655, -0.756, -0.666, -0.377, -0.189, -0.149, -1.311, -1.078, -1.183, -0.753, -0.434, -1.037, -1.141, -0.420, -0.728
       ↓ <<< Likelihood
 (3)Resampled d.:
0.000, -0.655, -0.655, -0.756, -0.666, -0.666, -0.377, -0.377, -0.753, -0.434, -0.434, -0.434, -0.420, -0.420, -0.420, -0.728
       ↓ <<< System noise
 (4)Posterior d.:
0.101, -0.655, -0.543, -0.319, -0.500, -1.154, -0.665, -0.678, -0.549, -0.374, -0.530, -0.571, -0.012, -0.894, 0.018, -0.654

---------------------------------------------------------------------------
[State2] States/Parameters: No.62
 (1)Initial dis.:
0.027, -0.655, -0.756, -0.666, -0.377, -0.189, -0.149, -1.311, -1.078, -1.183, -0.753, -0.434, -1.037, -1.141, -0.420, -0.728
       ↓ <<< Option Func.
 (2)Prior distr.:
0.027, -0.655, -0.756, -0.666, -0.377, -0.189, -0.149, -1.311, -1.078, -1.183, -0.753, -0.434, -1.037, -1.141, -0.420, -0.728
       ↓ <<< Likelihood
 (3)Resampled d.:
0.000, -0.655, -0.655, -0.756, -0.666, -0.666, -0.377, -0.377, -0.753, -0.434, -0.434, -0.434, -0.420, -0.420, -0.420, -0.728
       ↓ <<< System noise
 (4)Posterior d.:
0.101, -0.655, -0.543, -0.319, -0.500, -1.154, -0.665, -0.678, -0.549, -0.374, -0.530, -0.571, -0.012, -0.894, 0.018, -0.654

---------------------------------------------------------------------------
