===========================================================================
Calculated datetime :202207240000
===========================================================================
Prediction station  :N.1

---------------------------------------------------------------------------
Likelihood_Prior    :
0.141, 0.078, 0.051, 0.009, 0.051, 0.060, 0.060, 0.050, 0.058, 0.051, 0.135, 0.043, 0.060, 0.054, 0.056, 0.043
     ↓↓↓
Likelihood_Posterior:
0.078, 0.125, 0.129, 0.012, 0.056, 0.032, 0.058, 0.055, 0.044, 0.081, 0.066, 0.057, 0.039, 0.079, 0.032, 0.056

---------------------------------------------------------------------------
Resampling_Posterior:
1, 2, 2, 2, 3, 3, 3, 5, 7, 8, 9, 10, 11, 12, 14, 16
               └≫ Best particle: #3

===========================================================================
[State1] States/Parameters: No.61
 (1)Initial dis.:
-0.167, 0.247, 0.125, 0.528, -0.282, 0.609, 0.063, 0.445, 0.536, 0.185, 0.090, 0.317, -0.006, 0.132, 0.607, 0.328
       ↓ <<< Option Func.
 (2)Prior distr.:
-0.167, 0.247, 0.125, 0.528, -0.282, 0.609, 0.063, 0.445, 0.536, 0.185, 0.090, 0.317, -0.006, 0.132, 0.607, 0.328
       ↓ <<< Likelihood
 (3)Resampled d.:
0.000, 0.247, 0.247, 0.247, 0.125, 0.125, 0.125, -0.282, 0.063, 0.445, 0.536, 0.185, 0.090, 0.317, 0.132, 0.328
       ↓ <<< System noise
 (4)Posterior d.:
0.016, 0.247, 0.627, 0.355, -0.130, 0.007, 0.439, 0.159, 0.114, 0.137, 0.104, 0.090, 0.187, 0.132, 0.296, 0.292

---------------------------------------------------------------------------
[State2] States/Parameters: No.62
 (1)Initial dis.:
-0.167, 0.247, 0.125, 0.528, 0.042, 0.933, 0.388, 0.769, 0.860, 0.509, 0.415, 0.641, 0.318, 0.456, 0.931, 0.652
       ↓ <<< Option Func.
 (2)Prior distr.:
-0.167, 0.247, 0.125, 0.528, 0.042, 0.933, 0.388, 0.769, 0.860, 0.509, 0.415, 0.641, 0.318, 0.456, 0.931, 0.652
       ↓ <<< Likelihood
 (3)Resampled d.:
0.000, 0.247, 0.247, 0.247, 0.125, 0.125, 0.125, 0.042, 0.388, 0.769, 0.860, 0.509, 0.415, 0.641, 0.456, 0.652
       ↓ <<< System noise
 (4)Posterior d.:
0.016, 0.247, 0.627, 0.355, -0.130, 0.007, 0.439, 0.483, 0.438, 0.461, 0.428, 0.414, 0.511, 0.456, 0.620, 0.617

---------------------------------------------------------------------------
