===========================================================================
Calculated datetime :202508180000
===========================================================================
Prediction station  :N.1

---------------------------------------------------------------------------
Likelihood_Prior    :
1.000, 0.000, 0.000, 0.000, 0.000, 0.000, 0.000, 0.000, 0.000, 0.000, 0.000, 0.000, 0.000, 0.000, 0.000, 0.000
     ↓↓↓
Likelihood_Posterior:
0.033, 0.060, 0.000, 0.000, 0.001, 0.283, 0.000, 0.002, 0.026, 0.288, 0.011, 0.001, 0.000, 0.001, 0.294, 0.000

---------------------------------------------------------------------------
Resampling_Posterior:
1, 2, 6, 6, 6, 6, 10, 10, 10, 10, 10, 15, 15, 15, 15, 15
               └≫ Best particle: #15

===========================================================================
[State1] States/Parameters: No.61
 (1)Initial dis.:
-0.096, 0.059, -0.276, 0.253, 0.122, 0.029, 0.161, 0.113, 0.078, -0.051, -0.128, 0.119, 0.368, 0.123, 0.002, 0.209
       ↓ <<< Option Func.
 (2)Prior distr.:
-0.096, 0.059, -0.276, 0.253, 0.122, 0.029, 0.161, 0.113, 0.078, -0.051, -0.128, 0.119, 0.368, 0.123, 0.002, 0.209
       ↓ <<< Likelihood
 (3)Resampled d.:
0.000, 0.059, 0.029, 0.029, 0.029, 0.029, -0.051, -0.051, -0.051, -0.051, -0.051, 0.002, 0.002, 0.002, 0.002, 0.002
       ↓ <<< System noise
 (4)Posterior d.:
0.290, 0.059, -0.119, -0.057, 0.106, 0.036, 0.118, -0.141, -0.009, -0.001, -0.320, -0.018, 0.054, -0.196, -0.219, 0.039

---------------------------------------------------------------------------
[State2] States/Parameters: No.62
 (1)Initial dis.:
-0.096, 0.059, -0.276, 0.253, 0.122, 0.029, 0.161, 0.113, 0.078, -0.051, -0.128, 0.119, 0.368, 0.123, 0.002, 0.209
       ↓ <<< Option Func.
 (2)Prior distr.:
-0.096, 0.059, -0.276, 0.253, 0.122, 0.029, 0.161, 0.113, 0.078, -0.051, -0.128, 0.119, 0.368, 0.123, 0.002, 0.209
       ↓ <<< Likelihood
 (3)Resampled d.:
0.000, 0.059, 0.029, 0.029, 0.029, 0.029, -0.051, -0.051, -0.051, -0.051, -0.051, 0.002, 0.002, 0.002, 0.002, 0.002
       ↓ <<< System noise
 (4)Posterior d.:
0.290, 0.059, -0.119, -0.057, 0.106, 0.036, 0.118, -0.141, -0.009, -0.001, -0.320, -0.018, 0.054, -0.196, -0.219, 0.039

---------------------------------------------------------------------------
