===========================================================================
Calculated datetime :202207240000
===========================================================================
Prediction station  :N.1

---------------------------------------------------------------------------
Likelihood_Prior    :
0.000, 0.288, 0.000, 0.214, 0.000, 0.063, 0.000, 0.000, 0.005, 0.000, 0.002, 0.225, 0.000, 0.202, 0.000, 0.000
     ↓↓↓
Likelihood_Posterior:
0.007, 0.083, 0.080, 0.061, 0.082, 0.051, 0.081, 0.080, 0.080, 0.048, 0.051, 0.080, 0.044, 0.012, 0.076, 0.085

---------------------------------------------------------------------------
Resampling_Posterior:
1, 2, 3, 4, 5, 6, 7, 8, 9, 10, 11, 12, 13, 15, 16, 16
               └≫ Best particle: #16

===========================================================================
[State1] States/Parameters: No.61
 (1)Initial dis.:
0.226, -0.190, -0.195, -0.312, -0.179, -0.346, -0.035, -0.067, -0.157, -0.362, -0.352, -0.047, 0.062, 0.201, -0.271, -0.229
       ↓ <<< Option Func.
 (2)Prior distr.:
0.226, -0.190, -0.195, -0.312, -0.179, -0.346, -0.035, -0.067, -0.157, -0.362, -0.352, -0.047, 0.062, 0.201, -0.271, -0.229
       ↓ <<< Likelihood
 (3)Resampled d.:
0.000, -0.190, -0.195, -0.312, -0.179, -0.346, -0.035, -0.067, -0.157, -0.362, -0.352, -0.047, 0.062, -0.271, -0.229, -0.229
       ↓ <<< System noise
 (4)Posterior d.:
-0.050, -0.190, -0.422, 0.286, -0.426, 0.102, -0.052, 0.066, -0.211, -0.405, -0.595, -0.303, 0.031, -0.082, 0.123, -1.099

---------------------------------------------------------------------------
[State2] States/Parameters: No.62
 (1)Initial dis.:
0.226, 0.429, 0.424, 0.307, 0.440, 0.273, 0.584, 0.552, 0.462, 0.257, 0.267, 0.572, 0.681, 0.820, 0.348, 0.390
       ↓ <<< Option Func.
 (2)Prior distr.:
0.226, 0.429, 0.424, 0.307, 0.440, 0.273, 0.584, 0.552, 0.462, 0.257, 0.267, 0.572, 0.681, 0.820, 0.348, 0.390
       ↓ <<< Likelihood
 (3)Resampled d.:
0.000, 0.429, 0.424, 0.307, 0.440, 0.273, 0.584, 0.552, 0.462, 0.257, 0.267, 0.572, 0.681, 0.348, 0.390, 0.390
       ↓ <<< System noise
 (4)Posterior d.:
-0.050, 0.429, 0.197, 0.905, 0.193, 0.721, 0.567, 0.685, 0.408, 0.214, 0.024, 0.316, 0.650, 0.537, 0.742, -0.480

---------------------------------------------------------------------------
