===========================================================================
Calculated datetime :202208210000
===========================================================================
Prediction station  :N.1

---------------------------------------------------------------------------
Likelihood_Prior    :
0.087, 0.066, 0.041, 0.041, 0.087, 0.086, 0.043, 0.041, 0.075, 0.090, 0.042, 0.039, 0.069, 0.085, 0.042, 0.066
     ↓↓↓
Likelihood_Posterior:
0.000, 0.000, 0.000, 0.000, 0.000, 0.000, 0.000, 0.000, 0.000, 0.000, 0.000, 0.000, 0.000, 0.000, 0.000, 1.000

---------------------------------------------------------------------------
Resampling_Posterior:
1, 16, 16, 16, 16, 16, 16, 16, 16, 16, 16, 16, 16, 16, 16, 16
               └≫ Best particle: #16

===========================================================================
[State1] States/Parameters: No.61
 (1)Initial dis.:
0.059, -0.057, -0.074, -0.045, 0.042, 0.144, 0.011, -1.142, -0.569, -0.251, -0.307, 0.238, -0.308, -0.222, -0.418, 0.748
       ↓ <<< Option Func.
 (2)Prior distr.:
0.059, -0.057, -0.074, -0.045, 0.042, 0.144, 0.011, -1.142, -0.569, -0.251, -0.307, 0.238, -0.308, -0.222, -0.418, 0.748
       ↓ <<< Likelihood
 (3)Resampled d.:
0.000, 0.748, 0.748, 0.748, 0.748, 0.748, 0.748, 0.748, 0.748, 0.748, 0.748, 0.748, 0.748, 0.748, 0.748, 0.748
       ↓ <<< System noise
 (4)Posterior d.:
-0.245, 0.748, 0.703, 0.933, 0.229, 0.540, 0.725, 0.608, 0.289, 0.878, 0.541, 0.591, 0.812, 0.631, 0.919, 0.569

---------------------------------------------------------------------------
[State2] States/Parameters: No.62
 (1)Initial dis.:
0.059, -0.057, -0.074, -0.045, 0.042, 0.144, 0.011, -1.142, -0.569, -0.251, -0.307, 0.238, -0.308, -0.222, -0.418, 0.748
       ↓ <<< Option Func.
 (2)Prior distr.:
0.059, -0.057, -0.074, -0.045, 0.042, 0.144, 0.011, -1.142, -0.569, -0.251, -0.307, 0.238, -0.308, -0.222, -0.418, 0.748
       ↓ <<< Likelihood
 (3)Resampled d.:
0.000, 0.748, 0.748, 0.748, 0.748, 0.748, 0.748, 0.748, 0.748, 0.748, 0.748, 0.748, 0.748, 0.748, 0.748, 0.748
       ↓ <<< System noise
 (4)Posterior d.:
-0.245, 0.748, 0.703, 0.933, 0.229, 0.540, 0.725, 0.608, 0.289, 0.878, 0.541, 0.591, 0.812, 0.631, 0.919, 0.569

---------------------------------------------------------------------------
