===========================================================================
Calculated datetime :202208010000
===========================================================================
Prediction station  :N.1

---------------------------------------------------------------------------
Likelihood_Prior    :
0.001, 0.001, 0.001, 0.013, 0.000, 0.001, 0.008, 0.001, 0.001, 0.361, 0.001, 0.000, 0.008, 0.001, 0.599, 0.000
     ↓↓↓
Likelihood_Posterior:
0.000, 0.118, 0.108, 0.034, 0.000, 0.099, 0.014, 0.099, 0.123, 0.035, 0.000, 0.128, 0.118, 0.000, 0.000, 0.123

---------------------------------------------------------------------------
Resampling_Posterior:
1, 2, 2, 3, 3, 6, 6, 8, 9, 9, 12, 12, 13, 13, 16, 16
               └≫ Best particle: #12

===========================================================================
[State1] States/Parameters: No.61
 (1)Initial dis.:
0.163, -1.272, -1.137, -1.371, -1.599, -1.049, -0.884, -1.016, -1.263, -1.365, -1.635, -1.240, -1.174, -1.551, -1.537, -1.262
       ↓ <<< Option Func.
 (2)Prior distr.:
0.163, -1.272, -1.137, -1.371, -1.599, -1.049, -0.884, -1.016, -1.263, -1.365, -1.635, -1.240, -1.174, -1.551, -1.537, -1.262
       ↓ <<< Likelihood
 (3)Resampled d.:
0.000, -1.272, -1.272, -1.137, -1.137, -1.049, -1.049, -1.016, -1.263, -1.263, -1.240, -1.240, -1.174, -1.174, -1.262, -1.262
       ↓ <<< System noise
 (4)Posterior d.:
0.258, -1.272, -1.432, -1.066, -1.112, -0.596, -0.672, -1.101, -1.414, -0.881, -1.488, -1.345, -1.500, -0.930, -1.555, -1.092

---------------------------------------------------------------------------
[State2] States/Parameters: No.62
 (1)Initial dis.:
0.163, -0.653, -0.518, -0.752, -0.980, -0.430, -0.265, -0.397, -0.644, -0.746, -1.016, -0.621, -0.555, -0.931, -0.918, -0.643
       ↓ <<< Option Func.
 (2)Prior distr.:
0.163, -0.653, -0.518, -0.752, -0.980, -0.430, -0.265, -0.397, -0.644, -0.746, -1.016, -0.621, -0.555, -0.931, -0.918, -0.643
       ↓ <<< Likelihood
 (3)Resampled d.:
0.000, -0.653, -0.653, -0.518, -0.518, -0.430, -0.430, -0.397, -0.644, -0.644, -0.621, -0.621, -0.555, -0.555, -0.643, -0.643
       ↓ <<< System noise
 (4)Posterior d.:
0.258, -0.653, -0.812, -0.447, -0.493, 0.024, -0.053, -0.482, -0.795, -0.262, -0.869, -0.726, -0.881, -0.311, -0.936, -0.473

---------------------------------------------------------------------------
