===========================================================================
Calculated datetime :202208020000
===========================================================================
Prediction station  :N.1

---------------------------------------------------------------------------
Likelihood_Prior    :
0.036, 0.071, 0.036, 0.062, 0.075, 0.033, 0.075, 0.043, 0.066, 0.075, 0.071, 0.075, 0.075, 0.063, 0.069, 0.075
     ↓↓↓
Likelihood_Posterior:
0.000, 0.753, 0.001, 0.061, 0.000, 0.167, 0.000, 0.001, 0.000, 0.000, 0.000, 0.000, 0.000, 0.000, 0.000, 0.017

---------------------------------------------------------------------------
Resampling_Posterior:
1, 2, 2, 2, 2, 2, 2, 2, 2, 2, 2, 2, 2, 4, 6, 6
               └≫ Best particle: #2

===========================================================================
[State1] States/Parameters: No.61
 (1)Initial dis.:
0.019, -0.922, -0.360, -0.656, -0.320, 0.403, -0.281, -0.751, -0.359, 0.069, -0.453, -0.469, -0.342, -0.407, -0.287, 0.254
       ↓ <<< Option Func.
 (2)Prior distr.:
0.019, -0.922, -0.360, -0.656, -0.320, 0.403, -0.281, -0.751, -0.359, 0.069, -0.453, -0.469, -0.342, -0.407, -0.287, 0.254
       ↓ <<< Likelihood
 (3)Resampled d.:
0.000, -0.922, -0.922, -0.922, -0.922, -0.922, -0.922, -0.922, -0.922, -0.922, -0.922, -0.922, -0.922, -0.656, 0.403, 0.403
       ↓ <<< System noise
 (4)Posterior d.:
-0.468, -0.922, -0.947, -1.048, -1.070, -1.050, -0.960, -0.933, -0.824, -1.117, -1.165, -0.870, -1.022, -1.021, 0.665, 0.428

---------------------------------------------------------------------------
[State2] States/Parameters: No.62
 (1)Initial dis.:
0.019, -0.922, -0.360, -0.656, 0.004, 0.728, 0.043, -0.427, -0.034, 0.393, -0.128, -0.145, -0.018, -0.083, 0.037, 0.579
       ↓ <<< Option Func.
 (2)Prior distr.:
0.019, -0.922, -0.360, -0.656, 0.004, 0.728, 0.043, -0.427, -0.034, 0.393, -0.128, -0.145, -0.018, -0.083, 0.037, 0.579
       ↓ <<< Likelihood
 (3)Resampled d.:
0.000, -0.922, -0.922, -0.922, -0.922, -0.922, -0.922, -0.922, -0.922, -0.922, -0.922, -0.922, -0.922, -0.656, 0.728, 0.728
       ↓ <<< System noise
 (4)Posterior d.:
-0.468, -0.922, -0.947, -1.048, -1.070, -1.050, -0.960, -0.933, -0.824, -1.117, -1.165, -0.870, -1.022, -1.021, 0.989, 0.752

---------------------------------------------------------------------------
