===========================================================================
Calculated datetime :202208090000
===========================================================================
Prediction station  :N.1

---------------------------------------------------------------------------
Likelihood_Prior    :
0.992, 0.000, 0.000, 0.005, 0.000, 0.000, 0.000, 0.000, 0.000, 0.000, 0.000, 0.000, 0.003, 0.000, 0.000, 0.000
     ↓↓↓
Likelihood_Posterior:
0.067, 0.068, 0.057, 0.071, 0.064, 0.055, 0.061, 0.071, 0.071, 0.061, 0.054, 0.071, 0.043, 0.056, 0.057, 0.072

---------------------------------------------------------------------------
Resampling_Posterior:
1, 2, 3, 4, 5, 6, 7, 8, 9, 10, 11, 12, 13, 14, 15, 16
               └≫ Best particle: #16

===========================================================================
[State1] States/Parameters: No.61
 (1)Initial dis.:
0.371, 0.071, -0.149, 0.111, 0.324, -0.137, 0.275, 0.119, 0.105, 0.268, -0.017, 0.107, -0.565, -0.154, 0.008, -0.354
       ↓ <<< Option Func.
 (2)Prior distr.:
0.371, 0.071, -0.149, 0.111, 0.324, -0.137, 0.275, 0.119, 0.105, 0.268, -0.017, 0.107, -0.565, -0.154, 0.008, -0.354
       ↓ <<< Likelihood
 (3)Resampled d.:
0.000, 0.071, -0.149, 0.111, 0.324, -0.137, 0.275, 0.119, 0.105, 0.268, -0.017, 0.107, -0.565, -0.154, 0.008, -0.354
       ↓ <<< System noise
 (4)Posterior d.:
0.107, 0.071, -0.010, 0.410, 0.185, -0.038, 0.615, 0.120, -0.038, 0.346, 0.071, -0.301, -0.405, -0.512, 0.233, -0.391

---------------------------------------------------------------------------
[State2] States/Parameters: No.62
 (1)Initial dis.:
0.371, 0.071, -0.149, 0.111, 0.324, -0.137, 0.275, 0.119, 0.105, 0.268, -0.017, 0.107, -0.565, -0.154, 0.008, -0.354
       ↓ <<< Option Func.
 (2)Prior distr.:
0.371, 0.071, -0.149, 0.111, 0.324, -0.137, 0.275, 0.119, 0.105, 0.268, -0.017, 0.107, -0.565, -0.154, 0.008, -0.354
       ↓ <<< Likelihood
 (3)Resampled d.:
0.000, 0.071, -0.149, 0.111, 0.324, -0.137, 0.275, 0.119, 0.105, 0.268, -0.017, 0.107, -0.565, -0.154, 0.008, -0.354
       ↓ <<< System noise
 (4)Posterior d.:
0.107, 0.071, -0.010, 0.410, 0.185, -0.038, 0.615, 0.120, -0.038, 0.346, 0.071, -0.301, -0.405, -0.512, 0.233, -0.391

---------------------------------------------------------------------------
