===========================================================================
Calculated datetime :202208190000
===========================================================================
Prediction station  :N.1

---------------------------------------------------------------------------
Likelihood_Prior    :
0.100, 0.044, 0.045, 0.100, 0.044, 0.067, 0.091, 0.041, 0.044, 0.043, 0.059, 0.099, 0.042, 0.044, 0.045, 0.094
     ↓↓↓
Likelihood_Posterior:
0.065, 0.039, 0.077, 0.060, 0.076, 0.066, 0.069, 0.077, 0.075, 0.051, 0.045, 0.075, 0.045, 0.077, 0.061, 0.044

---------------------------------------------------------------------------
Resampling_Posterior:
1, 2, 3, 4, 5, 6, 7, 8, 9, 10, 11, 12, 13, 14, 15, 16
               └≫ Best particle: #14

===========================================================================
[State1] States/Parameters: No.61
 (1)Initial dis.:
-0.140, 0.217, -0.346, -0.476, -0.326, -0.455, -1.057, -0.383, -0.263, -0.650, -0.842, -1.083, 0.040, -0.365, -0.096, 0.056
       ↓ <<< Option Func.
 (2)Prior distr.:
-0.140, 0.217, -0.346, -0.476, -0.326, -0.455, -1.057, -0.383, -0.263, -0.650, -0.842, -1.083, 0.040, -0.365, -0.096, 0.056
       ↓ <<< Likelihood
 (3)Resampled d.:
0.000, 0.217, -0.346, -0.476, -0.326, -0.455, -1.057, -0.383, -0.263, -0.650, -0.842, -1.083, 0.040, -0.365, -0.096, 0.056
       ↓ <<< System noise
 (4)Posterior d.:
-0.057, 0.217, -0.533, -0.521, -0.034, -0.084, -0.994, -0.694, -0.441, -0.228, -1.003, -0.961, 0.178, -0.162, -0.612, 0.595

---------------------------------------------------------------------------
[State2] States/Parameters: No.62
 (1)Initial dis.:
-0.140, 0.217, -0.346, -0.476, -0.326, -0.455, -1.057, -0.383, -0.263, -0.650, -0.842, -1.083, 0.040, -0.365, -0.096, 0.056
       ↓ <<< Option Func.
 (2)Prior distr.:
-0.140, 0.217, -0.346, -0.476, -0.326, -0.455, -1.057, -0.383, -0.263, -0.650, -0.842, -1.083, 0.040, -0.365, -0.096, 0.056
       ↓ <<< Likelihood
 (3)Resampled d.:
0.000, 0.217, -0.346, -0.476, -0.326, -0.455, -1.057, -0.383, -0.263, -0.650, -0.842, -1.083, 0.040, -0.365, -0.096, 0.056
       ↓ <<< System noise
 (4)Posterior d.:
-0.057, 0.217, -0.533, -0.521, -0.034, -0.084, -0.994, -0.694, -0.441, -0.228, -1.003, -0.961, 0.178, -0.162, -0.612, 0.595

---------------------------------------------------------------------------
