===========================================================================
Calculated datetime :202208270000
===========================================================================
Prediction station  :N.1

---------------------------------------------------------------------------
Likelihood_Prior    :
0.122, 0.091, 0.122, 0.122, 0.097, 0.002, 0.000, 0.002, 0.094, 0.121, 0.000, 0.000, 0.117, 0.003, 0.008, 0.097
     ↓↓↓
Likelihood_Posterior:
0.005, 0.109, 0.076, 0.059, 0.004, 0.109, 0.093, 0.009, 0.001, 0.099, 0.046, 0.118, 0.093, 0.003, 0.002, 0.176

---------------------------------------------------------------------------
Resampling_Posterior:
1, 2, 2, 3, 4, 6, 6, 7, 10, 10, 12, 12, 13, 16, 16, 16
               └≫ Best particle: #16

===========================================================================
[State1] States/Parameters: No.61
 (1)Initial dis.:
0.270, -0.025, -1.182, -0.542, -0.803, -0.375, -0.346, -0.759, -0.898, -0.353, -0.251, -0.402, -0.336, -0.814, -0.845, -1.304
       ↓ <<< Option Func.
 (2)Prior distr.:
0.270, -0.025, -1.182, -0.542, -0.803, -0.375, -0.346, -0.759, -0.898, -0.353, -0.251, -0.402, -0.336, -0.814, -0.845, -1.304
       ↓ <<< Likelihood
 (3)Resampled d.:
0.000, -0.025, -0.025, -1.182, -0.542, -0.375, -0.375, -0.346, -0.353, -0.353, -0.402, -0.402, -0.336, -1.304, -1.304, -1.304
       ↓ <<< System noise
 (4)Posterior d.:
0.171, -0.025, -0.037, -1.052, -0.602, -0.759, -0.638, -0.003, -0.244, 0.216, -0.525, -0.551, -0.311, -1.470, -1.518, -1.369

---------------------------------------------------------------------------
[State2] States/Parameters: No.62
 (1)Initial dis.:
0.270, -0.025, -1.182, -0.542, -0.803, -0.375, -0.346, -0.759, -0.898, -0.353, -0.251, -0.402, -0.336, -0.814, -0.845, -1.304
       ↓ <<< Option Func.
 (2)Prior distr.:
0.270, -0.025, -1.182, -0.542, -0.803, -0.375, -0.346, -0.759, -0.898, -0.353, -0.251, -0.402, -0.336, -0.814, -0.845, -1.304
       ↓ <<< Likelihood
 (3)Resampled d.:
0.000, -0.025, -0.025, -1.182, -0.542, -0.375, -0.375, -0.346, -0.353, -0.353, -0.402, -0.402, -0.336, -1.304, -1.304, -1.304
       ↓ <<< System noise
 (4)Posterior d.:
0.171, -0.025, -0.037, -1.052, -0.602, -0.759, -0.638, -0.003, -0.244, 0.216, -0.525, -0.551, -0.311, -1.470, -1.518, -1.369

---------------------------------------------------------------------------
