===========================================================================
Calculated datetime :202208180000
===========================================================================
Prediction station  :N.1

---------------------------------------------------------------------------
Likelihood_Prior    :
0.001, 0.008, 0.001, 0.000, 0.000, 0.785, 0.009, 0.011, 0.001, 0.000, 0.001, 0.002, 0.002, 0.172, 0.001, 0.006
     ↓↓↓
Likelihood_Posterior:
0.066, 0.064, 0.033, 0.068, 0.091, 0.053, 0.022, 0.098, 0.027, 0.082, 0.071, 0.050, 0.071, 0.044, 0.083, 0.076

---------------------------------------------------------------------------
Resampling_Posterior:
1, 2, 4, 5, 5, 6, 8, 8, 10, 11, 12, 13, 14, 15, 15, 16
               └≫ Best particle: #8

===========================================================================
[State1] States/Parameters: No.61
 (1)Initial dis.:
-0.120, -1.154, -1.243, -1.131, -0.973, -1.184, -1.334, -0.654, -1.278, -1.057, -1.109, -1.196, -1.112, -1.208, -0.850, -0.761
       ↓ <<< Option Func.
 (2)Prior distr.:
-0.120, -1.154, -1.243, -1.131, -0.973, -1.184, -1.334, -0.654, -1.278, -1.057, -1.109, -1.196, -1.112, -1.208, -0.850, -0.761
       ↓ <<< Likelihood
 (3)Resampled d.:
0.000, -1.154, -1.131, -0.973, -0.973, -1.184, -0.654, -0.654, -1.057, -1.109, -1.196, -1.112, -1.208, -0.850, -0.850, -0.761
       ↓ <<< System noise
 (4)Posterior d.:
-0.010, -1.154, -1.418, -0.848, -0.892, -1.037, -0.548, -0.213, -1.448, -1.120, -0.978, -1.064, -1.303, -1.019, -0.883, -0.669

---------------------------------------------------------------------------
[State2] States/Parameters: No.62
 (1)Initial dis.:
-0.120, -1.154, -1.243, -1.131, -0.973, -1.184, -1.334, -0.654, -1.278, -1.057, -1.109, -1.196, -1.112, -1.208, -0.850, -0.761
       ↓ <<< Option Func.
 (2)Prior distr.:
-0.120, -1.154, -1.243, -1.131, -0.973, -1.184, -1.334, -0.654, -1.278, -1.057, -1.109, -1.196, -1.112, -1.208, -0.850, -0.761
       ↓ <<< Likelihood
 (3)Resampled d.:
0.000, -1.154, -1.131, -0.973, -0.973, -1.184, -0.654, -0.654, -1.057, -1.109, -1.196, -1.112, -1.208, -0.850, -0.850, -0.761
       ↓ <<< System noise
 (4)Posterior d.:
-0.010, -1.154, -1.418, -0.848, -0.892, -1.037, -0.548, -0.213, -1.448, -1.120, -0.978, -1.064, -1.303, -1.019, -0.883, -0.669

---------------------------------------------------------------------------
