===========================================================================
Calculated datetime :202208310000
===========================================================================
Prediction station  :N.1

---------------------------------------------------------------------------
Likelihood_Prior    :
0.012, 0.015, 0.103, 0.111, 0.023, 0.089, 0.105, 0.106, 0.071, 0.039, 0.010, 0.109, 0.079, 0.089, 0.023, 0.016
     ↓↓↓
Likelihood_Posterior:
0.088, 0.091, 0.120, 0.039, 0.020, 0.011, 0.100, 0.021, 0.024, 0.058, 0.075, 0.046, 0.122, 0.024, 0.090, 0.073

---------------------------------------------------------------------------
Resampling_Posterior:
1, 1, 2, 2, 3, 3, 7, 7, 10, 11, 12, 13, 13, 15, 15, 16
               └≫ Best particle: #13

===========================================================================
[State1] States/Parameters: No.61
 (1)Initial dis.:
-0.375, -0.518, -0.449, -0.654, -0.791, -0.053, -0.401, -0.187, -0.917, -0.600, -0.559, -0.291, -0.464, -0.199, -0.522, -0.349
       ↓ <<< Option Func.
 (2)Prior distr.:
-0.375, -0.518, -0.449, -0.654, -0.791, -0.053, -0.401, -0.187, -0.917, -0.600, -0.559, -0.291, -0.464, -0.199, -0.522, -0.349
       ↓ <<< Likelihood
 (3)Resampled d.:
0.000, -0.375, -0.518, -0.518, -0.449, -0.449, -0.401, -0.401, -0.600, -0.559, -0.291, -0.464, -0.464, -0.522, -0.522, -0.349
       ↓ <<< System noise
 (4)Posterior d.:
0.186, -0.375, -0.381, -0.559, -0.313, -0.358, -0.286, -0.294, -0.750, -0.571, -0.513, -0.340, -0.566, -0.668, -0.302, 0.155

---------------------------------------------------------------------------
[State2] States/Parameters: No.62
 (1)Initial dis.:
-0.375, -0.518, -0.449, -0.654, -0.791, -0.053, -0.401, -0.187, -0.917, -0.600, -0.559, -0.291, -0.464, -0.199, -0.522, -0.349
       ↓ <<< Option Func.
 (2)Prior distr.:
-0.375, -0.518, -0.449, -0.654, -0.791, -0.053, -0.401, -0.187, -0.917, -0.600, -0.559, -0.291, -0.464, -0.199, -0.522, -0.349
       ↓ <<< Likelihood
 (3)Resampled d.:
0.000, -0.375, -0.518, -0.518, -0.449, -0.449, -0.401, -0.401, -0.600, -0.559, -0.291, -0.464, -0.464, -0.522, -0.522, -0.349
       ↓ <<< System noise
 (4)Posterior d.:
0.186, -0.375, -0.381, -0.559, -0.313, -0.358, -0.286, -0.294, -0.750, -0.571, -0.513, -0.340, -0.566, -0.668, -0.302, 0.155

---------------------------------------------------------------------------
