===========================================================================
Calculated datetime :202209030000
===========================================================================
Prediction station  :N.1

---------------------------------------------------------------------------
Likelihood_Prior    :
0.030, 0.081, 0.045, 0.086, 0.047, 0.060, 0.055, 0.069, 0.060, 0.088, 0.061, 0.089, 0.046, 0.055, 0.065, 0.063
     ↓↓↓
Likelihood_Posterior:
0.002, 0.147, 0.063, 0.085, 0.059, 0.128, 0.071, 0.014, 0.009, 0.152, 0.014, 0.014, 0.060, 0.057, 0.107, 0.017

---------------------------------------------------------------------------
Resampling_Posterior:
1, 2, 2, 3, 4, 5, 6, 6, 7, 10, 10, 10, 13, 14, 15, 15
               └≫ Best particle: #10

===========================================================================
[State1] States/Parameters: No.61
 (1)Initial dis.:
0.157, -0.559, -0.651, -0.878, -0.437, -0.576, -0.443, -0.314, -0.213, -0.558, -0.310, -0.315, -0.824, -0.659, -0.600, -0.331
       ↓ <<< Option Func.
 (2)Prior distr.:
0.157, -0.559, -0.651, -0.878, -0.437, -0.576, -0.443, -0.314, -0.213, -0.558, -0.310, -0.315, -0.824, -0.659, -0.600, -0.331
       ↓ <<< Likelihood
 (3)Resampled d.:
0.000, -0.559, -0.559, -0.651, -0.878, -0.437, -0.576, -0.576, -0.443, -0.558, -0.558, -0.558, -0.824, -0.659, -0.600, -0.600
       ↓ <<< System noise
 (4)Posterior d.:
-0.011, -0.559, -0.531, -1.014, -0.738, -0.528, -1.018, -0.738, -0.673, -0.514, -0.152, -0.792, -1.232, -0.609, -0.773, -0.377

---------------------------------------------------------------------------
[State2] States/Parameters: No.62
 (1)Initial dis.:
0.157, -0.559, -0.651, -0.878, -0.437, -0.576, -0.443, -0.314, -0.213, -0.558, -0.310, -0.315, -0.824, -0.659, -0.600, -0.331
       ↓ <<< Option Func.
 (2)Prior distr.:
0.157, -0.559, -0.651, -0.878, -0.437, -0.576, -0.443, -0.314, -0.213, -0.558, -0.310, -0.315, -0.824, -0.659, -0.600, -0.331
       ↓ <<< Likelihood
 (3)Resampled d.:
0.000, -0.559, -0.559, -0.651, -0.878, -0.437, -0.576, -0.576, -0.443, -0.558, -0.558, -0.558, -0.824, -0.659, -0.600, -0.600
       ↓ <<< System noise
 (4)Posterior d.:
-0.011, -0.559, -0.531, -1.014, -0.738, -0.528, -1.018, -0.738, -0.673, -0.514, -0.152, -0.792, -1.232, -0.609, -0.773, -0.377

---------------------------------------------------------------------------
