===========================================================================
Calculated datetime :202508250000
===========================================================================
Prediction station  :N.1

---------------------------------------------------------------------------
Likelihood_Prior    :
0.019, 0.000, 0.000, 0.000, 0.000, 0.001, 0.000, 0.004, 0.000, 0.000, 0.000, 0.000, 0.018, 0.001, 0.011, 0.945
     ↓↓↓
Likelihood_Posterior:
0.176, 0.021, 0.260, 0.193, 0.264, 0.000, 0.009, 0.001, 0.000, 0.001, 0.036, 0.001, 0.002, 0.025, 0.006, 0.005

---------------------------------------------------------------------------
Resampling_Posterior:
1, 1, 1, 3, 3, 3, 3, 3, 4, 4, 4, 5, 5, 5, 5, 5
               └≫ Best particle: #5

===========================================================================
[State1] States/Parameters: No.61
 (1)Initial dis.:
0.100, 0.738, 0.521, 0.357, 0.519, 0.993, 1.046, 0.915, 0.975, 0.910, 0.672, 0.954, 0.874, 0.711, 1.046, 0.839
       ↓ <<< Option Func.
 (2)Prior distr.:
0.100, 0.738, 0.521, 0.357, 0.519, 0.993, 1.046, 0.915, 0.975, 0.910, 0.672, 0.954, 0.874, 0.711, 1.046, 0.839
       ↓ <<< Likelihood
 (3)Resampled d.:
0.000, 0.100, 0.100, 0.521, 0.521, 0.521, 0.521, 0.521, 0.357, 0.357, 0.357, 0.519, 0.519, 0.519, 0.519, 0.519
       ↓ <<< System noise
 (4)Posterior d.:
0.293, 0.100, -0.159, 0.435, 0.529, 0.541, 0.586, 0.772, 0.294, 0.367, 0.694, 0.271, 0.458, 0.445, 0.062, 0.415

---------------------------------------------------------------------------
[State2] States/Parameters: No.62
 (1)Initial dis.:
0.100, 0.738, 0.521, 0.357, 0.519, 0.993, 1.046, 0.915, 0.975, 0.910, 0.672, 0.954, 0.874, 0.711, 1.046, 0.839
       ↓ <<< Option Func.
 (2)Prior distr.:
0.100, 0.738, 0.521, 0.357, 0.519, 0.993, 1.046, 0.915, 0.975, 0.910, 0.672, 0.954, 0.874, 0.711, 1.046, 0.839
       ↓ <<< Likelihood
 (3)Resampled d.:
0.000, 0.100, 0.100, 0.521, 0.521, 0.521, 0.521, 0.521, 0.357, 0.357, 0.357, 0.519, 0.519, 0.519, 0.519, 0.519
       ↓ <<< System noise
 (4)Posterior d.:
0.293, 0.100, -0.159, 0.435, 0.529, 0.541, 0.586, 0.772, 0.294, 0.367, 0.694, 0.271, 0.458, 0.445, 0.062, 0.415

---------------------------------------------------------------------------
