===========================================================================
Calculated datetime :202507220000
===========================================================================
Prediction station  :N.1

---------------------------------------------------------------------------
Likelihood_Prior    :
0.000, 0.169, 0.197, 0.000, 0.000, 0.000, 0.246, 0.000, 0.000, 0.000, 0.000, 0.197, 0.063, 0.000, 0.127, 0.000
     ↓↓↓
Likelihood_Posterior:
0.130, 0.178, 0.159, 0.000, 0.010, 0.105, 0.000, 0.152, 0.000, 0.152, 0.000, 0.108, 0.000, 0.000, 0.005, 0.000

---------------------------------------------------------------------------
Resampling_Posterior:
1, 1, 2, 2, 2, 3, 3, 3, 6, 6, 8, 8, 10, 10, 12, 12
               └≫ Best particle: #2

===========================================================================
[State1] States/Parameters: No.61
 (1)Initial dis.:
-0.178, -0.160, -0.134, 0.021, -0.083, -0.194, -0.013, -0.163, 0.037, -0.163, 0.062, -0.201, -0.483, 0.168, -0.291, -0.352
       ↓ <<< Option Func.
 (2)Prior distr.:
-0.178, -0.160, -0.134, 0.021, -0.083, -0.194, -0.013, -0.163, 0.037, -0.163, 0.062, -0.201, -0.483, 0.168, -0.291, -0.352
       ↓ <<< Likelihood
 (3)Resampled d.:
0.000, -0.178, -0.160, -0.160, -0.160, -0.134, -0.134, -0.134, -0.194, -0.194, -0.163, -0.163, -0.163, -0.163, -0.201, -0.201
       ↓ <<< System noise
 (4)Posterior d.:
0.242, -0.178, 0.135, -0.058, -0.034, 0.200, -0.269, -0.315, -0.129, -0.277, -0.268, -0.504, -0.236, 0.208, -0.363, -0.620

---------------------------------------------------------------------------
[State2] States/Parameters: No.62
 (1)Initial dis.:
-0.178, -0.160, -0.134, 0.021, -0.083, -0.194, -0.013, -0.163, 0.037, -0.163, 0.062, -0.201, -0.483, 0.168, -0.291, -0.352
       ↓ <<< Option Func.
 (2)Prior distr.:
-0.178, -0.160, -0.134, 0.021, -0.083, -0.194, -0.013, -0.163, 0.037, -0.163, 0.062, -0.201, -0.483, 0.168, -0.291, -0.352
       ↓ <<< Likelihood
 (3)Resampled d.:
0.000, -0.178, -0.160, -0.160, -0.160, -0.134, -0.134, -0.134, -0.194, -0.194, -0.163, -0.163, -0.163, -0.163, -0.201, -0.201
       ↓ <<< System noise
 (4)Posterior d.:
0.242, -0.178, 0.135, -0.058, -0.034, 0.200, -0.269, -0.315, -0.129, -0.277, -0.268, -0.504, -0.236, 0.208, -0.363, -0.620

---------------------------------------------------------------------------
