===========================================================================
Calculated datetime :202208030000
===========================================================================
Prediction station  :N.1

---------------------------------------------------------------------------
Likelihood_Prior    :
0.121, 0.088, 0.013, 0.061, 0.063, 0.117, 0.119, 0.063, 0.023, 0.109, 0.002, 0.065, 0.002, 0.090, 0.001, 0.062
     ↓↓↓
Likelihood_Posterior:
0.076, 0.056, 0.076, 0.075, 0.074, 0.037, 0.057, 0.048, 0.041, 0.072, 0.076, 0.068, 0.076, 0.075, 0.056, 0.037

---------------------------------------------------------------------------
Resampling_Posterior:
1, 1, 2, 3, 4, 5, 7, 8, 9, 10, 11, 11, 12, 13, 14, 15
               └≫ Best particle: #11

===========================================================================
[State1] States/Parameters: No.61
 (1)Initial dis.:
0.076, 0.258, -1.420, -0.969, -1.275, -0.655, -0.400, -0.293, -0.736, -0.927, -1.061, -0.878, -1.404, -1.247, -0.391, -0.599
       ↓ <<< Option Func.
 (2)Prior distr.:
0.076, 0.258, -1.420, -0.969, -1.275, -0.655, -0.400, -0.293, -0.736, -0.927, -1.061, -0.878, -1.404, -1.247, -0.391, -0.599
       ↓ <<< Likelihood
 (3)Resampled d.:
0.000, 0.076, 0.258, -1.420, -0.969, -1.275, -0.400, -0.293, -0.736, -0.927, -1.061, -1.061, -0.878, -1.404, -1.247, -0.391
       ↓ <<< System noise
 (4)Posterior d.:
-0.315, 0.076, 0.370, -1.646, -0.708, -0.927, -0.931, -0.587, -0.835, -0.804, -0.862, -1.196, -1.250, -1.589, -1.308, -0.109

---------------------------------------------------------------------------
[State2] States/Parameters: No.62
 (1)Initial dis.:
0.076, 0.258, -0.801, -0.350, -0.656, -0.036, 0.219, 0.326, -0.117, -0.308, -0.442, -0.259, -0.785, -0.628, 0.228, 0.020
       ↓ <<< Option Func.
 (2)Prior distr.:
0.076, 0.258, -0.801, -0.350, -0.656, -0.036, 0.219, 0.326, -0.117, -0.308, -0.442, -0.259, -0.785, -0.628, 0.228, 0.020
       ↓ <<< Likelihood
 (3)Resampled d.:
0.000, 0.076, 0.258, -0.801, -0.350, -0.656, 0.219, 0.326, -0.117, -0.308, -0.442, -0.442, -0.259, -0.785, -0.628, 0.228
       ↓ <<< System noise
 (4)Posterior d.:
-0.315, 0.076, 0.370, -1.027, -0.089, -0.308, -0.312, 0.032, -0.216, -0.185, -0.243, -0.577, -0.630, -0.969, -0.689, 0.510

---------------------------------------------------------------------------
