===========================================================================
Calculated datetime :202209110000
===========================================================================
Prediction station  :N.1

---------------------------------------------------------------------------
Likelihood_Prior    :
0.087, 0.000, 0.000, 0.000, 0.000, 0.000, 0.078, 0.001, 0.827, 0.000, 0.000, 0.000, 0.002, 0.000, 0.000, 0.000
     ↓↓↓
Likelihood_Posterior:
0.004, 0.000, 0.000, 0.000, 0.000, 0.000, 0.000, 0.000, 0.000, 0.000, 0.000, 0.000, 0.000, 0.996, 0.000, 0.000

---------------------------------------------------------------------------
Resampling_Posterior:
1, 14, 14, 14, 14, 14, 14, 14, 14, 14, 14, 14, 14, 14, 14, 14
               └≫ Best particle: #14

===========================================================================
[State1] States/Parameters: No.61
 (1)Initial dis.:
0.025, 1.069, 1.456, 0.850, 0.815, 1.569, 0.823, 1.240, 0.616, 0.783, 0.704, 1.073, 0.830, 1.102, 1.016, 1.031
       ↓ <<< Option Func.
 (2)Prior distr.:
0.025, 1.069, 1.456, 0.850, 0.815, 1.569, 0.823, 1.240, 0.616, 0.783, 0.704, 1.073, 0.830, 1.102, 1.016, 1.031
       ↓ <<< Likelihood
 (3)Resampled d.:
0.000, 1.102, 1.102, 1.102, 1.102, 1.102, 1.102, 1.102, 1.102, 1.102, 1.102, 1.102, 1.102, 1.102, 1.102, 1.102
       ↓ <<< System noise
 (4)Posterior d.:
-0.272, 1.102, 0.860, 1.094, 0.995, 1.090, 1.252, 1.414, 1.054, 0.483, 0.807, 1.317, 0.963, 0.937, 0.852, 1.046

---------------------------------------------------------------------------
[State2] States/Parameters: No.62
 (1)Initial dis.:
0.025, 1.069, 1.456, 0.850, 0.815, 1.569, 0.823, 1.240, 0.616, 0.783, 0.704, 1.073, 0.830, 1.102, 1.016, 1.031
       ↓ <<< Option Func.
 (2)Prior distr.:
0.025, 1.069, 1.456, 0.850, 0.815, 1.569, 0.823, 1.240, 0.616, 0.783, 0.704, 1.073, 0.830, 1.102, 1.016, 1.031
       ↓ <<< Likelihood
 (3)Resampled d.:
0.000, 1.102, 1.102, 1.102, 1.102, 1.102, 1.102, 1.102, 1.102, 1.102, 1.102, 1.102, 1.102, 1.102, 1.102, 1.102
       ↓ <<< System noise
 (4)Posterior d.:
-0.272, 1.102, 0.860, 1.094, 0.995, 1.090, 1.252, 1.414, 1.054, 0.483, 0.807, 1.317, 0.963, 0.937, 0.852, 1.046

---------------------------------------------------------------------------
