===========================================================================
Calculated datetime :202507070000
===========================================================================
Prediction station  :N.1

---------------------------------------------------------------------------
Likelihood_Prior    :
0.114, 0.027, 0.071, 0.025, 0.093, 0.033, 0.093, 0.075, 0.112, 0.078, 0.035, 0.028, 0.054, 0.021, 0.053, 0.087
     ↓↓↓
Likelihood_Posterior:
0.000, 0.012, 0.244, 0.020, 0.005, 0.066, 0.000, 0.000, 0.065, 0.065, 0.059, 0.071, 0.096, 0.150, 0.073, 0.073

---------------------------------------------------------------------------
Resampling_Posterior:
1, 3, 3, 3, 3, 6, 9, 10, 11, 12, 13, 14, 14, 14, 15, 16
               └≫ Best particle: #3

===========================================================================
[State1] States/Parameters: No.61
 (1)Initial dis.:
0.027, 0.127, -0.507, -0.342, -0.314, 0.356, 0.054, -0.017, 0.387, 0.440, 0.533, 0.322, -0.679, -0.596, -0.365, -0.369
       ↓ <<< Option Func.
 (2)Prior distr.:
0.027, 0.127, -0.507, -0.342, -0.314, 0.356, 0.054, -0.017, 0.387, 0.440, 0.533, 0.322, -0.679, -0.596, -0.365, -0.369
       ↓ <<< Likelihood
 (3)Resampled d.:
0.000, -0.507, -0.507, -0.507, -0.507, 0.356, 0.387, 0.440, 0.533, 0.322, -0.679, -0.596, -0.596, -0.596, -0.365, -0.369
       ↓ <<< System noise
 (4)Posterior d.:
0.156, -0.507, -0.800, -0.366, -0.496, 0.480, 0.302, 0.337, 0.508, 0.357, -0.576, -0.672, -1.018, -0.624, -0.456, -0.343

---------------------------------------------------------------------------
[State2] States/Parameters: No.62
 (1)Initial dis.:
0.027, 0.127, -0.507, -0.342, -0.314, 0.356, 0.054, -0.017, 0.387, 0.440, 0.533, 0.322, -0.724, -0.641, -0.410, -0.414
       ↓ <<< Option Func.
 (2)Prior distr.:
0.027, 0.127, -0.507, -0.342, -0.314, 0.356, 0.054, -0.017, 0.387, 0.440, 0.533, 0.322, -0.724, -0.641, -0.410, -0.414
       ↓ <<< Likelihood
 (3)Resampled d.:
0.000, -0.507, -0.507, -0.507, -0.507, 0.356, 0.387, 0.440, 0.533, 0.322, -0.724, -0.641, -0.641, -0.641, -0.410, -0.414
       ↓ <<< System noise
 (4)Posterior d.:
0.156, -0.507, -0.800, -0.366, -0.496, 0.480, 0.302, 0.337, 0.508, 0.357, -0.621, -0.718, -1.063, -0.669, -0.501, -0.389

---------------------------------------------------------------------------
