===========================================================================
Calculated datetime :202208110000
===========================================================================
Prediction station  :N.1

---------------------------------------------------------------------------
Likelihood_Prior    :
0.084, 0.109, 0.001, 0.078, 0.000, 0.002, 0.000, 0.154, 0.000, 0.000, 0.118, 0.047, 0.000, 0.219, 0.127, 0.059
     ↓↓↓
Likelihood_Posterior:
0.085, 0.077, 0.011, 0.044, 0.083, 0.136, 0.042, 0.028, 0.101, 0.033, 0.046, 0.029, 0.033, 0.044, 0.093, 0.115

---------------------------------------------------------------------------
Resampling_Posterior:
1, 1, 2, 4, 5, 6, 6, 6, 9, 9, 11, 14, 15, 15, 16, 16
               └≫ Best particle: #6

===========================================================================
[State1] States/Parameters: No.61
 (1)Initial dis.:
-0.366, 0.306, 1.407, 0.867, -0.419, -0.097, 0.967, 0.593, 0.222, 0.913, 0.464, 0.741, 1.003, 0.347, 0.111, -0.545
       ↓ <<< Option Func.
 (2)Prior distr.:
-0.366, 0.306, 1.407, 0.867, -0.419, -0.097, 0.967, 0.593, 0.222, 0.913, 0.464, 0.741, 1.003, 0.347, 0.111, -0.545
       ↓ <<< Likelihood
 (3)Resampled d.:
0.000, -0.366, 0.306, 0.867, -0.419, -0.097, -0.097, -0.097, 0.222, 0.222, 0.464, 0.347, 0.111, 0.111, -0.545, -0.545
       ↓ <<< System noise
 (4)Posterior d.:
-0.891, -0.366, 0.223, 1.586, -0.487, -0.132, 0.078, -0.551, 0.308, -0.011, 1.160, 0.224, -0.009, 0.437, -0.998, -0.764

---------------------------------------------------------------------------
[State2] States/Parameters: No.62
 (1)Initial dis.:
-0.366, -0.415, 0.686, 0.850, -0.489, -0.167, 0.898, 0.000, -0.371, -0.021, -0.470, -0.193, 0.069, 0.298, 0.063, 0.038
       ↓ <<< Option Func.
 (2)Prior distr.:
-0.366, -0.415, 0.686, 0.850, -0.489, -0.167, 0.898, 0.000, -0.371, -0.021, -0.470, -0.193, 0.069, 0.298, 0.063, 0.038
       ↓ <<< Likelihood
 (3)Resampled d.:
0.000, -0.366, -0.415, 0.850, -0.489, -0.167, -0.167, -0.167, -0.371, -0.371, -0.470, 0.298, 0.063, 0.063, 0.038, 0.038
       ↓ <<< System noise
 (4)Posterior d.:
-0.891, -0.366, -0.498, 1.568, -0.557, -0.202, 0.008, -0.621, -0.285, -0.604, 0.226, 0.176, -0.057, 0.389, -0.414, -0.180

---------------------------------------------------------------------------
