===========================================================================
Calculated datetime :202208080000
===========================================================================
Prediction station  :N.1

---------------------------------------------------------------------------
Likelihood_Prior    :
0.007, 0.485, 0.348, 0.053, 0.007, 0.048, 0.040, 0.005, 0.006, 0.000, 0.000, 0.000, 0.000, 0.000, 0.000, 0.000
     ↓↓↓
Likelihood_Posterior:
0.992, 0.000, 0.000, 0.005, 0.000, 0.000, 0.000, 0.000, 0.000, 0.000, 0.000, 0.000, 0.003, 0.000, 0.000, 0.000

---------------------------------------------------------------------------
Resampling_Posterior:
1, 1, 1, 1, 1, 1, 1, 1, 1, 1, 1, 1, 1, 1, 1, 1
               └≫ Best particle: #1

===========================================================================
[State1] States/Parameters: No.61
 (1)Initial dis.:
0.071, -0.536, -0.207, -0.018, -0.469, -0.229, -0.694, -0.533, -0.591, -0.130, -0.376, -0.752, -1.058, -1.093, -0.970, -1.228
       ↓ <<< Option Func.
 (2)Prior distr.:
0.071, -0.536, -0.207, -0.018, -0.469, -0.229, -0.694, -0.533, -0.591, -0.130, -0.376, -0.752, -1.058, -1.093, -0.970, -1.228
       ↓ <<< Likelihood
 (3)Resampled d.:
0.000, 0.071, 0.071, 0.071, 0.071, 0.071, 0.071, 0.071, 0.071, 0.071, 0.071, 0.071, 0.071, 0.071, 0.071, 0.071
       ↓ <<< System noise
 (4)Posterior d.:
0.371, 0.071, -0.149, 0.111, 0.324, -0.137, 0.275, 0.119, 0.105, 0.268, -0.017, 0.107, -0.565, -0.154, 0.008, -0.354

---------------------------------------------------------------------------
[State2] States/Parameters: No.62
 (1)Initial dis.:
0.071, -0.536, -0.207, -0.018, -0.469, -0.229, -0.694, -0.533, -0.591, -0.130, -0.376, -0.752, -1.058, -1.093, -0.970, -1.228
       ↓ <<< Option Func.
 (2)Prior distr.:
0.071, -0.536, -0.207, -0.018, -0.469, -0.229, -0.694, -0.533, -0.591, -0.130, -0.376, -0.752, -1.058, -1.093, -0.970, -1.228
       ↓ <<< Likelihood
 (3)Resampled d.:
0.000, 0.071, 0.071, 0.071, 0.071, 0.071, 0.071, 0.071, 0.071, 0.071, 0.071, 0.071, 0.071, 0.071, 0.071, 0.071
       ↓ <<< System noise
 (4)Posterior d.:
0.371, 0.071, -0.149, 0.111, 0.324, -0.137, 0.275, 0.119, 0.105, 0.268, -0.017, 0.107, -0.565, -0.154, 0.008, -0.354

---------------------------------------------------------------------------
