===========================================================================
Calculated datetime :202508090000
===========================================================================
Prediction station  :N.1

---------------------------------------------------------------------------
Likelihood_Prior    :
0.000, 0.000, 0.000, 0.000, 0.000, 0.000, 0.000, 0.000, 0.000, 0.000, 0.000, 0.000, 0.000, 0.000, 0.000, 0.000
     ↓↓↓
Likelihood_Posterior:
0.007, 0.003, 0.004, 0.005, 0.001, 0.015, 0.001, 0.028, 0.030, 0.001, 0.005, 0.001, 0.863, 0.001, 0.025, 0.010

---------------------------------------------------------------------------
Resampling_Posterior:
1, 13, 13, 13, 13, 13, 13, 13, 13, 13, 13, 13, 13, 13, 13, 13
               └≫ Best particle: #13

===========================================================================
[State1] States/Parameters: No.61
 (1)Initial dis.:
0.000, -0.307, -0.235, 0.283, 0.193, -0.354, 0.178, 0.374, 0.496, -0.486, 0.192, -0.392, -0.171, -0.313, 0.199, 0.314
       ↓ <<< Option Func.
 (2)Prior distr.:
0.000, -0.307, -0.235, 0.283, 0.193, -0.354, 0.178, 0.374, 0.496, -0.486, 0.192, -0.392, -0.171, -0.313, 0.199, 0.314
       ↓ <<< Likelihood
 (3)Resampled d.:
0.000, -0.171, -0.171, -0.171, -0.171, -0.171, -0.171, -0.171, -0.171, -0.171, -0.171, -0.171, -0.171, -0.171, -0.171, -0.171
       ↓ <<< System noise
 (4)Posterior d.:
-0.132, -0.171, 0.009, -0.363, -0.532, -0.292, -0.002, 0.115, -0.354, -0.279, -0.252, -0.126, -0.115, -0.583, 0.368, -0.174

---------------------------------------------------------------------------
[State2] States/Parameters: No.62
 (1)Initial dis.:
0.000, 0.143, 0.070, 0.069, 0.198, -0.301, 0.413, -0.261, -0.202, -0.017, -0.033, 0.489, -0.375, 0.431, -0.424, -0.105
       ↓ <<< Option Func.
 (2)Prior distr.:
0.000, 0.143, 0.070, 0.069, 0.198, -0.301, 0.413, -0.261, -0.202, -0.017, -0.033, 0.489, -0.375, 0.431, -0.424, -0.105
       ↓ <<< Likelihood
 (3)Resampled d.:
0.000, -0.375, -0.375, -0.375, -0.375, -0.375, -0.375, -0.375, -0.375, -0.375, -0.375, -0.375, -0.375, -0.375, -0.375, -0.375
       ↓ <<< System noise
 (4)Posterior d.:
-0.132, -0.375, -0.195, -0.566, -0.736, -0.495, -0.206, -0.089, -0.558, -0.483, -0.455, -0.329, -0.319, -0.786, 0.165, -0.378

---------------------------------------------------------------------------
