===========================================================================
Calculated datetime :202508020000
===========================================================================
Prediction station  :N.1

---------------------------------------------------------------------------
Likelihood_Prior    :
0.040, 0.189, 0.085, 0.000, 0.110, 0.011, 0.000, 0.001, 0.000, 0.004, 0.150, 0.011, 0.207, 0.192, 0.000, 0.000
     ↓↓↓
Likelihood_Posterior:
0.000, 0.107, 0.010, 0.041, 0.000, 0.063, 0.015, 0.092, 0.000, 0.223, 0.002, 0.060, 0.000, 0.100, 0.226, 0.060

---------------------------------------------------------------------------
Resampling_Posterior:
1, 2, 2, 6, 8, 10, 10, 10, 10, 12, 14, 15, 15, 15, 15, 16
               └≫ Best particle: #15

===========================================================================
[State1] States/Parameters: No.61
 (1)Initial dis.:
-0.350, -0.133, -0.083, -0.107, -0.327, -0.264, -0.092, -0.254, 0.017, -0.156, -0.307, -0.112, -0.350, -0.128, -0.182, -0.112
       ↓ <<< Option Func.
 (2)Prior distr.:
-0.350, -0.133, -0.083, -0.107, -0.327, -0.264, -0.092, -0.254, 0.017, -0.156, -0.307, -0.112, -0.350, -0.128, -0.182, -0.112
       ↓ <<< Likelihood
 (3)Resampled d.:
0.000, -0.133, -0.133, -0.264, -0.254, -0.156, -0.156, -0.156, -0.156, -0.112, -0.128, -0.182, -0.182, -0.182, -0.182, -0.112
       ↓ <<< System noise
 (4)Posterior d.:
0.135, -0.133, 0.069, -0.549, -0.164, 0.237, -0.131, -0.541, 0.102, -0.105, 0.088, -0.259, -0.201, -0.128, -0.021, -0.314

---------------------------------------------------------------------------
[State2] States/Parameters: No.62
 (1)Initial dis.:
-0.350, -0.133, -0.083, -0.107, -0.327, -0.264, -0.092, -0.254, 0.017, -0.156, -0.307, -0.112, -0.350, -0.128, -0.182, -0.112
       ↓ <<< Option Func.
 (2)Prior distr.:
-0.350, -0.133, -0.083, -0.107, -0.327, -0.264, -0.092, -0.254, 0.017, -0.156, -0.307, -0.112, -0.350, -0.128, -0.182, -0.112
       ↓ <<< Likelihood
 (3)Resampled d.:
0.000, -0.133, -0.133, -0.264, -0.254, -0.156, -0.156, -0.156, -0.156, -0.112, -0.128, -0.182, -0.182, -0.182, -0.182, -0.112
       ↓ <<< System noise
 (4)Posterior d.:
0.135, -0.133, 0.069, -0.549, -0.164, 0.237, -0.131, -0.541, 0.102, -0.105, 0.088, -0.259, -0.201, -0.128, -0.021, -0.314

---------------------------------------------------------------------------
