===========================================================================
Calculated datetime :202209160000
===========================================================================
Prediction station  :N.1

---------------------------------------------------------------------------
Likelihood_Prior    :
0.366, 0.430, 0.004, 0.003, 0.000, 0.000, 0.000, 0.000, 0.000, 0.000, 0.115, 0.075, 0.000, 0.001, 0.002, 0.003
     ↓↓↓
Likelihood_Posterior:
0.001, 0.082, 0.000, 0.089, 0.103, 0.001, 0.063, 0.087, 0.084, 0.080, 0.000, 0.088, 0.084, 0.072, 0.083, 0.084

---------------------------------------------------------------------------
Resampling_Posterior:
1, 2, 4, 4, 5, 5, 7, 8, 9, 10, 12, 12, 13, 14, 15, 16
               └≫ Best particle: #5

===========================================================================
[State1] States/Parameters: No.61
 (1)Initial dis.:
-0.143, 0.096, -0.340, 0.280, 0.250, 0.491, 0.306, 0.077, 0.153, 0.112, -0.164, 0.186, 0.158, -0.011, 0.141, 0.144
       ↓ <<< Option Func.
 (2)Prior distr.:
-0.143, 0.096, -0.340, 0.280, 0.250, 0.491, 0.306, 0.077, 0.153, 0.112, -0.164, 0.186, 0.158, -0.011, 0.141, 0.144
       ↓ <<< Likelihood
 (3)Resampled d.:
0.000, 0.096, 0.280, 0.280, 0.250, 0.250, 0.306, 0.077, 0.153, 0.112, 0.186, 0.186, 0.158, -0.011, 0.141, 0.144
       ↓ <<< System noise
 (4)Posterior d.:
0.158, 0.096, 0.408, 0.301, 0.455, 0.380, 0.069, 0.119, -0.087, 0.304, 0.151, 0.256, 0.199, 0.034, 0.109, 0.343

---------------------------------------------------------------------------
[State2] States/Parameters: No.62
 (1)Initial dis.:
-0.143, 0.096, -0.340, 0.280, 0.250, 0.491, 0.306, 0.077, 0.153, 0.112, -0.164, 0.186, 0.158, -0.011, 0.141, 0.144
       ↓ <<< Option Func.
 (2)Prior distr.:
-0.143, 0.096, -0.340, 0.280, 0.250, 0.491, 0.306, 0.077, 0.153, 0.112, -0.164, 0.186, 0.158, -0.011, 0.141, 0.144
       ↓ <<< Likelihood
 (3)Resampled d.:
0.000, 0.096, 0.280, 0.280, 0.250, 0.250, 0.306, 0.077, 0.153, 0.112, 0.186, 0.186, 0.158, -0.011, 0.141, 0.144
       ↓ <<< System noise
 (4)Posterior d.:
0.158, 0.096, 0.408, 0.301, 0.455, 0.380, 0.069, 0.119, -0.087, 0.304, 0.151, 0.256, 0.199, 0.034, 0.109, 0.343

---------------------------------------------------------------------------
