===========================================================================
Calculated datetime :202208140000
===========================================================================
Prediction station  :N.1

---------------------------------------------------------------------------
Likelihood_Prior    :
0.000, 0.000, 0.000, 0.000, 0.000, 0.000, 0.000, 0.000, 0.000, 0.000, 0.000, 0.001, 0.000, 0.000, 0.000, 0.999
     ↓↓↓
Likelihood_Posterior:
0.000, 0.000, 0.000, 0.023, 0.000, 0.183, 0.000, 0.000, 0.000, 0.165, 0.005, 0.000, 0.624, 0.000, 0.000, 0.000

---------------------------------------------------------------------------
Resampling_Posterior:
1, 6, 6, 6, 10, 10, 13, 13, 13, 13, 13, 13, 13, 13, 13, 13
               └≫ Best particle: #13

===========================================================================
[State1] States/Parameters: No.61
 (1)Initial dis.:
0.139, -0.596, -0.436, -0.730, -0.625, -0.807, -0.669, -0.657, -0.261, -0.790, -0.706, -0.344, -0.972, -0.437, -0.585, -0.339
       ↓ <<< Option Func.
 (2)Prior distr.:
0.139, -0.596, -0.436, -0.730, -0.625, -0.807, -0.669, -0.657, -0.261, -0.790, -0.706, -0.344, -0.972, -0.437, -0.585, -0.339
       ↓ <<< Likelihood
 (3)Resampled d.:
0.000, -0.807, -0.807, -0.807, -0.790, -0.790, -0.972, -0.972, -0.972, -0.972, -0.972, -0.972, -0.972, -0.972, -0.972, -0.972
       ↓ <<< System noise
 (4)Posterior d.:
0.270, -0.807, -1.513, -0.377, -0.691, -0.939, -1.119, -0.971, -0.837, -1.329, -1.014, -0.915, -1.445, -1.273, -1.141, -1.631

---------------------------------------------------------------------------
[State2] States/Parameters: No.62
 (1)Initial dis.:
0.139, -0.596, -0.436, -0.730, -0.625, -0.807, -0.669, -0.657, -0.261, -0.790, -0.706, -0.344, -0.972, -0.437, -0.585, -0.339
       ↓ <<< Option Func.
 (2)Prior distr.:
0.139, -0.596, -0.436, -0.730, -0.625, -0.807, -0.669, -0.657, -0.261, -0.790, -0.706, -0.344, -0.972, -0.437, -0.585, -0.339
       ↓ <<< Likelihood
 (3)Resampled d.:
0.000, -0.807, -0.807, -0.807, -0.790, -0.790, -0.972, -0.972, -0.972, -0.972, -0.972, -0.972, -0.972, -0.972, -0.972, -0.972
       ↓ <<< System noise
 (4)Posterior d.:
0.270, -0.807, -1.513, -0.377, -0.691, -0.939, -1.119, -0.971, -0.837, -1.329, -1.014, -0.915, -1.445, -1.273, -1.141, -1.631

---------------------------------------------------------------------------
