===========================================================================
Calculated datetime :202208130000
===========================================================================
Prediction station  :N.1

---------------------------------------------------------------------------
Likelihood_Prior    :
0.109, 0.104, 0.000, 0.101, 0.000, 0.104, 0.053, 0.110, 0.001, 0.102, 0.025, 0.007, 0.000, 0.105, 0.079, 0.102
     ↓↓↓
Likelihood_Posterior:
0.000, 0.000, 0.000, 0.000, 0.000, 0.000, 0.000, 0.000, 0.000, 0.000, 0.000, 0.000, 0.000, 1.000, 0.000, 0.000

---------------------------------------------------------------------------
Resampling_Posterior:
1, 14, 14, 14, 14, 14, 14, 14, 14, 14, 14, 14, 14, 14, 14, 14
               └≫ Best particle: #14

===========================================================================
[State1] States/Parameters: No.61
 (1)Initial dis.:
-0.038, -0.089, -0.506, -0.333, -0.316, -0.232, 0.128, -0.271, -0.446, -0.053, -0.161, 0.086, -0.054, -0.655, -0.001, -0.511
       ↓ <<< Option Func.
 (2)Prior distr.:
-0.038, -0.089, -0.506, -0.333, -0.316, -0.232, 0.128, -0.271, -0.446, -0.053, -0.161, 0.086, -0.054, -0.655, -0.001, -0.511
       ↓ <<< Likelihood
 (3)Resampled d.:
0.000, -0.655, -0.655, -0.655, -0.655, -0.655, -0.655, -0.655, -0.655, -0.655, -0.655, -0.655, -0.655, -0.655, -0.655, -0.655
       ↓ <<< System noise
 (4)Posterior d.:
-0.080, -0.655, -0.275, -0.765, -1.064, -0.454, -0.333, -0.598, -0.895, -0.881, -0.459, -0.274, -0.385, -0.895, -0.704, -0.300

---------------------------------------------------------------------------
[State2] States/Parameters: No.62
 (1)Initial dis.:
-0.038, -0.089, -0.506, -0.333, -0.316, -0.232, 0.128, -0.271, -0.446, -0.053, -0.161, 0.086, -0.054, -0.655, -0.001, -0.511
       ↓ <<< Option Func.
 (2)Prior distr.:
-0.038, -0.089, -0.506, -0.333, -0.316, -0.232, 0.128, -0.271, -0.446, -0.053, -0.161, 0.086, -0.054, -0.655, -0.001, -0.511
       ↓ <<< Likelihood
 (3)Resampled d.:
0.000, -0.655, -0.655, -0.655, -0.655, -0.655, -0.655, -0.655, -0.655, -0.655, -0.655, -0.655, -0.655, -0.655, -0.655, -0.655
       ↓ <<< System noise
 (4)Posterior d.:
-0.080, -0.655, -0.275, -0.765, -1.064, -0.454, -0.333, -0.598, -0.895, -0.881, -0.459, -0.274, -0.385, -0.895, -0.704, -0.300

---------------------------------------------------------------------------
