===========================================================================
Calculated datetime :202507280000
===========================================================================
Prediction station  :N.1

---------------------------------------------------------------------------
Likelihood_Prior    :
0.000, 0.000, 0.000, 0.000, 0.000, 0.000, 0.000, 0.000, 0.000, 0.000, 0.000, 0.000, 0.000, 0.000, 1.000, 0.000
     ↓↓↓
Likelihood_Posterior:
0.000, 0.000, 0.000, 0.000, 0.000, 0.000, 0.000, 0.000, 0.000, 0.000, 0.005, 0.000, 0.000, 0.000, 0.000, 0.995

---------------------------------------------------------------------------
Resampling_Posterior:
1, 16, 16, 16, 16, 16, 16, 16, 16, 16, 16, 16, 16, 16, 16, 16
               └≫ Best particle: #16

===========================================================================
[State1] States/Parameters: No.61
 (1)Initial dis.:
-0.041, -0.346, 0.029, -0.095, -0.362, -0.516, -0.425, -0.171, -0.329, -0.069, -0.622, -0.387, -0.292, -0.193, -0.363, -0.601
       ↓ <<< Option Func.
 (2)Prior distr.:
-0.041, -0.346, 0.029, -0.095, -0.362, -0.516, -0.425, -0.171, -0.329, -0.069, -0.622, -0.387, -0.292, -0.193, -0.363, -0.601
       ↓ <<< Likelihood
 (3)Resampled d.:
0.000, -0.601, -0.601, -0.601, -0.601, -0.601, -0.601, -0.601, -0.601, -0.601, -0.601, -0.601, -0.601, -0.601, -0.601, -0.601
       ↓ <<< System noise
 (4)Posterior d.:
-0.073, -0.601, -0.142, -0.743, -0.265, -0.667, -0.233, -0.495, -0.586, -0.284, -0.331, -0.704, -0.580, -0.750, -0.644, -0.967

---------------------------------------------------------------------------
[State2] States/Parameters: No.62
 (1)Initial dis.:
-0.041, -0.346, 0.029, -0.095, -0.362, -0.516, -0.425, -0.171, -0.329, -0.069, -0.622, -0.387, -0.292, -0.193, -0.363, -0.601
       ↓ <<< Option Func.
 (2)Prior distr.:
-0.041, -0.346, 0.029, -0.095, -0.362, -0.516, -0.425, -0.171, -0.329, -0.069, -0.622, -0.387, -0.292, -0.193, -0.363, -0.601
       ↓ <<< Likelihood
 (3)Resampled d.:
0.000, -0.601, -0.601, -0.601, -0.601, -0.601, -0.601, -0.601, -0.601, -0.601, -0.601, -0.601, -0.601, -0.601, -0.601, -0.601
       ↓ <<< System noise
 (4)Posterior d.:
-0.073, -0.601, -0.142, -0.743, -0.265, -0.667, -0.233, -0.495, -0.586, -0.284, -0.331, -0.704, -0.580, -0.750, -0.644, -0.967

---------------------------------------------------------------------------
