===========================================================================
Calculated datetime :202209190000
===========================================================================
Prediction station  :N.1

---------------------------------------------------------------------------
Likelihood_Prior    :
0.000, 0.004, 0.350, 0.000, 0.000, 0.003, 0.027, 0.000, 0.156, 0.000, 0.000, 0.445, 0.000, 0.000, 0.014, 0.000
     ↓↓↓
Likelihood_Posterior:
0.000, 0.068, 0.000, 0.067, 0.065, 0.081, 0.010, 0.000, 0.000, 0.142, 0.126, 0.006, 0.095, 0.106, 0.151, 0.085

---------------------------------------------------------------------------
Resampling_Posterior:
1, 2, 4, 5, 6, 10, 10, 11, 11, 13, 14, 14, 15, 15, 15, 16
               └≫ Best particle: #15

===========================================================================
[State1] States/Parameters: No.61
 (1)Initial dis.:
-0.108, 0.544, -0.002, 0.754, 0.527, 0.706, 0.373, -0.096, 0.339, 0.956, 0.682, 0.479, 0.642, 0.655, 0.713, 0.626
       ↓ <<< Option Func.
 (2)Prior distr.:
-0.108, 0.544, -0.002, 0.754, 0.527, 0.706, 0.373, -0.096, 0.339, 0.956, 0.682, 0.479, 0.642, 0.655, 0.713, 0.626
       ↓ <<< Likelihood
 (3)Resampled d.:
0.000, 0.544, 0.754, 0.527, 0.706, 0.956, 0.956, 0.682, 0.682, 0.642, 0.655, 0.655, 0.713, 0.713, 0.713, 0.626
       ↓ <<< System noise
 (4)Posterior d.:
-0.048, 0.544, 0.773, 0.610, 0.828, 1.218, 0.978, 1.282, 0.563, 0.490, 0.642, 0.383, 0.763, 0.533, 0.388, 1.104

---------------------------------------------------------------------------
[State2] States/Parameters: No.62
 (1)Initial dis.:
-0.108, 0.408, -0.139, 0.617, 0.391, 0.569, 0.237, -0.450, -0.016, 0.478, 0.204, 0.001, 0.164, 0.177, 0.235, 0.148
       ↓ <<< Option Func.
 (2)Prior distr.:
-0.108, 0.408, -0.139, 0.617, 0.391, 0.569, 0.237, -0.450, -0.016, 0.478, 0.204, 0.001, 0.164, 0.177, 0.235, 0.148
       ↓ <<< Likelihood
 (3)Resampled d.:
0.000, 0.408, 0.617, 0.391, 0.569, 0.478, 0.478, 0.204, 0.204, 0.164, 0.177, 0.177, 0.235, 0.235, 0.235, 0.148
       ↓ <<< System noise
 (4)Posterior d.:
-0.048, 0.408, 0.637, 0.474, 0.692, 0.739, 0.500, 0.804, 0.084, 0.011, 0.163, -0.095, 0.285, 0.055, -0.090, 0.625

---------------------------------------------------------------------------
