===========================================================================
Calculated datetime :202508140000
===========================================================================
Prediction station  :N.1

---------------------------------------------------------------------------
Likelihood_Prior    :
0.002, 0.000, 0.000, 0.000, 0.000, 0.000, 0.000, 0.198, 0.343, 0.000, 0.000, 0.000, 0.206, 0.010, 0.161, 0.079
     ↓↓↓
Likelihood_Posterior:
0.000, 0.015, 0.168, 0.109, 0.071, 0.130, 0.064, 0.094, 0.053, 0.027, 0.070, 0.060, 0.011, 0.017, 0.084, 0.025

---------------------------------------------------------------------------
Resampling_Posterior:
1, 3, 3, 3, 4, 4, 5, 6, 6, 7, 8, 8, 9, 11, 12, 15
               └≫ Best particle: #3

===========================================================================
[State1] States/Parameters: No.61
 (1)Initial dis.:
-0.022, 0.614, 0.939, 0.906, 0.435, 0.213, 0.452, 0.384, 0.819, 0.738, 0.852, 0.840, 0.076, 0.682, 0.877, 0.732
       ↓ <<< Option Func.
 (2)Prior distr.:
-0.022, 0.614, 0.939, 0.906, 0.435, 0.213, 0.452, 0.384, 0.819, 0.738, 0.852, 0.840, 0.076, 0.682, 0.877, 0.732
       ↓ <<< Likelihood
 (3)Resampled d.:
0.000, 0.939, 0.939, 0.939, 0.906, 0.906, 0.435, 0.213, 0.213, 0.452, 0.384, 0.384, 0.819, 0.852, 0.840, 0.877
       ↓ <<< System noise
 (4)Posterior d.:
-0.276, 0.939, 1.166, 1.092, 0.699, 0.993, 0.605, 0.584, -0.100, 0.473, 0.254, 0.327, 1.176, 0.641, 0.861, 0.892

---------------------------------------------------------------------------
[State2] States/Parameters: No.62
 (1)Initial dis.:
-0.022, 0.614, 0.939, 0.906, 0.435, 0.213, 0.452, 0.384, 0.819, 0.738, 0.852, 0.840, 0.076, 0.682, 0.877, 0.732
       ↓ <<< Option Func.
 (2)Prior distr.:
-0.022, 0.614, 0.939, 0.906, 0.435, 0.213, 0.452, 0.384, 0.819, 0.738, 0.852, 0.840, 0.076, 0.682, 0.877, 0.732
       ↓ <<< Likelihood
 (3)Resampled d.:
0.000, 0.939, 0.939, 0.939, 0.906, 0.906, 0.435, 0.213, 0.213, 0.452, 0.384, 0.384, 0.819, 0.852, 0.840, 0.877
       ↓ <<< System noise
 (4)Posterior d.:
-0.276, 0.939, 1.166, 1.092, 0.699, 0.993, 0.605, 0.584, -0.100, 0.473, 0.254, 0.327, 1.176, 0.641, 0.861, 0.892

---------------------------------------------------------------------------
