===========================================================================
Calculated datetime :202209130000
===========================================================================
Prediction station  :N.1

---------------------------------------------------------------------------
Likelihood_Prior    :
0.113, 0.124, 0.000, 0.124, 0.000, 0.123, 0.113, 0.000, 0.000, 0.120, 0.000, 0.119, 0.111, 0.000, 0.000, 0.052
     ↓↓↓
Likelihood_Posterior:
0.000, 0.000, 0.007, 0.354, 0.000, 0.518, 0.006, 0.007, 0.015, 0.043, 0.001, 0.000, 0.007, 0.015, 0.007, 0.018

---------------------------------------------------------------------------
Resampling_Posterior:
1, 4, 4, 4, 4, 4, 4, 6, 6, 6, 6, 6, 6, 6, 6, 6
               └≫ Best particle: #6

===========================================================================
[State1] States/Parameters: No.61
 (1)Initial dis.:
-0.182, 0.075, 0.203, 0.617, -0.148, 0.689, 0.273, 0.217, 0.337, 0.447, -0.499, -0.116, 0.277, 0.335, 0.187, 0.365
       ↓ <<< Option Func.
 (2)Prior distr.:
-0.182, 0.075, 0.203, 0.617, -0.148, 0.689, 0.273, 0.217, 0.337, 0.447, -0.499, -0.116, 0.277, 0.335, 0.187, 0.365
       ↓ <<< Likelihood
 (3)Resampled d.:
0.000, 0.617, 0.617, 0.617, 0.617, 0.617, 0.617, 0.689, 0.689, 0.689, 0.689, 0.689, 0.689, 0.689, 0.689, 0.689
       ↓ <<< System noise
 (4)Posterior d.:
0.090, 0.617, 0.285, 1.049, 0.373, 0.198, 0.643, 0.770, 0.498, 0.960, 0.380, 1.249, 0.367, 0.224, 0.711, 0.772

---------------------------------------------------------------------------
[State2] States/Parameters: No.62
 (1)Initial dis.:
-0.182, 0.075, 0.203, 0.617, -0.148, 0.689, 0.273, 0.217, 0.337, 0.447, -0.499, -0.116, 0.277, 0.335, 0.187, 0.365
       ↓ <<< Option Func.
 (2)Prior distr.:
-0.182, 0.075, 0.203, 0.617, -0.148, 0.689, 0.273, 0.217, 0.337, 0.447, -0.499, -0.116, 0.277, 0.335, 0.187, 0.365
       ↓ <<< Likelihood
 (3)Resampled d.:
0.000, 0.617, 0.617, 0.617, 0.617, 0.617, 0.617, 0.689, 0.689, 0.689, 0.689, 0.689, 0.689, 0.689, 0.689, 0.689
       ↓ <<< System noise
 (4)Posterior d.:
0.090, 0.617, 0.285, 1.049, 0.373, 0.198, 0.643, 0.770, 0.498, 0.960, 0.380, 1.249, 0.367, 0.224, 0.711, 0.772

---------------------------------------------------------------------------
