===========================================================================
Calculated datetime :202507230000
===========================================================================
Prediction station  :N.1

---------------------------------------------------------------------------
Likelihood_Prior    :
0.130, 0.178, 0.159, 0.000, 0.010, 0.105, 0.000, 0.152, 0.000, 0.152, 0.000, 0.108, 0.000, 0.000, 0.005, 0.000
     ↓↓↓
Likelihood_Posterior:
0.535, 0.000, 0.236, 0.000, 0.000, 0.091, 0.000, 0.000, 0.000, 0.000, 0.000, 0.000, 0.000, 0.138, 0.000, 0.000

---------------------------------------------------------------------------
Resampling_Posterior:
1, 1, 1, 1, 1, 1, 1, 1, 1, 3, 3, 3, 3, 6, 14, 14
               └≫ Best particle: #1

===========================================================================
[State1] States/Parameters: No.61
 (1)Initial dis.:
0.242, -0.178, 0.135, -0.058, -0.034, 0.200, -0.269, -0.315, -0.129, -0.277, -0.268, -0.504, -0.236, 0.208, -0.363, -0.620
       ↓ <<< Option Func.
 (2)Prior distr.:
0.242, -0.178, 0.135, -0.058, -0.034, 0.200, -0.269, -0.315, -0.129, -0.277, -0.268, -0.504, -0.236, 0.208, -0.363, -0.620
       ↓ <<< Likelihood
 (3)Resampled d.:
0.000, 0.242, 0.242, 0.242, 0.242, 0.242, 0.242, 0.242, 0.242, 0.135, 0.135, 0.135, 0.135, 0.200, 0.208, 0.208
       ↓ <<< System noise
 (4)Posterior d.:
-0.192, 0.242, -0.178, -0.077, 0.011, 0.065, 0.427, 0.132, -0.070, 0.043, 0.416, -0.001, 0.089, 0.288, 0.419, 0.187

---------------------------------------------------------------------------
[State2] States/Parameters: No.62
 (1)Initial dis.:
0.242, -0.178, 0.135, -0.058, -0.034, 0.200, -0.269, -0.315, -0.129, -0.277, -0.268, -0.504, -0.236, 0.208, -0.363, -0.620
       ↓ <<< Option Func.
 (2)Prior distr.:
0.242, -0.178, 0.135, -0.058, -0.034, 0.200, -0.269, -0.315, -0.129, -0.277, -0.268, -0.504, -0.236, 0.208, -0.363, -0.620
       ↓ <<< Likelihood
 (3)Resampled d.:
0.000, 0.242, 0.242, 0.242, 0.242, 0.242, 0.242, 0.242, 0.242, 0.135, 0.135, 0.135, 0.135, 0.200, 0.208, 0.208
       ↓ <<< System noise
 (4)Posterior d.:
-0.192, 0.242, -0.178, -0.077, 0.011, 0.065, 0.427, 0.132, -0.070, 0.043, 0.416, -0.001, 0.089, 0.288, 0.419, 0.187

---------------------------------------------------------------------------
