===========================================================================
Calculated datetime :202508030000
===========================================================================
Prediction station  :N.1

---------------------------------------------------------------------------
Likelihood_Prior    :
0.000, 0.107, 0.010, 0.041, 0.000, 0.063, 0.015, 0.092, 0.000, 0.223, 0.002, 0.060, 0.000, 0.100, 0.226, 0.060
     ↓↓↓
Likelihood_Posterior:
0.268, 0.000, 0.079, 0.016, 0.000, 0.090, 0.000, 0.013, 0.235, 0.000, 0.184, 0.005, 0.000, 0.000, 0.000, 0.110

---------------------------------------------------------------------------
Resampling_Posterior:
1, 1, 1, 1, 1, 3, 6, 9, 9, 9, 9, 11, 11, 11, 16, 16
               └≫ Best particle: #1

===========================================================================
[State1] States/Parameters: No.61
 (1)Initial dis.:
0.135, -0.133, 0.069, -0.549, -0.164, 0.237, -0.131, -0.541, 0.102, -0.105, 0.088, -0.259, -0.201, -0.128, -0.021, -0.314
       ↓ <<< Option Func.
 (2)Prior distr.:
0.135, -0.133, 0.069, -0.549, -0.164, 0.237, -0.131, -0.541, 0.102, -0.105, 0.088, -0.259, -0.201, -0.128, -0.021, -0.314
       ↓ <<< Likelihood
 (3)Resampled d.:
0.000, 0.135, 0.135, 0.135, 0.135, 0.069, 0.237, 0.102, 0.102, 0.102, 0.102, 0.088, 0.088, 0.088, -0.314, -0.314
       ↓ <<< System noise
 (4)Posterior d.:
0.017, 0.135, 0.488, 0.067, -0.066, 0.192, 0.476, 0.085, 0.410, 0.262, -0.145, -0.056, 0.126, 0.347, -0.258, -0.071

---------------------------------------------------------------------------
[State2] States/Parameters: No.62
 (1)Initial dis.:
0.135, -0.133, 0.069, -0.549, -0.164, 0.237, -0.131, -0.541, 0.102, -0.105, 0.088, -0.259, -0.201, -0.128, -0.021, -0.314
       ↓ <<< Option Func.
 (2)Prior distr.:
0.135, -0.133, 0.069, -0.549, -0.164, 0.237, -0.131, -0.541, 0.102, -0.105, 0.088, -0.259, -0.201, -0.128, -0.021, -0.314
       ↓ <<< Likelihood
 (3)Resampled d.:
0.000, 0.135, 0.135, 0.135, 0.135, 0.069, 0.237, 0.102, 0.102, 0.102, 0.102, 0.088, 0.088, 0.088, -0.314, -0.314
       ↓ <<< System noise
 (4)Posterior d.:
0.017, 0.135, 0.488, 0.067, -0.066, 0.192, 0.476, 0.085, 0.410, 0.262, -0.145, -0.056, 0.126, 0.347, -0.258, -0.071

---------------------------------------------------------------------------
