===========================================================================
Calculated datetime :202208030000
===========================================================================
Prediction station  :N.1

---------------------------------------------------------------------------
Likelihood_Prior    :
0.000, 0.753, 0.001, 0.061, 0.000, 0.167, 0.000, 0.001, 0.000, 0.000, 0.000, 0.000, 0.000, 0.000, 0.000, 0.017
     ↓↓↓
Likelihood_Posterior:
0.012, 0.067, 0.070, 0.080, 0.078, 0.078, 0.071, 0.069, 0.084, 0.062, 0.049, 0.069, 0.083, 0.083, 0.001, 0.043

---------------------------------------------------------------------------
Resampling_Posterior:
1, 2, 3, 4, 5, 6, 7, 8, 9, 9, 10, 11, 12, 13, 14, 16
               └≫ Best particle: #9

===========================================================================
[State1] States/Parameters: No.61
 (1)Initial dis.:
-0.468, -0.922, -0.947, -1.048, -1.070, -1.050, -0.960, -0.933, -0.824, -1.117, -1.165, -0.870, -1.022, -1.021, 0.665, 0.428
       ↓ <<< Option Func.
 (2)Prior distr.:
-0.468, -0.922, -0.947, -1.048, -1.070, -1.050, -0.960, -0.933, -0.824, -1.117, -1.165, -0.870, -1.022, -1.021, 0.665, 0.428
       ↓ <<< Likelihood
 (3)Resampled d.:
0.000, -0.922, -0.947, -1.048, -1.070, -1.050, -0.960, -0.933, -0.824, -0.824, -1.117, -1.165, -0.870, -1.022, -1.021, 0.428
       ↓ <<< System noise
 (4)Posterior d.:
0.282, -0.922, -0.501, -1.114, -1.414, -1.259, -1.198, -0.958, -0.753, -0.759, -1.033, -1.140, -0.932, -1.147, -0.880, 0.296

---------------------------------------------------------------------------
[State2] States/Parameters: No.62
 (1)Initial dis.:
-0.468, -0.922, -0.947, -1.048, -1.070, -1.050, -0.960, -0.933, -0.824, -1.117, -1.165, -0.870, -1.022, -1.021, 0.989, 0.752
       ↓ <<< Option Func.
 (2)Prior distr.:
-0.468, -0.922, -0.947, -1.048, -1.070, -1.050, -0.960, -0.933, -0.824, -1.117, -1.165, -0.870, -1.022, -1.021, 0.989, 0.752
       ↓ <<< Likelihood
 (3)Resampled d.:
0.000, -0.922, -0.947, -1.048, -1.070, -1.050, -0.960, -0.933, -0.824, -0.824, -1.117, -1.165, -0.870, -1.022, -1.021, 0.752
       ↓ <<< System noise
 (4)Posterior d.:
0.282, -0.922, -0.501, -1.114, -1.414, -1.259, -1.198, -0.958, -0.753, -0.759, -1.033, -1.140, -0.932, -1.147, -0.880, 0.620

---------------------------------------------------------------------------
