===========================================================================
Calculated datetime :202508070000
===========================================================================
Prediction station  :N.1

---------------------------------------------------------------------------
Likelihood_Prior    :
0.435, 0.000, 0.000, 0.000, 0.057, 0.000, 0.000, 0.000, 0.000, 0.000, 0.000, 0.000, 0.000, 0.509, 0.000, 0.000
     ↓↓↓
Likelihood_Posterior:
0.000, 0.095, 0.000, 0.036, 0.001, 0.015, 0.046, 0.000, 0.127, 0.096, 0.046, 0.077, 0.095, 0.075, 0.128, 0.161

---------------------------------------------------------------------------
Resampling_Posterior:
1, 2, 2, 9, 9, 10, 10, 12, 13, 13, 14, 15, 15, 16, 16, 16
               └≫ Best particle: #16

===========================================================================
[State1] States/Parameters: No.61
 (1)Initial dis.:
-0.029, -0.489, -0.797, -0.628, -0.383, -0.888, -0.459, 0.064, -0.610, -0.508, -0.462, -0.464, -0.491, -0.606, -0.957, -0.547
       ↓ <<< Option Func.
 (2)Prior distr.:
-0.029, -0.489, -0.797, -0.628, -0.383, -0.888, -0.459, 0.064, -0.610, -0.508, -0.462, -0.464, -0.491, -0.606, -0.957, -0.547
       ↓ <<< Likelihood
 (3)Resampled d.:
0.000, -0.489, -0.489, -0.610, -0.610, -0.508, -0.508, -0.464, -0.491, -0.491, -0.606, -0.957, -0.957, -0.547, -0.547, -0.547
       ↓ <<< System noise
 (4)Posterior d.:
-0.006, -0.489, -0.597, -0.729, -0.554, -0.409, -0.885, -0.127, -0.555, -0.291, -0.539, -1.056, -0.986, -0.572, -0.330, -0.468

---------------------------------------------------------------------------
[State2] States/Parameters: No.62
 (1)Initial dis.:
-0.029, -0.489, -0.797, -0.628, -0.383, -0.888, -0.459, 0.064, -0.610, -0.508, -0.462, -0.464, -0.491, -0.606, -0.957, -0.547
       ↓ <<< Option Func.
 (2)Prior distr.:
-0.029, -0.489, -0.797, -0.628, -0.383, -0.888, -0.459, 0.064, -0.610, -0.508, -0.462, -0.464, -0.491, -0.606, -0.957, -0.547
       ↓ <<< Likelihood
 (3)Resampled d.:
0.000, -0.489, -0.489, -0.610, -0.610, -0.508, -0.508, -0.464, -0.491, -0.491, -0.606, -0.957, -0.957, -0.547, -0.547, -0.547
       ↓ <<< System noise
 (4)Posterior d.:
-0.006, -0.489, -0.597, -0.729, -0.554, -0.409, -0.885, -0.127, -0.555, -0.291, -0.539, -1.056, -0.986, -0.572, -0.330, -0.468

---------------------------------------------------------------------------
