===========================================================================
Calculated datetime :202209070000
===========================================================================
Prediction station  :N.1

---------------------------------------------------------------------------
Likelihood_Prior    :
0.000, 0.000, 0.000, 0.000, 0.000, 0.000, 0.000, 0.000, 0.000, 0.000, 0.000, 0.000, 0.000, 0.162, 0.000, 0.838
     ↓↓↓
Likelihood_Posterior:
0.000, 0.000, 0.000, 0.000, 0.000, 0.000, 0.000, 0.000, 0.000, 0.000, 1.000, 0.000, 0.000, 0.000, 0.000, 0.000

---------------------------------------------------------------------------
Resampling_Posterior:
1, 11, 11, 11, 11, 11, 11, 11, 11, 11, 11, 11, 11, 11, 11, 11
               └≫ Best particle: #11

===========================================================================
[State1] States/Parameters: No.61
 (1)Initial dis.:
0.119, 0.728, 0.913, 0.612, 0.373, 1.061, 1.071, 0.656, 0.868, 0.666, 1.282, 1.096, 0.548, 0.396, 0.813, 0.750
       ↓ <<< Option Func.
 (2)Prior distr.:
0.119, 0.728, 0.913, 0.612, 0.373, 1.061, 1.071, 0.656, 0.868, 0.666, 1.282, 1.096, 0.548, 0.396, 0.813, 0.750
       ↓ <<< Likelihood
 (3)Resampled d.:
0.000, 1.282, 1.282, 1.282, 1.282, 1.282, 1.282, 1.282, 1.282, 1.282, 1.282, 1.282, 1.282, 1.282, 1.282, 1.282
       ↓ <<< System noise
 (4)Posterior d.:
-0.099, 1.282, 1.518, 1.617, 1.080, 1.255, 1.427, 1.393, 1.000, 1.327, 1.165, 0.986, 1.454, 0.730, 1.632, 0.741

---------------------------------------------------------------------------
[State2] States/Parameters: No.62
 (1)Initial dis.:
0.119, 0.728, 0.913, 0.612, 0.373, 1.061, 1.071, 0.656, 0.868, 0.666, 1.282, 1.096, 0.548, 0.396, 0.813, 0.750
       ↓ <<< Option Func.
 (2)Prior distr.:
0.119, 0.728, 0.913, 0.612, 0.373, 1.061, 1.071, 0.656, 0.868, 0.666, 1.282, 1.096, 0.548, 0.396, 0.813, 0.750
       ↓ <<< Likelihood
 (3)Resampled d.:
0.000, 1.282, 1.282, 1.282, 1.282, 1.282, 1.282, 1.282, 1.282, 1.282, 1.282, 1.282, 1.282, 1.282, 1.282, 1.282
       ↓ <<< System noise
 (4)Posterior d.:
-0.099, 1.282, 1.518, 1.617, 1.080, 1.255, 1.427, 1.393, 1.000, 1.327, 1.165, 0.986, 1.454, 0.730, 1.632, 0.741

---------------------------------------------------------------------------
