===========================================================================
Calculated datetime :202208100000
===========================================================================
Prediction station  :N.1

---------------------------------------------------------------------------
Likelihood_Prior    :
0.067, 0.068, 0.057, 0.071, 0.064, 0.055, 0.061, 0.071, 0.071, 0.061, 0.054, 0.071, 0.043, 0.056, 0.057, 0.072
     ↓↓↓
Likelihood_Posterior:
0.000, 0.000, 0.000, 0.000, 0.000, 0.000, 0.000, 0.000, 0.000, 0.000, 0.000, 0.000, 0.047, 0.930, 0.000, 0.023

---------------------------------------------------------------------------
Resampling_Posterior:
1, 14, 14, 14, 14, 14, 14, 14, 14, 14, 14, 14, 14, 14, 14, 14
               └≫ Best particle: #14

===========================================================================
[State1] States/Parameters: No.61
 (1)Initial dis.:
0.107, 0.071, -0.010, 0.410, 0.185, -0.038, 0.615, 0.120, -0.038, 0.346, 0.071, -0.301, -0.405, -0.512, 0.233, -0.391
       ↓ <<< Option Func.
 (2)Prior distr.:
0.107, 0.071, -0.010, 0.410, 0.185, -0.038, 0.615, 0.120, -0.038, 0.346, 0.071, -0.301, -0.405, -0.512, 0.233, -0.391
       ↓ <<< Likelihood
 (3)Resampled d.:
0.000, -0.512, -0.512, -0.512, -0.512, -0.512, -0.512, -0.512, -0.512, -0.512, -0.512, -0.512, -0.512, -0.512, -0.512, -0.512
       ↓ <<< System noise
 (4)Posterior d.:
0.161, -0.512, -0.457, -0.508, -0.127, -0.927, -0.697, -0.702, -0.381, -0.575, -0.540, -0.609, -0.366, -0.973, -0.833, -0.391

---------------------------------------------------------------------------
[State2] States/Parameters: No.62
 (1)Initial dis.:
0.107, 0.071, -0.010, 0.410, 0.185, -0.038, 0.615, 0.120, -0.038, 0.346, 0.071, -0.301, -0.405, -0.512, 0.233, -0.391
       ↓ <<< Option Func.
 (2)Prior distr.:
0.107, 0.071, -0.010, 0.410, 0.185, -0.038, 0.615, 0.120, -0.038, 0.346, 0.071, -0.301, -0.405, -0.512, 0.233, -0.391
       ↓ <<< Likelihood
 (3)Resampled d.:
0.000, -0.512, -0.512, -0.512, -0.512, -0.512, -0.512, -0.512, -0.512, -0.512, -0.512, -0.512, -0.512, -0.512, -0.512, -0.512
       ↓ <<< System noise
 (4)Posterior d.:
0.161, -0.512, -0.457, -0.508, -0.127, -0.927, -0.697, -0.702, -0.381, -0.575, -0.540, -0.609, -0.366, -0.973, -0.833, -0.391

---------------------------------------------------------------------------
