===========================================================================
Calculated datetime :202209190000
===========================================================================
Prediction station  :N.1

---------------------------------------------------------------------------
Likelihood_Prior    :
0.000, 0.000, 0.000, 0.000, 0.000, 1.000, 0.000, 0.000, 0.000, 0.000, 0.000, 0.000, 0.000, 0.000, 0.000, 0.000
     ↓↓↓
Likelihood_Posterior:
0.000, 0.000, 0.000, 0.000, 0.000, 0.001, 0.000, 0.000, 0.000, 0.000, 0.000, 0.000, 0.000, 0.000, 0.017, 0.982

---------------------------------------------------------------------------
Resampling_Posterior:
1, 16, 16, 16, 16, 16, 16, 16, 16, 16, 16, 16, 16, 16, 16, 16
               └≫ Best particle: #16

===========================================================================
[State1] States/Parameters: No.61
 (1)Initial dis.:
0.195, 1.090, 1.148, 0.877, 0.389, 1.179, 0.856, 0.619, 0.741, 0.632, 0.855, 0.502, 1.047, 1.031, 1.210, 1.623
       ↓ <<< Option Func.
 (2)Prior distr.:
0.195, 1.090, 1.148, 0.877, 0.389, 1.179, 0.856, 0.619, 0.741, 0.632, 0.855, 0.502, 1.047, 1.031, 1.210, 1.623
       ↓ <<< Likelihood
 (3)Resampled d.:
0.000, 1.623, 1.623, 1.623, 1.623, 1.623, 1.623, 1.623, 1.623, 1.623, 1.623, 1.623, 1.623, 1.623, 1.623, 1.623
       ↓ <<< System noise
 (4)Posterior d.:
0.018, 1.623, 1.721, 1.392, 1.687, 1.493, 1.475, 1.297, 1.451, 1.150, 1.316, 1.799, 1.763, 1.685, 1.523, 1.488

---------------------------------------------------------------------------
[State2] States/Parameters: No.62
 (1)Initial dis.:
0.195, 1.090, 1.148, 0.877, 0.389, 1.179, 0.856, 0.619, 0.741, 0.632, 0.855, 0.502, 1.047, 1.031, 1.210, 1.623
       ↓ <<< Option Func.
 (2)Prior distr.:
0.195, 1.090, 1.148, 0.877, 0.389, 1.179, 0.856, 0.619, 0.741, 0.632, 0.855, 0.502, 1.047, 1.031, 1.210, 1.623
       ↓ <<< Likelihood
 (3)Resampled d.:
0.000, 1.623, 1.623, 1.623, 1.623, 1.623, 1.623, 1.623, 1.623, 1.623, 1.623, 1.623, 1.623, 1.623, 1.623, 1.623
       ↓ <<< System noise
 (4)Posterior d.:
0.018, 1.623, 1.721, 1.392, 1.687, 1.493, 1.475, 1.297, 1.451, 1.150, 1.316, 1.799, 1.763, 1.685, 1.523, 1.488

---------------------------------------------------------------------------
