===========================================================================
Calculated datetime :202207300000
===========================================================================
Prediction station  :N.1

---------------------------------------------------------------------------
Likelihood_Prior    :
0.048, 0.051, 0.047, 0.067, 0.121, 0.113, 0.055, 0.056, 0.049, 0.057, 0.051, 0.058, 0.054, 0.057, 0.058, 0.057
     ↓↓↓
Likelihood_Posterior:
0.060, 0.063, 0.064, 0.056, 0.060, 0.076, 0.062, 0.046, 0.047, 0.062, 0.088, 0.061, 0.059, 0.047, 0.067, 0.081

---------------------------------------------------------------------------
Resampling_Posterior:
1, 2, 3, 4, 5, 6, 7, 8, 9, 10, 11, 12, 13, 14, 15, 16
               └≫ Best particle: #11

===========================================================================
[State1] States/Parameters: No.61
 (1)Initial dis.:
0.135, 0.494, -0.940, -0.069, -0.001, -0.451, -0.717, 1.566, 0.741, 0.460, 0.178, -0.437, -0.203, 0.742, 0.357, 0.259
       ↓ <<< Option Func.
 (2)Prior distr.:
0.135, 0.494, -0.940, -0.069, -0.001, -0.451, -0.717, 1.566, 0.741, 0.460, 0.178, -0.437, -0.203, 0.742, 0.357, 0.259
       ↓ <<< Likelihood
 (3)Resampled d.:
0.000, 0.494, -0.940, -0.069, -0.001, -0.451, -0.717, 1.566, 0.741, 0.460, 0.178, -0.437, -0.203, 0.742, 0.357, 0.259
       ↓ <<< System noise
 (4)Posterior d.:
-0.105, 0.494, -0.922, -0.158, 0.060, -0.112, -0.887, 1.292, 0.998, 0.115, 0.409, -0.349, 0.212, 1.055, 0.218, 0.477

---------------------------------------------------------------------------
[State2] States/Parameters: No.62
 (1)Initial dis.:
0.135, 0.494, -0.940, -0.069, -0.001, -0.451, -0.717, 1.566, 1.065, 0.784, 0.502, -0.113, 0.121, 1.066, 0.681, 0.584
       ↓ <<< Option Func.
 (2)Prior distr.:
0.135, 0.494, -0.940, -0.069, -0.001, -0.451, -0.717, 1.566, 1.065, 0.784, 0.502, -0.113, 0.121, 1.066, 0.681, 0.584
       ↓ <<< Likelihood
 (3)Resampled d.:
0.000, 0.494, -0.940, -0.069, -0.001, -0.451, -0.717, 1.566, 1.065, 0.784, 0.502, -0.113, 0.121, 1.066, 0.681, 0.584
       ↓ <<< System noise
 (4)Posterior d.:
-0.105, 0.494, -0.922, -0.158, 0.060, -0.112, -0.887, 1.292, 1.322, 0.439, 0.733, -0.025, 0.536, 1.379, 0.542, 0.801

---------------------------------------------------------------------------
