===========================================================================
Calculated datetime :202507290000
===========================================================================
Prediction station  :N.1

---------------------------------------------------------------------------
Likelihood_Prior    :
0.000, 0.000, 0.000, 0.000, 0.000, 0.000, 0.000, 0.000, 0.000, 0.000, 0.005, 0.000, 0.000, 0.000, 0.000, 0.995
     ↓↓↓
Likelihood_Posterior:
0.000, 0.000, 0.000, 0.330, 0.000, 0.000, 0.000, 0.000, 0.000, 0.000, 0.000, 0.000, 0.000, 0.654, 0.000, 0.016

---------------------------------------------------------------------------
Resampling_Posterior:
1, 4, 4, 4, 4, 4, 14, 14, 14, 14, 14, 14, 14, 14, 14, 14
               └≫ Best particle: #14

===========================================================================
[State1] States/Parameters: No.61
 (1)Initial dis.:
-0.073, -0.601, -0.142, -0.743, -0.265, -0.667, -0.233, -0.495, -0.586, -0.284, -0.331, -0.704, -0.580, -0.750, -0.644, -0.967
       ↓ <<< Option Func.
 (2)Prior distr.:
-0.073, -0.601, -0.142, -0.743, -0.265, -0.667, -0.233, -0.495, -0.586, -0.284, -0.331, -0.704, -0.580, -0.750, -0.644, -0.967
       ↓ <<< Likelihood
 (3)Resampled d.:
0.000, -0.743, -0.743, -0.743, -0.743, -0.743, -0.750, -0.750, -0.750, -0.750, -0.750, -0.750, -0.750, -0.750, -0.750, -0.750
       ↓ <<< System noise
 (4)Posterior d.:
-0.049, -0.743, -0.954, -0.775, -0.554, -0.678, -0.745, -1.082, -0.581, -1.045, -0.463, -0.996, -0.738, -0.609, -0.764, -0.614

---------------------------------------------------------------------------
[State2] States/Parameters: No.62
 (1)Initial dis.:
-0.073, -0.601, -0.142, -0.743, -0.265, -0.667, -0.233, -0.495, -0.586, -0.284, -0.331, -0.704, -0.580, -0.750, -0.644, -0.967
       ↓ <<< Option Func.
 (2)Prior distr.:
-0.073, -0.601, -0.142, -0.743, -0.265, -0.667, -0.233, -0.495, -0.586, -0.284, -0.331, -0.704, -0.580, -0.750, -0.644, -0.967
       ↓ <<< Likelihood
 (3)Resampled d.:
0.000, -0.743, -0.743, -0.743, -0.743, -0.743, -0.750, -0.750, -0.750, -0.750, -0.750, -0.750, -0.750, -0.750, -0.750, -0.750
       ↓ <<< System noise
 (4)Posterior d.:
-0.049, -0.743, -0.954, -0.775, -0.554, -0.678, -0.745, -1.082, -0.581, -1.045, -0.463, -0.996, -0.738, -0.609, -0.764, -0.614

---------------------------------------------------------------------------
