===========================================================================
Calculated datetime :202507240000
===========================================================================
Prediction station  :N.1

---------------------------------------------------------------------------
Likelihood_Prior    :
0.535, 0.000, 0.236, 0.000, 0.000, 0.091, 0.000, 0.000, 0.000, 0.000, 0.000, 0.000, 0.000, 0.138, 0.000, 0.000
     ↓↓↓
Likelihood_Posterior:
0.000, 0.000, 0.000, 0.000, 0.000, 0.000, 0.000, 0.006, 0.000, 0.000, 0.000, 0.000, 0.000, 0.000, 0.000, 0.994

---------------------------------------------------------------------------
Resampling_Posterior:
1, 16, 16, 16, 16, 16, 16, 16, 16, 16, 16, 16, 16, 16, 16, 16
               └≫ Best particle: #16

===========================================================================
[State1] States/Parameters: No.61
 (1)Initial dis.:
-0.192, 0.242, -0.178, -0.077, 0.011, 0.065, 0.427, 0.132, -0.070, 0.043, 0.416, -0.001, 0.089, 0.288, 0.419, 0.187
       ↓ <<< Option Func.
 (2)Prior distr.:
-0.192, 0.242, -0.178, -0.077, 0.011, 0.065, 0.427, 0.132, -0.070, 0.043, 0.416, -0.001, 0.089, 0.288, 0.419, 0.187
       ↓ <<< Likelihood
 (3)Resampled d.:
0.000, 0.187, 0.187, 0.187, 0.187, 0.187, 0.187, 0.187, 0.187, 0.187, 0.187, 0.187, 0.187, 0.187, 0.187, 0.187
       ↓ <<< System noise
 (4)Posterior d.:
0.097, 0.187, 0.140, 0.064, 0.372, 0.164, 0.067, -0.315, 0.238, -0.226, -0.117, 0.010, 0.214, 0.277, 0.375, 0.241

---------------------------------------------------------------------------
[State2] States/Parameters: No.62
 (1)Initial dis.:
-0.192, 0.242, -0.178, -0.077, 0.011, 0.065, 0.427, 0.132, -0.070, 0.043, 0.416, -0.001, 0.089, 0.288, 0.419, 0.187
       ↓ <<< Option Func.
 (2)Prior distr.:
-0.192, 0.242, -0.178, -0.077, 0.011, 0.065, 0.427, 0.132, -0.070, 0.043, 0.416, -0.001, 0.089, 0.288, 0.419, 0.187
       ↓ <<< Likelihood
 (3)Resampled d.:
0.000, 0.187, 0.187, 0.187, 0.187, 0.187, 0.187, 0.187, 0.187, 0.187, 0.187, 0.187, 0.187, 0.187, 0.187, 0.187
       ↓ <<< System noise
 (4)Posterior d.:
0.097, 0.187, 0.140, 0.064, 0.372, 0.164, 0.067, -0.315, 0.238, -0.226, -0.117, 0.010, 0.214, 0.277, 0.375, 0.241

---------------------------------------------------------------------------
