===========================================================================
Calculated datetime :202208060000
===========================================================================
Prediction station  :N.1

---------------------------------------------------------------------------
Likelihood_Prior    :
0.104, 0.058, 0.075, 0.096, 0.078, 0.042, 0.104, 0.025, 0.075, 0.036, 0.027, 0.035, 0.022, 0.078, 0.070, 0.074
     ↓↓↓
Likelihood_Posterior:
0.026, 0.021, 0.104, 0.087, 0.024, 0.033, 0.090, 0.042, 0.033, 0.062, 0.033, 0.057, 0.156, 0.136, 0.019, 0.078

---------------------------------------------------------------------------
Resampling_Posterior:
1, 3, 3, 4, 4, 7, 7, 10, 12, 13, 13, 13, 14, 14, 14, 16
               └≫ Best particle: #13

===========================================================================
[State1] States/Parameters: No.61
 (1)Initial dis.:
-0.226, 0.393, -0.536, 0.045, 0.360, 0.218, -0.108, 0.119, 0.211, 0.070, 0.254, -0.163, 0.455, 0.570, -0.055, 0.268
       ↓ <<< Option Func.
 (2)Prior distr.:
-0.226, 0.393, -0.536, 0.045, 0.360, 0.218, -0.108, 0.119, 0.211, 0.070, 0.254, -0.163, 0.455, 0.570, -0.055, 0.268
       ↓ <<< Likelihood
 (3)Resampled d.:
0.000, -0.536, -0.536, 0.045, 0.045, -0.108, -0.108, 0.070, -0.163, 0.455, 0.455, 0.455, 0.570, 0.570, 0.570, 0.268
       ↓ <<< System noise
 (4)Posterior d.:
-0.118, -0.536, -0.944, 0.324, -0.204, -0.445, 0.261, -0.065, -0.323, 0.846, 0.357, 0.820, 0.633, 0.241, 0.622, -0.038

---------------------------------------------------------------------------
[State2] States/Parameters: No.62
 (1)Initial dis.:
-0.226, 0.393, -0.536, 0.045, 0.360, 0.218, -0.108, 0.119, 0.211, 0.070, 0.254, -0.163, 1.074, 1.189, 0.565, 0.887
       ↓ <<< Option Func.
 (2)Prior distr.:
-0.226, 0.393, -0.536, 0.045, 0.360, 0.218, -0.108, 0.119, 0.211, 0.070, 0.254, -0.163, 1.074, 1.189, 0.565, 0.887
       ↓ <<< Likelihood
 (3)Resampled d.:
0.000, -0.536, -0.536, 0.045, 0.045, -0.108, -0.108, 0.070, -0.163, 1.074, 1.074, 1.074, 1.189, 1.189, 1.189, 0.887
       ↓ <<< System noise
 (4)Posterior d.:
-0.118, -0.536, -0.944, 0.324, -0.204, -0.445, 0.261, -0.065, -0.323, 1.465, 0.976, 1.439, 1.252, 0.860, 1.241, 0.581

---------------------------------------------------------------------------
