===========================================================================
Calculated datetime :202207260000
===========================================================================
Prediction station  :N.1

---------------------------------------------------------------------------
Likelihood_Prior    :
0.001, 0.002, 0.087, 0.001, 0.087, 0.002, 0.001, 0.001, 0.003, 0.056, 0.543, 0.008, 0.001, 0.001, 0.002, 0.203
     ↓↓↓
Likelihood_Posterior:
0.052, 0.063, 0.068, 0.058, 0.074, 0.069, 0.070, 0.050, 0.083, 0.053, 0.092, 0.070, 0.062, 0.069, 0.040, 0.026

---------------------------------------------------------------------------
Resampling_Posterior:
1, 2, 3, 4, 5, 6, 7, 8, 9, 9, 10, 11, 11, 12, 13, 14
               └≫ Best particle: #11

===========================================================================
[State1] States/Parameters: No.61
 (1)Initial dis.:
0.123, -0.422, -0.692, -0.469, -0.562, -0.389, -0.673, -0.952, -0.313, -0.860, -0.218, -0.672, -0.756, -0.683, -1.297, -1.843
       ↓ <<< Option Func.
 (2)Prior distr.:
0.123, -0.422, -0.692, -0.469, -0.562, -0.389, -0.673, -0.952, -0.313, -0.860, -0.218, -0.672, -0.756, -0.683, -1.297, -1.843
       ↓ <<< Likelihood
 (3)Resampled d.:
0.000, -0.422, -0.692, -0.469, -0.562, -0.389, -0.673, -0.952, -0.313, -0.313, -0.860, -0.218, -0.218, -0.672, -0.756, -0.683
       ↓ <<< System noise
 (4)Posterior d.:
0.126, -0.422, -0.569, -0.815, -0.064, -0.676, -0.648, -0.917, -0.302, -0.121, -1.121, -0.360, -0.112, -1.152, -1.074, -0.564

---------------------------------------------------------------------------
[State2] States/Parameters: No.62
 (1)Initial dis.:
0.123, 0.197, -0.073, 0.150, 0.057, 0.230, -0.054, -0.333, 0.306, -0.241, 0.401, -0.053, -0.137, -0.064, -0.678, -1.224
       ↓ <<< Option Func.
 (2)Prior distr.:
0.123, 0.197, -0.073, 0.150, 0.057, 0.230, -0.054, -0.333, 0.306, -0.241, 0.401, -0.053, -0.137, -0.064, -0.678, -1.224
       ↓ <<< Likelihood
 (3)Resampled d.:
0.000, 0.197, -0.073, 0.150, 0.057, 0.230, -0.054, -0.333, 0.306, 0.306, -0.241, 0.401, 0.401, -0.053, -0.137, -0.064
       ↓ <<< System noise
 (4)Posterior d.:
0.126, 0.197, 0.050, -0.196, 0.555, -0.057, -0.029, -0.298, 0.317, 0.498, -0.502, 0.259, 0.507, -0.533, -0.455, 0.055

---------------------------------------------------------------------------
