===========================================================================
Calculated datetime :202508010000
===========================================================================
Prediction station  :N.1

---------------------------------------------------------------------------
Likelihood_Prior    :
0.000, 0.000, 0.000, 0.000, 0.000, 0.552, 0.000, 0.090, 0.000, 0.000, 0.000, 0.028, 0.000, 0.330, 0.000, 0.000
     ↓↓↓
Likelihood_Posterior:
0.040, 0.189, 0.085, 0.000, 0.110, 0.011, 0.000, 0.001, 0.000, 0.004, 0.150, 0.011, 0.207, 0.192, 0.000, 0.000

---------------------------------------------------------------------------
Resampling_Posterior:
1, 2, 2, 2, 3, 5, 5, 11, 11, 13, 13, 13, 13, 14, 14, 14
               └≫ Best particle: #13

===========================================================================
[State1] States/Parameters: No.61
 (1)Initial dis.:
-0.064, -0.133, -0.159, -0.427, -0.147, -0.225, -0.645, -0.006, 0.167, -0.230, -0.106, -0.221, -0.117, -0.112, 0.464, 0.250
       ↓ <<< Option Func.
 (2)Prior distr.:
-0.064, -0.133, -0.159, -0.427, -0.147, -0.225, -0.645, -0.006, 0.167, -0.230, -0.106, -0.221, -0.117, -0.112, 0.464, 0.250
       ↓ <<< Likelihood
 (3)Resampled d.:
0.000, -0.133, -0.133, -0.133, -0.159, -0.147, -0.147, -0.106, -0.106, -0.117, -0.117, -0.117, -0.117, -0.112, -0.112, -0.112
       ↓ <<< System noise
 (4)Posterior d.:
-0.350, -0.133, -0.083, -0.107, -0.327, -0.264, -0.092, -0.254, 0.017, -0.156, -0.307, -0.112, -0.350, -0.128, -0.182, -0.112

---------------------------------------------------------------------------
[State2] States/Parameters: No.62
 (1)Initial dis.:
-0.064, -0.133, -0.159, -0.427, -0.147, -0.225, -0.645, -0.006, 0.167, -0.230, -0.106, -0.221, -0.117, -0.112, 0.464, 0.250
       ↓ <<< Option Func.
 (2)Prior distr.:
-0.064, -0.133, -0.159, -0.427, -0.147, -0.225, -0.645, -0.006, 0.167, -0.230, -0.106, -0.221, -0.117, -0.112, 0.464, 0.250
       ↓ <<< Likelihood
 (3)Resampled d.:
0.000, -0.133, -0.133, -0.133, -0.159, -0.147, -0.147, -0.106, -0.106, -0.117, -0.117, -0.117, -0.117, -0.112, -0.112, -0.112
       ↓ <<< System noise
 (4)Posterior d.:
-0.350, -0.133, -0.083, -0.107, -0.327, -0.264, -0.092, -0.254, 0.017, -0.156, -0.307, -0.112, -0.350, -0.128, -0.182, -0.112

---------------------------------------------------------------------------
