===========================================================================
Calculated datetime :202209170000
===========================================================================
Prediction station  :N.1

---------------------------------------------------------------------------
Likelihood_Prior    :
0.001, 0.082, 0.000, 0.089, 0.103, 0.001, 0.063, 0.087, 0.084, 0.080, 0.000, 0.088, 0.084, 0.072, 0.083, 0.084
     ↓↓↓
Likelihood_Posterior:
0.000, 0.000, 0.192, 0.083, 0.332, 0.145, 0.000, 0.000, 0.000, 0.083, 0.000, 0.043, 0.003, 0.000, 0.000, 0.118

---------------------------------------------------------------------------
Resampling_Posterior:
1, 2, 3, 4, 5, 6, 7, 8, 9, 10, 11, 12, 13, 14, 15, 16
               └≫ Best particle: #5

===========================================================================
[State1] States/Parameters: No.61
 (1)Initial dis.:
0.158, 0.096, 0.408, 0.301, 0.455, 0.380, 0.069, 0.119, -0.087, 0.304, 0.151, 0.256, 0.199, 0.034, 0.109, 0.343
       ↓ <<< Option Func.
 (2)Prior distr.:
0.158, 0.096, 0.408, 0.301, 0.455, 0.380, 0.069, 0.119, -0.087, 0.304, 0.151, 0.256, 0.199, 0.034, 0.109, 0.343
       ↓ <<< Likelihood
 (3)Resampled d.:
0.000, 0.096, 0.408, 0.301, 0.455, 0.380, 0.069, 0.119, -0.087, 0.304, 0.151, 0.256, 0.199, 0.034, 0.109, 0.343
       ↓ <<< System noise
 (4)Posterior d.:
-0.431, 0.096, 0.544, 0.303, 0.116, 0.385, 0.126, 0.069, 0.268, 0.048, 0.083, 0.734, 0.216, -0.084, 0.327, 0.228

---------------------------------------------------------------------------
[State2] States/Parameters: No.62
 (1)Initial dis.:
0.158, 0.096, 0.408, 0.301, 0.455, 0.380, 0.069, 0.119, -0.087, 0.304, 0.151, 0.256, 0.199, 0.034, 0.109, 0.343
       ↓ <<< Option Func.
 (2)Prior distr.:
0.158, 0.096, 0.408, 0.301, 0.455, 0.380, 0.069, 0.119, -0.087, 0.304, 0.151, 0.256, 0.199, 0.034, 0.109, 0.343
       ↓ <<< Likelihood
 (3)Resampled d.:
0.000, 0.096, 0.408, 0.301, 0.455, 0.380, 0.069, 0.119, -0.087, 0.304, 0.151, 0.256, 0.199, 0.034, 0.109, 0.343
       ↓ <<< System noise
 (4)Posterior d.:
0.000, 0.096, 0.408, 0.301, 0.455, 0.380, 0.069, 0.119, -0.087, 0.304, 0.151, 0.256, 0.199, 0.034, 0.109, 0.343

---------------------------------------------------------------------------
