===========================================================================
Calculated datetime :202208040000
===========================================================================
Prediction station  :N.1

---------------------------------------------------------------------------
Likelihood_Prior    :
0.000, 0.000, 0.000, 0.000, 0.000, 0.000, 0.000, 0.000, 0.000, 0.000, 0.000, 0.000, 0.000, 0.000, 0.000, 0.000
     ↓↓↓
Likelihood_Posterior:
0.037, 0.024, 0.014, 0.020, 0.008, 0.001, 0.023, 0.335, 0.420, 0.010, 0.033, 0.014, 0.021, 0.001, 0.017, 0.023

---------------------------------------------------------------------------
Resampling_Posterior:
1, 8, 8, 8, 8, 8, 8, 8, 9, 9, 9, 9, 9, 9, 9, 9
               └≫ Best particle: #9

===========================================================================
[State1] States/Parameters: No.61
 (1)Initial dis.:
0.000, -0.421, -0.339, -0.248, -0.312, -0.297, -0.063, 0.362, 0.321, -0.365, -0.028, -0.336, -0.259, -0.398, -0.263, -0.048
       ↓ <<< Option Func.
 (2)Prior distr.:
0.000, -0.421, -0.339, -0.248, -0.312, -0.297, -0.063, 0.362, 0.321, -0.365, -0.028, -0.336, -0.259, -0.398, -0.263, -0.048
       ↓ <<< Likelihood
 (3)Resampled d.:
0.000, 0.362, 0.362, 0.362, 0.362, 0.362, 0.362, 0.362, 0.321, 0.321, 0.321, 0.321, 0.321, 0.321, 0.321, 0.321
       ↓ <<< System noise
 (4)Posterior d.:
0.284, 0.362, 0.518, 0.346, 0.228, 0.482, 0.155, 0.354, 0.291, 0.042, 1.162, 0.097, 0.332, 0.239, -0.273, 0.339

---------------------------------------------------------------------------
[State2] States/Parameters: No.62
 (1)Initial dis.:
0.000, 0.452, 0.058, 0.176, -0.139, -0.324, -0.031, 0.178, 0.316, 0.022, 0.023, 0.133, 0.152, -0.226, 0.304, 0.423
       ↓ <<< Option Func.
 (2)Prior distr.:
0.000, 0.452, 0.058, 0.176, -0.139, -0.324, -0.031, 0.178, 0.316, 0.022, 0.023, 0.133, 0.152, -0.226, 0.304, 0.423
       ↓ <<< Likelihood
 (3)Resampled d.:
0.000, 0.178, 0.178, 0.178, 0.178, 0.178, 0.178, 0.178, 0.316, 0.316, 0.316, 0.316, 0.316, 0.316, 0.316, 0.316
       ↓ <<< System noise
 (4)Posterior d.:
0.284, 0.178, 0.334, 0.163, 0.044, 0.298, -0.029, 0.170, 0.286, 0.036, 1.157, 0.092, 0.327, 0.234, -0.278, 0.334

---------------------------------------------------------------------------
