===========================================================================
Calculated datetime :202508080000
===========================================================================
Prediction station  :N.1

---------------------------------------------------------------------------
Likelihood_Prior    :
0.000, 0.095, 0.000, 0.036, 0.001, 0.015, 0.046, 0.000, 0.127, 0.096, 0.046, 0.077, 0.095, 0.075, 0.128, 0.161
     ↓↓↓
Likelihood_Posterior:
0.000, 0.000, 0.012, 0.045, 0.005, 0.000, 0.159, 0.000, 0.007, 0.000, 0.003, 0.613, 0.141, 0.015, 0.000, 0.000

---------------------------------------------------------------------------
Resampling_Posterior:
1, 7, 7, 12, 12, 12, 12, 12, 12, 12, 12, 12, 12, 12, 13, 13
               └≫ Best particle: #12

===========================================================================
[State1] States/Parameters: No.61
 (1)Initial dis.:
-0.006, -0.489, -0.597, -0.729, -0.554, -0.409, -0.885, -0.127, -0.555, -0.291, -0.539, -1.056, -0.986, -0.572, -0.330, -0.468
       ↓ <<< Option Func.
 (2)Prior distr.:
-0.006, -0.489, -0.597, -0.729, -0.554, -0.409, -0.885, -0.127, -0.555, -0.291, -0.539, -1.056, -0.986, -0.572, -0.330, -0.468
       ↓ <<< Likelihood
 (3)Resampled d.:
0.000, -0.885, -0.885, -1.056, -1.056, -1.056, -1.056, -1.056, -1.056, -1.056, -1.056, -1.056, -1.056, -1.056, -0.986, -0.986
       ↓ <<< System noise
 (4)Posterior d.:
-0.078, -0.885, -0.687, -1.252, -1.314, -0.964, -0.836, -0.844, -0.898, -0.910, -1.099, -1.409, -1.158, -0.875, -1.240, -0.799

---------------------------------------------------------------------------
[State2] States/Parameters: No.62
 (1)Initial dis.:
-0.006, -0.489, -0.597, -0.729, -0.554, -0.409, -0.885, -0.127, -0.555, -0.291, -0.539, -1.056, -0.986, -0.572, -0.330, -0.468
       ↓ <<< Option Func.
 (2)Prior distr.:
-0.006, -0.489, -0.597, -0.729, -0.554, -0.409, -0.885, -0.127, -0.555, -0.291, -0.539, -1.056, -0.986, -0.572, -0.330, -0.468
       ↓ <<< Likelihood
 (3)Resampled d.:
0.000, -0.885, -0.885, -1.056, -1.056, -1.056, -1.056, -1.056, -1.056, -1.056, -1.056, -1.056, -1.056, -1.056, -0.986, -0.986
       ↓ <<< System noise
 (4)Posterior d.:
-0.078, -0.885, -0.687, -1.252, -1.314, -0.964, -0.836, -0.844, -0.898, -0.910, -1.099, -1.409, -1.158, -0.875, -1.240, -0.799

---------------------------------------------------------------------------
