===========================================================================
Calculated datetime :202209150000
===========================================================================
Prediction station  :N.1

---------------------------------------------------------------------------
Likelihood_Prior    :
0.086, 0.207, 0.023, 0.021, 0.045, 0.020, 0.168, 0.040, 0.124, 0.025, 0.047, 0.009, 0.047, 0.017, 0.080, 0.039
     ↓↓↓
Likelihood_Posterior:
0.366, 0.430, 0.004, 0.003, 0.000, 0.000, 0.000, 0.000, 0.000, 0.000, 0.115, 0.075, 0.000, 0.001, 0.002, 0.003

---------------------------------------------------------------------------
Resampling_Posterior:
1, 1, 1, 1, 1, 1, 2, 2, 2, 2, 2, 2, 2, 11, 11, 12
               └≫ Best particle: #2

===========================================================================
[State1] States/Parameters: No.61
 (1)Initial dis.:
0.096, 0.090, 0.254, 0.317, 0.502, 0.861, 0.435, 0.613, 0.674, 0.616, 0.148, -0.033, 0.526, 0.394, 0.348, 0.294
       ↓ <<< Option Func.
 (2)Prior distr.:
0.096, 0.090, 0.254, 0.317, 0.502, 0.861, 0.435, 0.613, 0.674, 0.616, 0.148, -0.033, 0.526, 0.394, 0.348, 0.294
       ↓ <<< Likelihood
 (3)Resampled d.:
0.000, 0.096, 0.096, 0.096, 0.096, 0.096, 0.090, 0.090, 0.090, 0.090, 0.090, 0.090, 0.090, 0.148, 0.148, -0.033
       ↓ <<< System noise
 (4)Posterior d.:
-0.143, 0.096, -0.340, 0.280, 0.250, 0.491, 0.306, 0.077, 0.153, 0.112, -0.164, 0.186, 0.158, -0.011, 0.141, 0.144

---------------------------------------------------------------------------
[State2] States/Parameters: No.62
 (1)Initial dis.:
0.096, 0.090, 0.254, 0.317, 0.502, 0.861, 0.435, 0.613, 0.674, 0.616, 0.148, -0.033, 0.526, 0.394, 0.348, 0.294
       ↓ <<< Option Func.
 (2)Prior distr.:
0.096, 0.090, 0.254, 0.317, 0.502, 0.861, 0.435, 0.613, 0.674, 0.616, 0.148, -0.033, 0.526, 0.394, 0.348, 0.294
       ↓ <<< Likelihood
 (3)Resampled d.:
0.000, 0.096, 0.096, 0.096, 0.096, 0.096, 0.090, 0.090, 0.090, 0.090, 0.090, 0.090, 0.090, 0.148, 0.148, -0.033
       ↓ <<< System noise
 (4)Posterior d.:
-0.143, 0.096, -0.340, 0.280, 0.250, 0.491, 0.306, 0.077, 0.153, 0.112, -0.164, 0.186, 0.158, -0.011, 0.141, 0.144

---------------------------------------------------------------------------
