===========================================================================
Calculated datetime :202207300000
===========================================================================
Prediction station  :N.1

---------------------------------------------------------------------------
Likelihood_Prior    :
0.008, 0.041, 0.049, 0.041, 0.038, 0.035, 0.085, 0.066, 0.020, 0.038, 0.043, 0.040, 0.194, 0.051, 0.207, 0.043
     ↓↓↓
Likelihood_Posterior:
0.023, 0.106, 0.067, 0.050, 0.070, 0.061, 0.020, 0.022, 0.020, 0.020, 0.098, 0.106, 0.122, 0.063, 0.115, 0.039

---------------------------------------------------------------------------
Resampling_Posterior:
1, 2, 2, 3, 4, 5, 6, 11, 11, 12, 12, 13, 13, 14, 15, 15
               └≫ Best particle: #13

===========================================================================
[State1] States/Parameters: No.61
 (1)Initial dis.:
0.181, -1.022, -0.874, -0.762, -1.083, -1.106, -1.939, -1.541, -1.573, -1.666, -0.934, -1.023, -0.962, -1.116, -1.018, -0.494
       ↓ <<< Option Func.
 (2)Prior distr.:
0.181, -1.022, -0.874, -0.762, -1.083, -1.106, -1.939, -1.541, -1.573, -1.666, -0.934, -1.023, -0.962, -1.116, -1.018, -0.494
       ↓ <<< Likelihood
 (3)Resampled d.:
0.000, -1.022, -1.022, -0.874, -0.762, -1.083, -1.106, -0.934, -0.934, -1.023, -1.023, -0.962, -0.962, -1.116, -1.018, -1.018
       ↓ <<< System noise
 (4)Posterior d.:
-0.200, -1.022, -1.017, -1.141, -0.733, -0.601, -1.117, -1.019, -0.996, -1.272, -0.999, -0.754, -1.118, -0.996, -1.292, -0.761

---------------------------------------------------------------------------
[State2] States/Parameters: No.62
 (1)Initial dis.:
0.181, -0.403, -0.254, -0.143, -0.464, -0.487, -1.320, -0.922, -0.954, -1.047, -0.315, -0.404, -0.343, -0.496, -0.399, 0.125
       ↓ <<< Option Func.
 (2)Prior distr.:
0.181, -0.403, -0.254, -0.143, -0.464, -0.487, -1.320, -0.922, -0.954, -1.047, -0.315, -0.404, -0.343, -0.496, -0.399, 0.125
       ↓ <<< Likelihood
 (3)Resampled d.:
0.000, -0.403, -0.403, -0.254, -0.143, -0.464, -0.487, -0.315, -0.315, -0.404, -0.404, -0.343, -0.343, -0.496, -0.399, -0.399
       ↓ <<< System noise
 (4)Posterior d.:
-0.200, -0.403, -0.398, -0.522, -0.114, 0.018, -0.498, -0.400, -0.377, -0.653, -0.380, -0.135, -0.499, -0.377, -0.673, -0.142

---------------------------------------------------------------------------
