===========================================================================
Calculated datetime :202209030000
===========================================================================
Prediction station  :N.1

---------------------------------------------------------------------------
Likelihood_Prior    :
0.032, 0.076, 0.074, 0.046, 0.072, 0.031, 0.075, 0.076, 0.056, 0.072, 0.069, 0.063, 0.053, 0.075, 0.065, 0.065
     ↓↓↓
Likelihood_Posterior:
0.010, 0.118, 0.115, 0.060, 0.040, 0.055, 0.120, 0.080, 0.006, 0.118, 0.012, 0.121, 0.010, 0.087, 0.004, 0.045

---------------------------------------------------------------------------
Resampling_Posterior:
1, 2, 2, 3, 3, 4, 6, 7, 7, 8, 10, 10, 12, 12, 14, 16
               └≫ Best particle: #12

===========================================================================
[State1] States/Parameters: No.61
 (1)Initial dis.:
0.175, -0.546, -0.463, -0.338, -0.873, -0.325, -0.516, -0.399, -0.064, -0.551, 0.250, -0.581, 0.116, -0.679, -1.480, -0.925
       ↓ <<< Option Func.
 (2)Prior distr.:
0.175, -0.546, -0.463, -0.338, -0.873, -0.325, -0.516, -0.399, -0.064, -0.551, 0.250, -0.581, 0.116, -0.679, -1.480, -0.925
       ↓ <<< Likelihood
 (3)Resampled d.:
0.000, -0.546, -0.546, -0.463, -0.463, -0.338, -0.325, -0.516, -0.516, -0.399, -0.551, -0.551, -0.581, -0.581, -0.679, -0.925
       ↓ <<< System noise
 (4)Posterior d.:
-0.183, -0.546, -0.670, -0.666, -0.191, -0.629, -0.564, -0.686, -0.474, -0.110, -0.402, -0.264, -0.941, -1.145, -0.408, -0.914

---------------------------------------------------------------------------
[State2] States/Parameters: No.62
 (1)Initial dis.:
0.175, -0.430, -0.347, -0.222, -0.757, -0.209, -0.400, -0.283, 0.052, -0.435, 0.365, -0.465, 0.232, -0.563, -1.364, -0.810
       ↓ <<< Option Func.
 (2)Prior distr.:
0.175, -0.430, -0.347, -0.222, -0.757, -0.209, -0.400, -0.283, 0.052, -0.435, 0.365, -0.465, 0.232, -0.563, -1.364, -0.810
       ↓ <<< Likelihood
 (3)Resampled d.:
0.000, -0.430, -0.430, -0.347, -0.347, -0.222, -0.209, -0.400, -0.400, -0.283, -0.435, -0.435, -0.465, -0.465, -0.563, -0.810
       ↓ <<< System noise
 (4)Posterior d.:
-0.183, -0.430, -0.554, -0.551, -0.076, -0.513, -0.449, -0.570, -0.358, 0.006, -0.287, -0.148, -0.826, -1.029, -0.292, -0.798

---------------------------------------------------------------------------
