===========================================================================
Calculated datetime :202208240000
===========================================================================
Prediction station  :N.1

---------------------------------------------------------------------------
Likelihood_Prior    :
0.000, 0.000, 1.000, 0.000, 0.000, 0.000, 0.000, 0.000, 0.000, 0.000, 0.000, 0.000, 0.000, 0.000, 0.000, 0.000
     ↓↓↓
Likelihood_Posterior:
0.061, 0.058, 0.058, 0.057, 0.060, 0.066, 0.063, 0.067, 0.063, 0.063, 0.067, 0.068, 0.058, 0.067, 0.061, 0.062

---------------------------------------------------------------------------
Resampling_Posterior:
1, 2, 3, 4, 5, 6, 7, 8, 9, 10, 11, 12, 13, 14, 15, 16
               └≫ Best particle: #12

===========================================================================
[State1] States/Parameters: No.61
 (1)Initial dis.:
-0.258, -0.737, -0.588, -0.509, -0.722, -0.573, -0.816, -0.767, -1.171, -0.716, -0.764, -1.102, -0.674, -0.740, -0.661, -0.744
       ↓ <<< Option Func.
 (2)Prior distr.:
-0.258, -0.737, -0.588, -0.509, -0.722, -0.573, -0.816, -0.767, -1.171, -0.716, -0.764, -1.102, -0.674, -0.740, -0.661, -0.744
       ↓ <<< Likelihood
 (3)Resampled d.:
0.000, -0.737, -0.588, -0.509, -0.722, -0.573, -0.816, -0.767, -1.171, -0.716, -0.764, -1.102, -0.674, -0.740, -0.661, -0.744
       ↓ <<< System noise
 (4)Posterior d.:
0.084, -0.737, -0.501, -0.625, -0.954, -0.686, -1.070, -1.327, -1.201, -0.190, -0.609, -1.205, -0.689, -0.934, -0.401, -0.613

---------------------------------------------------------------------------
[State2] States/Parameters: No.62
 (1)Initial dis.:
-0.258, -0.737, -0.588, -0.509, -0.722, -0.573, -0.816, -0.767, -1.171, -0.716, -0.764, -1.102, -0.674, -0.740, -0.661, -0.744
       ↓ <<< Option Func.
 (2)Prior distr.:
-0.258, -0.737, -0.588, -0.509, -0.722, -0.573, -0.816, -0.767, -1.171, -0.716, -0.764, -1.102, -0.674, -0.740, -0.661, -0.744
       ↓ <<< Likelihood
 (3)Resampled d.:
0.000, -0.737, -0.588, -0.509, -0.722, -0.573, -0.816, -0.767, -1.171, -0.716, -0.764, -1.102, -0.674, -0.740, -0.661, -0.744
       ↓ <<< System noise
 (4)Posterior d.:
0.084, -0.737, -0.501, -0.625, -0.954, -0.686, -1.070, -1.327, -1.201, -0.190, -0.609, -1.205, -0.689, -0.934, -0.401, -0.613

---------------------------------------------------------------------------
