===========================================================================
Calculated datetime :202507020000
===========================================================================
Prediction station  :N.1

---------------------------------------------------------------------------
Likelihood_Prior    :
0.000, 0.000, 0.000, 0.000, 0.000, 0.000, 0.000, 0.000, 0.000, 0.000, 0.000, 0.000, 0.000, 0.000, 0.000, 0.000
     ↓↓↓
Likelihood_Posterior:
0.000, 0.000, 0.285, 0.001, 0.000, 0.000, 0.103, 0.000, 0.000, 0.222, 0.001, 0.000, 0.000, 0.000, 0.000, 0.388

---------------------------------------------------------------------------
Resampling_Posterior:
1, 3, 3, 3, 3, 3, 7, 10, 10, 10, 16, 16, 16, 16, 16, 16
               └≫ Best particle: #16

===========================================================================
[State1] States/Parameters: No.61
 (1)Initial dis.:
0.000, 0.300, -0.230, -0.425, 0.424, -0.362, -0.123, -0.439, -0.197, -0.146, -0.427, 0.165, -0.350, 0.211, -0.392, -0.125
       ↓ <<< Option Func.
 (2)Prior distr.:
0.000, 0.300, -0.230, -0.425, 0.424, -0.362, -0.123, -0.439, -0.197, -0.146, -0.427, 0.165, -0.350, 0.211, -0.392, -0.125
       ↓ <<< Likelihood
 (3)Resampled d.:
0.000, -0.230, -0.230, -0.230, -0.230, -0.230, -0.123, -0.146, -0.146, -0.146, -0.125, -0.125, -0.125, -0.125, -0.125, -0.125
       ↓ <<< System noise
 (4)Posterior d.:
0.442, -0.230, -0.181, -0.200, -0.159, -0.213, 0.206, -0.057, -0.355, 0.453, -0.087, -0.225, 0.098, -0.120, 0.326, -0.342

---------------------------------------------------------------------------
[State2] States/Parameters: No.62
 (1)Initial dis.:
0.000, 0.301, -0.214, -0.228, -0.080, 0.479, -0.144, 0.146, 0.434, -0.192, -0.084, 0.017, 0.444, 0.397, 0.387, -0.442
       ↓ <<< Option Func.
 (2)Prior distr.:
0.000, 0.301, -0.214, -0.228, -0.080, 0.479, -0.144, 0.146, 0.434, -0.192, -0.084, 0.017, 0.444, 0.397, 0.387, -0.442
       ↓ <<< Likelihood
 (3)Resampled d.:
0.000, -0.214, -0.214, -0.214, -0.214, -0.214, -0.144, -0.192, -0.192, -0.192, -0.442, -0.442, -0.442, -0.442, -0.442, -0.442
       ↓ <<< System noise
 (4)Posterior d.:
0.442, -0.214, -0.165, -0.184, -0.143, -0.197, 0.184, -0.102, -0.400, 0.408, -0.404, -0.542, -0.219, -0.437, 0.009, -0.659

---------------------------------------------------------------------------
