===========================================================================
Calculated datetime :202507180000
===========================================================================
Prediction station  :N.1

---------------------------------------------------------------------------
Likelihood_Prior    :
0.012, 0.000, 0.174, 0.000, 0.000, 0.385, 0.331, 0.001, 0.000, 0.036, 0.000, 0.043, 0.000, 0.019, 0.000, 0.000
     ↓↓↓
Likelihood_Posterior:
0.007, 0.000, 0.000, 0.000, 0.000, 0.000, 0.943, 0.000, 0.000, 0.000, 0.000, 0.000, 0.000, 0.000, 0.000, 0.050

---------------------------------------------------------------------------
Resampling_Posterior:
1, 7, 7, 7, 7, 7, 7, 7, 7, 7, 7, 7, 7, 7, 7, 7
               └≫ Best particle: #7

===========================================================================
[State1] States/Parameters: No.61
 (1)Initial dis.:
0.026, 0.130, 0.253, 0.368, 0.574, 0.118, -0.090, 0.364, 0.346, 0.176, 0.346, 0.216, 0.214, 0.512, 0.314, 0.013
       ↓ <<< Option Func.
 (2)Prior distr.:
0.026, 0.130, 0.253, 0.368, 0.574, 0.118, -0.090, 0.364, 0.346, 0.176, 0.346, 0.216, 0.214, 0.512, 0.314, 0.013
       ↓ <<< Likelihood
 (3)Resampled d.:
0.000, -0.090, -0.090, -0.090, -0.090, -0.090, -0.090, -0.090, -0.090, -0.090, -0.090, -0.090, -0.090, -0.090, -0.090, -0.090
       ↓ <<< System noise
 (4)Posterior d.:
-0.139, -0.090, 0.101, -0.258, -0.242, 0.094, -0.220, -0.453, 0.041, -0.183, -0.208, -0.426, -0.227, -0.193, -0.025, 0.056

---------------------------------------------------------------------------
[State2] States/Parameters: No.62
 (1)Initial dis.:
0.026, 0.130, 0.253, 0.368, 0.574, 0.118, -0.090, 0.364, 0.346, 0.176, 0.346, 0.216, 0.214, 0.512, 0.314, 0.013
       ↓ <<< Option Func.
 (2)Prior distr.:
0.026, 0.130, 0.253, 0.368, 0.574, 0.118, -0.090, 0.364, 0.346, 0.176, 0.346, 0.216, 0.214, 0.512, 0.314, 0.013
       ↓ <<< Likelihood
 (3)Resampled d.:
0.000, -0.090, -0.090, -0.090, -0.090, -0.090, -0.090, -0.090, -0.090, -0.090, -0.090, -0.090, -0.090, -0.090, -0.090, -0.090
       ↓ <<< System noise
 (4)Posterior d.:
-0.139, -0.090, 0.101, -0.258, -0.242, 0.094, -0.220, -0.453, 0.041, -0.183, -0.208, -0.426, -0.227, -0.193, -0.025, 0.056

---------------------------------------------------------------------------
