===========================================================================
Calculated datetime :202508240000
===========================================================================
Prediction station  :N.1

---------------------------------------------------------------------------
Likelihood_Prior    :
0.096, 0.086, 0.028, 0.027, 0.026, 0.023, 0.028, 0.007, 0.147, 0.155, 0.031, 0.100, 0.031, 0.028, 0.027, 0.159
     ↓↓↓
Likelihood_Posterior:
0.019, 0.000, 0.000, 0.000, 0.000, 0.001, 0.000, 0.004, 0.000, 0.000, 0.000, 0.000, 0.018, 0.001, 0.011, 0.945

---------------------------------------------------------------------------
Resampling_Posterior:
1, 16, 16, 16, 16, 16, 16, 16, 16, 16, 16, 16, 16, 16, 16, 16
               └≫ Best particle: #16

===========================================================================
[State1] States/Parameters: No.61
 (1)Initial dis.:
-0.097, 0.149, 0.227, 0.355, 0.059, -0.005, 0.131, -0.195, -0.347, 0.207, -0.275, 0.157, -0.137, -0.017, -0.068, 0.738
       ↓ <<< Option Func.
 (2)Prior distr.:
-0.097, 0.149, 0.227, 0.355, 0.059, -0.005, 0.131, -0.195, -0.347, 0.207, -0.275, 0.157, -0.137, -0.017, -0.068, 0.738
       ↓ <<< Likelihood
 (3)Resampled d.:
0.000, 0.738, 0.738, 0.738, 0.738, 0.738, 0.738, 0.738, 0.738, 0.738, 0.738, 0.738, 0.738, 0.738, 0.738, 0.738
       ↓ <<< System noise
 (4)Posterior d.:
0.100, 0.738, 0.521, 0.357, 0.519, 0.993, 1.046, 0.915, 0.975, 0.910, 0.672, 0.954, 0.874, 0.711, 1.046, 0.839

---------------------------------------------------------------------------
[State2] States/Parameters: No.62
 (1)Initial dis.:
-0.097, 0.149, 0.227, 0.355, 0.059, -0.005, 0.131, -0.195, -0.347, 0.207, -0.275, 0.157, -0.137, -0.017, -0.068, 0.738
       ↓ <<< Option Func.
 (2)Prior distr.:
-0.097, 0.149, 0.227, 0.355, 0.059, -0.005, 0.131, -0.195, -0.347, 0.207, -0.275, 0.157, -0.137, -0.017, -0.068, 0.738
       ↓ <<< Likelihood
 (3)Resampled d.:
0.000, 0.738, 0.738, 0.738, 0.738, 0.738, 0.738, 0.738, 0.738, 0.738, 0.738, 0.738, 0.738, 0.738, 0.738, 0.738
       ↓ <<< System noise
 (4)Posterior d.:
0.100, 0.738, 0.521, 0.357, 0.519, 0.993, 1.046, 0.915, 0.975, 0.910, 0.672, 0.954, 0.874, 0.711, 1.046, 0.839

---------------------------------------------------------------------------
