===========================================================================
Calculated datetime :202209090000
===========================================================================
Prediction station  :N.1

---------------------------------------------------------------------------
Likelihood_Prior    :
0.000, 0.001, 0.000, 0.006, 0.003, 0.835, 0.124, 0.008, 0.015, 0.000, 0.000, 0.004, 0.000, 0.000, 0.005, 0.000
     ↓↓↓
Likelihood_Posterior:
0.118, 0.061, 0.059, 0.045, 0.011, 0.008, 0.079, 0.025, 0.061, 0.278, 0.022, 0.057, 0.137, 0.024, 0.000, 0.015

---------------------------------------------------------------------------
Resampling_Posterior:
1, 1, 2, 3, 7, 9, 10, 10, 10, 10, 10, 10, 12, 13, 13, 13
               └≫ Best particle: #10

===========================================================================
[State1] States/Parameters: No.61
 (1)Initial dis.:
-0.489, -0.313, -0.305, -0.231, -0.008, 0.028, -0.368, -0.120, -0.310, -0.988, -0.092, -0.295, -0.535, -0.117, 0.739, 1.075
       ↓ <<< Option Func.
 (2)Prior distr.:
-0.489, -0.313, -0.305, -0.231, -0.008, 0.028, -0.368, -0.120, -0.310, -0.988, -0.092, -0.295, -0.535, -0.117, 0.739, 1.075
       ↓ <<< Likelihood
 (3)Resampled d.:
0.000, -0.489, -0.313, -0.305, -0.368, -0.310, -0.988, -0.988, -0.988, -0.988, -0.988, -0.988, -0.295, -0.535, -0.535, -0.535
       ↓ <<< System noise
 (4)Posterior d.:
-0.089, -0.489, 0.194, -0.217, -0.326, 0.022, -0.725, -0.915, -0.992, -1.087, -0.830, -0.801, -0.470, -0.686, -0.321, -0.145

---------------------------------------------------------------------------
[State2] States/Parameters: No.62
 (1)Initial dis.:
-0.489, -0.313, -0.305, -0.231, -0.008, 0.028, -0.368, -0.120, -0.310, -0.988, -0.092, -0.295, -0.535, -0.117, 0.739, 1.075
       ↓ <<< Option Func.
 (2)Prior distr.:
-0.489, -0.313, -0.305, -0.231, -0.008, 0.028, -0.368, -0.120, -0.310, -0.988, -0.092, -0.295, -0.535, -0.117, 0.739, 1.075
       ↓ <<< Likelihood
 (3)Resampled d.:
0.000, -0.489, -0.313, -0.305, -0.368, -0.310, -0.988, -0.988, -0.988, -0.988, -0.988, -0.988, -0.295, -0.535, -0.535, -0.535
       ↓ <<< System noise
 (4)Posterior d.:
-0.089, -0.489, 0.194, -0.217, -0.326, 0.022, -0.725, -0.915, -0.992, -1.087, -0.830, -0.801, -0.470, -0.686, -0.321, -0.145

---------------------------------------------------------------------------
