===========================================================================
Calculated datetime :202209060000
===========================================================================
Prediction station  :N.1

---------------------------------------------------------------------------
Likelihood_Prior    :
0.000, 0.004, 0.009, 0.005, 0.548, 0.008, 0.000, 0.004, 0.000, 0.014, 0.011, 0.383, 0.001, 0.007, 0.001, 0.003
     ↓↓↓
Likelihood_Posterior:
0.000, 0.000, 0.000, 0.000, 0.000, 0.000, 0.000, 0.000, 0.018, 0.059, 0.000, 0.000, 0.000, 0.002, 0.921, 0.000

---------------------------------------------------------------------------
Resampling_Posterior:
1, 15, 15, 15, 15, 15, 15, 15, 15, 15, 15, 15, 15, 15, 15, 15
               └≫ Best particle: #15

===========================================================================
[State1] States/Parameters: No.61
 (1)Initial dis.:
0.250, -0.959, -1.053, -0.975, -0.653, -1.062, -0.671, -1.076, -1.178, -1.199, -0.632, -1.778, -0.895, -0.522, -1.272, -0.777
       ↓ <<< Option Func.
 (2)Prior distr.:
0.250, -0.959, -1.053, -0.975, -0.653, -1.062, -0.671, -1.076, -1.178, -1.199, -0.632, -1.778, -0.895, -0.522, -1.272, -0.777
       ↓ <<< Likelihood
 (3)Resampled d.:
0.000, -1.272, -1.272, -1.272, -1.272, -1.272, -1.272, -1.272, -1.272, -1.272, -1.272, -1.272, -1.272, -1.272, -1.272, -1.272
       ↓ <<< System noise
 (4)Posterior d.:
-0.309, -1.272, -1.466, -0.991, -1.039, -0.852, -1.102, -1.171, -1.106, -1.542, -1.330, -1.148, -1.181, -1.110, -1.074, -1.324

---------------------------------------------------------------------------
[State2] States/Parameters: No.62
 (1)Initial dis.:
0.250, -0.959, -1.053, -0.975, -0.653, -1.062, -0.671, -1.076, -1.178, -1.199, -0.632, -1.778, -0.895, -0.522, -1.272, -0.777
       ↓ <<< Option Func.
 (2)Prior distr.:
0.250, -0.959, -1.053, -0.975, -0.653, -1.062, -0.671, -1.076, -1.178, -1.199, -0.632, -1.778, -0.895, -0.522, -1.272, -0.777
       ↓ <<< Likelihood
 (3)Resampled d.:
0.000, -1.272, -1.272, -1.272, -1.272, -1.272, -1.272, -1.272, -1.272, -1.272, -1.272, -1.272, -1.272, -1.272, -1.272, -1.272
       ↓ <<< System noise
 (4)Posterior d.:
-0.309, -1.272, -1.466, -0.991, -1.039, -0.852, -1.102, -1.171, -1.106, -1.542, -1.330, -1.148, -1.181, -1.110, -1.074, -1.324

---------------------------------------------------------------------------
