===========================================================================
Calculated datetime :202208280000
===========================================================================
Prediction station  :N.1

---------------------------------------------------------------------------
Likelihood_Prior    :
0.001, 0.120, 0.021, 0.023, 0.000, 0.009, 0.025, 0.025, 0.024, 0.110, 0.113, 0.145, 0.204, 0.027, 0.039, 0.113
     ↓↓↓
Likelihood_Posterior:
0.117, 0.015, 0.049, 0.072, 0.159, 0.100, 0.189, 0.002, 0.155, 0.011, 0.001, 0.013, 0.002, 0.026, 0.007, 0.083

---------------------------------------------------------------------------
Resampling_Posterior:
1, 1, 3, 4, 5, 5, 5, 6, 6, 7, 7, 7, 9, 9, 9, 16
               └≫ Best particle: #7

===========================================================================
[State1] States/Parameters: No.61
 (1)Initial dis.:
-0.208, -1.091, -0.971, -0.482, -0.739, -0.526, -0.665, -1.406, -0.795, -1.151, -1.924, -1.113, -1.434, -1.019, -1.219, -0.502
       ↓ <<< Option Func.
 (2)Prior distr.:
-0.208, -1.091, -0.971, -0.482, -0.739, -0.526, -0.665, -1.406, -0.795, -1.151, -1.924, -1.113, -1.434, -1.019, -1.219, -0.502
       ↓ <<< Likelihood
 (3)Resampled d.:
0.000, -0.208, -0.971, -0.482, -0.739, -0.739, -0.739, -0.526, -0.526, -0.665, -0.665, -0.665, -0.795, -0.795, -0.795, -0.502
       ↓ <<< System noise
 (4)Posterior d.:
-0.042, -0.208, -1.014, -0.308, -0.566, -0.920, -1.087, -0.270, -0.377, -0.600, -0.293, -0.989, -0.941, -0.663, -0.951, -0.706

---------------------------------------------------------------------------
[State2] States/Parameters: No.62
 (1)Initial dis.:
-0.208, -1.091, -0.971, -0.482, -0.739, -0.526, -0.665, -1.406, -0.795, -1.151, -1.924, -1.113, -1.434, -1.019, -1.219, -0.502
       ↓ <<< Option Func.
 (2)Prior distr.:
-0.208, -1.091, -0.971, -0.482, -0.739, -0.526, -0.665, -1.406, -0.795, -1.151, -1.924, -1.113, -1.434, -1.019, -1.219, -0.502
       ↓ <<< Likelihood
 (3)Resampled d.:
0.000, -0.208, -0.971, -0.482, -0.739, -0.739, -0.739, -0.526, -0.526, -0.665, -0.665, -0.665, -0.795, -0.795, -0.795, -0.502
       ↓ <<< System noise
 (4)Posterior d.:
-0.042, -0.208, -1.014, -0.308, -0.566, -0.920, -1.087, -0.270, -0.377, -0.600, -0.293, -0.989, -0.941, -0.663, -0.951, -0.706

---------------------------------------------------------------------------
