===========================================================================
Calculated datetime :202507050000
===========================================================================
Prediction station  :N.1

---------------------------------------------------------------------------
Likelihood_Prior    :
0.382, 0.000, 0.000, 0.000, 0.454, 0.000, 0.001, 0.039, 0.000, 0.000, 0.125, 0.000, 0.000, 0.000, 0.000, 0.000
     ↓↓↓
Likelihood_Posterior:
0.034, 0.003, 0.000, 0.488, 0.000, 0.055, 0.005, 0.005, 0.000, 0.005, 0.000, 0.116, 0.000, 0.015, 0.275, 0.000

---------------------------------------------------------------------------
Resampling_Posterior:
1, 4, 4, 4, 4, 4, 4, 4, 4, 6, 12, 12, 15, 15, 15, 15
               └≫ Best particle: #4

===========================================================================
[State1] States/Parameters: No.61
 (1)Initial dis.:
-0.055, -0.033, -0.342, -0.126, 0.392, -0.063, -0.262, -0.041, 0.193, -0.259, 0.048, -0.202, 0.068, -0.055, -0.163, 0.133
       ↓ <<< Option Func.
 (2)Prior distr.:
-0.055, -0.033, -0.342, -0.126, 0.392, -0.063, -0.262, -0.041, 0.193, -0.259, 0.048, -0.202, 0.068, -0.055, -0.163, 0.133
       ↓ <<< Likelihood
 (3)Resampled d.:
0.000, -0.126, -0.126, -0.126, -0.126, -0.126, -0.126, -0.126, -0.126, -0.063, -0.202, -0.202, -0.163, -0.163, -0.163, -0.163
       ↓ <<< System noise
 (4)Posterior d.:
0.127, -0.126, -0.335, -0.098, -0.293, -0.025, 0.252, -0.328, 0.176, 0.373, -0.130, -0.090, -0.385, -0.024, -0.551, -0.296

---------------------------------------------------------------------------
[State2] States/Parameters: No.62
 (1)Initial dis.:
-0.055, -0.033, -0.342, -0.126, 0.392, -0.063, -0.247, -0.026, 0.209, -0.244, 0.064, -0.187, 0.084, -0.039, -0.208, 0.088
       ↓ <<< Option Func.
 (2)Prior distr.:
-0.055, -0.033, -0.342, -0.126, 0.392, -0.063, -0.247, -0.026, 0.209, -0.244, 0.064, -0.187, 0.084, -0.039, -0.208, 0.088
       ↓ <<< Likelihood
 (3)Resampled d.:
0.000, -0.126, -0.126, -0.126, -0.126, -0.126, -0.126, -0.126, -0.126, -0.063, -0.187, -0.187, -0.208, -0.208, -0.208, -0.208
       ↓ <<< System noise
 (4)Posterior d.:
0.127, -0.126, -0.335, -0.098, -0.293, -0.025, 0.252, -0.328, 0.176, 0.373, -0.114, -0.074, -0.430, -0.069, -0.596, -0.341

---------------------------------------------------------------------------
