===========================================================================
Calculated datetime :202209120000
===========================================================================
Prediction station  :N.1

---------------------------------------------------------------------------
Likelihood_Prior    :
0.004, 0.000, 0.000, 0.000, 0.000, 0.000, 0.000, 0.000, 0.000, 0.000, 0.000, 0.000, 0.000, 0.996, 0.000, 0.000
     ↓↓↓
Likelihood_Posterior:
0.000, 0.000, 0.000, 0.000, 0.000, 0.000, 0.000, 0.955, 0.000, 0.000, 0.000, 0.045, 0.000, 0.000, 0.000, 0.000

---------------------------------------------------------------------------
Resampling_Posterior:
1, 8, 8, 8, 8, 8, 8, 8, 8, 8, 8, 8, 8, 8, 8, 8
               └≫ Best particle: #8

===========================================================================
[State1] States/Parameters: No.61
 (1)Initial dis.:
-0.272, 1.102, 0.860, 1.094, 0.995, 1.090, 1.252, 1.414, 1.054, 0.483, 0.807, 1.317, 0.963, 0.937, 0.852, 1.046
       ↓ <<< Option Func.
 (2)Prior distr.:
-0.272, 1.102, 0.860, 1.094, 0.995, 1.090, 1.252, 1.414, 1.054, 0.483, 0.807, 1.317, 0.963, 0.937, 0.852, 1.046
       ↓ <<< Likelihood
 (3)Resampled d.:
0.000, 1.414, 1.414, 1.414, 1.414, 1.414, 1.414, 1.414, 1.414, 1.414, 1.414, 1.414, 1.414, 1.414, 1.414, 1.414
       ↓ <<< System noise
 (4)Posterior d.:
0.760, 1.414, 1.586, 1.304, 1.144, 1.376, 1.270, 1.580, 1.502, 1.114, 1.217, 1.314, 1.374, 1.532, 1.236, 1.758

---------------------------------------------------------------------------
[State2] States/Parameters: No.62
 (1)Initial dis.:
-0.272, 1.102, 0.860, 1.094, 0.995, 1.090, 1.252, 1.414, 1.054, 0.483, 0.807, 1.317, 0.963, 0.937, 0.852, 1.046
       ↓ <<< Option Func.
 (2)Prior distr.:
-0.272, 1.102, 0.860, 1.094, 0.995, 1.090, 1.252, 1.414, 1.054, 0.483, 0.807, 1.317, 0.963, 0.937, 0.852, 1.046
       ↓ <<< Likelihood
 (3)Resampled d.:
0.000, 1.414, 1.414, 1.414, 1.414, 1.414, 1.414, 1.414, 1.414, 1.414, 1.414, 1.414, 1.414, 1.414, 1.414, 1.414
       ↓ <<< System noise
 (4)Posterior d.:
0.760, 1.414, 1.586, 1.304, 1.144, 1.376, 1.270, 1.580, 1.502, 1.114, 1.217, 1.314, 1.374, 1.532, 1.236, 1.758

---------------------------------------------------------------------------
