===========================================================================
Calculated datetime :202207270000
===========================================================================
Prediction station  :N.1

---------------------------------------------------------------------------
Likelihood_Prior    :
0.052, 0.063, 0.068, 0.058, 0.074, 0.069, 0.070, 0.050, 0.083, 0.053, 0.092, 0.070, 0.062, 0.069, 0.040, 0.026
     ↓↓↓
Likelihood_Posterior:
0.050, 0.059, 0.069, 0.068, 0.052, 0.070, 0.070, 0.060, 0.057, 0.054, 0.070, 0.057, 0.053, 0.078, 0.064, 0.069

---------------------------------------------------------------------------
Resampling_Posterior:
1, 2, 3, 4, 5, 6, 7, 8, 9, 10, 11, 12, 13, 14, 15, 16
               └≫ Best particle: #14

===========================================================================
[State1] States/Parameters: No.61
 (1)Initial dis.:
0.126, -0.422, -0.569, -0.815, -0.064, -0.676, -0.648, -0.917, -0.302, -0.121, -1.121, -0.360, -0.112, -1.152, -1.074, -0.564
       ↓ <<< Option Func.
 (2)Prior distr.:
0.126, -0.422, -0.569, -0.815, -0.064, -0.676, -0.648, -0.917, -0.302, -0.121, -1.121, -0.360, -0.112, -1.152, -1.074, -0.564
       ↓ <<< Likelihood
 (3)Resampled d.:
0.000, -0.422, -0.569, -0.815, -0.064, -0.676, -0.648, -0.917, -0.302, -0.121, -1.121, -0.360, -0.112, -1.152, -1.074, -0.564
       ↓ <<< System noise
 (4)Posterior d.:
0.204, -0.422, -0.539, -0.834, 0.084, -0.634, -1.321, -1.197, 0.171, -0.244, -0.923, -0.473, 0.086, -1.209, -1.220, -0.734

---------------------------------------------------------------------------
[State2] States/Parameters: No.62
 (1)Initial dis.:
0.126, 0.197, 0.050, -0.196, 0.555, -0.057, -0.029, -0.298, 0.317, 0.498, -0.502, 0.259, 0.507, -0.533, -0.455, 0.055
       ↓ <<< Option Func.
 (2)Prior distr.:
0.126, 0.197, 0.050, -0.196, 0.555, -0.057, -0.029, -0.298, 0.317, 0.498, -0.502, 0.259, 0.507, -0.533, -0.455, 0.055
       ↓ <<< Likelihood
 (3)Resampled d.:
0.000, 0.197, 0.050, -0.196, 0.555, -0.057, -0.029, -0.298, 0.317, 0.498, -0.502, 0.259, 0.507, -0.533, -0.455, 0.055
       ↓ <<< System noise
 (4)Posterior d.:
0.204, 0.197, 0.080, -0.215, 0.703, -0.015, -0.702, -0.578, 0.790, 0.375, -0.304, 0.146, 0.705, -0.590, -0.601, -0.115

---------------------------------------------------------------------------
