===========================================================================
Calculated datetime :202507310000
===========================================================================
Prediction station  :N.1

---------------------------------------------------------------------------
Likelihood_Prior    :
1.000, 0.000, 0.000, 0.000, 0.000, 0.000, 0.000, 0.000, 0.000, 0.000, 0.000, 0.000, 0.000, 0.000, 0.000, 0.000
     ↓↓↓
Likelihood_Posterior:
0.000, 0.000, 0.000, 0.000, 0.000, 0.552, 0.000, 0.090, 0.000, 0.000, 0.000, 0.028, 0.000, 0.330, 0.000, 0.000

---------------------------------------------------------------------------
Resampling_Posterior:
1, 6, 6, 6, 6, 6, 6, 6, 6, 6, 8, 14, 14, 14, 14, 14
               └≫ Best particle: #6

===========================================================================
[State1] States/Parameters: No.61
 (1)Initial dis.:
0.108, -0.049, 0.240, -0.569, 0.145, -0.133, -0.001, -0.095, 0.123, 0.103, 0.138, -0.189, -0.270, -0.107, 0.101, 0.079
       ↓ <<< Option Func.
 (2)Prior distr.:
0.108, -0.049, 0.240, -0.569, 0.145, -0.133, -0.001, -0.095, 0.123, 0.103, 0.138, -0.189, -0.270, -0.107, 0.101, 0.079
       ↓ <<< Likelihood
 (3)Resampled d.:
0.000, -0.133, -0.133, -0.133, -0.133, -0.133, -0.133, -0.133, -0.133, -0.133, -0.095, -0.107, -0.107, -0.107, -0.107, -0.107
       ↓ <<< System noise
 (4)Posterior d.:
-0.064, -0.133, -0.159, -0.427, -0.147, -0.225, -0.645, -0.006, 0.167, -0.230, -0.106, -0.221, -0.117, -0.112, 0.464, 0.250

---------------------------------------------------------------------------
[State2] States/Parameters: No.62
 (1)Initial dis.:
0.108, -0.049, 0.240, -0.569, 0.145, -0.133, -0.001, -0.095, 0.123, 0.103, 0.138, -0.189, -0.270, -0.107, 0.101, 0.079
       ↓ <<< Option Func.
 (2)Prior distr.:
0.108, -0.049, 0.240, -0.569, 0.145, -0.133, -0.001, -0.095, 0.123, 0.103, 0.138, -0.189, -0.270, -0.107, 0.101, 0.079
       ↓ <<< Likelihood
 (3)Resampled d.:
0.000, -0.133, -0.133, -0.133, -0.133, -0.133, -0.133, -0.133, -0.133, -0.133, -0.095, -0.107, -0.107, -0.107, -0.107, -0.107
       ↓ <<< System noise
 (4)Posterior d.:
-0.064, -0.133, -0.159, -0.427, -0.147, -0.225, -0.645, -0.006, 0.167, -0.230, -0.106, -0.221, -0.117, -0.112, 0.464, 0.250

---------------------------------------------------------------------------
