===========================================================================
Calculated datetime :202208020000
===========================================================================
Prediction station  :N.1

---------------------------------------------------------------------------
Likelihood_Prior    :
0.000, 0.118, 0.108, 0.034, 0.000, 0.099, 0.014, 0.099, 0.123, 0.035, 0.000, 0.128, 0.118, 0.000, 0.000, 0.123
     ↓↓↓
Likelihood_Posterior:
0.121, 0.088, 0.013, 0.061, 0.063, 0.117, 0.119, 0.063, 0.023, 0.109, 0.002, 0.065, 0.002, 0.090, 0.001, 0.062

---------------------------------------------------------------------------
Resampling_Posterior:
1, 1, 2, 4, 5, 6, 6, 7, 7, 8, 10, 10, 12, 14, 14, 16
               └≫ Best particle: #1

===========================================================================
[State1] States/Parameters: No.61
 (1)Initial dis.:
0.258, -1.272, -1.432, -1.066, -1.112, -0.596, -0.672, -1.101, -1.414, -0.881, -1.488, -1.345, -1.500, -0.930, -1.555, -1.092
       ↓ <<< Option Func.
 (2)Prior distr.:
0.258, -1.272, -1.432, -1.066, -1.112, -0.596, -0.672, -1.101, -1.414, -0.881, -1.488, -1.345, -1.500, -0.930, -1.555, -1.092
       ↓ <<< Likelihood
 (3)Resampled d.:
0.000, 0.258, -1.272, -1.066, -1.112, -0.596, -0.596, -0.672, -0.672, -1.101, -0.881, -0.881, -1.345, -0.930, -0.930, -1.092
       ↓ <<< System noise
 (4)Posterior d.:
0.076, 0.258, -1.420, -0.969, -1.275, -0.655, -0.400, -0.293, -0.736, -0.927, -1.061, -0.878, -1.404, -1.247, -0.391, -0.599

---------------------------------------------------------------------------
[State2] States/Parameters: No.62
 (1)Initial dis.:
0.258, -0.653, -0.812, -0.447, -0.493, 0.024, -0.053, -0.482, -0.795, -0.262, -0.869, -0.726, -0.881, -0.311, -0.936, -0.473
       ↓ <<< Option Func.
 (2)Prior distr.:
0.258, -0.653, -0.812, -0.447, -0.493, 0.024, -0.053, -0.482, -0.795, -0.262, -0.869, -0.726, -0.881, -0.311, -0.936, -0.473
       ↓ <<< Likelihood
 (3)Resampled d.:
0.000, 0.258, -0.653, -0.447, -0.493, 0.024, 0.024, -0.053, -0.053, -0.482, -0.262, -0.262, -0.726, -0.311, -0.311, -0.473
       ↓ <<< System noise
 (4)Posterior d.:
0.076, 0.258, -0.801, -0.350, -0.656, -0.036, 0.219, 0.326, -0.117, -0.308, -0.442, -0.259, -0.785, -0.628, 0.228, 0.020

---------------------------------------------------------------------------
