===========================================================================
Calculated datetime :202209150000
===========================================================================
Prediction station  :N.1

---------------------------------------------------------------------------
Likelihood_Prior    :
0.007, 0.000, 0.000, 0.050, 0.000, 0.004, 0.001, 0.000, 0.012, 0.000, 0.010, 0.196, 0.239, 0.000, 0.110, 0.371
     ↓↓↓
Likelihood_Posterior:
0.113, 0.112, 0.008, 0.114, 0.047, 0.025, 0.025, 0.090, 0.001, 0.106, 0.113, 0.113, 0.066, 0.015, 0.034, 0.018

---------------------------------------------------------------------------
Resampling_Posterior:
1, 1, 2, 2, 4, 4, 5, 8, 8, 10, 10, 11, 11, 12, 12, 13
               └≫ Best particle: #4

===========================================================================
[State1] States/Parameters: No.61
 (1)Initial dis.:
0.048, 0.189, 0.687, 0.078, 0.452, 0.560, 0.566, 0.289, 1.038, 0.222, 0.051, 0.181, 0.374, 0.629, 0.508, 0.602
       ↓ <<< Option Func.
 (2)Prior distr.:
0.048, 0.189, 0.687, 0.078, 0.452, 0.560, 0.566, 0.289, 1.038, 0.222, 0.051, 0.181, 0.374, 0.629, 0.508, 0.602
       ↓ <<< Likelihood
 (3)Resampled d.:
0.000, 0.048, 0.189, 0.189, 0.078, 0.078, 0.452, 0.289, 0.289, 0.222, 0.222, 0.051, 0.051, 0.181, 0.181, 0.374
       ↓ <<< System noise
 (4)Posterior d.:
-0.138, 0.048, -0.160, 0.384, -0.397, 0.488, 0.216, -0.090, 0.507, -0.166, 0.223, -0.276, 0.081, 0.156, 0.460, 0.326

---------------------------------------------------------------------------
[State2] States/Parameters: No.62
 (1)Initial dis.:
0.048, 0.189, 0.687, 0.078, 0.452, 0.560, 0.566, 0.289, 1.038, 0.222, 0.051, 0.181, 0.374, 0.629, 0.508, 0.602
       ↓ <<< Option Func.
 (2)Prior distr.:
0.048, 0.189, 0.687, 0.078, 0.452, 0.560, 0.566, 0.289, 1.038, 0.222, 0.051, 0.181, 0.374, 0.629, 0.508, 0.602
       ↓ <<< Likelihood
 (3)Resampled d.:
0.000, 0.048, 0.189, 0.189, 0.078, 0.078, 0.452, 0.289, 0.289, 0.222, 0.222, 0.051, 0.051, 0.181, 0.181, 0.374
       ↓ <<< System noise
 (4)Posterior d.:
-0.138, 0.048, -0.160, 0.384, -0.397, 0.488, 0.216, -0.090, 0.507, -0.166, 0.223, -0.276, 0.081, 0.156, 0.460, 0.326

---------------------------------------------------------------------------
