===========================================================================
Calculated datetime :202209180000
===========================================================================
Prediction station  :N.1

---------------------------------------------------------------------------
Likelihood_Prior    :
0.000, 0.000, 0.192, 0.083, 0.332, 0.145, 0.000, 0.000, 0.000, 0.083, 0.000, 0.043, 0.003, 0.000, 0.000, 0.118
     ↓↓↓
Likelihood_Posterior:
0.000, 0.004, 0.350, 0.000, 0.000, 0.003, 0.027, 0.000, 0.156, 0.000, 0.000, 0.445, 0.000, 0.000, 0.014, 0.000

---------------------------------------------------------------------------
Resampling_Posterior:
1, 3, 3, 3, 3, 3, 3, 9, 9, 12, 12, 12, 12, 12, 12, 12
               └≫ Best particle: #12

===========================================================================
[State1] States/Parameters: No.61
 (1)Initial dis.:
-0.431, 0.096, 0.544, 0.303, 0.116, 0.385, 0.126, 0.069, 0.268, 0.048, 0.083, 0.734, 0.216, -0.084, 0.327, 0.228
       ↓ <<< Option Func.
 (2)Prior distr.:
-0.431, 0.096, 0.544, 0.303, 0.116, 0.385, 0.126, 0.069, 0.268, 0.048, 0.083, 0.734, 0.216, -0.084, 0.327, 0.228
       ↓ <<< Likelihood
 (3)Resampled d.:
0.000, 0.544, 0.544, 0.544, 0.544, 0.544, 0.544, 0.268, 0.268, 0.734, 0.734, 0.734, 0.734, 0.734, 0.734, 0.734
       ↓ <<< System noise
 (4)Posterior d.:
-0.108, 0.544, -0.002, 0.754, 0.527, 0.706, 0.373, -0.096, 0.339, 0.956, 0.682, 0.479, 0.642, 0.655, 0.713, 0.626

---------------------------------------------------------------------------
[State2] States/Parameters: No.62
 (1)Initial dis.:
0.000, 0.096, 0.408, 0.301, 0.455, 0.380, 0.069, 0.119, -0.087, 0.304, 0.151, 0.256, 0.199, 0.034, 0.109, 0.343
       ↓ <<< Option Func.
 (2)Prior distr.:
0.000, 0.096, 0.408, 0.301, 0.455, 0.380, 0.069, 0.119, -0.087, 0.304, 0.151, 0.256, 0.199, 0.034, 0.109, 0.343
       ↓ <<< Likelihood
 (3)Resampled d.:
0.000, 0.408, 0.408, 0.408, 0.408, 0.408, 0.408, -0.087, -0.087, 0.256, 0.256, 0.256, 0.256, 0.256, 0.256, 0.256
       ↓ <<< System noise
 (4)Posterior d.:
-0.108, 0.408, -0.139, 0.617, 0.391, 0.569, 0.237, -0.450, -0.016, 0.478, 0.204, 0.001, 0.164, 0.177, 0.235, 0.148

---------------------------------------------------------------------------
