===========================================================================
Calculated datetime :202207280000
===========================================================================
Prediction station  :N.1

---------------------------------------------------------------------------
Likelihood_Prior    :
0.059, 0.059, 0.059, 0.060, 0.066, 0.067, 0.062, 0.064, 0.057, 0.062, 0.056, 0.069, 0.058, 0.068, 0.066, 0.068
     ↓↓↓
Likelihood_Posterior:
0.047, 0.048, 0.048, 0.050, 0.062, 0.155, 0.049, 0.052, 0.090, 0.056, 0.055, 0.067, 0.051, 0.057, 0.053, 0.059

---------------------------------------------------------------------------
Resampling_Posterior:
1, 4, 5, 6, 6, 6, 7, 8, 9, 10, 11, 12, 13, 14, 15, 16
               └≫ Best particle: #6

===========================================================================
[State1] States/Parameters: No.61
 (1)Initial dis.:
0.077, 0.247, 0.207, 0.494, -0.241, -0.466, 0.453, 0.138, -0.403, 0.824, -0.226, -0.335, -0.177, 0.795, 0.254, 0.707
       ↓ <<< Option Func.
 (2)Prior distr.:
0.077, 0.247, 0.207, 0.494, -0.241, -0.466, 0.453, 0.138, -0.403, 0.824, -0.226, -0.335, -0.177, 0.795, 0.254, 0.707
       ↓ <<< Likelihood
 (3)Resampled d.:
0.000, 0.494, -0.241, -0.466, -0.466, -0.466, 0.453, 0.138, -0.403, 0.824, -0.226, -0.335, -0.177, 0.795, 0.254, 0.707
       ↓ <<< System noise
 (4)Posterior d.:
0.075, 0.494, 0.030, -0.804, -0.424, -0.679, 0.865, 0.633, -0.092, 0.568, 0.047, -0.213, -0.174, 0.585, 0.277, 0.368

---------------------------------------------------------------------------
[State2] States/Parameters: No.62
 (1)Initial dis.:
0.077, 0.247, 0.207, 0.494, -0.241, -0.466, 0.453, 0.462, -0.079, 1.148, 0.098, -0.011, 0.147, 1.119, 0.578, 1.032
       ↓ <<< Option Func.
 (2)Prior distr.:
0.077, 0.247, 0.207, 0.494, -0.241, -0.466, 0.453, 0.462, -0.079, 1.148, 0.098, -0.011, 0.147, 1.119, 0.578, 1.032
       ↓ <<< Likelihood
 (3)Resampled d.:
0.000, 0.494, -0.241, -0.466, -0.466, -0.466, 0.453, 0.462, -0.079, 1.148, 0.098, -0.011, 0.147, 1.119, 0.578, 1.032
       ↓ <<< System noise
 (4)Posterior d.:
0.075, 0.494, 0.030, -0.804, -0.424, -0.679, 0.865, 0.958, 0.233, 0.892, 0.371, 0.111, 0.150, 0.909, 0.602, 0.692

---------------------------------------------------------------------------
