===========================================================================
Calculated datetime :202507060000
===========================================================================
Prediction station  :N.1

---------------------------------------------------------------------------
Likelihood_Prior    :
0.034, 0.003, 0.000, 0.488, 0.000, 0.055, 0.005, 0.005, 0.000, 0.005, 0.000, 0.116, 0.000, 0.015, 0.275, 0.000
     ↓↓↓
Likelihood_Posterior:
0.114, 0.027, 0.071, 0.025, 0.093, 0.033, 0.093, 0.075, 0.112, 0.078, 0.035, 0.028, 0.054, 0.021, 0.053, 0.087

---------------------------------------------------------------------------
Resampling_Posterior:
1, 1, 3, 5, 5, 7, 7, 8, 9, 9, 10, 10, 13, 15, 16, 16
               └≫ Best particle: #1

===========================================================================
[State1] States/Parameters: No.61
 (1)Initial dis.:
0.127, -0.126, -0.335, -0.098, -0.293, -0.025, 0.252, -0.328, 0.176, 0.373, -0.130, -0.090, -0.385, -0.024, -0.551, -0.296
       ↓ <<< Option Func.
 (2)Prior distr.:
0.127, -0.126, -0.335, -0.098, -0.293, -0.025, 0.252, -0.328, 0.176, 0.373, -0.130, -0.090, -0.385, -0.024, -0.551, -0.296
       ↓ <<< Likelihood
 (3)Resampled d.:
0.000, 0.127, -0.335, -0.293, -0.293, 0.252, 0.252, -0.328, 0.176, 0.176, 0.373, 0.373, -0.385, -0.551, -0.296, -0.296
       ↓ <<< System noise
 (4)Posterior d.:
0.027, 0.127, -0.507, -0.342, -0.314, 0.356, 0.054, -0.017, 0.387, 0.440, 0.533, 0.322, -0.679, -0.596, -0.365, -0.369

---------------------------------------------------------------------------
[State2] States/Parameters: No.62
 (1)Initial dis.:
0.127, -0.126, -0.335, -0.098, -0.293, -0.025, 0.252, -0.328, 0.176, 0.373, -0.114, -0.074, -0.430, -0.069, -0.596, -0.341
       ↓ <<< Option Func.
 (2)Prior distr.:
0.127, -0.126, -0.335, -0.098, -0.293, -0.025, 0.252, -0.328, 0.176, 0.373, -0.114, -0.074, -0.430, -0.069, -0.596, -0.341
       ↓ <<< Likelihood
 (3)Resampled d.:
0.000, 0.127, -0.335, -0.293, -0.293, 0.252, 0.252, -0.328, 0.176, 0.176, 0.373, 0.373, -0.430, -0.596, -0.341, -0.341
       ↓ <<< System noise
 (4)Posterior d.:
0.027, 0.127, -0.507, -0.342, -0.314, 0.356, 0.054, -0.017, 0.387, 0.440, 0.533, 0.322, -0.724, -0.641, -0.410, -0.414

---------------------------------------------------------------------------
