===========================================================================
Calculated datetime :202207270000
===========================================================================
Prediction station  :N.1

---------------------------------------------------------------------------
Likelihood_Prior    :
0.059, 0.063, 0.061, 0.062, 0.059, 0.050, 0.062, 0.071, 0.054, 0.071, 0.060, 0.055, 0.071, 0.065, 0.067, 0.071
     ↓↓↓
Likelihood_Posterior:
0.059, 0.059, 0.059, 0.060, 0.066, 0.067, 0.062, 0.064, 0.057, 0.062, 0.056, 0.069, 0.058, 0.068, 0.066, 0.068

---------------------------------------------------------------------------
Resampling_Posterior:
1, 2, 3, 4, 5, 6, 7, 8, 9, 10, 11, 12, 13, 14, 15, 16
               └≫ Best particle: #12

===========================================================================
[State1] States/Parameters: No.61
 (1)Initial dis.:
0.256, 0.247, 0.330, 0.346, -0.380, -0.399, 0.517, 0.326, -0.316, 0.943, -0.275, -0.513, 0.063, 0.707, 0.388, 0.209
       ↓ <<< Option Func.
 (2)Prior distr.:
0.256, 0.247, 0.330, 0.346, -0.380, -0.399, 0.517, 0.326, -0.316, 0.943, -0.275, -0.513, 0.063, 0.707, 0.388, 0.209
       ↓ <<< Likelihood
 (3)Resampled d.:
0.000, 0.247, 0.330, 0.346, -0.380, -0.399, 0.517, 0.326, -0.316, 0.943, -0.275, -0.513, 0.063, 0.707, 0.388, 0.209
       ↓ <<< System noise
 (4)Posterior d.:
0.077, 0.247, 0.207, 0.494, -0.241, -0.466, 0.453, 0.138, -0.403, 0.824, -0.226, -0.335, -0.177, 0.795, 0.254, 0.707

---------------------------------------------------------------------------
[State2] States/Parameters: No.62
 (1)Initial dis.:
0.256, 0.247, 0.330, 0.346, -0.380, -0.399, 0.517, 0.651, 0.008, 1.267, 0.049, -0.189, 0.387, 1.031, 0.712, 0.533
       ↓ <<< Option Func.
 (2)Prior distr.:
0.256, 0.247, 0.330, 0.346, -0.380, -0.399, 0.517, 0.651, 0.008, 1.267, 0.049, -0.189, 0.387, 1.031, 0.712, 0.533
       ↓ <<< Likelihood
 (3)Resampled d.:
0.000, 0.247, 0.330, 0.346, -0.380, -0.399, 0.517, 0.651, 0.008, 1.267, 0.049, -0.189, 0.387, 1.031, 0.712, 0.533
       ↓ <<< System noise
 (4)Posterior d.:
0.077, 0.247, 0.207, 0.494, -0.241, -0.466, 0.453, 0.462, -0.079, 1.148, 0.098, -0.011, 0.147, 1.119, 0.578, 1.032

---------------------------------------------------------------------------
