===========================================================================
Calculated datetime :202507200000
===========================================================================
Prediction station  :N.1

---------------------------------------------------------------------------
Likelihood_Prior    :
0.248, 0.730, 0.000, 0.000, 0.000, 0.000, 0.001, 0.000, 0.000, 0.011, 0.000, 0.000, 0.000, 0.004, 0.005, 0.000
     ↓↓↓
Likelihood_Posterior:
0.000, 0.038, 0.138, 0.005, 0.000, 0.029, 0.019, 0.003, 0.000, 0.002, 0.000, 0.047, 0.013, 0.705, 0.000, 0.000

---------------------------------------------------------------------------
Resampling_Posterior:
1, 3, 3, 14, 14, 14, 14, 14, 14, 14, 14, 14, 14, 14, 14, 14
               └≫ Best particle: #14

===========================================================================
[State1] States/Parameters: No.61
 (1)Initial dis.:
0.137, -0.139, -0.160, -0.379, 0.094, -0.330, -0.334, -0.080, -0.051, -0.064, 0.009, -0.155, -0.111, -0.265, 0.114, -0.562
       ↓ <<< Option Func.
 (2)Prior distr.:
0.137, -0.139, -0.160, -0.379, 0.094, -0.330, -0.334, -0.080, -0.051, -0.064, 0.009, -0.155, -0.111, -0.265, 0.114, -0.562
       ↓ <<< Likelihood
 (3)Resampled d.:
0.000, -0.160, -0.160, -0.265, -0.265, -0.265, -0.265, -0.265, -0.265, -0.265, -0.265, -0.265, -0.265, -0.265, -0.265, -0.265
       ↓ <<< System noise
 (4)Posterior d.:
0.312, -0.160, -0.147, -0.036, -0.469, 0.046, -0.129, -0.384, -0.296, -0.316, 0.015, -0.146, -0.090, -0.254, -0.164, -0.376

---------------------------------------------------------------------------
[State2] States/Parameters: No.62
 (1)Initial dis.:
0.137, -0.139, -0.160, -0.379, 0.094, -0.330, -0.334, -0.080, -0.051, -0.064, 0.009, -0.155, -0.111, -0.265, 0.114, -0.562
       ↓ <<< Option Func.
 (2)Prior distr.:
0.137, -0.139, -0.160, -0.379, 0.094, -0.330, -0.334, -0.080, -0.051, -0.064, 0.009, -0.155, -0.111, -0.265, 0.114, -0.562
       ↓ <<< Likelihood
 (3)Resampled d.:
0.000, -0.160, -0.160, -0.265, -0.265, -0.265, -0.265, -0.265, -0.265, -0.265, -0.265, -0.265, -0.265, -0.265, -0.265, -0.265
       ↓ <<< System noise
 (4)Posterior d.:
0.312, -0.160, -0.147, -0.036, -0.469, 0.046, -0.129, -0.384, -0.296, -0.316, 0.015, -0.146, -0.090, -0.254, -0.164, -0.376

---------------------------------------------------------------------------
