===========================================================================
Calculated datetime :202209140000
===========================================================================
Prediction station  :N.1

---------------------------------------------------------------------------
Likelihood_Prior    :
0.006, 0.000, 0.618, 0.145, 0.018, 0.002, 0.000, 0.058, 0.148, 0.002, 0.001, 0.000, 0.000, 0.000, 0.000, 0.001
     ↓↓↓
Likelihood_Posterior:
0.007, 0.000, 0.000, 0.050, 0.000, 0.004, 0.001, 0.000, 0.012, 0.000, 0.010, 0.196, 0.239, 0.000, 0.110, 0.371

---------------------------------------------------------------------------
Resampling_Posterior:
1, 12, 12, 12, 13, 13, 13, 13, 15, 15, 16, 16, 16, 16, 16, 16
               └≫ Best particle: #16

===========================================================================
[State1] States/Parameters: No.61
 (1)Initial dis.:
-0.005, -0.603, -0.616, -0.872, -0.580, -0.025, -0.720, -0.446, -0.784, -0.434, -0.771, 0.189, 0.455, -0.623, 0.739, 0.373
       ↓ <<< Option Func.
 (2)Prior distr.:
-0.005, -0.603, -0.616, -0.872, -0.580, -0.025, -0.720, -0.446, -0.784, -0.434, -0.771, 0.189, 0.455, -0.623, 0.739, 0.373
       ↓ <<< Likelihood
 (3)Resampled d.:
0.000, 0.189, 0.189, 0.189, 0.455, 0.455, 0.455, 0.455, 0.739, 0.739, 0.373, 0.373, 0.373, 0.373, 0.373, 0.373
       ↓ <<< System noise
 (4)Posterior d.:
0.048, 0.189, 0.687, 0.078, 0.452, 0.560, 0.566, 0.289, 1.038, 0.222, 0.051, 0.181, 0.374, 0.629, 0.508, 0.602

---------------------------------------------------------------------------
[State2] States/Parameters: No.62
 (1)Initial dis.:
-0.005, -0.603, -0.616, -0.872, -0.580, -0.025, -0.720, -0.446, -0.784, -0.434, -0.771, 0.189, 0.455, -0.623, 0.739, 0.373
       ↓ <<< Option Func.
 (2)Prior distr.:
-0.005, -0.603, -0.616, -0.872, -0.580, -0.025, -0.720, -0.446, -0.784, -0.434, -0.771, 0.189, 0.455, -0.623, 0.739, 0.373
       ↓ <<< Likelihood
 (3)Resampled d.:
0.000, 0.189, 0.189, 0.189, 0.455, 0.455, 0.455, 0.455, 0.739, 0.739, 0.373, 0.373, 0.373, 0.373, 0.373, 0.373
       ↓ <<< System noise
 (4)Posterior d.:
0.048, 0.189, 0.687, 0.078, 0.452, 0.560, 0.566, 0.289, 1.038, 0.222, 0.051, 0.181, 0.374, 0.629, 0.508, 0.602

---------------------------------------------------------------------------
