===========================================================================
Calculated datetime :202507170000
===========================================================================
Prediction station  :N.1

---------------------------------------------------------------------------
Likelihood_Prior    :
0.000, 0.066, 0.045, 0.086, 0.037, 0.141, 0.065, 0.007, 0.057, 0.281, 0.172, 0.019, 0.000, 0.024, 0.000, 0.001
     ↓↓↓
Likelihood_Posterior:
0.012, 0.000, 0.174, 0.000, 0.000, 0.385, 0.331, 0.001, 0.000, 0.036, 0.000, 0.043, 0.000, 0.019, 0.000, 0.000

---------------------------------------------------------------------------
Resampling_Posterior:
1, 3, 3, 3, 6, 6, 6, 6, 6, 6, 7, 7, 7, 7, 7, 7
               └≫ Best particle: #6

===========================================================================
[State1] States/Parameters: No.61
 (1)Initial dis.:
-0.286, -0.113, 0.130, -0.058, -0.050, 0.177, 0.143, 0.077, -0.249, 0.101, -0.078, -0.362, 0.015, 0.227, 0.005, -0.052
       ↓ <<< Option Func.
 (2)Prior distr.:
-0.286, -0.113, 0.130, -0.058, -0.050, 0.177, 0.143, 0.077, -0.249, 0.101, -0.078, -0.362, 0.015, 0.227, 0.005, -0.052
       ↓ <<< Likelihood
 (3)Resampled d.:
0.000, 0.130, 0.130, 0.130, 0.177, 0.177, 0.177, 0.177, 0.177, 0.177, 0.143, 0.143, 0.143, 0.143, 0.143, 0.143
       ↓ <<< System noise
 (4)Posterior d.:
0.026, 0.130, 0.253, 0.368, 0.574, 0.118, -0.090, 0.364, 0.346, 0.176, 0.346, 0.216, 0.214, 0.512, 0.314, 0.013

---------------------------------------------------------------------------
[State2] States/Parameters: No.62
 (1)Initial dis.:
-0.286, -0.113, 0.130, -0.058, -0.050, 0.177, 0.143, 0.077, -0.249, 0.101, -0.078, -0.362, 0.015, 0.227, 0.005, -0.052
       ↓ <<< Option Func.
 (2)Prior distr.:
-0.286, -0.113, 0.130, -0.058, -0.050, 0.177, 0.143, 0.077, -0.249, 0.101, -0.078, -0.362, 0.015, 0.227, 0.005, -0.052
       ↓ <<< Likelihood
 (3)Resampled d.:
0.000, 0.130, 0.130, 0.130, 0.177, 0.177, 0.177, 0.177, 0.177, 0.177, 0.143, 0.143, 0.143, 0.143, 0.143, 0.143
       ↓ <<< System noise
 (4)Posterior d.:
0.026, 0.130, 0.253, 0.368, 0.574, 0.118, -0.090, 0.364, 0.346, 0.176, 0.346, 0.216, 0.214, 0.512, 0.314, 0.013

---------------------------------------------------------------------------
