===========================================================================
Calculated datetime :202508100000
===========================================================================
Prediction station  :N.1

---------------------------------------------------------------------------
Likelihood_Prior    :
0.007, 0.003, 0.004, 0.005, 0.001, 0.015, 0.001, 0.028, 0.030, 0.001, 0.005, 0.001, 0.863, 0.001, 0.025, 0.010
     ↓↓↓
Likelihood_Posterior:
0.071, 0.169, 0.017, 0.000, 0.000, 0.000, 0.027, 0.000, 0.000, 0.000, 0.003, 0.277, 0.284, 0.000, 0.002, 0.148

---------------------------------------------------------------------------
Resampling_Posterior:
1, 2, 2, 2, 12, 12, 12, 12, 12, 13, 13, 13, 13, 13, 16, 16
               └≫ Best particle: #13

===========================================================================
[State1] States/Parameters: No.61
 (1)Initial dis.:
-0.132, -0.171, 0.009, -0.363, -0.532, -0.292, -0.002, 0.115, -0.354, -0.279, -0.252, -0.126, -0.115, -0.583, 0.368, -0.174
       ↓ <<< Option Func.
 (2)Prior distr.:
-0.132, -0.171, 0.009, -0.363, -0.532, -0.292, -0.002, 0.115, -0.354, -0.279, -0.252, -0.126, -0.115, -0.583, 0.368, -0.174
       ↓ <<< Likelihood
 (3)Resampled d.:
0.000, -0.171, -0.171, -0.171, -0.126, -0.126, -0.126, -0.126, -0.126, -0.115, -0.115, -0.115, -0.115, -0.115, -0.174, -0.174
       ↓ <<< System noise
 (4)Posterior d.:
0.132, -0.171, -0.113, -0.395, -0.308, 0.035, -0.137, -0.174, -0.343, -0.141, -0.181, -0.209, 0.174, -0.139, 0.166, 0.095

---------------------------------------------------------------------------
[State2] States/Parameters: No.62
 (1)Initial dis.:
-0.132, -0.375, -0.195, -0.566, -0.736, -0.495, -0.206, -0.089, -0.558, -0.483, -0.455, -0.329, -0.319, -0.786, 0.165, -0.378
       ↓ <<< Option Func.
 (2)Prior distr.:
-0.132, -0.375, -0.195, -0.566, -0.736, -0.495, -0.206, -0.089, -0.558, -0.483, -0.455, -0.329, -0.319, -0.786, 0.165, -0.378
       ↓ <<< Likelihood
 (3)Resampled d.:
0.000, -0.375, -0.375, -0.375, -0.329, -0.329, -0.329, -0.329, -0.329, -0.319, -0.319, -0.319, -0.319, -0.319, -0.378, -0.378
       ↓ <<< System noise
 (4)Posterior d.:
0.132, -0.375, -0.317, -0.598, -0.511, -0.169, -0.341, -0.378, -0.546, -0.344, -0.385, -0.412, -0.030, -0.343, -0.038, -0.109

---------------------------------------------------------------------------
