===========================================================================
Calculated datetime :202508050000
===========================================================================
Prediction station  :N.1

---------------------------------------------------------------------------
Likelihood_Prior    :
0.014, 0.064, 0.137, 0.032, 0.005, 0.103, 0.131, 0.040, 0.146, 0.118, 0.003, 0.007, 0.064, 0.121, 0.011, 0.004
     ↓↓↓
Likelihood_Posterior:
0.495, 0.031, 0.029, 0.021, 0.021, 0.025, 0.019, 0.023, 0.032, 0.019, 0.020, 0.048, 0.028, 0.116, 0.048, 0.025

---------------------------------------------------------------------------
Resampling_Posterior:
1, 1, 1, 1, 1, 1, 1, 1, 1, 1, 1, 1, 12, 14, 14, 15
               └≫ Best particle: #1

===========================================================================
[State1] States/Parameters: No.61
 (1)Initial dis.:
-0.063, 0.135, 0.577, 0.285, 0.553, 0.305, 0.336, 0.474, 0.393, 0.335, 0.293, 0.089, 0.620, 0.033, 0.108, 0.243
       ↓ <<< Option Func.
 (2)Prior distr.:
-0.063, 0.135, 0.577, 0.285, 0.553, 0.305, 0.336, 0.474, 0.393, 0.335, 0.293, 0.089, 0.620, 0.033, 0.108, 0.243
       ↓ <<< Likelihood
 (3)Resampled d.:
0.000, -0.063, -0.063, -0.063, -0.063, -0.063, -0.063, -0.063, -0.063, -0.063, -0.063, -0.063, 0.089, 0.033, 0.033, 0.108
       ↓ <<< System noise
 (4)Posterior d.:
-0.489, -0.063, 0.001, -0.019, 0.289, -0.189, -0.124, 0.007, -0.185, -0.129, -0.187, -0.115, -0.021, -0.559, -0.285, -0.137

---------------------------------------------------------------------------
[State2] States/Parameters: No.62
 (1)Initial dis.:
-0.063, 0.135, 0.577, 0.285, 0.553, 0.305, 0.336, 0.474, 0.393, 0.335, 0.293, 0.089, 0.620, 0.033, 0.108, 0.243
       ↓ <<< Option Func.
 (2)Prior distr.:
-0.063, 0.135, 0.577, 0.285, 0.553, 0.305, 0.336, 0.474, 0.393, 0.335, 0.293, 0.089, 0.620, 0.033, 0.108, 0.243
       ↓ <<< Likelihood
 (3)Resampled d.:
0.000, -0.063, -0.063, -0.063, -0.063, -0.063, -0.063, -0.063, -0.063, -0.063, -0.063, -0.063, 0.089, 0.033, 0.033, 0.108
       ↓ <<< System noise
 (4)Posterior d.:
-0.489, -0.063, 0.001, -0.019, 0.289, -0.189, -0.124, 0.007, -0.185, -0.129, -0.187, -0.115, -0.021, -0.559, -0.285, -0.137

---------------------------------------------------------------------------
