===========================================================================
Calculated datetime :202508040000
===========================================================================
Prediction station  :N.1

---------------------------------------------------------------------------
Likelihood_Prior    :
0.268, 0.000, 0.079, 0.016, 0.000, 0.090, 0.000, 0.013, 0.235, 0.000, 0.184, 0.005, 0.000, 0.000, 0.000, 0.110
     ↓↓↓
Likelihood_Posterior:
0.014, 0.064, 0.137, 0.032, 0.005, 0.103, 0.131, 0.040, 0.146, 0.118, 0.003, 0.007, 0.064, 0.121, 0.011, 0.004

---------------------------------------------------------------------------
Resampling_Posterior:
1, 2, 3, 3, 6, 6, 7, 7, 9, 9, 9, 10, 10, 13, 14, 14
               └≫ Best particle: #9

===========================================================================
[State1] States/Parameters: No.61
 (1)Initial dis.:
0.017, 0.135, 0.488, 0.067, -0.066, 0.192, 0.476, 0.085, 0.410, 0.262, -0.145, -0.056, 0.126, 0.347, -0.258, -0.071
       ↓ <<< Option Func.
 (2)Prior distr.:
0.017, 0.135, 0.488, 0.067, -0.066, 0.192, 0.476, 0.085, 0.410, 0.262, -0.145, -0.056, 0.126, 0.347, -0.258, -0.071
       ↓ <<< Likelihood
 (3)Resampled d.:
0.000, 0.135, 0.488, 0.488, 0.192, 0.192, 0.476, 0.476, 0.410, 0.410, 0.410, 0.262, 0.262, 0.126, 0.347, 0.347
       ↓ <<< System noise
 (4)Posterior d.:
-0.063, 0.135, 0.577, 0.285, 0.553, 0.305, 0.336, 0.474, 0.393, 0.335, 0.293, 0.089, 0.620, 0.033, 0.108, 0.243

---------------------------------------------------------------------------
[State2] States/Parameters: No.62
 (1)Initial dis.:
0.017, 0.135, 0.488, 0.067, -0.066, 0.192, 0.476, 0.085, 0.410, 0.262, -0.145, -0.056, 0.126, 0.347, -0.258, -0.071
       ↓ <<< Option Func.
 (2)Prior distr.:
0.017, 0.135, 0.488, 0.067, -0.066, 0.192, 0.476, 0.085, 0.410, 0.262, -0.145, -0.056, 0.126, 0.347, -0.258, -0.071
       ↓ <<< Likelihood
 (3)Resampled d.:
0.000, 0.135, 0.488, 0.488, 0.192, 0.192, 0.476, 0.476, 0.410, 0.410, 0.410, 0.262, 0.262, 0.126, 0.347, 0.347
       ↓ <<< System noise
 (4)Posterior d.:
-0.063, 0.135, 0.577, 0.285, 0.553, 0.305, 0.336, 0.474, 0.393, 0.335, 0.293, 0.089, 0.620, 0.033, 0.108, 0.243

---------------------------------------------------------------------------
