===========================================================================
Calculated datetime :202208230000
===========================================================================
Prediction station  :N.1

---------------------------------------------------------------------------
Likelihood_Prior    :
0.000, 0.000, 0.000, 0.000, 0.000, 0.000, 0.972, 0.000, 0.000, 0.000, 0.000, 0.000, 0.000, 0.028, 0.000, 0.000
     ↓↓↓
Likelihood_Posterior:
0.000, 0.000, 1.000, 0.000, 0.000, 0.000, 0.000, 0.000, 0.000, 0.000, 0.000, 0.000, 0.000, 0.000, 0.000, 0.000

---------------------------------------------------------------------------
Resampling_Posterior:
1, 3, 3, 3, 3, 3, 3, 3, 3, 3, 3, 3, 3, 3, 3, 3
               └≫ Best particle: #3

===========================================================================
[State1] States/Parameters: No.61
 (1)Initial dis.:
-0.285, 0.062, -0.737, 0.394, 0.091, 0.211, 0.131, 0.283, 0.100, 0.168, 0.411, 0.135, 0.275, -0.027, 0.032, 0.161
       ↓ <<< Option Func.
 (2)Prior distr.:
-0.285, 0.062, -0.737, 0.394, 0.091, 0.211, 0.131, 0.283, 0.100, 0.168, 0.411, 0.135, 0.275, -0.027, 0.032, 0.161
       ↓ <<< Likelihood
 (3)Resampled d.:
0.000, -0.737, -0.737, -0.737, -0.737, -0.737, -0.737, -0.737, -0.737, -0.737, -0.737, -0.737, -0.737, -0.737, -0.737, -0.737
       ↓ <<< System noise
 (4)Posterior d.:
-0.258, -0.737, -0.588, -0.509, -0.722, -0.573, -0.816, -0.767, -1.171, -0.716, -0.764, -1.102, -0.674, -0.740, -0.661, -0.744

---------------------------------------------------------------------------
[State2] States/Parameters: No.62
 (1)Initial dis.:
-0.285, 0.062, -0.737, 0.394, 0.091, 0.211, 0.131, 0.283, 0.100, 0.168, 0.411, 0.135, 0.275, -0.027, 0.032, 0.161
       ↓ <<< Option Func.
 (2)Prior distr.:
-0.285, 0.062, -0.737, 0.394, 0.091, 0.211, 0.131, 0.283, 0.100, 0.168, 0.411, 0.135, 0.275, -0.027, 0.032, 0.161
       ↓ <<< Likelihood
 (3)Resampled d.:
0.000, -0.737, -0.737, -0.737, -0.737, -0.737, -0.737, -0.737, -0.737, -0.737, -0.737, -0.737, -0.737, -0.737, -0.737, -0.737
       ↓ <<< System noise
 (4)Posterior d.:
-0.258, -0.737, -0.588, -0.509, -0.722, -0.573, -0.816, -0.767, -1.171, -0.716, -0.764, -1.102, -0.674, -0.740, -0.661, -0.744

---------------------------------------------------------------------------
