===========================================================================
Calculated datetime :202208300000
===========================================================================
Prediction station  :N.1

---------------------------------------------------------------------------
Likelihood_Prior    :
0.003, 0.001, 0.022, 0.132, 0.060, 0.006, 0.217, 0.109, 0.025, 0.001, 0.001, 0.001, 0.199, 0.001, 0.043, 0.181
     ↓↓↓
Likelihood_Posterior:
0.066, 0.012, 0.023, 0.017, 0.018, 0.026, 0.021, 0.019, 0.017, 0.086, 0.119, 0.048, 0.473, 0.018, 0.017, 0.021

---------------------------------------------------------------------------
Resampling_Posterior:
1, 10, 11, 11, 12, 13, 13, 13, 13, 13, 13, 13, 13, 13, 13, 13
               └≫ Best particle: #13

===========================================================================
[State1] States/Parameters: No.61
 (1)Initial dis.:
0.401, -0.419, -0.789, 0.126, -0.153, -0.571, -0.079, -0.112, -0.309, -0.739, -0.737, -0.210, -0.618, -0.628, -0.211, -0.109
       ↓ <<< Option Func.
 (2)Prior distr.:
0.401, -0.419, -0.789, 0.126, -0.153, -0.571, -0.079, -0.112, -0.309, -0.739, -0.737, -0.210, -0.618, -0.628, -0.211, -0.109
       ↓ <<< Likelihood
 (3)Resampled d.:
0.000, -0.739, -0.737, -0.737, -0.210, -0.618, -0.618, -0.618, -0.618, -0.618, -0.618, -0.618, -0.618, -0.618, -0.618, -0.618
       ↓ <<< System noise
 (4)Posterior d.:
-0.290, -0.739, -0.546, -0.916, -0.357, -0.489, -0.556, -0.599, -0.569, -0.797, -0.695, -0.634, -0.568, -0.018, -0.743, -1.060

---------------------------------------------------------------------------
[State2] States/Parameters: No.62
 (1)Initial dis.:
0.401, 0.353, -0.017, 0.163, 0.324, -0.094, 0.398, 0.365, 0.160, -0.270, -0.621, -0.095, -0.502, -0.039, 0.379, 0.480
       ↓ <<< Option Func.
 (2)Prior distr.:
0.401, 0.353, -0.017, 0.163, 0.324, -0.094, 0.398, 0.365, 0.160, -0.270, -0.621, -0.095, -0.502, -0.039, 0.379, 0.480
       ↓ <<< Likelihood
 (3)Resampled d.:
0.000, -0.270, -0.621, -0.621, -0.095, -0.502, -0.502, -0.502, -0.502, -0.502, -0.502, -0.502, -0.502, -0.502, -0.502, -0.502
       ↓ <<< System noise
 (4)Posterior d.:
-0.290, -0.270, -0.430, -0.801, -0.241, -0.373, -0.441, -0.483, -0.453, -0.682, -0.580, -0.518, -0.452, 0.098, -0.628, -0.944

---------------------------------------------------------------------------
