===========================================================================
Calculated datetime :202208250000
===========================================================================
Prediction station  :N.1

---------------------------------------------------------------------------
Likelihood_Prior    :
0.060, 0.063, 0.062, 0.062, 0.062, 0.064, 0.062, 0.062, 0.064, 0.065, 0.062, 0.062, 0.064, 0.062, 0.065, 0.061
     ↓↓↓
Likelihood_Posterior:
0.000, 0.002, 0.003, 0.003, 0.003, 0.007, 0.000, 0.000, 0.002, 0.000, 0.000, 0.000, 0.770, 0.001, 0.207, 0.002

---------------------------------------------------------------------------
Resampling_Posterior:
1, 13, 13, 13, 13, 13, 13, 13, 13, 13, 13, 13, 13, 15, 15, 15
               └≫ Best particle: #13

===========================================================================
[State1] States/Parameters: No.61
 (1)Initial dis.:
0.435, -0.410, -0.278, -0.549, -0.294, -0.610, 0.148, 0.228, -0.421, -0.014, 0.131, 0.159, -0.828, -0.172, -0.769, -0.228
       ↓ <<< Option Func.
 (2)Prior distr.:
0.435, -0.410, -0.278, -0.549, -0.294, -0.610, 0.148, 0.228, -0.421, -0.014, 0.131, 0.159, -0.828, -0.172, -0.769, -0.228
       ↓ <<< Likelihood
 (3)Resampled d.:
0.000, -0.828, -0.828, -0.828, -0.828, -0.828, -0.828, -0.828, -0.828, -0.828, -0.828, -0.828, -0.828, -0.769, -0.769, -0.769
       ↓ <<< System noise
 (4)Posterior d.:
-0.025, -0.828, -0.522, -0.672, -0.803, -1.128, -1.191, -1.125, -0.447, -0.648, -1.270, -1.203, -0.725, -1.106, -1.071, -0.804

---------------------------------------------------------------------------
[State2] States/Parameters: No.62
 (1)Initial dis.:
0.435, -0.410, -0.278, -0.549, -0.294, -0.610, 0.148, 0.228, -0.421, -0.014, 0.131, 0.159, -0.828, -0.172, -0.769, -0.228
       ↓ <<< Option Func.
 (2)Prior distr.:
0.435, -0.410, -0.278, -0.549, -0.294, -0.610, 0.148, 0.228, -0.421, -0.014, 0.131, 0.159, -0.828, -0.172, -0.769, -0.228
       ↓ <<< Likelihood
 (3)Resampled d.:
0.000, -0.828, -0.828, -0.828, -0.828, -0.828, -0.828, -0.828, -0.828, -0.828, -0.828, -0.828, -0.828, -0.769, -0.769, -0.769
       ↓ <<< System noise
 (4)Posterior d.:
-0.025, -0.828, -0.522, -0.672, -0.803, -1.128, -1.191, -1.125, -0.447, -0.648, -1.270, -1.203, -0.725, -1.106, -1.071, -0.804

---------------------------------------------------------------------------
