===========================================================================
Calculated datetime :202207220000
===========================================================================
Prediction station  :N.1

---------------------------------------------------------------------------
Likelihood_Prior    :
0.000, 0.000, 0.000, 0.814, 0.000, 0.000, 0.000, 0.000, 0.185, 0.000, 0.000, 0.000, 0.000, 0.000, 0.000, 0.000
     ↓↓↓
Likelihood_Posterior:
0.000, 0.000, 0.000, 0.001, 0.000, 0.000, 0.000, 0.000, 0.000, 0.882, 0.000, 0.000, 0.000, 0.000, 0.116, 0.000

---------------------------------------------------------------------------
Resampling_Posterior:
1, 10, 10, 10, 10, 10, 10, 10, 10, 10, 10, 10, 10, 10, 10, 15
               └≫ Best particle: #10

===========================================================================
[State1] States/Parameters: No.61
 (1)Initial dis.:
0.027, -0.646, -0.458, -0.812, -0.995, -0.612, -0.664, -0.691, -0.607, -0.190, -1.054, -0.650, -0.915, -1.003, -0.234, -0.591
       ↓ <<< Option Func.
 (2)Prior distr.:
0.027, -0.646, -0.458, -0.812, -0.995, -0.612, -0.664, -0.691, -0.607, -0.190, -1.054, -0.650, -0.915, -1.003, -0.234, -0.591
       ↓ <<< Likelihood
 (3)Resampled d.:
0.000, -0.190, -0.190, -0.190, -0.190, -0.190, -0.190, -0.190, -0.190, -0.190, -0.190, -0.190, -0.190, -0.190, -0.190, -0.234
       ↓ <<< System noise
 (4)Posterior d.:
0.249, -0.190, 0.160, -0.120, -0.396, -0.075, 0.123, -0.483, -0.266, -0.323, -0.271, -0.218, 0.147, -0.142, -0.012, -0.287

---------------------------------------------------------------------------
[State2] States/Parameters: No.62
 (1)Initial dis.:
0.027, -0.027, 0.161, -0.193, -0.376, 0.007, -0.045, -0.072, 0.012, 0.429, -0.435, -0.031, -0.296, -0.384, 0.385, 0.028
       ↓ <<< Option Func.
 (2)Prior distr.:
0.027, -0.027, 0.161, -0.193, -0.376, 0.007, -0.045, -0.072, 0.012, 0.429, -0.435, -0.031, -0.296, -0.384, 0.385, 0.028
       ↓ <<< Likelihood
 (3)Resampled d.:
0.000, 0.429, 0.429, 0.429, 0.429, 0.429, 0.429, 0.429, 0.429, 0.429, 0.429, 0.429, 0.429, 0.429, 0.429, 0.385
       ↓ <<< System noise
 (4)Posterior d.:
0.249, 0.429, 0.779, 0.499, 0.223, 0.544, 0.742, 0.136, 0.353, 0.296, 0.348, 0.401, 0.766, 0.477, 0.607, 0.332

---------------------------------------------------------------------------
