===========================================================================
Calculated datetime :202209180000
===========================================================================
Prediction station  :N.1

---------------------------------------------------------------------------
Likelihood_Prior    :
0.137, 0.061, 0.021, 0.067, 0.036, 0.028, 0.000, 0.026, 0.094, 0.155, 0.192, 0.087, 0.000, 0.000, 0.061, 0.035
     ↓↓↓
Likelihood_Posterior:
0.000, 0.000, 0.000, 0.000, 0.000, 1.000, 0.000, 0.000, 0.000, 0.000, 0.000, 0.000, 0.000, 0.000, 0.000, 0.000

---------------------------------------------------------------------------
Resampling_Posterior:
1, 6, 6, 6, 6, 6, 6, 6, 6, 6, 6, 6, 6, 6, 6, 6
               └≫ Best particle: #6

===========================================================================
[State1] States/Parameters: No.61
 (1)Initial dis.:
-0.343, -0.292, 0.039, -0.369, -0.392, 1.090, 0.661, 0.276, -0.262, 0.148, -0.234, 0.198, 0.112, 0.388, -0.533, -0.176
       ↓ <<< Option Func.
 (2)Prior distr.:
-0.343, -0.292, 0.039, -0.369, -0.392, 1.090, 0.661, 0.276, -0.262, 0.148, -0.234, 0.198, 0.112, 0.388, -0.533, -0.176
       ↓ <<< Likelihood
 (3)Resampled d.:
0.000, 1.090, 1.090, 1.090, 1.090, 1.090, 1.090, 1.090, 1.090, 1.090, 1.090, 1.090, 1.090, 1.090, 1.090, 1.090
       ↓ <<< System noise
 (4)Posterior d.:
0.195, 1.090, 1.148, 0.877, 0.389, 1.179, 0.856, 0.619, 0.741, 0.632, 0.855, 0.502, 1.047, 1.031, 1.210, 1.623

---------------------------------------------------------------------------
[State2] States/Parameters: No.62
 (1)Initial dis.:
-0.343, -0.292, 0.039, -0.369, -0.392, 1.090, 0.661, 0.276, -0.262, 0.148, -0.234, 0.198, 0.112, 0.388, -0.533, -0.176
       ↓ <<< Option Func.
 (2)Prior distr.:
-0.343, -0.292, 0.039, -0.369, -0.392, 1.090, 0.661, 0.276, -0.262, 0.148, -0.234, 0.198, 0.112, 0.388, -0.533, -0.176
       ↓ <<< Likelihood
 (3)Resampled d.:
0.000, 1.090, 1.090, 1.090, 1.090, 1.090, 1.090, 1.090, 1.090, 1.090, 1.090, 1.090, 1.090, 1.090, 1.090, 1.090
       ↓ <<< System noise
 (4)Posterior d.:
0.195, 1.090, 1.148, 0.877, 0.389, 1.179, 0.856, 0.619, 0.741, 0.632, 0.855, 0.502, 1.047, 1.031, 1.210, 1.623

---------------------------------------------------------------------------
