===========================================================================
Calculated datetime :202207200000
===========================================================================
Prediction station  :N.1

---------------------------------------------------------------------------
Likelihood_Prior    :
0.001, 0.000, 0.000, 0.000, 0.000, 0.000, 0.058, 0.000, 0.000, 0.150, 0.791, 0.000, 0.000, 0.000, 0.000, 0.000
     ↓↓↓
Likelihood_Posterior:
0.012, 0.062, 0.056, 0.051, 0.124, 0.077, 0.058, 0.035, 0.056, 0.058, 0.054, 0.162, 0.022, 0.091, 0.072, 0.007

---------------------------------------------------------------------------
Resampling_Posterior:
1, 2, 3, 4, 5, 5, 6, 7, 9, 10, 11, 12, 12, 12, 14, 15
               └≫ Best particle: #12

===========================================================================
[State1] States/Parameters: No.61
 (1)Initial dis.:
0.313, -1.047, -0.973, -0.926, -1.159, -1.087, -1.392, -0.812, -0.990, -1.028, -1.404, -1.180, -0.752, -1.105, -1.071, -0.567
       ↓ <<< Option Func.
 (2)Prior distr.:
0.313, -1.047, -0.973, -0.926, -1.159, -1.087, -1.392, -0.812, -0.990, -1.028, -1.404, -1.180, -0.752, -1.105, -1.071, -0.567
       ↓ <<< Likelihood
 (3)Resampled d.:
0.000, -1.047, -0.973, -0.926, -1.159, -1.159, -1.087, -1.392, -0.990, -1.028, -1.404, -1.180, -1.180, -1.180, -1.105, -1.071
       ↓ <<< System noise
 (4)Posterior d.:
-0.262, -1.047, -1.021, -0.646, -1.285, -1.318, -1.088, -1.120, -0.811, -1.217, -1.616, -1.405, -0.961, -1.559, -1.528, -1.281

---------------------------------------------------------------------------
[State2] States/Parameters: No.62
 (1)Initial dis.:
0.313, -0.427, -0.354, -0.306, -0.540, -0.468, -0.773, -0.193, -0.371, -0.408, -0.785, -0.561, -0.133, -0.486, -0.452, 0.052
       ↓ <<< Option Func.
 (2)Prior distr.:
0.313, -0.427, -0.354, -0.306, -0.540, -0.468, -0.773, -0.193, -0.371, -0.408, -0.785, -0.561, -0.133, -0.486, -0.452, 0.052
       ↓ <<< Likelihood
 (3)Resampled d.:
0.000, -0.427, -0.354, -0.306, -0.540, -0.540, -0.468, -0.773, -0.371, -0.408, -0.785, -0.561, -0.561, -0.561, -0.486, -0.452
       ↓ <<< System noise
 (4)Posterior d.:
-0.262, -0.427, -0.402, -0.027, -0.666, -0.699, -0.469, -0.501, -0.192, -0.597, -0.997, -0.786, -0.342, -0.940, -0.909, -0.662

---------------------------------------------------------------------------
