===========================================================================
Calculated datetime :202507040000
===========================================================================
Prediction station  :N.1

---------------------------------------------------------------------------
Likelihood_Prior    :
0.000, 0.116, 0.099, 0.100, 0.088, 0.105, 0.009, 0.072, 0.026, 0.000, 0.123, 0.018, 0.097, 0.118, 0.024, 0.006
     ↓↓↓
Likelihood_Posterior:
0.382, 0.000, 0.000, 0.000, 0.454, 0.000, 0.001, 0.039, 0.000, 0.000, 0.125, 0.000, 0.000, 0.000, 0.000, 0.000

---------------------------------------------------------------------------
Resampling_Posterior:
1, 1, 1, 1, 1, 1, 5, 5, 5, 5, 5, 5, 5, 5, 11, 11
               └≫ Best particle: #5

===========================================================================
[State1] States/Parameters: No.61
 (1)Initial dis.:
-0.033, -0.230, -0.240, -0.375, -0.043, 0.017, -0.182, -0.158, -0.277, -0.203, -0.160, -0.221, -0.043, 0.323, 0.226, -0.149
       ↓ <<< Option Func.
 (2)Prior distr.:
-0.033, -0.230, -0.240, -0.375, -0.043, 0.017, -0.182, -0.158, -0.277, -0.203, -0.160, -0.221, -0.043, 0.323, 0.226, -0.149
       ↓ <<< Likelihood
 (3)Resampled d.:
0.000, -0.033, -0.033, -0.033, -0.033, -0.033, -0.043, -0.043, -0.043, -0.043, -0.043, -0.043, -0.043, -0.043, -0.160, -0.160
       ↓ <<< System noise
 (4)Posterior d.:
-0.055, -0.033, -0.342, -0.126, 0.392, -0.063, -0.262, -0.041, 0.193, -0.259, 0.048, -0.202, 0.068, -0.055, -0.163, 0.133

---------------------------------------------------------------------------
[State2] States/Parameters: No.62
 (1)Initial dis.:
-0.033, -0.214, -0.224, -0.359, -0.028, 0.033, -0.166, -0.142, -0.261, -0.187, -0.205, -0.538, -0.360, 0.005, -0.091, -0.467
       ↓ <<< Option Func.
 (2)Prior distr.:
-0.033, -0.214, -0.224, -0.359, -0.028, 0.033, -0.166, -0.142, -0.261, -0.187, -0.205, -0.538, -0.360, 0.005, -0.091, -0.467
       ↓ <<< Likelihood
 (3)Resampled d.:
0.000, -0.033, -0.033, -0.033, -0.033, -0.033, -0.028, -0.028, -0.028, -0.028, -0.028, -0.028, -0.028, -0.028, -0.205, -0.205
       ↓ <<< System noise
 (4)Posterior d.:
-0.055, -0.033, -0.342, -0.126, 0.392, -0.063, -0.247, -0.026, 0.209, -0.244, 0.064, -0.187, 0.084, -0.039, -0.208, 0.088

---------------------------------------------------------------------------
