===========================================================================
Calculated datetime :202208230000
===========================================================================
Prediction station  :N.1

---------------------------------------------------------------------------
Likelihood_Prior    :
1.000, 0.000, 0.000, 0.000, 0.000, 0.000, 0.000, 0.000, 0.000, 0.000, 0.000, 0.000, 0.000, 0.000, 0.000, 0.000
     ↓↓↓
Likelihood_Posterior:
0.000, 0.033, 0.000, 0.000, 0.002, 0.000, 0.000, 0.280, 0.003, 0.000, 0.000, 0.000, 0.328, 0.120, 0.000, 0.234

---------------------------------------------------------------------------
Resampling_Posterior:
1, 8, 8, 8, 8, 13, 13, 13, 13, 13, 14, 14, 16, 16, 16, 16
               └≫ Best particle: #13

===========================================================================
[State1] States/Parameters: No.61
 (1)Initial dis.:
0.099, -0.245, -0.141, -0.022, -0.194, 0.028, 0.010, -0.410, -0.201, 0.111, 0.031, -0.073, -0.398, -0.271, -0.152, -0.479
       ↓ <<< Option Func.
 (2)Prior distr.:
0.099, -0.245, -0.141, -0.022, -0.194, 0.028, 0.010, -0.410, -0.201, 0.111, 0.031, -0.073, -0.398, -0.271, -0.152, -0.479
       ↓ <<< Likelihood
 (3)Resampled d.:
0.000, -0.410, -0.410, -0.410, -0.410, -0.398, -0.398, -0.398, -0.398, -0.398, -0.271, -0.271, -0.479, -0.479, -0.479, -0.479
       ↓ <<< System noise
 (4)Posterior d.:
-0.101, -0.410, -0.071, -0.342, -0.261, -0.505, -0.048, -0.024, -0.463, 0.072, -0.044, -0.146, -1.133, -0.319, -0.571, -0.333

---------------------------------------------------------------------------
[State2] States/Parameters: No.62
 (1)Initial dis.:
0.099, -0.245, -0.141, -0.022, -0.194, 0.028, 0.010, -0.410, -0.201, 0.111, 0.031, -0.073, -0.398, -0.271, -0.152, -0.479
       ↓ <<< Option Func.
 (2)Prior distr.:
0.099, -0.245, -0.141, -0.022, -0.194, 0.028, 0.010, -0.410, -0.201, 0.111, 0.031, -0.073, -0.398, -0.271, -0.152, -0.479
       ↓ <<< Likelihood
 (3)Resampled d.:
0.000, -0.410, -0.410, -0.410, -0.410, -0.398, -0.398, -0.398, -0.398, -0.398, -0.271, -0.271, -0.479, -0.479, -0.479, -0.479
       ↓ <<< System noise
 (4)Posterior d.:
-0.101, -0.410, -0.071, -0.342, -0.261, -0.505, -0.048, -0.024, -0.463, 0.072, -0.044, -0.146, -1.133, -0.319, -0.571, -0.333

---------------------------------------------------------------------------
