===========================================================================
Calculated datetime :202208140000
===========================================================================
Prediction station  :N.1

---------------------------------------------------------------------------
Likelihood_Prior    :
0.000, 0.000, 0.000, 0.000, 0.000, 0.000, 0.000, 0.000, 0.000, 0.000, 0.000, 0.000, 0.000, 1.000, 0.000, 0.000
     ↓↓↓
Likelihood_Posterior:
0.057, 0.088, 0.032, 0.215, 0.013, 0.008, 0.024, 0.033, 0.083, 0.096, 0.008, 0.032, 0.012, 0.083, 0.187, 0.028

---------------------------------------------------------------------------
Resampling_Posterior:
1, 2, 2, 4, 4, 4, 4, 4, 9, 10, 10, 14, 15, 15, 15, 15
               └≫ Best particle: #4

===========================================================================
[State1] States/Parameters: No.61
 (1)Initial dis.:
-0.080, -0.655, -0.275, -0.765, -1.064, -0.454, -0.333, -0.598, -0.895, -0.881, -0.459, -0.274, -0.385, -0.895, -0.704, -0.300
       ↓ <<< Option Func.
 (2)Prior distr.:
-0.080, -0.655, -0.275, -0.765, -1.064, -0.454, -0.333, -0.598, -0.895, -0.881, -0.459, -0.274, -0.385, -0.895, -0.704, -0.300
       ↓ <<< Likelihood
 (3)Resampled d.:
0.000, -0.655, -0.655, -0.765, -0.765, -0.765, -0.765, -0.765, -0.895, -0.881, -0.881, -0.895, -0.704, -0.704, -0.704, -0.704
       ↓ <<< System noise
 (4)Posterior d.:
-0.111, -0.655, -0.414, -0.766, -0.370, -0.744, -0.545, -0.962, -1.100, -1.230, -0.905, -1.304, -0.604, -0.323, -1.094, -0.875

---------------------------------------------------------------------------
[State2] States/Parameters: No.62
 (1)Initial dis.:
-0.080, -0.655, -0.275, -0.765, -1.064, -0.454, -0.333, -0.598, -0.895, -0.881, -0.459, -0.274, -0.385, -0.895, -0.704, -0.300
       ↓ <<< Option Func.
 (2)Prior distr.:
-0.080, -0.655, -0.275, -0.765, -1.064, -0.454, -0.333, -0.598, -0.895, -0.881, -0.459, -0.274, -0.385, -0.895, -0.704, -0.300
       ↓ <<< Likelihood
 (3)Resampled d.:
0.000, -0.655, -0.655, -0.765, -0.765, -0.765, -0.765, -0.765, -0.895, -0.881, -0.881, -0.895, -0.704, -0.704, -0.704, -0.704
       ↓ <<< System noise
 (4)Posterior d.:
-0.111, -0.655, -0.414, -0.766, -0.370, -0.744, -0.545, -0.962, -1.100, -1.230, -0.905, -1.304, -0.604, -0.323, -1.094, -0.875

---------------------------------------------------------------------------
