===========================================================================
Calculated datetime :202207210000
===========================================================================
Prediction station  :N.1

---------------------------------------------------------------------------
Likelihood_Prior    :
0.059, 0.065, 0.058, 0.067, 0.065, 0.071, 0.060, 0.056, 0.066, 0.059, 0.057, 0.058, 0.072, 0.059, 0.059, 0.068
     ↓↓↓
Likelihood_Posterior:
0.063, 0.034, 0.031, 0.014, 0.027, 0.067, 0.011, 0.020, 0.061, 0.013, 0.014, 0.065, 0.084, 0.227, 0.188, 0.081

---------------------------------------------------------------------------
Resampling_Posterior:
1, 6, 9, 12, 13, 13, 14, 14, 14, 14, 14, 15, 15, 15, 15, 16
               └≫ Best particle: #14

===========================================================================
[State1] States/Parameters: No.61
 (1)Initial dis.:
0.212, 0.000, 0.302, -0.089, -0.009, 0.167, 0.443, -0.048, 0.219, -0.122, 0.395, 0.116, -0.656, -0.163, 0.301, -0.558
       ↓ <<< Option Func.
 (2)Prior distr.:
0.212, 0.000, 0.302, -0.089, -0.009, 0.167, 0.443, -0.048, 0.219, -0.122, 0.395, 0.116, -0.656, -0.163, 0.301, -0.558
       ↓ <<< Likelihood
 (3)Resampled d.:
0.000, 0.167, 0.219, 0.116, -0.656, -0.656, -0.163, -0.163, -0.163, -0.163, -0.163, 0.301, 0.301, 0.301, 0.301, -0.558
       ↓ <<< System noise
 (4)Posterior d.:
0.009, 0.167, 0.306, -0.167, -0.501, -0.539, -0.375, -0.245, -0.317, -0.370, 0.175, 0.589, 0.214, 0.254, 0.426, -0.754

---------------------------------------------------------------------------
[State2] States/Parameters: No.62
 (1)Initial dis.:
0.212, 0.000, 0.302, -0.089, -0.009, 0.167, 0.443, -0.048, 0.219, -0.122, 0.395, 0.116, -0.656, 0.161, 0.626, -0.643
       ↓ <<< Option Func.
 (2)Prior distr.:
0.212, 0.000, 0.302, -0.089, -0.009, 0.167, 0.443, -0.048, 0.219, -0.122, 0.395, 0.116, -0.656, 0.161, 0.626, -0.643
       ↓ <<< Likelihood
 (3)Resampled d.:
0.000, 0.167, 0.219, 0.116, -0.656, -0.656, 0.161, 0.161, 0.161, 0.161, 0.161, 0.626, 0.626, 0.626, 0.626, -0.643
       ↓ <<< System noise
 (4)Posterior d.:
0.009, 0.167, 0.306, -0.167, -0.501, -0.539, -0.051, 0.079, 0.007, -0.046, 0.500, 0.913, 0.539, 0.578, 0.750, -0.839

---------------------------------------------------------------------------
