===========================================================================
Calculated datetime :202209170000
===========================================================================
Prediction station  :N.1

---------------------------------------------------------------------------
Likelihood_Prior    :
0.088, 0.003, 0.115, 0.006, 0.260, 0.040, 0.001, 0.041, 0.052, 0.124, 0.001, 0.237, 0.002, 0.001, 0.026, 0.002
     ↓↓↓
Likelihood_Posterior:
0.137, 0.061, 0.021, 0.067, 0.036, 0.028, 0.000, 0.026, 0.094, 0.155, 0.192, 0.087, 0.000, 0.000, 0.061, 0.035

---------------------------------------------------------------------------
Resampling_Posterior:
1, 1, 1, 2, 4, 9, 9, 10, 10, 10, 11, 11, 11, 11, 12, 15
               └≫ Best particle: #11

===========================================================================
[State1] States/Parameters: No.61
 (1)Initial dis.:
-0.292, -0.160, -0.419, 0.031, -0.094, -0.046, -0.538, -0.416, 0.967, 0.264, 0.128, -0.348, -0.543, -0.505, -0.160, -0.405
       ↓ <<< Option Func.
 (2)Prior distr.:
-0.292, -0.160, -0.419, 0.031, -0.094, -0.046, -0.538, -0.416, 0.967, 0.264, 0.128, -0.348, -0.543, -0.505, -0.160, -0.405
       ↓ <<< Likelihood
 (3)Resampled d.:
0.000, -0.292, -0.292, -0.160, 0.031, 0.967, 0.967, 0.264, 0.264, 0.264, 0.128, 0.128, 0.128, 0.128, -0.348, -0.160
       ↓ <<< System noise
 (4)Posterior d.:
-0.343, -0.292, 0.039, -0.369, -0.392, 1.090, 0.661, 0.276, -0.262, 0.148, -0.234, 0.198, 0.112, 0.388, -0.533, -0.176

---------------------------------------------------------------------------
[State2] States/Parameters: No.62
 (1)Initial dis.:
-0.292, -0.160, -0.419, 0.031, -0.094, -0.046, -0.538, -0.416, 0.967, 0.264, 0.128, -0.348, -0.543, -0.505, -0.160, -0.405
       ↓ <<< Option Func.
 (2)Prior distr.:
-0.292, -0.160, -0.419, 0.031, -0.094, -0.046, -0.538, -0.416, 0.967, 0.264, 0.128, -0.348, -0.543, -0.505, -0.160, -0.405
       ↓ <<< Likelihood
 (3)Resampled d.:
0.000, -0.292, -0.292, -0.160, 0.031, 0.967, 0.967, 0.264, 0.264, 0.264, 0.128, 0.128, 0.128, 0.128, -0.348, -0.160
       ↓ <<< System noise
 (4)Posterior d.:
-0.343, -0.292, 0.039, -0.369, -0.392, 1.090, 0.661, 0.276, -0.262, 0.148, -0.234, 0.198, 0.112, 0.388, -0.533, -0.176

---------------------------------------------------------------------------
