===========================================================================
Calculated datetime :202208050000
===========================================================================
Prediction station  :N.1

---------------------------------------------------------------------------
Likelihood_Prior    :
0.000, 0.056, 0.017, 0.090, 0.111, 0.109, 0.100, 0.065, 0.041, 0.040, 0.081, 0.092, 0.057, 0.092, 0.050, 0.000
     ↓↓↓
Likelihood_Posterior:
0.092, 0.085, 0.041, 0.025, 0.025, 0.036, 0.062, 0.069, 0.025, 0.072, 0.068, 0.055, 0.090, 0.051, 0.069, 0.132

---------------------------------------------------------------------------
Resampling_Posterior:
1, 1, 2, 2, 7, 8, 10, 11, 12, 13, 13, 14, 15, 16, 16, 16
               └≫ Best particle: #16

===========================================================================
[State1] States/Parameters: No.61
 (1)Initial dis.:
0.128, -0.922, -1.297, -1.542, -1.510, -1.347, -1.136, -1.044, -1.737, -0.980, -1.082, -1.178, -0.914, -1.206, -1.051, -0.803
       ↓ <<< Option Func.
 (2)Prior distr.:
0.128, -0.922, -1.297, -1.542, -1.510, -1.347, -1.136, -1.044, -1.737, -0.980, -1.082, -1.178, -0.914, -1.206, -1.051, -0.803
       ↓ <<< Likelihood
 (3)Resampled d.:
0.000, 0.128, -0.922, -0.922, -1.136, -1.044, -0.980, -1.082, -1.178, -0.914, -0.914, -1.206, -1.051, -0.803, -0.803, -0.803
       ↓ <<< System noise
 (4)Posterior d.:
-0.265, 0.128, -1.400, -0.985, -1.354, -1.063, -1.045, -0.657, -1.129, -1.182, -0.813, -1.309, -1.196, -1.111, -1.025, -1.193

---------------------------------------------------------------------------
[State2] States/Parameters: No.62
 (1)Initial dis.:
0.128, -0.922, -1.297, -1.542, -1.510, -1.347, -1.136, -1.044, -1.737, -0.980, -1.082, -1.178, -0.914, -1.206, -1.051, -0.803
       ↓ <<< Option Func.
 (2)Prior distr.:
0.128, -0.922, -1.297, -1.542, -1.510, -1.347, -1.136, -1.044, -1.737, -0.980, -1.082, -1.178, -0.914, -1.206, -1.051, -0.803
       ↓ <<< Likelihood
 (3)Resampled d.:
0.000, 0.128, -0.922, -0.922, -1.136, -1.044, -0.980, -1.082, -1.178, -0.914, -0.914, -1.206, -1.051, -0.803, -0.803, -0.803
       ↓ <<< System noise
 (4)Posterior d.:
-0.265, 0.128, -1.400, -0.985, -1.354, -1.063, -1.045, -0.657, -1.129, -1.182, -0.813, -1.309, -1.196, -1.111, -1.025, -1.193

---------------------------------------------------------------------------
