===========================================================================
Calculated datetime :202209050000
===========================================================================
Prediction station  :N.1

---------------------------------------------------------------------------
Likelihood_Prior    :
0.041, 0.097, 0.108, 0.060, 0.042, 0.107, 0.059, 0.042, 0.055, 0.111, 0.037, 0.039, 0.036, 0.078, 0.040, 0.048
     ↓↓↓
Likelihood_Posterior:
0.000, 0.004, 0.009, 0.005, 0.548, 0.008, 0.000, 0.004, 0.000, 0.014, 0.011, 0.383, 0.001, 0.007, 0.001, 0.003

---------------------------------------------------------------------------
Resampling_Posterior:
1, 5, 5, 5, 5, 5, 5, 5, 5, 5, 12, 12, 12, 12, 12, 12
               └≫ Best particle: #5

===========================================================================
[State1] States/Parameters: No.61
 (1)Initial dis.:
-0.380, -0.559, -0.705, -0.730, -0.959, -0.777, -0.312, -0.108, -0.383, -0.806, -0.639, -0.936, -0.432, -0.769, -0.472, -0.531
       ↓ <<< Option Func.
 (2)Prior distr.:
-0.380, -0.559, -0.705, -0.730, -0.959, -0.777, -0.312, -0.108, -0.383, -0.806, -0.639, -0.936, -0.432, -0.769, -0.472, -0.531
       ↓ <<< Likelihood
 (3)Resampled d.:
0.000, -0.959, -0.959, -0.959, -0.959, -0.959, -0.959, -0.959, -0.959, -0.959, -0.936, -0.936, -0.936, -0.936, -0.936, -0.936
       ↓ <<< System noise
 (4)Posterior d.:
0.250, -0.959, -1.053, -0.975, -0.653, -1.062, -0.671, -1.076, -1.178, -1.199, -0.632, -1.778, -0.895, -0.522, -1.272, -0.777

---------------------------------------------------------------------------
[State2] States/Parameters: No.62
 (1)Initial dis.:
-0.380, -0.559, -0.705, -0.730, -0.959, -0.777, -0.312, -0.108, -0.383, -0.806, -0.639, -0.936, -0.432, -0.769, -0.472, -0.531
       ↓ <<< Option Func.
 (2)Prior distr.:
-0.380, -0.559, -0.705, -0.730, -0.959, -0.777, -0.312, -0.108, -0.383, -0.806, -0.639, -0.936, -0.432, -0.769, -0.472, -0.531
       ↓ <<< Likelihood
 (3)Resampled d.:
0.000, -0.959, -0.959, -0.959, -0.959, -0.959, -0.959, -0.959, -0.959, -0.959, -0.936, -0.936, -0.936, -0.936, -0.936, -0.936
       ↓ <<< System noise
 (4)Posterior d.:
0.250, -0.959, -1.053, -0.975, -0.653, -1.062, -0.671, -1.076, -1.178, -1.199, -0.632, -1.778, -0.895, -0.522, -1.272, -0.777

---------------------------------------------------------------------------
