===========================================================================
Calculated datetime :202208290000
===========================================================================
Prediction station  :N.1

---------------------------------------------------------------------------
Likelihood_Prior    :
0.117, 0.015, 0.049, 0.072, 0.159, 0.100, 0.189, 0.002, 0.155, 0.011, 0.001, 0.013, 0.002, 0.026, 0.007, 0.083
     ↓↓↓
Likelihood_Posterior:
0.009, 0.006, 0.020, 0.019, 0.287, 0.018, 0.021, 0.011, 0.064, 0.236, 0.015, 0.019, 0.017, 0.146, 0.017, 0.094

---------------------------------------------------------------------------
Resampling_Posterior:
1, 5, 5, 5, 5, 5, 5, 9, 10, 10, 10, 10, 14, 14, 14, 16
               └≫ Best particle: #5

===========================================================================
[State1] States/Parameters: No.61
 (1)Initial dis.:
-0.042, -0.208, -1.014, -0.308, -0.566, -0.920, -1.087, -0.270, -0.377, -0.600, -0.293, -0.989, -0.941, -0.663, -0.951, -0.706
       ↓ <<< Option Func.
 (2)Prior distr.:
-0.042, -0.208, -1.014, -0.308, -0.566, -0.920, -1.087, -0.270, -0.377, -0.600, -0.293, -0.989, -0.941, -0.663, -0.951, -0.706
       ↓ <<< Likelihood
 (3)Resampled d.:
0.000, -0.566, -0.566, -0.566, -0.566, -0.566, -0.566, -0.377, -0.600, -0.600, -0.600, -0.600, -0.663, -0.663, -0.663, -0.706
       ↓ <<< System noise
 (4)Posterior d.:
-0.012, -0.566, -0.334, -0.322, -0.367, -0.944, -0.695, -0.532, -0.034, -0.924, -0.165, -0.815, -0.778, -0.781, -0.688, -0.991

---------------------------------------------------------------------------
[State2] States/Parameters: No.62
 (1)Initial dis.:
-0.042, -0.208, -1.014, -0.308, -0.566, -0.920, -1.087, -0.270, -0.377, -0.600, -0.293, -0.989, -0.941, -0.663, -0.951, -0.706
       ↓ <<< Option Func.
 (2)Prior distr.:
-0.042, -0.208, -1.014, -0.308, -0.566, -0.920, -1.087, -0.270, -0.377, -0.600, -0.293, -0.989, -0.941, -0.663, -0.951, -0.706
       ↓ <<< Likelihood
 (3)Resampled d.:
0.000, -0.566, -0.566, -0.566, -0.566, -0.566, -0.566, -0.377, -0.600, -0.600, -0.600, -0.600, -0.663, -0.663, -0.663, -0.706
       ↓ <<< System noise
 (4)Posterior d.:
-0.012, -0.566, -0.334, -0.322, -0.367, -0.944, -0.695, -0.532, -0.034, -0.924, -0.165, -0.815, -0.778, -0.781, -0.688, -0.991

---------------------------------------------------------------------------
