===========================================================================
Calculated datetime :202208170000
===========================================================================
Prediction station  :N.1

---------------------------------------------------------------------------
Likelihood_Prior    :
0.000, 0.024, 0.000, 0.024, 0.000, 0.004, 0.156, 0.156, 0.229, 0.013, 0.004, 0.000, 0.005, 0.003, 0.191, 0.189
     ↓↓↓
Likelihood_Posterior:
0.013, 0.020, 0.014, 0.134, 0.009, 0.019, 0.133, 0.052, 0.032, 0.133, 0.133, 0.041, 0.088, 0.082, 0.010, 0.087

---------------------------------------------------------------------------
Resampling_Posterior:
1, 4, 4, 4, 7, 7, 7, 8, 10, 10, 10, 11, 11, 13, 14, 16
               └≫ Best particle: #4

===========================================================================
[State1] States/Parameters: No.61
 (1)Initial dis.:
-0.570, 0.153, -0.047, 0.515, -0.109, 0.112, 0.700, 0.243, 0.204, 0.632, 0.456, 0.196, 0.306, 0.290, -0.085, 0.303
       ↓ <<< Option Func.
 (2)Prior distr.:
-0.570, 0.153, -0.047, 0.515, -0.109, 0.112, 0.700, 0.243, 0.204, 0.632, 0.456, 0.196, 0.306, 0.290, -0.085, 0.303
       ↓ <<< Likelihood
 (3)Resampled d.:
0.000, 0.515, 0.515, 0.515, 0.700, 0.700, 0.700, 0.243, 0.632, 0.632, 0.632, 0.456, 0.456, 0.306, 0.290, 0.303
       ↓ <<< System noise
 (4)Posterior d.:
0.228, 0.515, 0.301, 0.261, 0.763, 0.543, 0.520, 0.115, 0.696, 0.820, 0.541, 0.487, 0.789, 0.831, 0.635, 0.361

---------------------------------------------------------------------------
[State2] States/Parameters: No.62
 (1)Initial dis.:
-0.570, 0.273, 0.073, 0.635, 0.011, 0.232, 0.820, 0.362, 0.324, 0.751, 0.602, 0.342, 0.452, 0.436, 0.060, 0.449
       ↓ <<< Option Func.
 (2)Prior distr.:
-0.570, 0.273, 0.073, 0.635, 0.011, 0.232, 0.820, 0.362, 0.324, 0.751, 0.602, 0.342, 0.452, 0.436, 0.060, 0.449
       ↓ <<< Likelihood
 (3)Resampled d.:
0.000, 0.635, 0.635, 0.635, 0.820, 0.820, 0.820, 0.362, 0.751, 0.751, 0.751, 0.602, 0.602, 0.452, 0.436, 0.449
       ↓ <<< System noise
 (4)Posterior d.:
0.228, 0.635, 0.421, 0.381, 0.883, 0.663, 0.640, 0.234, 0.816, 0.939, 0.660, 0.632, 0.935, 0.977, 0.781, 0.506

---------------------------------------------------------------------------
